First Layout: /openlane/designs/current/runs/RUN__2022_06_04__22_38_11/results/signoff/demultiplexer.gds
Second Layout: /openlane/designs/current/runs/RUN__2022_06_04__22_38_11/results/signoff/demultiplexer.klayout.gds
Design Name: demultiplexer
Output GDS will be: /openlane/designs/current/runs/RUN__2022_06_04__22_38_11/reports/signoff/demultiplexer.xor.xml
Reading /openlane/designs/current/runs/RUN__2022_06_04__22_38_11/results/signoff/demultiplexer.gds ..
Reading /openlane/designs/current/runs/RUN__2022_06_04__22_38_11/results/signoff/demultiplexer.klayout.gds ..
--- Running XOR for 122/16 ---
"input" in: xor.drc:38
    Polygons (raw): 2394 (flat)  15 (hierarchical)
    Elapsed: 0.010s  Memory: 349.00M
"input" in: xor.drc:38
    Polygons (raw): 2394 (flat)  15 (hierarchical)
    Elapsed: 0.000s  Memory: 349.00M
"^" in: xor.drc:38
    Polygons (raw): 0 (flat)  0 (hierarchical)
    Elapsed: 0.010s  Memory: 349.00M
XOR differences: 0
"output" in: xor.drc:40
    Polygons (raw): 0 (flat)  0 (hierarchical)
    Elapsed: 0.010s  Memory: 349.00M
--- Running XOR for 235/4 ---
"input" in: xor.drc:38
    Polygons (raw): 1 (flat)  1 (hierarchical)
    Elapsed: 0.000s  Memory: 349.00M
"input" in: xor.drc:38
    Polygons (raw): 1 (flat)  1 (hierarchical)
    Elapsed: 0.000s  Memory: 349.00M
"^" in: xor.drc:38
    Polygons (raw): 0 (flat)  0 (hierarchical)
    Elapsed: 0.000s  Memory: 349.00M
XOR differences: 0
"output" in: xor.drc:40
    Polygons (raw): 0 (flat)  0 (hierarchical)
    Elapsed: 0.000s  Memory: 349.00M
--- Running XOR for 236/0 ---
"input" in: xor.drc:38
    Polygons (raw): 2047 (flat)  13 (hierarchical)
    Elapsed: 0.000s  Memory: 349.00M
"input" in: xor.drc:38
    Polygons (raw): 2047 (flat)  13 (hierarchical)
    Elapsed: 0.000s  Memory: 349.00M
"^" in: xor.drc:38
    Polygons (raw): 0 (flat)  0 (hierarchical)
    Elapsed: 0.020s  Memory: 349.00M
XOR differences: 0
"output" in: xor.drc:40
    Polygons (raw): 0 (flat)  0 (hierarchical)
    Elapsed: 0.000s  Memory: 349.00M
--- Running XOR for 64/16 ---
"input" in: xor.drc:38
    Polygons (raw): 2394 (flat)  15 (hierarchical)
    Elapsed: 0.000s  Memory: 349.00M
"input" in: xor.drc:38
    Polygons (raw): 2394 (flat)  15 (hierarchical)
    Elapsed: 0.000s  Memory: 349.00M
"^" in: xor.drc:38
    Polygons (raw): 0 (flat)  0 (hierarchical)
    Elapsed: 0.020s  Memory: 350.00M
XOR differences: 0
"output" in: xor.drc:40
    Polygons (raw): 0 (flat)  0 (hierarchical)
    Elapsed: 0.000s  Memory: 350.00M
--- Running XOR for 64/20 ---
"input" in: xor.drc:38
    Polygons (raw): 2766 (flat)  16 (hierarchical)
    Elapsed: 0.000s  Memory: 350.00M
"input" in: xor.drc:38
    Polygons (raw): 2766 (flat)  16 (hierarchical)
    Elapsed: 0.000s  Memory: 350.00M
"^" in: xor.drc:38
    Polygons (raw): 0 (flat)  0 (hierarchical)
    Elapsed: 0.020s  Memory: 351.00M
XOR differences: 0
"output" in: xor.drc:40
    Polygons (raw): 0 (flat)  0 (hierarchical)
    Elapsed: 0.010s  Memory: 351.00M
--- Running XOR for 64/5 ---
"input" in: xor.drc:38
    Polygons (raw): 0 (flat)  0 (hierarchical)
    Elapsed: 0.000s  Memory: 351.00M
"input" in: xor.drc:38
    Polygons (raw): 0 (flat)  0 (hierarchical)
    Elapsed: 0.000s  Memory: 351.00M
"^" in: xor.drc:38
    Polygons (raw): 0 (flat)  0 (hierarchical)
    Elapsed: 0.010s  Memory: 351.00M
XOR differences: 0
"output" in: xor.drc:40
    Polygons (raw): 0 (flat)  0 (hierarchical)
    Elapsed: 0.000s  Memory: 351.00M
--- Running XOR for 64/59 ---
"input" in: xor.drc:38
    Polygons (raw): 0 (flat)  0 (hierarchical)
    Elapsed: 0.000s  Memory: 351.00M
"input" in: xor.drc:38
    Polygons (raw): 0 (flat)  0 (hierarchical)
    Elapsed: 0.000s  Memory: 351.00M
"^" in: xor.drc:38
    Polygons (raw): 0 (flat)  0 (hierarchical)
    Elapsed: 0.000s  Memory: 351.00M
XOR differences: 0
"output" in: xor.drc:40
    Polygons (raw): 0 (flat)  0 (hierarchical)
    Elapsed: 0.010s  Memory: 351.00M
--- Running XOR for 65/20 ---
"input" in: xor.drc:38
    Polygons (raw): 4131 (flat)  37 (hierarchical)
    Elapsed: 0.000s  Memory: 351.00M
"input" in: xor.drc:38
    Polygons (raw): 4131 (flat)  37 (hierarchical)
    Elapsed: 0.000s  Memory: 351.00M
"^" in: xor.drc:38
    Polygons (raw): 0 (flat)  0 (hierarchical)
    Elapsed: 0.020s  Memory: 351.00M
XOR differences: 0
"output" in: xor.drc:40
    Polygons (raw): 0 (flat)  0 (hierarchical)
    Elapsed: 0.000s  Memory: 351.00M
--- Running XOR for 65/44 ---
"input" in: xor.drc:38
    Polygons (raw): 744 (flat)  2 (hierarchical)
    Elapsed: 0.000s  Memory: 351.00M
"input" in: xor.drc:38
    Polygons (raw): 744 (flat)  2 (hierarchical)
    Elapsed: 0.000s  Memory: 351.00M
"^" in: xor.drc:38
    Polygons (raw): 0 (flat)  0 (hierarchical)
    Elapsed: 0.010s  Memory: 351.00M
XOR differences: 0
"output" in: xor.drc:40
    Polygons (raw): 0 (flat)  0 (hierarchical)
    Elapsed: 0.000s  Memory: 351.00M
--- Running XOR for 66/20 ---
"input" in: xor.drc:38
    Polygons (raw): 4157 (flat)  47 (hierarchical)
    Elapsed: 0.000s  Memory: 351.00M
"input" in: xor.drc:38
    Polygons (raw): 4157 (flat)  47 (hierarchical)
    Elapsed: 0.000s  Memory: 351.00M
"^" in: xor.drc:38
    Polygons (raw): 0 (flat)  0 (hierarchical)
    Elapsed: 0.030s  Memory: 351.00M
XOR differences: 0
"output" in: xor.drc:40
    Polygons (raw): 0 (flat)  0 (hierarchical)
    Elapsed: 0.000s  Memory: 351.00M
--- Running XOR for 66/44 ---
"input" in: xor.drc:38
    Polygons (raw): 15547 (flat)  224 (hierarchical)
    Elapsed: 0.000s  Memory: 351.00M
"input" in: xor.drc:38
    Polygons (raw): 15547 (flat)  224 (hierarchical)
    Elapsed: 0.000s  Memory: 351.00M
"^" in: xor.drc:38
    Polygons (raw): 0 (flat)  0 (hierarchical)
    Elapsed: 0.060s  Memory: 351.00M
XOR differences: 0
"output" in: xor.drc:40
    Polygons (raw): 0 (flat)  0 (hierarchical)
    Elapsed: 0.000s  Memory: 351.00M
--- Running XOR for 67/16 ---
"input" in: xor.drc:38
    Polygons (raw): 265 (flat)  83 (hierarchical)
    Elapsed: 0.000s  Memory: 351.00M
"input" in: xor.drc:38
    Polygons (raw): 265 (flat)  83 (hierarchical)
    Elapsed: 0.000s  Memory: 351.00M
"^" in: xor.drc:38
    Polygons (raw): 0 (flat)  0 (hierarchical)
    Elapsed: 0.010s  Memory: 351.00M
XOR differences: 0
"output" in: xor.drc:40
    Polygons (raw): 0 (flat)  0 (hierarchical)
    Elapsed: 0.000s  Memory: 351.00M
--- Running XOR for 67/20 ---
"input" in: xor.drc:38
    Polygons (raw): 12535 (flat)  170 (hierarchical)
    Elapsed: 0.000s  Memory: 351.00M
"input" in: xor.drc:38
    Polygons (raw): 12535 (flat)  85 (hierarchical)
    Elapsed: 0.000s  Memory: 351.00M
"^" in: xor.drc:38
    Polygons (raw): 0 (flat)  0 (hierarchical)
    Elapsed: 0.070s  Memory: 349.00M
XOR differences: 0
"output" in: xor.drc:40
    Polygons (raw): 0 (flat)  0 (hierarchical)
    Elapsed: 0.000s  Memory: 349.00M
--- Running XOR for 67/44 ---
"input" in: xor.drc:38
    Polygons (raw): 43286 (flat)  276 (hierarchical)
    Elapsed: 0.000s  Memory: 349.00M
"input" in: xor.drc:38
    Polygons (raw): 43286 (flat)  191 (hierarchical)
    Elapsed: 0.000s  Memory: 349.00M
"^" in: xor.drc:38
    Polygons (raw): 0 (flat)  0 (hierarchical)
    Elapsed: 0.130s  Memory: 350.00M
XOR differences: 0
"output" in: xor.drc:40
    Polygons (raw): 0 (flat)  0 (hierarchical)
    Elapsed: 0.000s  Memory: 350.00M
--- Running XOR for 67/5 ---
"input" in: xor.drc:38
    Polygons (raw): 0 (flat)  0 (hierarchical)
    Elapsed: 0.010s  Memory: 350.00M
"input" in: xor.drc:38
    Polygons (raw): 0 (flat)  0 (hierarchical)
    Elapsed: 0.000s  Memory: 350.00M
"^" in: xor.drc:38
    Polygons (raw): 0 (flat)  0 (hierarchical)
    Elapsed: 0.000s  Memory: 350.00M
XOR differences: 0
"output" in: xor.drc:40
    Polygons (raw): 0 (flat)  0 (hierarchical)
    Elapsed: 0.000s  Memory: 350.00M
--- Running XOR for 68/16 ---
"input" in: xor.drc:38
    Polygons (raw): 5534 (flat)  34 (hierarchical)
    Elapsed: 0.000s  Memory: 350.00M
"input" in: xor.drc:38
    Polygons (raw): 5534 (flat)  34 (hierarchical)
    Elapsed: 0.000s  Memory: 350.00M
"^" in: xor.drc:38
    Polygons (raw): 0 (flat)  0 (hierarchical)
    Elapsed: 0.030s  Memory: 351.00M
XOR differences: 0
"output" in: xor.drc:40
    Polygons (raw): 0 (flat)  0 (hierarchical)
    Elapsed: 0.000s  Memory: 351.00M
--- Running XOR for 68/20 ---
"input" in: xor.drc:38
    Polygons (raw): 5985 (flat)  485 (hierarchical)
    Elapsed: 0.000s  Memory: 351.00M
"input" in: xor.drc:38
    Polygons (raw): 6093 (flat)  207 (hierarchical)
    Elapsed: 0.000s  Memory: 351.00M
"^" in: xor.drc:38
    Polygons (raw): 0 (flat)  0 (hierarchical)
    Elapsed: 0.040s  Memory: 354.00M
XOR differences: 0
"output" in: xor.drc:40
    Polygons (raw): 0 (flat)  0 (hierarchical)
    Elapsed: 0.010s  Memory: 354.00M
--- Running XOR for 68/44 ---
"input" in: xor.drc:38
    Polygons (raw): 1155 (flat)  1155 (hierarchical)
    Elapsed: 0.000s  Memory: 354.00M
"input" in: xor.drc:38
    Polygons (raw): 1155 (flat)  6 (hierarchical)
    Elapsed: 0.000s  Memory: 354.00M
"^" in: xor.drc:38
    Polygons (raw): 0 (flat)  0 (hierarchical)
    Elapsed: 0.000s  Memory: 354.00M
XOR differences: 0
"output" in: xor.drc:40
    Polygons (raw): 0 (flat)  0 (hierarchical)
    Elapsed: 0.000s  Memory: 354.00M
--- Running XOR for 68/5 ---
"input" in: xor.drc:38
    Polygons (raw): 0 (flat)  0 (hierarchical)
    Elapsed: 0.010s  Memory: 354.00M
"input" in: xor.drc:38
    Polygons (raw): 0 (flat)  0 (hierarchical)
    Elapsed: 0.000s  Memory: 354.00M
"^" in: xor.drc:38
    Polygons (raw): 0 (flat)  0 (hierarchical)
    Elapsed: 0.000s  Memory: 354.00M
XOR differences: 0
"output" in: xor.drc:40
    Polygons (raw): 0 (flat)  0 (hierarchical)
    Elapsed: 0.000s  Memory: 354.00M
--- Running XOR for 69/16 ---
"input" in: xor.drc:38
    Polygons (raw): 6 (flat)  6 (hierarchical)
    Elapsed: 0.010s  Memory: 354.00M
"input" in: xor.drc:38
    Polygons (raw): 6 (flat)  6 (hierarchical)
    Elapsed: 0.000s  Memory: 354.00M
"^" in: xor.drc:38
    Polygons (raw): 0 (flat)  0 (hierarchical)
    Elapsed: 0.000s  Memory: 354.00M
XOR differences: 0
"output" in: xor.drc:40
    Polygons (raw): 0 (flat)  0 (hierarchical)
    Elapsed: 0.000s  Memory: 354.00M
--- Running XOR for 69/20 ---
"input" in: xor.drc:38
    Polygons (raw): 371 (flat)  371 (hierarchical)
    Elapsed: 0.000s  Memory: 354.00M
"input" in: xor.drc:38
    Polygons (raw): 579 (flat)  61 (hierarchical)
    Elapsed: 0.000s  Memory: 354.00M
"^" in: xor.drc:38
    Polygons (raw): 6 (flat)  6 (hierarchical)
    Elapsed: 0.010s  Memory: 354.00M
XOR differences: 6
"output" in: xor.drc:40
    Polygons (raw): 6 (flat)  6 (hierarchical)
    Elapsed: 0.000s  Memory: 354.00M
--- Running XOR for 69/44 ---
"input" in: xor.drc:38
    Polygons (raw): 858 (flat)  858 (hierarchical)
    Elapsed: 0.000s  Memory: 354.00M
"input" in: xor.drc:38
    Polygons (raw): 858 (flat)  5 (hierarchical)
    Elapsed: 0.000s  Memory: 354.00M
"^" in: xor.drc:38
    Polygons (raw): 0 (flat)  0 (hierarchical)
    Elapsed: 0.010s  Memory: 354.00M
XOR differences: 0
"output" in: xor.drc:40
    Polygons (raw): 0 (flat)  0 (hierarchical)
    Elapsed: 0.000s  Memory: 354.00M
--- Running XOR for 69/5 ---
"input" in: xor.drc:38
    Polygons (raw): 0 (flat)  0 (hierarchical)
    Elapsed: 0.000s  Memory: 354.00M
"input" in: xor.drc:38
    Polygons (raw): 0 (flat)  0 (hierarchical)
    Elapsed: 0.000s  Memory: 354.00M
"^" in: xor.drc:38
    Polygons (raw): 0 (flat)  0 (hierarchical)
    Elapsed: 0.000s  Memory: 354.00M
XOR differences: 0
"output" in: xor.drc:40
    Polygons (raw): 0 (flat)  0 (hierarchical)
    Elapsed: 0.000s  Memory: 354.00M
--- Running XOR for 70/16 ---
"input" in: xor.drc:38
    Polygons (raw): 6 (flat)  6 (hierarchical)
    Elapsed: 0.000s  Memory: 354.00M
"input" in: xor.drc:38
    Polygons (raw): 6 (flat)  6 (hierarchical)
    Elapsed: 0.000s  Memory: 354.00M
"^" in: xor.drc:38
    Polygons (raw): 0 (flat)  0 (hierarchical)
    Elapsed: 0.000s  Memory: 354.00M
XOR differences: 0
"output" in: xor.drc:40
    Polygons (raw): 0 (flat)  0 (hierarchical)
    Elapsed: 0.000s  Memory: 354.00M
--- Running XOR for 70/20 ---
"input" in: xor.drc:38
    Polygons (raw): 243 (flat)  243 (hierarchical)
    Elapsed: 0.000s  Memory: 354.00M
"input" in: xor.drc:38
    Polygons (raw): 438 (flat)  9 (hierarchical)
    Elapsed: 0.000s  Memory: 354.00M
"^" in: xor.drc:38
    Polygons (raw): 6 (flat)  6 (hierarchical)
    Elapsed: 0.010s  Memory: 354.00M
XOR differences: 6
"output" in: xor.drc:40
    Polygons (raw): 6 (flat)  6 (hierarchical)
    Elapsed: 0.000s  Memory: 354.00M
--- Running XOR for 70/44 ---
"input" in: xor.drc:38
    Polygons (raw): 852 (flat)  852 (hierarchical)
    Elapsed: 0.000s  Memory: 354.00M
"input" in: xor.drc:38
    Polygons (raw): 852 (flat)  4 (hierarchical)
    Elapsed: 0.000s  Memory: 354.00M
"^" in: xor.drc:38
    Polygons (raw): 0 (flat)  0 (hierarchical)
    Elapsed: 0.000s  Memory: 354.00M
XOR differences: 0
"output" in: xor.drc:40
    Polygons (raw): 0 (flat)  0 (hierarchical)
    Elapsed: 0.000s  Memory: 354.00M
--- Running XOR for 70/5 ---
"input" in: xor.drc:38
    Polygons (raw): 0 (flat)  0 (hierarchical)
    Elapsed: 0.010s  Memory: 354.00M
"input" in: xor.drc:38
    Polygons (raw): 0 (flat)  0 (hierarchical)
    Elapsed: 0.000s  Memory: 354.00M
"^" in: xor.drc:38
    Polygons (raw): 0 (flat)  0 (hierarchical)
    Elapsed: 0.000s  Memory: 354.00M
XOR differences: 0
"output" in: xor.drc:40
    Polygons (raw): 0 (flat)  0 (hierarchical)
    Elapsed: 0.000s  Memory: 354.00M
--- Running XOR for 71/16 ---
"input" in: xor.drc:38
    Polygons (raw): 7 (flat)  7 (hierarchical)
    Elapsed: 0.000s  Memory: 354.00M
"input" in: xor.drc:38
    Polygons (raw): 7 (flat)  7 (hierarchical)
    Elapsed: 0.000s  Memory: 354.00M
"^" in: xor.drc:38
    Polygons (raw): 0 (flat)  0 (hierarchical)
    Elapsed: 0.000s  Memory: 354.00M
XOR differences: 0
"output" in: xor.drc:40
    Polygons (raw): 0 (flat)  0 (hierarchical)
    Elapsed: 0.010s  Memory: 354.00M
--- Running XOR for 71/20 ---
"input" in: xor.drc:38
    Polygons (raw): 7 (flat)  7 (hierarchical)
    Elapsed: 0.000s  Memory: 354.00M
"input" in: xor.drc:38
    Polygons (raw): 245 (flat)  9 (hierarchical)
    Elapsed: 0.000s  Memory: 354.00M
"^" in: xor.drc:38
    Polygons (raw): 0 (flat)  0 (hierarchical)
    Elapsed: 0.000s  Memory: 354.00M
XOR differences: 0
"output" in: xor.drc:40
    Polygons (raw): 0 (flat)  0 (hierarchical)
    Elapsed: 0.000s  Memory: 354.00M
--- Running XOR for 71/44 ---
"input" in: xor.drc:38
    Polygons (raw): 25 (flat)  25 (hierarchical)
    Elapsed: 0.000s  Memory: 354.00M
"input" in: xor.drc:38
    Polygons (raw): 25 (flat)  1 (hierarchical)
    Elapsed: 0.000s  Memory: 354.00M
"^" in: xor.drc:38
    Polygons (raw): 0 (flat)  0 (hierarchical)
    Elapsed: 0.010s  Memory: 354.00M
XOR differences: 0
"output" in: xor.drc:40
    Polygons (raw): 0 (flat)  0 (hierarchical)
    Elapsed: 0.000s  Memory: 354.00M
--- Running XOR for 71/5 ---
"input" in: xor.drc:38
    Polygons (raw): 0 (flat)  0 (hierarchical)
    Elapsed: 0.000s  Memory: 354.00M
"input" in: xor.drc:38
    Polygons (raw): 0 (flat)  0 (hierarchical)
    Elapsed: 0.000s  Memory: 354.00M
"^" in: xor.drc:38
    Polygons (raw): 0 (flat)  0 (hierarchical)
    Elapsed: 0.000s  Memory: 354.00M
XOR differences: 0
"output" in: xor.drc:40
    Polygons (raw): 0 (flat)  0 (hierarchical)
    Elapsed: 0.000s  Memory: 354.00M
--- Running XOR for 72/16 ---
"input" in: xor.drc:38
    Polygons (raw): 7 (flat)  7 (hierarchical)
    Elapsed: 0.000s  Memory: 354.00M
"input" in: xor.drc:38
    Polygons (raw): 7 (flat)  7 (hierarchical)
    Elapsed: 0.010s  Memory: 354.00M
"^" in: xor.drc:38
    Polygons (raw): 0 (flat)  0 (hierarchical)
    Elapsed: 0.000s  Memory: 354.00M
XOR differences: 0
"output" in: xor.drc:40
    Polygons (raw): 0 (flat)  0 (hierarchical)
    Elapsed: 0.000s  Memory: 354.00M
--- Running XOR for 72/20 ---
"input" in: xor.drc:38
    Polygons (raw): 7 (flat)  7 (hierarchical)
    Elapsed: 0.000s  Memory: 354.00M
"input" in: xor.drc:38
    Polygons (raw): 32 (flat)  8 (hierarchical)
    Elapsed: 0.000s  Memory: 354.00M
"^" in: xor.drc:38
    Polygons (raw): 0 (flat)  0 (hierarchical)
    Elapsed: 0.000s  Memory: 354.00M
XOR differences: 0
"output" in: xor.drc:40
    Polygons (raw): 0 (flat)  0 (hierarchical)
    Elapsed: 0.000s  Memory: 354.00M
--- Running XOR for 72/5 ---
"input" in: xor.drc:38
    Polygons (raw): 0 (flat)  0 (hierarchical)
    Elapsed: 0.010s  Memory: 354.00M
"input" in: xor.drc:38
    Polygons (raw): 0 (flat)  0 (hierarchical)
    Elapsed: 0.000s  Memory: 354.00M
"^" in: xor.drc:38
    Polygons (raw): 0 (flat)  0 (hierarchical)
    Elapsed: 0.000s  Memory: 354.00M
XOR differences: 0
"output" in: xor.drc:40
    Polygons (raw): 0 (flat)  0 (hierarchical)
    Elapsed: 0.000s  Memory: 354.00M
--- Running XOR for 78/44 ---
"input" in: xor.drc:38
    Polygons (raw): 2768 (flat)  18 (hierarchical)
    Elapsed: 0.000s  Memory: 354.00M
"input" in: xor.drc:38
    Polygons (raw): 2768 (flat)  18 (hierarchical)
    Elapsed: 0.000s  Memory: 354.00M
"^" in: xor.drc:38
    Polygons (raw): 0 (flat)  0 (hierarchical)
    Elapsed: 0.020s  Memory: 354.00M
XOR differences: 0
"output" in: xor.drc:40
    Polygons (raw): 0 (flat)  0 (hierarchical)
    Elapsed: 0.000s  Memory: 354.00M
--- Running XOR for 81/4 ---
"input" in: xor.drc:38
    Polygons (raw): 2766 (flat)  16 (hierarchical)
    Elapsed: 0.000s  Memory: 354.00M
"input" in: xor.drc:38
    Polygons (raw): 2766 (flat)  16 (hierarchical)
    Elapsed: 0.000s  Memory: 354.00M
"^" in: xor.drc:38
    Polygons (raw): 0 (flat)  0 (hierarchical)
    Elapsed: 0.020s  Memory: 354.00M
XOR differences: 0
"output" in: xor.drc:40
    Polygons (raw): 0 (flat)  0 (hierarchical)
    Elapsed: 0.010s  Memory: 354.00M
--- Running XOR for 83/44 ---
"input" in: xor.drc:38
    Polygons (raw): 0 (flat)  0 (hierarchical)
    Elapsed: 0.000s  Memory: 354.00M
"input" in: xor.drc:38
    Polygons (raw): 0 (flat)  0 (hierarchical)
    Elapsed: 0.000s  Memory: 354.00M
"^" in: xor.drc:38
    Polygons (raw): 0 (flat)  0 (hierarchical)
    Elapsed: 0.010s  Memory: 354.00M
XOR differences: 0
"output" in: xor.drc:40
    Polygons (raw): 0 (flat)  0 (hierarchical)
    Elapsed: 0.000s  Memory: 354.00M
--- Running XOR for 93/44 ---
"input" in: xor.drc:38
    Polygons (raw): 3138 (flat)  17 (hierarchical)
    Elapsed: 0.000s  Memory: 354.00M
"input" in: xor.drc:38
    Polygons (raw): 3138 (flat)  17 (hierarchical)
    Elapsed: 0.000s  Memory: 354.00M
"^" in: xor.drc:38
    Polygons (raw): 0 (flat)  0 (hierarchical)
    Elapsed: 0.020s  Memory: 354.00M
XOR differences: 0
"output" in: xor.drc:40
    Polygons (raw): 0 (flat)  0 (hierarchical)
    Elapsed: 0.000s  Memory: 354.00M
--- Running XOR for 94/20 ---
"input" in: xor.drc:38
    Polygons (raw): 3138 (flat)  17 (hierarchical)
    Elapsed: 0.000s  Memory: 354.00M
"input" in: xor.drc:38
    Polygons (raw): 3138 (flat)  17 (hierarchical)
    Elapsed: 0.010s  Memory: 354.00M
"^" in: xor.drc:38
    Polygons (raw): 0 (flat)  0 (hierarchical)
    Elapsed: 0.020s  Memory: 354.00M
XOR differences: 0
"output" in: xor.drc:40
    Polygons (raw): 0 (flat)  0 (hierarchical)
    Elapsed: 0.000s  Memory: 354.00M
--- Running XOR for 95/20 ---
"input" in: xor.drc:38
    Polygons (raw): 2047 (flat)  13 (hierarchical)
    Elapsed: 0.000s  Memory: 354.00M
"input" in: xor.drc:38
    Polygons (raw): 2047 (flat)  13 (hierarchical)
    Elapsed: 0.000s  Memory: 354.00M
"^" in: xor.drc:38
    Polygons (raw): 0 (flat)  0 (hierarchical)
    Elapsed: 0.020s  Memory: 354.00M
XOR differences: 0
"output" in: xor.drc:40
    Polygons (raw): 0 (flat)  0 (hierarchical)
    Elapsed: 0.000s  Memory: 354.00M
Writing report database: /openlane/designs/current/runs/RUN__2022_06_04__22_38_11/reports/signoff/demultiplexer.xor.xml ..
Total elapsed: 0.800s  Memory: 354.00M
