
===========================================================================
report_checks -unconstrained
============================================================================
Startpoint: in1 (input port clocked by __VIRTUAL_CLK__)
Endpoint: out (output port clocked by __VIRTUAL_CLK__)
Path Group: __VIRTUAL_CLK__
Path Type: max

Fanout     Cap    Slew   Delay    Time   Description
-----------------------------------------------------------------------------
                  0.00    0.00    0.00   clock __VIRTUAL_CLK__ (rise edge)
                          0.00    0.00   clock network delay (ideal)
                          2.00    2.00 ^ input external delay
                  0.03    0.02    2.02 ^ in1 (in)
     1    0.01                           in1 (net)
                  0.03    0.00    2.02 ^ input1/A (sky130_fd_sc_hd__clkbuf_1)
                  0.10    0.12    2.14 ^ input1/X (sky130_fd_sc_hd__clkbuf_1)
     1    0.01                           net1 (net)
                  0.10    0.00    2.14 ^ _0_/B (sky130_fd_sc_hd__xor2_1)
                  0.16    0.20    2.33 ^ _0_/X (sky130_fd_sc_hd__xor2_1)
     1    0.01                           net3 (net)
                  0.16    0.00    2.33 ^ output3/A (sky130_fd_sc_hd__buf_2)
                  0.18    0.26    2.59 ^ output3/X (sky130_fd_sc_hd__buf_2)
     1    0.03                           out (net)
                  0.18    0.00    2.60 ^ out (out)
                                  2.60   data arrival time

                  0.00   10.00   10.00   clock __VIRTUAL_CLK__ (rise edge)
                          0.00   10.00   clock network delay (ideal)
                         -0.25    9.75   clock uncertainty
                          0.00    9.75   clock reconvergence pessimism
                         -2.00    7.75   output external delay
                                  7.75   data required time
-----------------------------------------------------------------------------
                                  7.75   data required time
                                 -2.60   data arrival time
-----------------------------------------------------------------------------
                                  5.15   slack (MET)



===========================================================================
report_checks --slack_max -0.01
============================================================================
No paths found.
