
===========================================================================
report_checks -path_delay min (Hold)
============================================================================
Startpoint: in (input port clocked by __VIRTUAL_CLK__)
Endpoint: out (output port clocked by __VIRTUAL_CLK__)
Path Group: __VIRTUAL_CLK__
Path Type: min

Fanout     Cap    Slew   Delay    Time   Description
-----------------------------------------------------------------------------
                  0.00    0.00    0.00   clock __VIRTUAL_CLK__ (rise edge)
                          0.00    0.00   clock network delay (ideal)
                          2.00    2.00 v input external delay
                  0.01    0.01    2.01 v in (in)
     1    0.01                           in (net)
                  0.01    0.00    2.01 v input1/A (sky130_fd_sc_hd__clkbuf_1)
                  0.03    0.08    2.08 v input1/X (sky130_fd_sc_hd__clkbuf_1)
     1    0.00                           net1 (net)
                  0.03    0.00    2.09 v _0_/A (sky130_fd_sc_hd__clkbuf_1)
                  0.03    0.08    2.17 v _0_/X (sky130_fd_sc_hd__clkbuf_1)
     1    0.00                           net2 (net)
                  0.03    0.00    2.17 v output2/A (sky130_fd_sc_hd__buf_2)
                  0.09    0.17    2.34 v output2/X (sky130_fd_sc_hd__buf_2)
     1    0.03                           out (net)
                  0.09    0.00    2.34 v out (out)
                                  2.34   data arrival time

                  0.00    0.00    0.00   clock __VIRTUAL_CLK__ (rise edge)
                          0.00    0.00   clock network delay (ideal)
                          0.25    0.25   clock uncertainty
                          0.00    0.25   clock reconvergence pessimism
                         -2.00   -1.75   output external delay
                                 -1.75   data required time
-----------------------------------------------------------------------------
                                 -1.75   data required time
                                 -2.34   data arrival time
-----------------------------------------------------------------------------
                                  4.09   slack (MET)


