
===========================================================================
report_checks -path_delay min (Hold)
============================================================================
Startpoint: in1 (input port clocked by __VIRTUAL_CLK__)
Endpoint: out (output port clocked by __VIRTUAL_CLK__)
Path Group: __VIRTUAL_CLK__
Path Type: min

Fanout     Cap    Slew   Delay    Time   Description
-----------------------------------------------------------------------------
                  0.00    0.00    0.00   clock __VIRTUAL_CLK__ (rise edge)
                          0.00    0.00   clock network delay (ideal)
                          2.00    2.00 ^ input external delay
                  0.05    0.04    2.04 ^ in1 (in)
     1    0.01                           in1 (net)
                  0.06    0.00    2.04 ^ _0_/B (sky130_fd_sc_hd__xor2_2)
                  0.12    0.13    2.16 v _0_/X (sky130_fd_sc_hd__xor2_2)
     1    0.03                           out (net)
                  0.12    0.00    2.17 v out (out)
                                  2.17   data arrival time

                  0.00    0.00    0.00   clock __VIRTUAL_CLK__ (rise edge)
                          0.00    0.00   clock network delay (ideal)
                          0.25    0.25   clock uncertainty
                          0.00    0.25   clock reconvergence pessimism
                         -2.00   -1.75   output external delay
                                 -1.75   data required time
-----------------------------------------------------------------------------
                                 -1.75   data required time
                                 -2.17   data arrival time
-----------------------------------------------------------------------------
                                  3.92   slack (MET)


