OpenROAD c1c315118e68926dfff368f85e13bf50adaa920f 
This program is licensed under the BSD-3 license. See the LICENSE file for details.
Components of this program may be licensed under more restrictive licenses which must be honored.
[INFO ODB-0222] Reading LEF file: /openlane/designs/current/runs/RUN__2022_06_04__22_38_23/tmp/merged.min.lef
[INFO ODB-0223]     Created 13 technology layers
[INFO ODB-0224]     Created 25 technology vias
[INFO ODB-0225]     Created 441 library cells
[INFO ODB-0226] Finished LEF file:  /openlane/designs/current/runs/RUN__2022_06_04__22_38_23/tmp/merged.min.lef
[INFO ODB-0127] Reading DEF file: /openlane/designs/current/runs/RUN__2022_06_04__22_38_23/results/routing/multiplexer.def
[INFO ODB-0128] Design: multiplexer
[INFO ODB-0130]     Created 14 pins.
[INFO ODB-0131]     Created 1277 components and 4816 component-terminals.
[INFO ODB-0132]     Created 2 special nets and 4772 connections.
[INFO ODB-0133]     Created 27 nets and 44 connections.
[INFO ODB-0134] Finished DEF file: /openlane/designs/current/runs/RUN__2022_06_04__22_38_23/results/routing/multiplexer.def
###############################################################################
# Created by write_sdc
# Sat Jun  4 19:38:31 2022
###############################################################################
current_design multiplexer
###############################################################################
# Timing Constraints
###############################################################################
create_clock -name __VIRTUAL_CLK__ -period 10.0000 
set_clock_uncertainty 0.2500 __VIRTUAL_CLK__
set_input_delay 2.0000 -clock [get_clocks {__VIRTUAL_CLK__}] -add_delay [get_ports {in[0]}]
set_input_delay 2.0000 -clock [get_clocks {__VIRTUAL_CLK__}] -add_delay [get_ports {in[1]}]
set_input_delay 2.0000 -clock [get_clocks {__VIRTUAL_CLK__}] -add_delay [get_ports {in[2]}]
set_input_delay 2.0000 -clock [get_clocks {__VIRTUAL_CLK__}] -add_delay [get_ports {in[3]}]
set_input_delay 2.0000 -clock [get_clocks {__VIRTUAL_CLK__}] -add_delay [get_ports {in[4]}]
set_input_delay 2.0000 -clock [get_clocks {__VIRTUAL_CLK__}] -add_delay [get_ports {in[5]}]
set_input_delay 2.0000 -clock [get_clocks {__VIRTUAL_CLK__}] -add_delay [get_ports {in[6]}]
set_input_delay 2.0000 -clock [get_clocks {__VIRTUAL_CLK__}] -add_delay [get_ports {in[7]}]
set_input_delay 2.0000 -clock [get_clocks {__VIRTUAL_CLK__}] -add_delay [get_ports {sel[0]}]
set_input_delay 2.0000 -clock [get_clocks {__VIRTUAL_CLK__}] -add_delay [get_ports {sel[1]}]
set_input_delay 2.0000 -clock [get_clocks {__VIRTUAL_CLK__}] -add_delay [get_ports {sel[2]}]
set_output_delay 2.0000 -clock [get_clocks {__VIRTUAL_CLK__}] -add_delay [get_ports {out}]
###############################################################################
# Environment
###############################################################################
set_load -pin_load 0.0334 [get_ports {out}]
set_driving_cell -lib_cell sky130_fd_sc_hd__inv_2 -pin {Y} -input_transition_rise 0.0000 -input_transition_fall 0.0000 [get_ports {in[7]}]
set_driving_cell -lib_cell sky130_fd_sc_hd__inv_2 -pin {Y} -input_transition_rise 0.0000 -input_transition_fall 0.0000 [get_ports {in[6]}]
set_driving_cell -lib_cell sky130_fd_sc_hd__inv_2 -pin {Y} -input_transition_rise 0.0000 -input_transition_fall 0.0000 [get_ports {in[5]}]
set_driving_cell -lib_cell sky130_fd_sc_hd__inv_2 -pin {Y} -input_transition_rise 0.0000 -input_transition_fall 0.0000 [get_ports {in[4]}]
set_driving_cell -lib_cell sky130_fd_sc_hd__inv_2 -pin {Y} -input_transition_rise 0.0000 -input_transition_fall 0.0000 [get_ports {in[3]}]
set_driving_cell -lib_cell sky130_fd_sc_hd__inv_2 -pin {Y} -input_transition_rise 0.0000 -input_transition_fall 0.0000 [get_ports {in[2]}]
set_driving_cell -lib_cell sky130_fd_sc_hd__inv_2 -pin {Y} -input_transition_rise 0.0000 -input_transition_fall 0.0000 [get_ports {in[1]}]
set_driving_cell -lib_cell sky130_fd_sc_hd__inv_2 -pin {Y} -input_transition_rise 0.0000 -input_transition_fall 0.0000 [get_ports {in[0]}]
set_driving_cell -lib_cell sky130_fd_sc_hd__inv_2 -pin {Y} -input_transition_rise 0.0000 -input_transition_fall 0.0000 [get_ports {sel[2]}]
set_driving_cell -lib_cell sky130_fd_sc_hd__inv_2 -pin {Y} -input_transition_rise 0.0000 -input_transition_fall 0.0000 [get_ports {sel[1]}]
set_driving_cell -lib_cell sky130_fd_sc_hd__inv_2 -pin {Y} -input_transition_rise 0.0000 -input_transition_fall 0.0000 [get_ports {sel[0]}]
set_timing_derate -early 0.9500
set_timing_derate -late 1.0500
###############################################################################
# Design Rules
###############################################################################
set_max_fanout 5.0000 [current_design]
[WARNING STA-0357] virtual clock __VIRTUAL_CLK__ can not be propagated.
min_report

===========================================================================
report_checks -path_delay min (Hold)
============================================================================

======================= Slowest Corner ===================================

Startpoint: sel[2] (input port clocked by __VIRTUAL_CLK__)
Endpoint: out (output port clocked by __VIRTUAL_CLK__)
Path Group: __VIRTUAL_CLK__
Path Type: min
Corner: ss

Fanout     Cap    Slew   Delay    Time   Description
-----------------------------------------------------------------------------
                  0.00    0.00    0.00   clock __VIRTUAL_CLK__ (rise edge)
                          0.00    0.00   clock network delay (ideal)
                          2.00    2.00 ^ input external delay
                  0.03    0.01    2.01 ^ sel[2] (in)
     1    0.00                           sel[2] (net)
                  0.03    0.00    2.01 ^ input11/A (sky130_fd_sc_hd__clkbuf_1)
                  0.18    0.20    2.21 ^ input11/X (sky130_fd_sc_hd__clkbuf_1)
     1    0.01                           net11 (net)
                  0.18    0.00    2.21 ^ _5_/S (sky130_fd_sc_hd__mux2_1)
                  0.07    0.26    2.48 ^ _5_/X (sky130_fd_sc_hd__mux2_1)
     1    0.00                           _2_ (net)
                  0.07    0.00    2.48 ^ _6_/A (sky130_fd_sc_hd__clkbuf_1)
                  0.15    0.20    2.67 ^ _6_/X (sky130_fd_sc_hd__clkbuf_1)
     1    0.01                           net12 (net)
                  0.15    0.00    2.67 ^ output12/A (sky130_fd_sc_hd__buf_2)
                  0.27    0.36    3.03 ^ output12/X (sky130_fd_sc_hd__buf_2)
     1    0.03                           out (net)
                  0.27    0.00    3.03 ^ out (out)
                                  3.03   data arrival time

                  0.00    0.00    0.00   clock __VIRTUAL_CLK__ (rise edge)
                          0.00    0.00   clock network delay (ideal)
                          0.25    0.25   clock uncertainty
                          0.00    0.25   clock reconvergence pessimism
                         -2.00   -1.75   output external delay
                                 -1.75   data required time
-----------------------------------------------------------------------------
                                 -1.75   data required time
                                 -3.03   data arrival time
-----------------------------------------------------------------------------
                                  4.78   slack (MET)



======================= Typical Corner ===================================

Startpoint: sel[2] (input port clocked by __VIRTUAL_CLK__)
Endpoint: out (output port clocked by __VIRTUAL_CLK__)
Path Group: __VIRTUAL_CLK__
Path Type: min
Corner: tt

Fanout     Cap    Slew   Delay    Time   Description
-----------------------------------------------------------------------------
                  0.00    0.00    0.00   clock __VIRTUAL_CLK__ (rise edge)
                          0.00    0.00   clock network delay (ideal)
                          2.00    2.00 ^ input external delay
                  0.02    0.01    2.01 ^ sel[2] (in)
     1    0.00                           sel[2] (net)
                  0.02    0.00    2.01 ^ input11/A (sky130_fd_sc_hd__clkbuf_1)
                  0.11    0.11    2.12 ^ input11/X (sky130_fd_sc_hd__clkbuf_1)
     1    0.01                           net11 (net)
                  0.11    0.00    2.12 ^ _5_/S (sky130_fd_sc_hd__mux2_1)
                  0.04    0.13    2.26 ^ _5_/X (sky130_fd_sc_hd__mux2_1)
     1    0.00                           _2_ (net)
                  0.04    0.00    2.26 ^ _6_/A (sky130_fd_sc_hd__clkbuf_1)
                  0.09    0.11    2.36 ^ _6_/X (sky130_fd_sc_hd__clkbuf_1)
     1    0.01                           net12 (net)
                  0.09    0.00    2.36 ^ output12/A (sky130_fd_sc_hd__buf_2)
                  0.17    0.20    2.57 ^ output12/X (sky130_fd_sc_hd__buf_2)
     1    0.03                           out (net)
                  0.17    0.00    2.57 ^ out (out)
                                  2.57   data arrival time

                  0.00    0.00    0.00   clock __VIRTUAL_CLK__ (rise edge)
                          0.00    0.00   clock network delay (ideal)
                          0.25    0.25   clock uncertainty
                          0.00    0.25   clock reconvergence pessimism
                         -2.00   -1.75   output external delay
                                 -1.75   data required time
-----------------------------------------------------------------------------
                                 -1.75   data required time
                                 -2.57   data arrival time
-----------------------------------------------------------------------------
                                  4.32   slack (MET)



======================= Fastest Corner ===================================

Startpoint: sel[2] (input port clocked by __VIRTUAL_CLK__)
Endpoint: out (output port clocked by __VIRTUAL_CLK__)
Path Group: __VIRTUAL_CLK__
Path Type: min
Corner: ff

Fanout     Cap    Slew   Delay    Time   Description
-----------------------------------------------------------------------------
                  0.00    0.00    0.00   clock __VIRTUAL_CLK__ (rise edge)
                          0.00    0.00   clock network delay (ideal)
                          2.00    2.00 ^ input external delay
                  0.01    0.01    2.01 ^ sel[2] (in)
     1    0.00                           sel[2] (net)
                  0.01    0.00    2.01 ^ input11/A (sky130_fd_sc_hd__clkbuf_1)
                  0.08    0.08    2.09 ^ input11/X (sky130_fd_sc_hd__clkbuf_1)
     1    0.01                           net11 (net)
                  0.08    0.00    2.09 ^ _5_/S (sky130_fd_sc_hd__mux2_1)
                  0.03    0.08    2.17 ^ _5_/X (sky130_fd_sc_hd__mux2_1)
     1    0.00                           _2_ (net)
                  0.03    0.00    2.17 ^ _6_/A (sky130_fd_sc_hd__clkbuf_1)
                  0.07    0.07    2.24 ^ _6_/X (sky130_fd_sc_hd__clkbuf_1)
     1    0.01                           net12 (net)
                  0.07    0.00    2.24 ^ output12/A (sky130_fd_sc_hd__buf_2)
                  0.13    0.14    2.38 ^ output12/X (sky130_fd_sc_hd__buf_2)
     1    0.03                           out (net)
                  0.13    0.00    2.38 ^ out (out)
                                  2.38   data arrival time

                  0.00    0.00    0.00   clock __VIRTUAL_CLK__ (rise edge)
                          0.00    0.00   clock network delay (ideal)
                          0.25    0.25   clock uncertainty
                          0.00    0.25   clock reconvergence pessimism
                         -2.00   -1.75   output external delay
                                 -1.75   data required time
-----------------------------------------------------------------------------
                                 -1.75   data required time
                                 -2.38   data arrival time
-----------------------------------------------------------------------------
                                  4.13   slack (MET)


min_report_end
max_report

===========================================================================
report_checks -path_delay max (Setup)
============================================================================

======================= Slowest Corner ===================================

Startpoint: sel[0] (input port clocked by __VIRTUAL_CLK__)
Endpoint: out (output port clocked by __VIRTUAL_CLK__)
Path Group: __VIRTUAL_CLK__
Path Type: max
Corner: ss

Fanout     Cap    Slew   Delay    Time   Description
-----------------------------------------------------------------------------
                  0.00    0.00    0.00   clock __VIRTUAL_CLK__ (rise edge)
                          0.00    0.00   clock network delay (ideal)
                          2.00    2.00 ^ input external delay
                  0.03    0.02    2.02 ^ sel[0] (in)
     1    0.00                           sel[0] (net)
                  0.03    0.00    2.02 ^ input9/A (sky130_fd_sc_hd__dlymetal6s2s_1)
                  0.29    0.32    2.34 ^ input9/X (sky130_fd_sc_hd__dlymetal6s2s_1)
     2    0.02                           net9 (net)
                  0.29    0.00    2.34 ^ _4_/S0 (sky130_fd_sc_hd__mux4_1)
                  0.14    1.34    3.67 v _4_/X (sky130_fd_sc_hd__mux4_1)
     1    0.00                           _1_ (net)
                  0.14    0.00    3.67 v _5_/A1 (sky130_fd_sc_hd__mux2_1)
                  0.11    0.70    4.38 v _5_/X (sky130_fd_sc_hd__mux2_1)
     1    0.00                           _2_ (net)
                  0.11    0.00    4.38 v _6_/A (sky130_fd_sc_hd__clkbuf_1)
                  0.09    0.22    4.60 v _6_/X (sky130_fd_sc_hd__clkbuf_1)
     1    0.01                           net12 (net)
                  0.09    0.00    4.60 v output12/A (sky130_fd_sc_hd__buf_2)
                  0.17    0.37    4.97 v output12/X (sky130_fd_sc_hd__buf_2)
     1    0.03                           out (net)
                  0.17    0.00    4.97 v out (out)
                                  4.97   data arrival time

                  0.00   10.00   10.00   clock __VIRTUAL_CLK__ (rise edge)
                          0.00   10.00   clock network delay (ideal)
                         -0.25    9.75   clock uncertainty
                          0.00    9.75   clock reconvergence pessimism
                         -2.00    7.75   output external delay
                                  7.75   data required time
-----------------------------------------------------------------------------
                                  7.75   data required time
                                 -4.97   data arrival time
-----------------------------------------------------------------------------
                                  2.78   slack (MET)



======================= Typical Corner ===================================

Startpoint: sel[0] (input port clocked by __VIRTUAL_CLK__)
Endpoint: out (output port clocked by __VIRTUAL_CLK__)
Path Group: __VIRTUAL_CLK__
Path Type: max
Corner: tt

Fanout     Cap    Slew   Delay    Time   Description
-----------------------------------------------------------------------------
                  0.00    0.00    0.00   clock __VIRTUAL_CLK__ (rise edge)
                          0.00    0.00   clock network delay (ideal)
                          2.00    2.00 ^ input external delay
                  0.02    0.01    2.01 ^ sel[0] (in)
     1    0.00                           sel[0] (net)
                  0.02    0.00    2.01 ^ input9/A (sky130_fd_sc_hd__dlymetal6s2s_1)
                  0.19    0.19    2.21 ^ input9/X (sky130_fd_sc_hd__dlymetal6s2s_1)
     2    0.02                           net9 (net)
                  0.19    0.00    2.21 ^ _4_/S0 (sky130_fd_sc_hd__mux4_1)
                  0.08    0.59    2.79 v _4_/X (sky130_fd_sc_hd__mux4_1)
     1    0.00                           _1_ (net)
                  0.08    0.00    2.79 v _5_/A1 (sky130_fd_sc_hd__mux2_1)
                  0.05    0.31    3.10 v _5_/X (sky130_fd_sc_hd__mux2_1)
     1    0.00                           _2_ (net)
                  0.05    0.00    3.10 v _6_/A (sky130_fd_sc_hd__clkbuf_1)
                  0.05    0.12    3.22 v _6_/X (sky130_fd_sc_hd__clkbuf_1)
     1    0.01                           net12 (net)
                  0.05    0.00    3.22 v output12/A (sky130_fd_sc_hd__buf_2)
                  0.09    0.19    3.41 v output12/X (sky130_fd_sc_hd__buf_2)
     1    0.03                           out (net)
                  0.09    0.00    3.41 v out (out)
                                  3.41   data arrival time

                  0.00   10.00   10.00   clock __VIRTUAL_CLK__ (rise edge)
                          0.00   10.00   clock network delay (ideal)
                         -0.25    9.75   clock uncertainty
                          0.00    9.75   clock reconvergence pessimism
                         -2.00    7.75   output external delay
                                  7.75   data required time
-----------------------------------------------------------------------------
                                  7.75   data required time
                                 -3.41   data arrival time
-----------------------------------------------------------------------------
                                  4.34   slack (MET)



======================= Fastest Corner ===================================

Startpoint: sel[0] (input port clocked by __VIRTUAL_CLK__)
Endpoint: out (output port clocked by __VIRTUAL_CLK__)
Path Group: __VIRTUAL_CLK__
Path Type: max
Corner: ff

Fanout     Cap    Slew   Delay    Time   Description
-----------------------------------------------------------------------------
                  0.00    0.00    0.00   clock __VIRTUAL_CLK__ (rise edge)
                          0.00    0.00   clock network delay (ideal)
                          2.00    2.00 ^ input external delay
                  0.01    0.01    2.01 ^ sel[0] (in)
     1    0.00                           sel[0] (net)
                  0.01    0.00    2.01 ^ input9/A (sky130_fd_sc_hd__dlymetal6s2s_1)
                  0.15    0.14    2.15 ^ input9/X (sky130_fd_sc_hd__dlymetal6s2s_1)
     2    0.02                           net9 (net)
                  0.15    0.00    2.15 ^ _4_/S0 (sky130_fd_sc_hd__mux4_1)
                  0.06    0.29    2.44 v _4_/X (sky130_fd_sc_hd__mux4_1)
     1    0.00                           _1_ (net)
                  0.06    0.00    2.44 v _5_/A1 (sky130_fd_sc_hd__mux2_1)
                  0.04    0.16    2.60 v _5_/X (sky130_fd_sc_hd__mux2_1)
     1    0.00                           _2_ (net)
                  0.04    0.00    2.60 v _6_/A (sky130_fd_sc_hd__clkbuf_1)
                  0.03    0.08    2.68 v _6_/X (sky130_fd_sc_hd__clkbuf_1)
     1    0.01                           net12 (net)
                  0.03    0.00    2.68 v output12/A (sky130_fd_sc_hd__buf_2)
                  0.06    0.12    2.80 v output12/X (sky130_fd_sc_hd__buf_2)
     1    0.03                           out (net)
                  0.06    0.00    2.80 v out (out)
                                  2.80   data arrival time

                  0.00   10.00   10.00   clock __VIRTUAL_CLK__ (rise edge)
                          0.00   10.00   clock network delay (ideal)
                         -0.25    9.75   clock uncertainty
                          0.00    9.75   clock reconvergence pessimism
                         -2.00    7.75   output external delay
                                  7.75   data required time
-----------------------------------------------------------------------------
                                  7.75   data required time
                                 -2.80   data arrival time
-----------------------------------------------------------------------------
                                  4.95   slack (MET)


max_report_end
check_report

===========================================================================
report_checks -unconstrained
============================================================================

======================= Slowest Corner ===================================

Startpoint: sel[0] (input port clocked by __VIRTUAL_CLK__)
Endpoint: out (output port clocked by __VIRTUAL_CLK__)
Path Group: __VIRTUAL_CLK__
Path Type: max
Corner: ss

Fanout     Cap    Slew   Delay    Time   Description
-----------------------------------------------------------------------------
                  0.00    0.00    0.00   clock __VIRTUAL_CLK__ (rise edge)
                          0.00    0.00   clock network delay (ideal)
                          2.00    2.00 ^ input external delay
                  0.03    0.02    2.02 ^ sel[0] (in)
     1    0.00                           sel[0] (net)
                  0.03    0.00    2.02 ^ input9/A (sky130_fd_sc_hd__dlymetal6s2s_1)
                  0.29    0.32    2.34 ^ input9/X (sky130_fd_sc_hd__dlymetal6s2s_1)
     2    0.02                           net9 (net)
                  0.29    0.00    2.34 ^ _4_/S0 (sky130_fd_sc_hd__mux4_1)
                  0.14    1.34    3.67 v _4_/X (sky130_fd_sc_hd__mux4_1)
     1    0.00                           _1_ (net)
                  0.14    0.00    3.67 v _5_/A1 (sky130_fd_sc_hd__mux2_1)
                  0.11    0.70    4.38 v _5_/X (sky130_fd_sc_hd__mux2_1)
     1    0.00                           _2_ (net)
                  0.11    0.00    4.38 v _6_/A (sky130_fd_sc_hd__clkbuf_1)
                  0.09    0.22    4.60 v _6_/X (sky130_fd_sc_hd__clkbuf_1)
     1    0.01                           net12 (net)
                  0.09    0.00    4.60 v output12/A (sky130_fd_sc_hd__buf_2)
                  0.17    0.37    4.97 v output12/X (sky130_fd_sc_hd__buf_2)
     1    0.03                           out (net)
                  0.17    0.00    4.97 v out (out)
                                  4.97   data arrival time

                  0.00   10.00   10.00   clock __VIRTUAL_CLK__ (rise edge)
                          0.00   10.00   clock network delay (ideal)
                         -0.25    9.75   clock uncertainty
                          0.00    9.75   clock reconvergence pessimism
                         -2.00    7.75   output external delay
                                  7.75   data required time
-----------------------------------------------------------------------------
                                  7.75   data required time
                                 -4.97   data arrival time
-----------------------------------------------------------------------------
                                  2.78   slack (MET)



======================= Typical Corner ===================================

Startpoint: sel[0] (input port clocked by __VIRTUAL_CLK__)
Endpoint: out (output port clocked by __VIRTUAL_CLK__)
Path Group: __VIRTUAL_CLK__
Path Type: max
Corner: tt

Fanout     Cap    Slew   Delay    Time   Description
-----------------------------------------------------------------------------
                  0.00    0.00    0.00   clock __VIRTUAL_CLK__ (rise edge)
                          0.00    0.00   clock network delay (ideal)
                          2.00    2.00 ^ input external delay
                  0.02    0.01    2.01 ^ sel[0] (in)
     1    0.00                           sel[0] (net)
                  0.02    0.00    2.01 ^ input9/A (sky130_fd_sc_hd__dlymetal6s2s_1)
                  0.19    0.19    2.21 ^ input9/X (sky130_fd_sc_hd__dlymetal6s2s_1)
     2    0.02                           net9 (net)
                  0.19    0.00    2.21 ^ _4_/S0 (sky130_fd_sc_hd__mux4_1)
                  0.08    0.59    2.79 v _4_/X (sky130_fd_sc_hd__mux4_1)
     1    0.00                           _1_ (net)
                  0.08    0.00    2.79 v _5_/A1 (sky130_fd_sc_hd__mux2_1)
                  0.05    0.31    3.10 v _5_/X (sky130_fd_sc_hd__mux2_1)
     1    0.00                           _2_ (net)
                  0.05    0.00    3.10 v _6_/A (sky130_fd_sc_hd__clkbuf_1)
                  0.05    0.12    3.22 v _6_/X (sky130_fd_sc_hd__clkbuf_1)
     1    0.01                           net12 (net)
                  0.05    0.00    3.22 v output12/A (sky130_fd_sc_hd__buf_2)
                  0.09    0.19    3.41 v output12/X (sky130_fd_sc_hd__buf_2)
     1    0.03                           out (net)
                  0.09    0.00    3.41 v out (out)
                                  3.41   data arrival time

                  0.00   10.00   10.00   clock __VIRTUAL_CLK__ (rise edge)
                          0.00   10.00   clock network delay (ideal)
                         -0.25    9.75   clock uncertainty
                          0.00    9.75   clock reconvergence pessimism
                         -2.00    7.75   output external delay
                                  7.75   data required time
-----------------------------------------------------------------------------
                                  7.75   data required time
                                 -3.41   data arrival time
-----------------------------------------------------------------------------
                                  4.34   slack (MET)



======================= Fastest Corner ===================================

Startpoint: sel[0] (input port clocked by __VIRTUAL_CLK__)
Endpoint: out (output port clocked by __VIRTUAL_CLK__)
Path Group: __VIRTUAL_CLK__
Path Type: max
Corner: ff

Fanout     Cap    Slew   Delay    Time   Description
-----------------------------------------------------------------------------
                  0.00    0.00    0.00   clock __VIRTUAL_CLK__ (rise edge)
                          0.00    0.00   clock network delay (ideal)
                          2.00    2.00 ^ input external delay
                  0.01    0.01    2.01 ^ sel[0] (in)
     1    0.00                           sel[0] (net)
                  0.01    0.00    2.01 ^ input9/A (sky130_fd_sc_hd__dlymetal6s2s_1)
                  0.15    0.14    2.15 ^ input9/X (sky130_fd_sc_hd__dlymetal6s2s_1)
     2    0.02                           net9 (net)
                  0.15    0.00    2.15 ^ _4_/S0 (sky130_fd_sc_hd__mux4_1)
                  0.06    0.29    2.44 v _4_/X (sky130_fd_sc_hd__mux4_1)
     1    0.00                           _1_ (net)
                  0.06    0.00    2.44 v _5_/A1 (sky130_fd_sc_hd__mux2_1)
                  0.04    0.16    2.60 v _5_/X (sky130_fd_sc_hd__mux2_1)
     1    0.00                           _2_ (net)
                  0.04    0.00    2.60 v _6_/A (sky130_fd_sc_hd__clkbuf_1)
                  0.03    0.08    2.68 v _6_/X (sky130_fd_sc_hd__clkbuf_1)
     1    0.01                           net12 (net)
                  0.03    0.00    2.68 v output12/A (sky130_fd_sc_hd__buf_2)
                  0.06    0.12    2.80 v output12/X (sky130_fd_sc_hd__buf_2)
     1    0.03                           out (net)
                  0.06    0.00    2.80 v out (out)
                                  2.80   data arrival time

                  0.00   10.00   10.00   clock __VIRTUAL_CLK__ (rise edge)
                          0.00   10.00   clock network delay (ideal)
                         -0.25    9.75   clock uncertainty
                          0.00    9.75   clock reconvergence pessimism
                         -2.00    7.75   output external delay
                                  7.75   data required time
-----------------------------------------------------------------------------
                                  7.75   data required time
                                 -2.80   data arrival time
-----------------------------------------------------------------------------
                                  4.95   slack (MET)



===========================================================================
report_checks --slack_max -0.01
============================================================================

======================= Slowest Corner ===================================

No paths found.

======================= Typical Corner ===================================

No paths found.

======================= Fastest Corner ===================================

No paths found.
check_report_end
check_slew

===========================================================================
 report_check_types -max_slew -max_cap -max_fanout -violators
============================================================================

======================= Slowest Corner ===================================


======================= Typical Corner ===================================


======================= Fastest Corner ===================================


===========================================================================
max slew violation count 0
max fanout violation count 0
max cap violation count 0
============================================================================
check_slew_end
tns_report

===========================================================================
 report_tns
============================================================================
tns 0.00
tns_report_end
wns_report

===========================================================================
 report_wns
============================================================================
wns 0.00
wns_report_end
worst_slack

===========================================================================
 report_worst_slack -max (Setup)
============================================================================
worst slack 2.78

===========================================================================
 report_worst_slack -min (Hold)
============================================================================
worst slack 4.13
worst_slack_end
power_report

===========================================================================
 report_power
============================================================================


======================= Slowest Corner =================================

Group                  Internal  Switching    Leakage      Total
                          Power      Power      Power      Power
----------------------------------------------------------------
Sequential             0.00e+00   0.00e+00   0.00e+00   0.00e+00   0.0%
Combinational          2.43e-06   2.65e-06   1.15e-07   5.19e-06 100.0%
Macro                  0.00e+00   0.00e+00   0.00e+00   0.00e+00   0.0%
Pad                    0.00e+00   0.00e+00   0.00e+00   0.00e+00   0.0%
----------------------------------------------------------------
Total                  2.43e-06   2.65e-06   1.15e-07   5.19e-06 100.0%
                          46.7%      51.1%       2.2%

======================= Typical Corner ===================================

Group                  Internal  Switching    Leakage      Total
                          Power      Power      Power      Power
----------------------------------------------------------------
Sequential             0.00e+00   0.00e+00   0.00e+00   0.00e+00   0.0%
Combinational          3.03e-06   3.39e-06   8.66e-10   6.42e-06 100.0%
Macro                  0.00e+00   0.00e+00   0.00e+00   0.00e+00   0.0%
Pad                    0.00e+00   0.00e+00   0.00e+00   0.00e+00   0.0%
----------------------------------------------------------------
Total                  3.03e-06   3.39e-06   8.66e-10   6.42e-06 100.0%
                          47.2%      52.8%       0.0%


======================= Fastest Corner =================================

Group                  Internal  Switching    Leakage      Total
                          Power      Power      Power      Power
----------------------------------------------------------------
Sequential             0.00e+00   0.00e+00   0.00e+00   0.00e+00   0.0%
Combinational          3.40e-06   4.02e-06   8.42e-10   7.41e-06 100.0%
Macro                  0.00e+00   0.00e+00   0.00e+00   0.00e+00   0.0%
Pad                    0.00e+00   0.00e+00   0.00e+00   0.00e+00   0.0%
----------------------------------------------------------------
Total                  3.40e-06   4.02e-06   8.42e-10   7.41e-06 100.0%
                          45.8%      54.2%       0.0%
power_report_end
area_report

===========================================================================
 report_design_area
============================================================================
Design area 11625 u^2 98% utilization.
area_report_end
