OpenROAD c1c315118e68926dfff368f85e13bf50adaa920f 
This program is licensed under the BSD-3 license. See the LICENSE file for details.
Components of this program may be licensed under more restrictive licenses which must be honored.
[INFO ODB-0222] Reading LEF file: /openlane/designs/current/runs/RUN__2022_06_04__22_38_06/tmp/merged.unpadded.nom.lef
[INFO ODB-0223]     Created 13 technology layers
[INFO ODB-0224]     Created 25 technology vias
[INFO ODB-0225]     Created 441 library cells
[INFO ODB-0226] Finished LEF file:  /openlane/designs/current/runs/RUN__2022_06_04__22_38_06/tmp/merged.unpadded.nom.lef
[INFO ODB-0127] Reading DEF file: /openlane/designs/current/runs/RUN__2022_06_04__22_38_06/tmp/floorplan/6-pdn.def
[INFO ODB-0128] Design: buffer
[INFO ODB-0130]     Created 4 pins.
[INFO ODB-0131]     Created 36 components and 120 component-terminals.
[INFO ODB-0132]     Created 2 special nets and 118 connections.
[INFO ODB-0133]     Created 2 nets and 2 connections.
[INFO ODB-0134] Finished DEF file: /openlane/designs/current/runs/RUN__2022_06_04__22_38_06/tmp/floorplan/6-pdn.def
[INFO GPL-0002] DBU: 1000
[INFO GPL-0003] SiteSize: 460 2720
[INFO GPL-0004] CoreAreaLxLy: 5520 10880
[INFO GPL-0005] CoreAreaUxUy: 36800 40800
[INFO GPL-0006] NumInstances: 36
[INFO GPL-0007] NumPlaceInstances: 1
[INFO GPL-0008] NumFixedInstances: 35
[INFO GPL-0009] NumDummyInstances: 0
[INFO GPL-0010] NumNets: 2
[INFO GPL-0011] NumPins: 4
[INFO GPL-0012] DieAreaLxLy: 0 0
[INFO GPL-0013] DieAreaUxUy: 42680 53400
[INFO GPL-0014] CoreAreaLxLy: 5520 10880
[INFO GPL-0015] CoreAreaUxUy: 36800 40800
[INFO GPL-0016] CoreArea: 935897600
[INFO GPL-0017] NonPlaceInstsArea: 98844800
[INFO GPL-0018] PlaceInstsArea: 5004800
[INFO GPL-0019] Util(%): 0.60
[INFO GPL-0020] StdInstsArea: 5004800
[INFO GPL-0021] MacroInstsArea: 0
[InitialPlace]  Iter: 1 CG residual: 0.00000000 HPWL: 101470
[InitialPlace]  Iter: 2 CG residual: 0.00000000 HPWL: 100100
[InitialPlace]  Iter: 3 CG residual: 0.00000000 HPWL: 100100
[InitialPlace]  Iter: 4 CG residual: 0.00000000 HPWL: 100100
[InitialPlace]  Iter: 5 CG residual: 0.00000000 HPWL: 100100
[INFO GPL-0031] FillerInit: NumGCells: 91
[INFO GPL-0032] FillerInit: NumGNets: 2
[INFO GPL-0033] FillerInit: NumGPins: 4
[INFO GPL-0023] TargetDensity: 0.55
[INFO GPL-0024] AveragePlaceInstArea: 5004800
[INFO GPL-0025] IdealBinArea: 9099636
[INFO GPL-0026] IdealBinCnt: 102
[INFO GPL-0027] TotalBinArea: 935897600
[INFO GPL-0028] BinCnt: 8 8
[INFO GPL-0029] BinSize: 3910 3740
[INFO GPL-0030] NumBins: 64
[NesterovSolve] Iter: 1 overflow: 0 HPWL: 92375
[NesterovSolve] Finished with Overflow: 0.000000
###############################################################################
# Created by write_sdc
# Sat Jun  4 19:38:09 2022
###############################################################################
current_design buffer
###############################################################################
# Timing Constraints
###############################################################################
create_clock -name __VIRTUAL_CLK__ -period 10.0000 
set_clock_uncertainty 0.2500 __VIRTUAL_CLK__
set_input_delay 2.0000 -clock [get_clocks {__VIRTUAL_CLK__}] -add_delay [get_ports {in}]
set_output_delay 2.0000 -clock [get_clocks {__VIRTUAL_CLK__}] -add_delay [get_ports {out}]
###############################################################################
# Environment
###############################################################################
set_load -pin_load 0.0334 [get_ports {out}]
set_driving_cell -lib_cell sky130_fd_sc_hd__inv_2 -pin {Y} -input_transition_rise 0.0000 -input_transition_fall 0.0000 [get_ports {in}]
set_timing_derate -early 0.9500
set_timing_derate -late 1.0500
###############################################################################
# Design Rules
###############################################################################
set_max_fanout 5.0000 [current_design]
[INFO]: Setting RC values...
min_report

===========================================================================
report_checks -path_delay min (Hold)
============================================================================
Startpoint: in (input port clocked by __VIRTUAL_CLK__)
Endpoint: out (output port clocked by __VIRTUAL_CLK__)
Path Group: __VIRTUAL_CLK__
Path Type: min

Fanout     Cap    Slew   Delay    Time   Description
-----------------------------------------------------------------------------
                  0.00    0.00    0.00   clock __VIRTUAL_CLK__ (rise edge)
                          0.00    0.00   clock network delay (ideal)
                          2.00    2.00 v input external delay
                  0.02    0.01    2.01 v in (in)
     1    0.01                           in (net)
                  0.02    0.00    2.01 v _0_/A (sky130_fd_sc_hd__buf_2)
                  0.09    0.16    2.17 v _0_/X (sky130_fd_sc_hd__buf_2)
     1    0.03                           out (net)
                  0.09    0.00    2.17 v out (out)
                                  2.17   data arrival time

                  0.00    0.00    0.00   clock __VIRTUAL_CLK__ (rise edge)
                          0.00    0.00   clock network delay (ideal)
                          0.25    0.25   clock uncertainty
                          0.00    0.25   clock reconvergence pessimism
                         -2.00   -1.75   output external delay
                                 -1.75   data required time
-----------------------------------------------------------------------------
                                 -1.75   data required time
                                 -2.17   data arrival time
-----------------------------------------------------------------------------
                                  3.92   slack (MET)


min_report_end
max_report

===========================================================================
report_checks -path_delay max (Setup)
============================================================================
Startpoint: in (input port clocked by __VIRTUAL_CLK__)
Endpoint: out (output port clocked by __VIRTUAL_CLK__)
Path Group: __VIRTUAL_CLK__
Path Type: max

Fanout     Cap    Slew   Delay    Time   Description
-----------------------------------------------------------------------------
                  0.00    0.00    0.00   clock __VIRTUAL_CLK__ (rise edge)
                          0.00    0.00   clock network delay (ideal)
                          2.00    2.00 ^ input external delay
                  0.03    0.02    2.02 ^ in (in)
     1    0.01                           in (net)
                  0.03    0.00    2.02 ^ _0_/A (sky130_fd_sc_hd__buf_2)
                  0.18    0.21    2.23 ^ _0_/X (sky130_fd_sc_hd__buf_2)
     1    0.03                           out (net)
                  0.18    0.00    2.24 ^ out (out)
                                  2.24   data arrival time

                  0.00   10.00   10.00   clock __VIRTUAL_CLK__ (rise edge)
                          0.00   10.00   clock network delay (ideal)
                         -0.25    9.75   clock uncertainty
                          0.00    9.75   clock reconvergence pessimism
                         -2.00    7.75   output external delay
                                  7.75   data required time
-----------------------------------------------------------------------------
                                  7.75   data required time
                                 -2.24   data arrival time
-----------------------------------------------------------------------------
                                  5.51   slack (MET)


max_report_end
check_report

===========================================================================
report_checks -unconstrained
============================================================================
Startpoint: in (input port clocked by __VIRTUAL_CLK__)
Endpoint: out (output port clocked by __VIRTUAL_CLK__)
Path Group: __VIRTUAL_CLK__
Path Type: max

Fanout     Cap    Slew   Delay    Time   Description
-----------------------------------------------------------------------------
                  0.00    0.00    0.00   clock __VIRTUAL_CLK__ (rise edge)
                          0.00    0.00   clock network delay (ideal)
                          2.00    2.00 ^ input external delay
                  0.03    0.02    2.02 ^ in (in)
     1    0.01                           in (net)
                  0.03    0.00    2.02 ^ _0_/A (sky130_fd_sc_hd__buf_2)
                  0.18    0.21    2.23 ^ _0_/X (sky130_fd_sc_hd__buf_2)
     1    0.03                           out (net)
                  0.18    0.00    2.24 ^ out (out)
                                  2.24   data arrival time

                  0.00   10.00   10.00   clock __VIRTUAL_CLK__ (rise edge)
                          0.00   10.00   clock network delay (ideal)
                         -0.25    9.75   clock uncertainty
                          0.00    9.75   clock reconvergence pessimism
                         -2.00    7.75   output external delay
                                  7.75   data required time
-----------------------------------------------------------------------------
                                  7.75   data required time
                                 -2.24   data arrival time
-----------------------------------------------------------------------------
                                  5.51   slack (MET)



===========================================================================
report_checks --slack_max -0.01
============================================================================
No paths found.
check_report_end
check_slew

===========================================================================
 report_check_types -max_slew -max_cap -max_fanout -violators
============================================================================

===========================================================================
max slew violation count 0
max fanout violation count 0
max cap violation count 0
============================================================================
check_slew_end
tns_report

===========================================================================
 report_tns
============================================================================
tns 0.00
tns_report_end
wns_report

===========================================================================
 report_wns
============================================================================
wns 0.00
wns_report_end
worst_slack

===========================================================================
 report_worst_slack -max (Setup)
============================================================================
worst slack 5.51

===========================================================================
 report_worst_slack -min (Hold)
============================================================================
worst slack 3.92
worst_slack_end
power_report

===========================================================================
 report_power
============================================================================
Group                  Internal  Switching    Leakage      Total
                          Power      Power      Power      Power
----------------------------------------------------------------
Sequential             0.00e+00   0.00e+00   0.00e+00   0.00e+00   0.0%
Combinational          1.43e-07   5.41e-07   7.52e-11   6.84e-07 100.0%
Macro                  0.00e+00   0.00e+00   0.00e+00   0.00e+00   0.0%
Pad                    0.00e+00   0.00e+00   0.00e+00   0.00e+00   0.0%
----------------------------------------------------------------
Total                  1.43e-07   5.41e-07   7.52e-11   6.84e-07 100.0%
                          20.9%      79.1%       0.0%
power_report_end
area_report

===========================================================================
 report_design_area
============================================================================
Design area 104 u^2 11% utilization.
area_report_end
