Instance name,  X location,  Y location,  Voltage 
PHY_24, 5.4, 46.24, 1.8
PHY_25, 37.8, 46.24, 1.8
PHY_20, 5.4, 40.8, 1.8
PHY_22, 5.4, 40.8, 1.8
PHY_21, 37.8, 40.8, 1.8
PHY_23, 37.8, 40.8, 1.8
PHY_16, 5.4, 35.36, 1.8
PHY_18, 5.4, 35.36, 1.8
PHY_17, 37.8, 35.36, 1.8
PHY_19, 37.8, 35.36, 1.8
PHY_12, 5.4, 29.92, 1.8
PHY_14, 5.4, 29.92, 1.8
PHY_13, 37.8, 29.92, 1.8
PHY_15, 37.8, 29.92, 1.8
PHY_10, 5.4, 24.48, 1.8
PHY_8, 5.4, 24.48, 1.8
PHY_11, 37.8, 24.48, 1.8
PHY_9, 37.8, 24.48, 1.8
PHY_4, 5.4, 19.04, 1.8
PHY_6, 5.4, 19.04, 1.8
PHY_5, 37.8, 19.04, 1.8
PHY_7, 37.8, 19.04, 1.8
PHY_0, 5.4, 13.6, 1.8
PHY_2, 5.4, 13.6, 1.8
PHY_1, 37.8, 13.6, 1.8
PHY_3, 37.8, 13.6, 1.8

