
===========================================================================
report_checks -path_delay min (Hold)
============================================================================
Startpoint: sel[2] (input port clocked by __VIRTUAL_CLK__)
Endpoint: out (output port clocked by __VIRTUAL_CLK__)
Path Group: __VIRTUAL_CLK__
Path Type: min

Fanout     Cap    Slew   Delay    Time   Description
-----------------------------------------------------------------------------
                  0.00    0.00    0.00   clock __VIRTUAL_CLK__ (rise edge)
                          0.00    0.00   clock network delay (ideal)
                          2.00    2.00 v input external delay
                  0.02    0.01    2.01 v sel[2] (in)
     1    0.01                           sel[2] (net)
                  0.02    0.00    2.01 v _5_/S (sky130_fd_sc_hd__mux2_2)
                  0.05    0.24    2.25 v _5_/X (sky130_fd_sc_hd__mux2_2)
     1    0.00                           _2_ (net)
                  0.05    0.00    2.25 v _6_/A (sky130_fd_sc_hd__buf_1)
                  0.23    0.23    2.49 v _6_/X (sky130_fd_sc_hd__buf_1)
     1    0.03                           out (net)
                  0.23    0.00    2.49 v out (out)
                                  2.49   data arrival time

                  0.00    0.00    0.00   clock __VIRTUAL_CLK__ (rise edge)
                          0.00    0.00   clock network delay (ideal)
                          0.25    0.25   clock uncertainty
                          0.00    0.25   clock reconvergence pessimism
                         -2.00   -1.75   output external delay
                                 -1.75   data required time
-----------------------------------------------------------------------------
                                 -1.75   data required time
                                 -2.49   data arrival time
-----------------------------------------------------------------------------
                                  4.24   slack (MET)


