First Layout: /openlane/designs/current/runs/RUN__2022_06_04__22_38_28/results/signoff/nor_gate.gds
Second Layout: /openlane/designs/current/runs/RUN__2022_06_04__22_38_28/results/signoff/nor_gate.klayout.gds
Design Name: nor_gate
Output GDS will be: /openlane/designs/current/runs/RUN__2022_06_04__22_38_28/reports/signoff/nor_gate.xor.xml
Reading /openlane/designs/current/runs/RUN__2022_06_04__22_38_28/results/signoff/nor_gate.gds ..
Reading /openlane/designs/current/runs/RUN__2022_06_04__22_38_28/results/signoff/nor_gate.klayout.gds ..
--- Running XOR for 122/16 ---
"input" in: xor.drc:38
    Polygons (raw): 129 (flat)  9 (hierarchical)
    Elapsed: 0.010s  Memory: 345.00M
"input" in: xor.drc:38
    Polygons (raw): 129 (flat)  9 (hierarchical)
    Elapsed: 0.000s  Memory: 345.00M
"^" in: xor.drc:38
    Polygons (raw): 0 (flat)  0 (hierarchical)
    Elapsed: 0.000s  Memory: 345.00M
XOR differences: 0
"output" in: xor.drc:40
    Polygons (raw): 0 (flat)  0 (hierarchical)
    Elapsed: 0.000s  Memory: 345.00M
--- Running XOR for 235/4 ---
"input" in: xor.drc:38
    Polygons (raw): 1 (flat)  1 (hierarchical)
    Elapsed: 0.010s  Memory: 345.00M
"input" in: xor.drc:38
    Polygons (raw): 1 (flat)  1 (hierarchical)
    Elapsed: 0.000s  Memory: 345.00M
"^" in: xor.drc:38
    Polygons (raw): 0 (flat)  0 (hierarchical)
    Elapsed: 0.000s  Memory: 345.00M
XOR differences: 0
"output" in: xor.drc:40
    Polygons (raw): 0 (flat)  0 (hierarchical)
    Elapsed: 0.000s  Memory: 345.00M
--- Running XOR for 236/0 ---
"input" in: xor.drc:38
    Polygons (raw): 115 (flat)  7 (hierarchical)
    Elapsed: 0.000s  Memory: 345.00M
"input" in: xor.drc:38
    Polygons (raw): 115 (flat)  7 (hierarchical)
    Elapsed: 0.000s  Memory: 345.00M
"^" in: xor.drc:38
    Polygons (raw): 0 (flat)  0 (hierarchical)
    Elapsed: 0.010s  Memory: 345.00M
XOR differences: 0
"output" in: xor.drc:40
    Polygons (raw): 0 (flat)  0 (hierarchical)
    Elapsed: 0.000s  Memory: 345.00M
--- Running XOR for 64/16 ---
"input" in: xor.drc:38
    Polygons (raw): 129 (flat)  9 (hierarchical)
    Elapsed: 0.000s  Memory: 345.00M
"input" in: xor.drc:38
    Polygons (raw): 129 (flat)  9 (hierarchical)
    Elapsed: 0.000s  Memory: 345.00M
"^" in: xor.drc:38
    Polygons (raw): 0 (flat)  0 (hierarchical)
    Elapsed: 0.000s  Memory: 345.00M
XOR differences: 0
"output" in: xor.drc:40
    Polygons (raw): 0 (flat)  0 (hierarchical)
    Elapsed: 0.000s  Memory: 345.00M
--- Running XOR for 64/20 ---
"input" in: xor.drc:38
    Polygons (raw): 144 (flat)  10 (hierarchical)
    Elapsed: 0.000s  Memory: 345.00M
"input" in: xor.drc:38
    Polygons (raw): 144 (flat)  10 (hierarchical)
    Elapsed: 0.010s  Memory: 345.00M
"^" in: xor.drc:38
    Polygons (raw): 0 (flat)  0 (hierarchical)
    Elapsed: 0.000s  Memory: 345.00M
XOR differences: 0
"output" in: xor.drc:40
    Polygons (raw): 0 (flat)  0 (hierarchical)
    Elapsed: 0.000s  Memory: 345.00M
--- Running XOR for 64/5 ---
"input" in: xor.drc:38
    Polygons (raw): 0 (flat)  0 (hierarchical)
    Elapsed: 0.000s  Memory: 345.00M
"input" in: xor.drc:38
    Polygons (raw): 0 (flat)  0 (hierarchical)
    Elapsed: 0.000s  Memory: 345.00M
"^" in: xor.drc:38
    Polygons (raw): 0 (flat)  0 (hierarchical)
    Elapsed: 0.000s  Memory: 345.00M
XOR differences: 0
"output" in: xor.drc:40
    Polygons (raw): 0 (flat)  0 (hierarchical)
    Elapsed: 0.000s  Memory: 345.00M
--- Running XOR for 64/59 ---
"input" in: xor.drc:38
    Polygons (raw): 0 (flat)  0 (hierarchical)
    Elapsed: 0.000s  Memory: 345.00M
"input" in: xor.drc:38
    Polygons (raw): 0 (flat)  0 (hierarchical)
    Elapsed: 0.010s  Memory: 345.00M
"^" in: xor.drc:38
    Polygons (raw): 0 (flat)  0 (hierarchical)
    Elapsed: 0.000s  Memory: 345.00M
XOR differences: 0
"output" in: xor.drc:40
    Polygons (raw): 0 (flat)  0 (hierarchical)
    Elapsed: 0.000s  Memory: 345.00M
--- Running XOR for 65/20 ---
"input" in: xor.drc:38
    Polygons (raw): 230 (flat)  14 (hierarchical)
    Elapsed: 0.000s  Memory: 345.00M
"input" in: xor.drc:38
    Polygons (raw): 230 (flat)  14 (hierarchical)
    Elapsed: 0.000s  Memory: 345.00M
"^" in: xor.drc:38
    Polygons (raw): 0 (flat)  0 (hierarchical)
    Elapsed: 0.000s  Memory: 345.00M
XOR differences: 0
"output" in: xor.drc:40
    Polygons (raw): 0 (flat)  0 (hierarchical)
    Elapsed: 0.000s  Memory: 345.00M
--- Running XOR for 65/44 ---
"input" in: xor.drc:38
    Polygons (raw): 30 (flat)  2 (hierarchical)
    Elapsed: 0.000s  Memory: 345.00M
"input" in: xor.drc:38
    Polygons (raw): 30 (flat)  2 (hierarchical)
    Elapsed: 0.000s  Memory: 345.00M
"^" in: xor.drc:38
    Polygons (raw): 0 (flat)  0 (hierarchical)
    Elapsed: 0.010s  Memory: 345.00M
XOR differences: 0
"output" in: xor.drc:40
    Polygons (raw): 0 (flat)  0 (hierarchical)
    Elapsed: 0.000s  Memory: 345.00M
--- Running XOR for 66/20 ---
"input" in: xor.drc:38
    Polygons (raw): 230 (flat)  14 (hierarchical)
    Elapsed: 0.000s  Memory: 345.00M
"input" in: xor.drc:38
    Polygons (raw): 230 (flat)  14 (hierarchical)
    Elapsed: 0.000s  Memory: 345.00M
"^" in: xor.drc:38
    Polygons (raw): 0 (flat)  0 (hierarchical)
    Elapsed: 0.000s  Memory: 345.00M
XOR differences: 0
"output" in: xor.drc:40
    Polygons (raw): 0 (flat)  0 (hierarchical)
    Elapsed: 0.000s  Memory: 345.00M
--- Running XOR for 66/44 ---
"input" in: xor.drc:38
    Polygons (raw): 883 (flat)  78 (hierarchical)
    Elapsed: 0.000s  Memory: 345.00M
"input" in: xor.drc:38
    Polygons (raw): 883 (flat)  78 (hierarchical)
    Elapsed: 0.000s  Memory: 345.00M
"^" in: xor.drc:38
    Polygons (raw): 0 (flat)  0 (hierarchical)
    Elapsed: 0.010s  Memory: 345.00M
XOR differences: 0
"output" in: xor.drc:40
    Polygons (raw): 0 (flat)  0 (hierarchical)
    Elapsed: 0.000s  Memory: 345.00M
--- Running XOR for 67/16 ---
"input" in: xor.drc:38
    Polygons (raw): 17 (flat)  13 (hierarchical)
    Elapsed: 0.000s  Memory: 345.00M
"input" in: xor.drc:38
    Polygons (raw): 17 (flat)  13 (hierarchical)
    Elapsed: 0.000s  Memory: 345.00M
"^" in: xor.drc:38
    Polygons (raw): 0 (flat)  0 (hierarchical)
    Elapsed: 0.000s  Memory: 345.00M
XOR differences: 0
"output" in: xor.drc:40
    Polygons (raw): 0 (flat)  0 (hierarchical)
    Elapsed: 0.000s  Memory: 345.00M
--- Running XOR for 67/20 ---
"input" in: xor.drc:38
    Polygons (raw): 591 (flat)  44 (hierarchical)
    Elapsed: 0.010s  Memory: 345.00M
"input" in: xor.drc:38
    Polygons (raw): 591 (flat)  36 (hierarchical)
    Elapsed: 0.000s  Memory: 345.00M
"^" in: xor.drc:38
    Polygons (raw): 0 (flat)  0 (hierarchical)
    Elapsed: 0.000s  Memory: 345.00M
XOR differences: 0
"output" in: xor.drc:40
    Polygons (raw): 0 (flat)  0 (hierarchical)
    Elapsed: 0.000s  Memory: 345.00M
--- Running XOR for 67/44 ---
"input" in: xor.drc:38
    Polygons (raw): 1985 (flat)  91 (hierarchical)
    Elapsed: 0.000s  Memory: 345.00M
"input" in: xor.drc:38
    Polygons (raw): 1985 (flat)  83 (hierarchical)
    Elapsed: 0.010s  Memory: 345.00M
"^" in: xor.drc:38
    Polygons (raw): 0 (flat)  0 (hierarchical)
    Elapsed: 0.000s  Memory: 345.00M
XOR differences: 0
"output" in: xor.drc:40
    Polygons (raw): 0 (flat)  0 (hierarchical)
    Elapsed: 0.000s  Memory: 345.00M
--- Running XOR for 67/5 ---
"input" in: xor.drc:38
    Polygons (raw): 0 (flat)  0 (hierarchical)
    Elapsed: 0.010s  Memory: 345.00M
"input" in: xor.drc:38
    Polygons (raw): 0 (flat)  0 (hierarchical)
    Elapsed: 0.000s  Memory: 345.00M
"^" in: xor.drc:38
    Polygons (raw): 0 (flat)  0 (hierarchical)
    Elapsed: 0.000s  Memory: 345.00M
XOR differences: 0
"output" in: xor.drc:40
    Polygons (raw): 0 (flat)  0 (hierarchical)
    Elapsed: 0.000s  Memory: 345.00M
--- Running XOR for 68/16 ---
"input" in: xor.drc:38
    Polygons (raw): 288 (flat)  20 (hierarchical)
    Elapsed: 0.000s  Memory: 345.00M
"input" in: xor.drc:38
    Polygons (raw): 288 (flat)  20 (hierarchical)
    Elapsed: 0.000s  Memory: 345.00M
"^" in: xor.drc:38
    Polygons (raw): 0 (flat)  0 (hierarchical)
    Elapsed: 0.010s  Memory: 345.00M
XOR differences: 0
"output" in: xor.drc:40
    Polygons (raw): 0 (flat)  0 (hierarchical)
    Elapsed: 0.000s  Memory: 345.00M
--- Running XOR for 68/20 ---
"input" in: xor.drc:38
    Polygons (raw): 341 (flat)  73 (hierarchical)
    Elapsed: 0.000s  Memory: 345.00M
"input" in: xor.drc:38
    Polygons (raw): 378 (flat)  46 (hierarchical)
    Elapsed: 0.000s  Memory: 345.00M
"^" in: xor.drc:38
    Polygons (raw): 0 (flat)  0 (hierarchical)
    Elapsed: 0.000s  Memory: 345.00M
XOR differences: 0
"output" in: xor.drc:40
    Polygons (raw): 0 (flat)  0 (hierarchical)
    Elapsed: 0.000s  Memory: 345.00M
--- Running XOR for 68/44 ---
"input" in: xor.drc:38
    Polygons (raw): 254 (flat)  254 (hierarchical)
    Elapsed: 0.000s  Memory: 345.00M
"input" in: xor.drc:38
    Polygons (raw): 254 (flat)  6 (hierarchical)
    Elapsed: 0.010s  Memory: 345.00M
"^" in: xor.drc:38
    Polygons (raw): 0 (flat)  0 (hierarchical)
    Elapsed: 0.000s  Memory: 345.00M
XOR differences: 0
"output" in: xor.drc:40
    Polygons (raw): 0 (flat)  0 (hierarchical)
    Elapsed: 0.000s  Memory: 345.00M
--- Running XOR for 68/5 ---
"input" in: xor.drc:38
    Polygons (raw): 0 (flat)  0 (hierarchical)
    Elapsed: 0.000s  Memory: 345.00M
"input" in: xor.drc:38
    Polygons (raw): 0 (flat)  0 (hierarchical)
    Elapsed: 0.000s  Memory: 345.00M
"^" in: xor.drc:38
    Polygons (raw): 0 (flat)  0 (hierarchical)
    Elapsed: 0.000s  Memory: 345.00M
XOR differences: 0
"output" in: xor.drc:40
    Polygons (raw): 0 (flat)  0 (hierarchical)
    Elapsed: 0.000s  Memory: 345.00M
--- Running XOR for 69/16 ---
"input" in: xor.drc:38
    Polygons (raw): 2 (flat)  2 (hierarchical)
    Elapsed: 0.000s  Memory: 345.00M
"input" in: xor.drc:38
    Polygons (raw): 2 (flat)  2 (hierarchical)
    Elapsed: 0.000s  Memory: 345.00M
"^" in: xor.drc:38
    Polygons (raw): 0 (flat)  0 (hierarchical)
    Elapsed: 0.010s  Memory: 345.00M
XOR differences: 0
"output" in: xor.drc:40
    Polygons (raw): 0 (flat)  0 (hierarchical)
    Elapsed: 0.000s  Memory: 345.00M
--- Running XOR for 69/20 ---
"input" in: xor.drc:38
    Polygons (raw): 67 (flat)  67 (hierarchical)
    Elapsed: 0.000s  Memory: 345.00M
"input" in: xor.drc:38
    Polygons (raw): 114 (flat)  10 (hierarchical)
    Elapsed: 0.000s  Memory: 345.00M
"^" in: xor.drc:38
    Polygons (raw): 2 (flat)  2 (hierarchical)
    Elapsed: 0.000s  Memory: 345.00M
XOR differences: 2
"output" in: xor.drc:40
    Polygons (raw): 2 (flat)  2 (hierarchical)
    Elapsed: 0.000s  Memory: 345.00M
--- Running XOR for 69/44 ---
"input" in: xor.drc:38
    Polygons (raw): 197 (flat)  197 (hierarchical)
    Elapsed: 0.000s  Memory: 345.00M
"input" in: xor.drc:38
    Polygons (raw): 197 (flat)  5 (hierarchical)
    Elapsed: 0.000s  Memory: 345.00M
"^" in: xor.drc:38
    Polygons (raw): 0 (flat)  0 (hierarchical)
    Elapsed: 0.000s  Memory: 345.00M
XOR differences: 0
"output" in: xor.drc:40
    Polygons (raw): 0 (flat)  0 (hierarchical)
    Elapsed: 0.010s  Memory: 345.00M
--- Running XOR for 69/5 ---
"input" in: xor.drc:38
    Polygons (raw): 0 (flat)  0 (hierarchical)
    Elapsed: 0.000s  Memory: 345.00M
"input" in: xor.drc:38
    Polygons (raw): 0 (flat)  0 (hierarchical)
    Elapsed: 0.000s  Memory: 345.00M
"^" in: xor.drc:38
    Polygons (raw): 0 (flat)  0 (hierarchical)
    Elapsed: 0.000s  Memory: 345.00M
XOR differences: 0
"output" in: xor.drc:40
    Polygons (raw): 0 (flat)  0 (hierarchical)
    Elapsed: 0.000s  Memory: 345.00M
--- Running XOR for 70/16 ---
"input" in: xor.drc:38
    Polygons (raw): 1 (flat)  1 (hierarchical)
    Elapsed: 0.000s  Memory: 345.00M
"input" in: xor.drc:38
    Polygons (raw): 1 (flat)  1 (hierarchical)
    Elapsed: 0.000s  Memory: 345.00M
"^" in: xor.drc:38
    Polygons (raw): 0 (flat)  0 (hierarchical)
    Elapsed: 0.000s  Memory: 345.00M
XOR differences: 0
"output" in: xor.drc:40
    Polygons (raw): 0 (flat)  0 (hierarchical)
    Elapsed: 0.000s  Memory: 345.00M
--- Running XOR for 70/20 ---
"input" in: xor.drc:38
    Polygons (raw): 54 (flat)  54 (hierarchical)
    Elapsed: 0.000s  Memory: 345.00M
"input" in: xor.drc:38
    Polygons (raw): 100 (flat)  4 (hierarchical)
    Elapsed: 0.010s  Memory: 345.00M
"^" in: xor.drc:38
    Polygons (raw): 1 (flat)  1 (hierarchical)
    Elapsed: 0.000s  Memory: 345.00M
XOR differences: 1
"output" in: xor.drc:40
    Polygons (raw): 1 (flat)  1 (hierarchical)
    Elapsed: 0.000s  Memory: 345.00M
--- Running XOR for 70/44 ---
"input" in: xor.drc:38
    Polygons (raw): 196 (flat)  196 (hierarchical)
    Elapsed: 0.000s  Memory: 345.00M
"input" in: xor.drc:38
    Polygons (raw): 196 (flat)  4 (hierarchical)
    Elapsed: 0.000s  Memory: 345.00M
"^" in: xor.drc:38
    Polygons (raw): 0 (flat)  0 (hierarchical)
    Elapsed: 0.000s  Memory: 345.00M
XOR differences: 0
"output" in: xor.drc:40
    Polygons (raw): 0 (flat)  0 (hierarchical)
    Elapsed: 0.000s  Memory: 345.00M
--- Running XOR for 70/5 ---
"input" in: xor.drc:38
    Polygons (raw): 0 (flat)  0 (hierarchical)
    Elapsed: 0.000s  Memory: 345.00M
"input" in: xor.drc:38
    Polygons (raw): 0 (flat)  0 (hierarchical)
    Elapsed: 0.000s  Memory: 345.00M
"^" in: xor.drc:38
    Polygons (raw): 0 (flat)  0 (hierarchical)
    Elapsed: 0.000s  Memory: 345.00M
XOR differences: 0
"output" in: xor.drc:40
    Polygons (raw): 0 (flat)  0 (hierarchical)
    Elapsed: 0.000s  Memory: 345.00M
--- Running XOR for 71/16 ---
"input" in: xor.drc:38
    Polygons (raw): 7 (flat)  7 (hierarchical)
    Elapsed: 0.000s  Memory: 345.00M
"input" in: xor.drc:38
    Polygons (raw): 7 (flat)  7 (hierarchical)
    Elapsed: 0.000s  Memory: 345.00M
"^" in: xor.drc:38
    Polygons (raw): 0 (flat)  0 (hierarchical)
    Elapsed: 0.000s  Memory: 345.00M
XOR differences: 0
"output" in: xor.drc:40
    Polygons (raw): 0 (flat)  0 (hierarchical)
    Elapsed: 0.000s  Memory: 345.00M
--- Running XOR for 71/20 ---
"input" in: xor.drc:38
    Polygons (raw): 7 (flat)  7 (hierarchical)
    Elapsed: 0.000s  Memory: 345.00M
"input" in: xor.drc:38
    Polygons (raw): 81 (flat)  9 (hierarchical)
    Elapsed: 0.000s  Memory: 345.00M
"^" in: xor.drc:38
    Polygons (raw): 0 (flat)  0 (hierarchical)
    Elapsed: 0.000s  Memory: 345.00M
XOR differences: 0
"output" in: xor.drc:40
    Polygons (raw): 0 (flat)  0 (hierarchical)
    Elapsed: 0.010s  Memory: 345.00M
--- Running XOR for 71/44 ---
"input" in: xor.drc:38
    Polygons (raw): 25 (flat)  25 (hierarchical)
    Elapsed: 0.000s  Memory: 345.00M
"input" in: xor.drc:38
    Polygons (raw): 25 (flat)  1 (hierarchical)
    Elapsed: 0.000s  Memory: 345.00M
"^" in: xor.drc:38
    Polygons (raw): 0 (flat)  0 (hierarchical)
    Elapsed: 0.000s  Memory: 345.00M
XOR differences: 0
"output" in: xor.drc:40
    Polygons (raw): 0 (flat)  0 (hierarchical)
    Elapsed: 0.000s  Memory: 345.00M
--- Running XOR for 71/5 ---
"input" in: xor.drc:38
    Polygons (raw): 0 (flat)  0 (hierarchical)
    Elapsed: 0.000s  Memory: 345.00M
"input" in: xor.drc:38
    Polygons (raw): 0 (flat)  0 (hierarchical)
    Elapsed: 0.000s  Memory: 345.00M
"^" in: xor.drc:38
    Polygons (raw): 0 (flat)  0 (hierarchical)
    Elapsed: 0.000s  Memory: 345.00M
XOR differences: 0
"output" in: xor.drc:40
    Polygons (raw): 0 (flat)  0 (hierarchical)
    Elapsed: 0.000s  Memory: 345.00M
--- Running XOR for 72/16 ---
"input" in: xor.drc:38
    Polygons (raw): 7 (flat)  7 (hierarchical)
    Elapsed: 0.000s  Memory: 345.00M
"input" in: xor.drc:38
    Polygons (raw): 7 (flat)  7 (hierarchical)
    Elapsed: 0.010s  Memory: 345.00M
"^" in: xor.drc:38
    Polygons (raw): 0 (flat)  0 (hierarchical)
    Elapsed: 0.000s  Memory: 345.00M
XOR differences: 0
"output" in: xor.drc:40
    Polygons (raw): 0 (flat)  0 (hierarchical)
    Elapsed: 0.000s  Memory: 345.00M
--- Running XOR for 72/20 ---
"input" in: xor.drc:38
    Polygons (raw): 7 (flat)  7 (hierarchical)
    Elapsed: 0.000s  Memory: 345.00M
"input" in: xor.drc:38
    Polygons (raw): 32 (flat)  8 (hierarchical)
    Elapsed: 0.000s  Memory: 345.00M
"^" in: xor.drc:38
    Polygons (raw): 0 (flat)  0 (hierarchical)
    Elapsed: 0.000s  Memory: 345.00M
XOR differences: 0
"output" in: xor.drc:40
    Polygons (raw): 0 (flat)  0 (hierarchical)
    Elapsed: 0.000s  Memory: 345.00M
--- Running XOR for 72/5 ---
"input" in: xor.drc:38
    Polygons (raw): 0 (flat)  0 (hierarchical)
    Elapsed: 0.000s  Memory: 345.00M
"input" in: xor.drc:38
    Polygons (raw): 0 (flat)  0 (hierarchical)
    Elapsed: 0.000s  Memory: 345.00M
"^" in: xor.drc:38
    Polygons (raw): 0 (flat)  0 (hierarchical)
    Elapsed: 0.000s  Memory: 345.00M
XOR differences: 0
"output" in: xor.drc:40
    Polygons (raw): 0 (flat)  0 (hierarchical)
    Elapsed: 0.010s  Memory: 345.00M
--- Running XOR for 78/44 ---
"input" in: xor.drc:38
    Polygons (raw): 144 (flat)  10 (hierarchical)
    Elapsed: 0.000s  Memory: 345.00M
"input" in: xor.drc:38
    Polygons (raw): 144 (flat)  10 (hierarchical)
    Elapsed: 0.000s  Memory: 345.00M
"^" in: xor.drc:38
    Polygons (raw): 0 (flat)  0 (hierarchical)
    Elapsed: 0.000s  Memory: 345.00M
XOR differences: 0
"output" in: xor.drc:40
    Polygons (raw): 0 (flat)  0 (hierarchical)
    Elapsed: 0.000s  Memory: 345.00M
--- Running XOR for 81/4 ---
"input" in: xor.drc:38
    Polygons (raw): 144 (flat)  10 (hierarchical)
    Elapsed: 0.000s  Memory: 345.00M
"input" in: xor.drc:38
    Polygons (raw): 144 (flat)  10 (hierarchical)
    Elapsed: 0.000s  Memory: 345.00M
"^" in: xor.drc:38
    Polygons (raw): 0 (flat)  0 (hierarchical)
    Elapsed: 0.000s  Memory: 345.00M
XOR differences: 0
"output" in: xor.drc:40
    Polygons (raw): 0 (flat)  0 (hierarchical)
    Elapsed: 0.010s  Memory: 345.00M
--- Running XOR for 83/44 ---
"input" in: xor.drc:38
    Polygons (raw): 0 (flat)  0 (hierarchical)
    Elapsed: 0.000s  Memory: 345.00M
"input" in: xor.drc:38
    Polygons (raw): 0 (flat)  0 (hierarchical)
    Elapsed: 0.000s  Memory: 345.00M
"^" in: xor.drc:38
    Polygons (raw): 0 (flat)  0 (hierarchical)
    Elapsed: 0.000s  Memory: 345.00M
XOR differences: 0
"output" in: xor.drc:40
    Polygons (raw): 0 (flat)  0 (hierarchical)
    Elapsed: 0.000s  Memory: 345.00M
--- Running XOR for 93/44 ---
"input" in: xor.drc:38
    Polygons (raw): 159 (flat)  11 (hierarchical)
    Elapsed: 0.000s  Memory: 345.00M
"input" in: xor.drc:38
    Polygons (raw): 159 (flat)  11 (hierarchical)
    Elapsed: 0.000s  Memory: 345.00M
"^" in: xor.drc:38
    Polygons (raw): 0 (flat)  0 (hierarchical)
    Elapsed: 0.000s  Memory: 345.00M
XOR differences: 0
"output" in: xor.drc:40
    Polygons (raw): 0 (flat)  0 (hierarchical)
    Elapsed: 0.000s  Memory: 345.00M
--- Running XOR for 94/20 ---
"input" in: xor.drc:38
    Polygons (raw): 159 (flat)  11 (hierarchical)
    Elapsed: 0.010s  Memory: 345.00M
"input" in: xor.drc:38
    Polygons (raw): 159 (flat)  11 (hierarchical)
    Elapsed: 0.000s  Memory: 345.00M
"^" in: xor.drc:38
    Polygons (raw): 0 (flat)  0 (hierarchical)
    Elapsed: 0.000s  Memory: 345.00M
XOR differences: 0
"output" in: xor.drc:40
    Polygons (raw): 0 (flat)  0 (hierarchical)
    Elapsed: 0.000s  Memory: 345.00M
--- Running XOR for 95/20 ---
"input" in: xor.drc:38
    Polygons (raw): 115 (flat)  7 (hierarchical)
    Elapsed: 0.000s  Memory: 345.00M
"input" in: xor.drc:38
    Polygons (raw): 115 (flat)  7 (hierarchical)
    Elapsed: 0.000s  Memory: 345.00M
"^" in: xor.drc:38
    Polygons (raw): 0 (flat)  0 (hierarchical)
    Elapsed: 0.000s  Memory: 345.00M
XOR differences: 0
"output" in: xor.drc:40
    Polygons (raw): 0 (flat)  0 (hierarchical)
    Elapsed: 0.000s  Memory: 345.00M
Writing report database: /openlane/designs/current/runs/RUN__2022_06_04__22_38_28/reports/signoff/nor_gate.xor.xml ..
Total elapsed: 0.220s  Memory: 345.00M
