Netgen 1.5.219 compiled on Wed Feb  9 05:50:10 UTC 2022
Warning: netgen command 'format' use fully-qualified name '::netgen::format'
Warning: netgen command 'global' use fully-qualified name '::netgen::global'
Generating JSON file result
Reading netlist file /openlane/designs/current/runs/RUN__2022_06_04__22_38_28/results/signoff/nor_gate.spice
Reading netlist file /openlane/designs/current/runs/RUN__2022_06_04__22_38_28/tmp/signoff/31-powered_netlist.v
Warning:  A case-insensitive file has been read and so the	verilog file must be treated case-insensitive to match.
Creating placeholder cell definition for module sky130_fd_sc_hd__decap_8.
Creating placeholder cell definition for module sky130_fd_sc_hd__fill_2.
Creating placeholder cell definition for module sky130_ef_sc_hd__decap_12.
Creating placeholder cell definition for module sky130_fd_sc_hd__decap_3.
Creating placeholder cell definition for module sky130_fd_sc_hd__decap_4.
Creating placeholder cell definition for module sky130_fd_sc_hd__fill_1.
Creating placeholder cell definition for module sky130_fd_sc_hd__tapvpwrvgnd_1.
Creating placeholder cell definition for module sky130_fd_sc_hd__nor2_1.
Creating placeholder cell definition for module sky130_fd_sc_hd__clkbuf_1.
Creating placeholder cell definition for module sky130_fd_sc_hd__buf_2.
Reading setup file /openlane/pdks/sky130A/libs.tech/netgen/sky130A_setup.tcl
Comparison output logged to file /openlane/designs/current/runs/RUN__2022_06_04__22_38_28/logs/signoff/34-nor_gate.lef.log
Logging to file "/openlane/designs/current/runs/RUN__2022_06_04__22_38_28/logs/signoff/34-nor_gate.lef.log" enabled
Circuit sky130_fd_sc_hd__fill_1 contains no devices.
Circuit sky130_ef_sc_hd__decap_12 contains no devices.
Circuit sky130_fd_sc_hd__decap_4 contains no devices.
Circuit sky130_fd_sc_hd__fill_2 contains no devices.
Circuit sky130_fd_sc_hd__decap_8 contains no devices.
Circuit sky130_fd_sc_hd__decap_3 contains no devices.
Circuit sky130_fd_sc_hd__clkbuf_1 contains no devices.
Circuit sky130_fd_sc_hd__tapvpwrvgnd_1 contains no devices.
Circuit sky130_fd_sc_hd__nor2_1 contains no devices.
Circuit sky130_fd_sc_hd__buf_2 contains no devices.

Contents of circuit 1:  Circuit: 'nor_gate'
Circuit nor_gate contains 144 device instances.
  Class: sky130_fd_sc_hd__buf_2 instances:   1
  Class: sky130_ef_sc_hd__decap_12 instances:  63
  Class: sky130_fd_sc_hd__clkbuf_1 instances:   2
  Class: sky130_fd_sc_hd__decap_3 instances:  28
  Class: sky130_fd_sc_hd__decap_4 instances:  14
  Class: sky130_fd_sc_hd__decap_8 instances:   6
  Class: sky130_fd_sc_hd__tapvpwrvgnd_1 instances:  15
  Class: sky130_fd_sc_hd__fill_1 instances:  12
  Class: sky130_fd_sc_hd__fill_2 instances:   2
  Class: sky130_fd_sc_hd__nor2_1 instances:   1
Circuit contains 8 nets.
Contents of circuit 2:  Circuit: 'nor_gate'
Circuit nor_gate contains 144 device instances.
  Class: sky130_fd_sc_hd__buf_2 instances:   1
  Class: sky130_ef_sc_hd__decap_12 instances:  63
  Class: sky130_fd_sc_hd__clkbuf_1 instances:   2
  Class: sky130_fd_sc_hd__decap_3 instances:  28
  Class: sky130_fd_sc_hd__decap_4 instances:  14
  Class: sky130_fd_sc_hd__decap_8 instances:   6
  Class: sky130_fd_sc_hd__tapvpwrvgnd_1 instances:  15
  Class: sky130_fd_sc_hd__fill_1 instances:  12
  Class: sky130_fd_sc_hd__fill_2 instances:   2
  Class: sky130_fd_sc_hd__nor2_1 instances:   1
Circuit contains 8 nets.

Circuit was modified by parallel/series device merging.
New circuit summary:

Contents of circuit 1:  Circuit: 'nor_gate'
Circuit nor_gate contains 11 device instances.
  Class: sky130_fd_sc_hd__buf_2 instances:   1
  Class: sky130_ef_sc_hd__decap_12 instances:   1
  Class: sky130_fd_sc_hd__clkbuf_1 instances:   2
  Class: sky130_fd_sc_hd__decap_3 instances:   1
  Class: sky130_fd_sc_hd__decap_4 instances:   1
  Class: sky130_fd_sc_hd__decap_8 instances:   1
  Class: sky130_fd_sc_hd__tapvpwrvgnd_1 instances:   1
  Class: sky130_fd_sc_hd__fill_1 instances:   1
  Class: sky130_fd_sc_hd__fill_2 instances:   1
  Class: sky130_fd_sc_hd__nor2_1 instances:   1
Circuit contains 8 nets.
Contents of circuit 2:  Circuit: 'nor_gate'
Circuit nor_gate contains 11 device instances.
  Class: sky130_fd_sc_hd__buf_2 instances:   1
  Class: sky130_ef_sc_hd__decap_12 instances:   1
  Class: sky130_fd_sc_hd__clkbuf_1 instances:   2
  Class: sky130_fd_sc_hd__decap_3 instances:   1
  Class: sky130_fd_sc_hd__decap_4 instances:   1
  Class: sky130_fd_sc_hd__decap_8 instances:   1
  Class: sky130_fd_sc_hd__tapvpwrvgnd_1 instances:   1
  Class: sky130_fd_sc_hd__fill_1 instances:   1
  Class: sky130_fd_sc_hd__fill_2 instances:   1
  Class: sky130_fd_sc_hd__nor2_1 instances:   1
Circuit contains 8 nets.

Circuit 1 contains 11 devices, Circuit 2 contains 11 devices.
Circuit 1 contains 8 nets,    Circuit 2 contains 8 nets.

Netlists match uniquely.
Result: Circuits match uniquely.
Logging to file "/openlane/designs/current/runs/RUN__2022_06_04__22_38_28/logs/signoff/34-nor_gate.lef.log" disabled
LVS Done.
