
===========================================================================
report_checks -path_delay min (Hold)
============================================================================

======================= Slowest Corner ===================================

Startpoint: sel[0] (input port clocked by __VIRTUAL_CLK__)
Endpoint: out[0] (output port clocked by __VIRTUAL_CLK__)
Path Group: __VIRTUAL_CLK__
Path Type: min
Corner: ss

Fanout     Cap    Slew   Delay    Time   Description
-----------------------------------------------------------------------------
                  0.00    0.00    0.00   clock __VIRTUAL_CLK__ (rise edge)
                          0.00    0.00   clock network delay (ideal)
                          2.00    2.00 ^ input external delay
                  0.05    0.03    2.03 ^ sel[0] (in)
     1    0.00                           sel[0] (net)
                  0.05    0.00    2.03 ^ input2/A (sky130_fd_sc_hd__clkbuf_2)
                  0.19    0.25    2.28 ^ input2/X (sky130_fd_sc_hd__clkbuf_2)
     4    0.02                           net2 (net)
                  0.19    0.00    2.28 ^ _11_/A (sky130_fd_sc_hd__dlymetal6s2s_1)
                  0.23    0.32    2.60 ^ _11_/X (sky130_fd_sc_hd__dlymetal6s2s_1)
     5    0.01                           _00_ (net)
                  0.23    0.00    2.60 ^ _15_/A (sky130_fd_sc_hd__nor4b_2)
                  0.10    0.18    2.78 v _15_/Y (sky130_fd_sc_hd__nor4b_2)
     1    0.01                           net5 (net)
                  0.10    0.00    2.78 v output5/A (sky130_fd_sc_hd__buf_2)
                  0.17    0.34    3.13 v output5/X (sky130_fd_sc_hd__buf_2)
     1    0.03                           out[0] (net)
                  0.17    0.00    3.13 v out[0] (out)
                                  3.13   data arrival time

                  0.00    0.00    0.00   clock __VIRTUAL_CLK__ (rise edge)
                          0.00    0.00   clock network delay (ideal)
                          0.25    0.25   clock uncertainty
                          0.00    0.25   clock reconvergence pessimism
                         -2.00   -1.75   output external delay
                                 -1.75   data required time
-----------------------------------------------------------------------------
                                 -1.75   data required time
                                 -3.13   data arrival time
-----------------------------------------------------------------------------
                                  4.88   slack (MET)


Startpoint: sel[0] (input port clocked by __VIRTUAL_CLK__)
Endpoint: out[5] (output port clocked by __VIRTUAL_CLK__)
Path Group: __VIRTUAL_CLK__
Path Type: min
Corner: ss

Fanout     Cap    Slew   Delay    Time   Description
-----------------------------------------------------------------------------
                  0.00    0.00    0.00   clock __VIRTUAL_CLK__ (rise edge)
                          0.00    0.00   clock network delay (ideal)
                          2.00    2.00 v input external delay
                  0.03    0.01    2.01 v sel[0] (in)
     1    0.00                           sel[0] (net)
                  0.03    0.00    2.01 v input2/A (sky130_fd_sc_hd__clkbuf_2)
                  0.15    0.24    2.25 v input2/X (sky130_fd_sc_hd__clkbuf_2)
     4    0.02                           net2 (net)
                  0.15    0.00    2.26 v _24_/D (sky130_fd_sc_hd__and4b_1)
                  0.07    0.42    2.68 v _24_/X (sky130_fd_sc_hd__and4b_1)
     1    0.00                           _08_ (net)
                  0.07    0.00    2.68 v _25_/A (sky130_fd_sc_hd__clkbuf_1)
                  0.11    0.20    2.88 v _25_/X (sky130_fd_sc_hd__clkbuf_1)
     1    0.01                           net10 (net)
                  0.11    0.00    2.88 v output10/A (sky130_fd_sc_hd__buf_2)
                  0.17    0.35    3.22 v output10/X (sky130_fd_sc_hd__buf_2)
     1    0.03                           out[5] (net)
                  0.17    0.00    3.22 v out[5] (out)
                                  3.22   data arrival time

                  0.00    0.00    0.00   clock __VIRTUAL_CLK__ (rise edge)
                          0.00    0.00   clock network delay (ideal)
                          0.25    0.25   clock uncertainty
                          0.00    0.25   clock reconvergence pessimism
                         -2.00   -1.75   output external delay
                                 -1.75   data required time
-----------------------------------------------------------------------------
                                 -1.75   data required time
                                 -3.22   data arrival time
-----------------------------------------------------------------------------
                                  4.97   slack (MET)


Startpoint: sel[0] (input port clocked by __VIRTUAL_CLK__)
Endpoint: out[1] (output port clocked by __VIRTUAL_CLK__)
Path Group: __VIRTUAL_CLK__
Path Type: min
Corner: ss

Fanout     Cap    Slew   Delay    Time   Description
-----------------------------------------------------------------------------
                  0.00    0.00    0.00   clock __VIRTUAL_CLK__ (rise edge)
                          0.00    0.00   clock network delay (ideal)
                          2.00    2.00 v input external delay
                  0.03    0.01    2.01 v sel[0] (in)
     1    0.00                           sel[0] (net)
                  0.03    0.00    2.01 v input2/A (sky130_fd_sc_hd__clkbuf_2)
                  0.15    0.24    2.25 v input2/X (sky130_fd_sc_hd__clkbuf_2)
     4    0.02                           net2 (net)
                  0.15    0.00    2.26 v _16_/D (sky130_fd_sc_hd__and4bb_1)
                  0.07    0.43    2.68 v _16_/X (sky130_fd_sc_hd__and4bb_1)
     1    0.00                           _04_ (net)
                  0.07    0.00    2.69 v _17_/A (sky130_fd_sc_hd__clkbuf_1)
                  0.11    0.20    2.88 v _17_/X (sky130_fd_sc_hd__clkbuf_1)
     1    0.01                           net6 (net)
                  0.11    0.00    2.88 v output6/A (sky130_fd_sc_hd__buf_2)
                  0.16    0.34    3.22 v output6/X (sky130_fd_sc_hd__buf_2)
     1    0.03                           out[1] (net)
                  0.16    0.00    3.23 v out[1] (out)
                                  3.23   data arrival time

                  0.00    0.00    0.00   clock __VIRTUAL_CLK__ (rise edge)
                          0.00    0.00   clock network delay (ideal)
                          0.25    0.25   clock uncertainty
                          0.00    0.25   clock reconvergence pessimism
                         -2.00   -1.75   output external delay
                                 -1.75   data required time
-----------------------------------------------------------------------------
                                 -1.75   data required time
                                 -3.23   data arrival time
-----------------------------------------------------------------------------
                                  4.98   slack (MET)


Startpoint: sel[0] (input port clocked by __VIRTUAL_CLK__)
Endpoint: out[3] (output port clocked by __VIRTUAL_CLK__)
Path Group: __VIRTUAL_CLK__
Path Type: min
Corner: ss

Fanout     Cap    Slew   Delay    Time   Description
-----------------------------------------------------------------------------
                  0.00    0.00    0.00   clock __VIRTUAL_CLK__ (rise edge)
                          0.00    0.00   clock network delay (ideal)
                          2.00    2.00 v input external delay
                  0.03    0.01    2.01 v sel[0] (in)
     1    0.00                           sel[0] (net)
                  0.03    0.00    2.01 v input2/A (sky130_fd_sc_hd__clkbuf_2)
                  0.15    0.24    2.25 v input2/X (sky130_fd_sc_hd__clkbuf_2)
     4    0.02                           net2 (net)
                  0.15    0.00    2.26 v _20_/D (sky130_fd_sc_hd__and4b_1)
                  0.08    0.44    2.70 v _20_/X (sky130_fd_sc_hd__and4b_1)
     1    0.00                           _06_ (net)
                  0.08    0.00    2.70 v _21_/A (sky130_fd_sc_hd__clkbuf_1)
                  0.10    0.20    2.90 v _21_/X (sky130_fd_sc_hd__clkbuf_1)
     1    0.01                           net8 (net)
                  0.10    0.00    2.90 v output8/A (sky130_fd_sc_hd__buf_2)
                  0.17    0.34    3.24 v output8/X (sky130_fd_sc_hd__buf_2)
     1    0.03                           out[3] (net)
                  0.17    0.00    3.24 v out[3] (out)
                                  3.24   data arrival time

                  0.00    0.00    0.00   clock __VIRTUAL_CLK__ (rise edge)
                          0.00    0.00   clock network delay (ideal)
                          0.25    0.25   clock uncertainty
                          0.00    0.25   clock reconvergence pessimism
                         -2.00   -1.75   output external delay
                                 -1.75   data required time
-----------------------------------------------------------------------------
                                 -1.75   data required time
                                 -3.24   data arrival time
-----------------------------------------------------------------------------
                                  4.99   slack (MET)


Startpoint: sel[2] (input port clocked by __VIRTUAL_CLK__)
Endpoint: out[6] (output port clocked by __VIRTUAL_CLK__)
Path Group: __VIRTUAL_CLK__
Path Type: min
Corner: ss

Fanout     Cap    Slew   Delay    Time   Description
-----------------------------------------------------------------------------
                  0.00    0.00    0.00   clock __VIRTUAL_CLK__ (rise edge)
                          0.00    0.00   clock network delay (ideal)
                          2.00    2.00 v input external delay
                  0.02    0.01    2.01 v sel[2] (in)
     1    0.00                           sel[2] (net)
                  0.02    0.00    2.01 v input4/A (sky130_fd_sc_hd__dlymetal6s2s_1)
                  0.17    0.33    2.34 v input4/X (sky130_fd_sc_hd__dlymetal6s2s_1)
     4    0.02                           net4 (net)
                  0.17    0.00    2.34 v _26_/B (sky130_fd_sc_hd__and4b_1)
                  0.08    0.40    2.74 v _26_/X (sky130_fd_sc_hd__and4b_1)
     1    0.00                           _09_ (net)
                  0.08    0.00    2.74 v _27_/A (sky130_fd_sc_hd__clkbuf_1)
                  0.10    0.20    2.94 v _27_/X (sky130_fd_sc_hd__clkbuf_1)
     1    0.01                           net11 (net)
                  0.10    0.00    2.94 v output11/A (sky130_fd_sc_hd__buf_2)
                  0.16    0.34    3.28 v output11/X (sky130_fd_sc_hd__buf_2)
     1    0.03                           out[6] (net)
                  0.16    0.00    3.28 v out[6] (out)
                                  3.28   data arrival time

                  0.00    0.00    0.00   clock __VIRTUAL_CLK__ (rise edge)
                          0.00    0.00   clock network delay (ideal)
                          0.25    0.25   clock uncertainty
                          0.00    0.25   clock reconvergence pessimism
                         -2.00   -1.75   output external delay
                                 -1.75   data required time
-----------------------------------------------------------------------------
                                 -1.75   data required time
                                 -3.28   data arrival time
-----------------------------------------------------------------------------
                                  5.03   slack (MET)


Startpoint: sel[1] (input port clocked by __VIRTUAL_CLK__)
Endpoint: out[7] (output port clocked by __VIRTUAL_CLK__)
Path Group: __VIRTUAL_CLK__
Path Type: min
Corner: ss

Fanout     Cap    Slew   Delay    Time   Description
-----------------------------------------------------------------------------
                  0.00    0.00    0.00   clock __VIRTUAL_CLK__ (rise edge)
                          0.00    0.00   clock network delay (ideal)
                          2.00    2.00 v input external delay
                  0.02    0.01    2.01 v sel[1] (in)
     1    0.00                           sel[1] (net)
                  0.02    0.00    2.01 v input3/A (sky130_fd_sc_hd__dlymetal6s2s_1)
                  0.18    0.33    2.34 v input3/X (sky130_fd_sc_hd__dlymetal6s2s_1)
     4    0.02                           net3 (net)
                  0.18    0.00    2.34 v _28_/D (sky130_fd_sc_hd__and4_1)
                  0.07    0.44    2.78 v _28_/X (sky130_fd_sc_hd__and4_1)
     1    0.00                           _10_ (net)
                  0.07    0.00    2.78 v _29_/A (sky130_fd_sc_hd__clkbuf_1)
                  0.10    0.19    2.97 v _29_/X (sky130_fd_sc_hd__clkbuf_1)
     1    0.01                           net12 (net)
                  0.10    0.00    2.97 v output12/A (sky130_fd_sc_hd__buf_2)
                  0.17    0.34    3.31 v output12/X (sky130_fd_sc_hd__buf_2)
     1    0.03                           out[7] (net)
                  0.17    0.00    3.31 v out[7] (out)
                                  3.31   data arrival time

                  0.00    0.00    0.00   clock __VIRTUAL_CLK__ (rise edge)
                          0.00    0.00   clock network delay (ideal)
                          0.25    0.25   clock uncertainty
                          0.00    0.25   clock reconvergence pessimism
                         -2.00   -1.75   output external delay
                                 -1.75   data required time
-----------------------------------------------------------------------------
                                 -1.75   data required time
                                 -3.31   data arrival time
-----------------------------------------------------------------------------
                                  5.06   slack (MET)


Startpoint: in (input port clocked by __VIRTUAL_CLK__)
Endpoint: out[4] (output port clocked by __VIRTUAL_CLK__)
Path Group: __VIRTUAL_CLK__
Path Type: min
Corner: ss

Fanout     Cap    Slew   Delay    Time   Description
-----------------------------------------------------------------------------
                  0.00    0.00    0.00   clock __VIRTUAL_CLK__ (rise edge)
                          0.00    0.00   clock network delay (ideal)
                          2.00    2.00 v input external delay
                  0.02    0.01    2.01 v in (in)
     1    0.00                           in (net)
                  0.02    0.00    2.01 v input1/A (sky130_fd_sc_hd__dlymetal6s2s_1)
                  0.18    0.34    2.34 v input1/X (sky130_fd_sc_hd__dlymetal6s2s_1)
     4    0.02                           net1 (net)
                  0.18    0.00    2.35 v _22_/C (sky130_fd_sc_hd__and4bb_1)
                  0.07    0.42    2.76 v _22_/X (sky130_fd_sc_hd__and4bb_1)
     1    0.00                           _07_ (net)
                  0.07    0.00    2.76 v _23_/A (sky130_fd_sc_hd__clkbuf_1)
                  0.14    0.23    2.99 v _23_/X (sky130_fd_sc_hd__clkbuf_1)
     1    0.01                           net9 (net)
                  0.14    0.00    2.99 v output9/A (sky130_fd_sc_hd__buf_2)
                  0.17    0.36    3.35 v output9/X (sky130_fd_sc_hd__buf_2)
     1    0.03                           out[4] (net)
                  0.17    0.00    3.36 v out[4] (out)
                                  3.36   data arrival time

                  0.00    0.00    0.00   clock __VIRTUAL_CLK__ (rise edge)
                          0.00    0.00   clock network delay (ideal)
                          0.25    0.25   clock uncertainty
                          0.00    0.25   clock reconvergence pessimism
                         -2.00   -1.75   output external delay
                                 -1.75   data required time
-----------------------------------------------------------------------------
                                 -1.75   data required time
                                 -3.36   data arrival time
-----------------------------------------------------------------------------
                                  5.11   slack (MET)


Startpoint: in (input port clocked by __VIRTUAL_CLK__)
Endpoint: out[2] (output port clocked by __VIRTUAL_CLK__)
Path Group: __VIRTUAL_CLK__
Path Type: min
Corner: ss

Fanout     Cap    Slew   Delay    Time   Description
-----------------------------------------------------------------------------
                  0.00    0.00    0.00   clock __VIRTUAL_CLK__ (rise edge)
                          0.00    0.00   clock network delay (ideal)
                          2.00    2.00 v input external delay
                  0.02    0.01    2.01 v in (in)
     1    0.00                           in (net)
                  0.02    0.00    2.01 v input1/A (sky130_fd_sc_hd__dlymetal6s2s_1)
                  0.18    0.34    2.34 v input1/X (sky130_fd_sc_hd__dlymetal6s2s_1)
     4    0.02                           net1 (net)
                  0.18    0.00    2.35 v _18_/C (sky130_fd_sc_hd__and4bb_1)
                  0.08    0.42    2.77 v _18_/X (sky130_fd_sc_hd__and4bb_1)
     1    0.00                           _05_ (net)
                  0.08    0.00    2.77 v _19_/A (sky130_fd_sc_hd__clkbuf_1)
                  0.14    0.23    2.99 v _19_/X (sky130_fd_sc_hd__clkbuf_1)
     1    0.01                           net7 (net)
                  0.14    0.00    2.99 v output7/A (sky130_fd_sc_hd__buf_2)
                  0.17    0.36    3.36 v output7/X (sky130_fd_sc_hd__buf_2)
     1    0.03                           out[2] (net)
                  0.17    0.00    3.36 v out[2] (out)
                                  3.36   data arrival time

                  0.00    0.00    0.00   clock __VIRTUAL_CLK__ (rise edge)
                          0.00    0.00   clock network delay (ideal)
                          0.25    0.25   clock uncertainty
                          0.00    0.25   clock reconvergence pessimism
                         -2.00   -1.75   output external delay
                                 -1.75   data required time
-----------------------------------------------------------------------------
                                 -1.75   data required time
                                 -3.36   data arrival time
-----------------------------------------------------------------------------
                                  5.11   slack (MET)



======================= Typical Corner ===================================

Startpoint: sel[0] (input port clocked by __VIRTUAL_CLK__)
Endpoint: out[0] (output port clocked by __VIRTUAL_CLK__)
Path Group: __VIRTUAL_CLK__
Path Type: min
Corner: tt

Fanout     Cap    Slew   Delay    Time   Description
-----------------------------------------------------------------------------
                  0.00    0.00    0.00   clock __VIRTUAL_CLK__ (rise edge)
                          0.00    0.00   clock network delay (ideal)
                          2.00    2.00 ^ input external delay
                  0.03    0.02    2.02 ^ sel[0] (in)
     1    0.00                           sel[0] (net)
                  0.03    0.00    2.02 ^ input2/A (sky130_fd_sc_hd__clkbuf_2)
                  0.12    0.15    2.16 ^ input2/X (sky130_fd_sc_hd__clkbuf_2)
     4    0.02                           net2 (net)
                  0.12    0.00    2.17 ^ _11_/A (sky130_fd_sc_hd__dlymetal6s2s_1)
                  0.16    0.19    2.35 ^ _11_/X (sky130_fd_sc_hd__dlymetal6s2s_1)
     5    0.01                           _00_ (net)
                  0.16    0.00    2.35 ^ _15_/A (sky130_fd_sc_hd__nor4b_2)
                  0.06    0.09    2.44 v _15_/Y (sky130_fd_sc_hd__nor4b_2)
     1    0.01                           net5 (net)
                  0.06    0.00    2.45 v output5/A (sky130_fd_sc_hd__buf_2)
                  0.09    0.18    2.62 v output5/X (sky130_fd_sc_hd__buf_2)
     1    0.03                           out[0] (net)
                  0.09    0.00    2.62 v out[0] (out)
                                  2.62   data arrival time

                  0.00    0.00    0.00   clock __VIRTUAL_CLK__ (rise edge)
                          0.00    0.00   clock network delay (ideal)
                          0.25    0.25   clock uncertainty
                          0.00    0.25   clock reconvergence pessimism
                         -2.00   -1.75   output external delay
                                 -1.75   data required time
-----------------------------------------------------------------------------
                                 -1.75   data required time
                                 -2.62   data arrival time
-----------------------------------------------------------------------------
                                  4.37   slack (MET)


Startpoint: sel[0] (input port clocked by __VIRTUAL_CLK__)
Endpoint: out[5] (output port clocked by __VIRTUAL_CLK__)
Path Group: __VIRTUAL_CLK__
Path Type: min
Corner: tt

Fanout     Cap    Slew   Delay    Time   Description
-----------------------------------------------------------------------------
                  0.00    0.00    0.00   clock __VIRTUAL_CLK__ (rise edge)
                          0.00    0.00   clock network delay (ideal)
                          2.00    2.00 v input external delay
                  0.01    0.01    2.01 v sel[0] (in)
     1    0.00                           sel[0] (net)
                  0.01    0.00    2.01 v input2/A (sky130_fd_sc_hd__clkbuf_2)
                  0.09    0.13    2.14 v input2/X (sky130_fd_sc_hd__clkbuf_2)
     4    0.02                           net2 (net)
                  0.09    0.00    2.14 v _24_/D (sky130_fd_sc_hd__and4b_1)
                  0.04    0.20    2.34 v _24_/X (sky130_fd_sc_hd__and4b_1)
     1    0.00                           _08_ (net)
                  0.04    0.00    2.34 v _25_/A (sky130_fd_sc_hd__clkbuf_1)
                  0.06    0.10    2.45 v _25_/X (sky130_fd_sc_hd__clkbuf_1)
     1    0.01                           net10 (net)
                  0.06    0.00    2.45 v output10/A (sky130_fd_sc_hd__buf_2)
                  0.09    0.18    2.62 v output10/X (sky130_fd_sc_hd__buf_2)
     1    0.03                           out[5] (net)
                  0.09    0.00    2.63 v out[5] (out)
                                  2.63   data arrival time

                  0.00    0.00    0.00   clock __VIRTUAL_CLK__ (rise edge)
                          0.00    0.00   clock network delay (ideal)
                          0.25    0.25   clock uncertainty
                          0.00    0.25   clock reconvergence pessimism
                         -2.00   -1.75   output external delay
                                 -1.75   data required time
-----------------------------------------------------------------------------
                                 -1.75   data required time
                                 -2.63   data arrival time
-----------------------------------------------------------------------------
                                  4.38   slack (MET)


Startpoint: sel[0] (input port clocked by __VIRTUAL_CLK__)
Endpoint: out[1] (output port clocked by __VIRTUAL_CLK__)
Path Group: __VIRTUAL_CLK__
Path Type: min
Corner: tt

Fanout     Cap    Slew   Delay    Time   Description
-----------------------------------------------------------------------------
                  0.00    0.00    0.00   clock __VIRTUAL_CLK__ (rise edge)
                          0.00    0.00   clock network delay (ideal)
                          2.00    2.00 v input external delay
                  0.01    0.01    2.01 v sel[0] (in)
     1    0.00                           sel[0] (net)
                  0.01    0.00    2.01 v input2/A (sky130_fd_sc_hd__clkbuf_2)
                  0.09    0.13    2.14 v input2/X (sky130_fd_sc_hd__clkbuf_2)
     4    0.02                           net2 (net)
                  0.09    0.00    2.14 v _16_/D (sky130_fd_sc_hd__and4bb_1)
                  0.04    0.21    2.35 v _16_/X (sky130_fd_sc_hd__and4bb_1)
     1    0.00                           _04_ (net)
                  0.04    0.00    2.35 v _17_/A (sky130_fd_sc_hd__clkbuf_1)
                  0.05    0.10    2.45 v _17_/X (sky130_fd_sc_hd__clkbuf_1)
     1    0.01                           net6 (net)
                  0.05    0.00    2.45 v output6/A (sky130_fd_sc_hd__buf_2)
                  0.09    0.17    2.63 v output6/X (sky130_fd_sc_hd__buf_2)
     1    0.03                           out[1] (net)
                  0.09    0.00    2.63 v out[1] (out)
                                  2.63   data arrival time

                  0.00    0.00    0.00   clock __VIRTUAL_CLK__ (rise edge)
                          0.00    0.00   clock network delay (ideal)
                          0.25    0.25   clock uncertainty
                          0.00    0.25   clock reconvergence pessimism
                         -2.00   -1.75   output external delay
                                 -1.75   data required time
-----------------------------------------------------------------------------
                                 -1.75   data required time
                                 -2.63   data arrival time
-----------------------------------------------------------------------------
                                  4.38   slack (MET)


Startpoint: sel[0] (input port clocked by __VIRTUAL_CLK__)
Endpoint: out[3] (output port clocked by __VIRTUAL_CLK__)
Path Group: __VIRTUAL_CLK__
Path Type: min
Corner: tt

Fanout     Cap    Slew   Delay    Time   Description
-----------------------------------------------------------------------------
                  0.00    0.00    0.00   clock __VIRTUAL_CLK__ (rise edge)
                          0.00    0.00   clock network delay (ideal)
                          2.00    2.00 v input external delay
                  0.01    0.01    2.01 v sel[0] (in)
     1    0.00                           sel[0] (net)
                  0.01    0.00    2.01 v input2/A (sky130_fd_sc_hd__clkbuf_2)
                  0.09    0.13    2.14 v input2/X (sky130_fd_sc_hd__clkbuf_2)
     4    0.02                           net2 (net)
                  0.09    0.00    2.14 v _20_/D (sky130_fd_sc_hd__and4b_1)
                  0.04    0.21    2.35 v _20_/X (sky130_fd_sc_hd__and4b_1)
     1    0.00                           _06_ (net)
                  0.04    0.00    2.35 v _21_/A (sky130_fd_sc_hd__clkbuf_1)
                  0.05    0.10    2.46 v _21_/X (sky130_fd_sc_hd__clkbuf_1)
     1    0.01                           net8 (net)
                  0.05    0.00    2.46 v output8/A (sky130_fd_sc_hd__buf_2)
                  0.09    0.17    2.63 v output8/X (sky130_fd_sc_hd__buf_2)
     1    0.03                           out[3] (net)
                  0.09    0.00    2.63 v out[3] (out)
                                  2.63   data arrival time

                  0.00    0.00    0.00   clock __VIRTUAL_CLK__ (rise edge)
                          0.00    0.00   clock network delay (ideal)
                          0.25    0.25   clock uncertainty
                          0.00    0.25   clock reconvergence pessimism
                         -2.00   -1.75   output external delay
                                 -1.75   data required time
-----------------------------------------------------------------------------
                                 -1.75   data required time
                                 -2.63   data arrival time
-----------------------------------------------------------------------------
                                  4.38   slack (MET)


Startpoint: sel[2] (input port clocked by __VIRTUAL_CLK__)
Endpoint: out[6] (output port clocked by __VIRTUAL_CLK__)
Path Group: __VIRTUAL_CLK__
Path Type: min
Corner: tt

Fanout     Cap    Slew   Delay    Time   Description
-----------------------------------------------------------------------------
                  0.00    0.00    0.00   clock __VIRTUAL_CLK__ (rise edge)
                          0.00    0.00   clock network delay (ideal)
                          2.00    2.00 v input external delay
                  0.01    0.00    2.00 v sel[2] (in)
     1    0.00                           sel[2] (net)
                  0.01    0.00    2.00 v input4/A (sky130_fd_sc_hd__dlymetal6s2s_1)
                  0.09    0.16    2.16 v input4/X (sky130_fd_sc_hd__dlymetal6s2s_1)
     4    0.02                           net4 (net)
                  0.09    0.00    2.17 v _26_/B (sky130_fd_sc_hd__and4b_1)
                  0.04    0.19    2.35 v _26_/X (sky130_fd_sc_hd__and4b_1)
     1    0.00                           _09_ (net)
                  0.04    0.00    2.35 v _27_/A (sky130_fd_sc_hd__clkbuf_1)
                  0.05    0.11    2.46 v _27_/X (sky130_fd_sc_hd__clkbuf_1)
     1    0.01                           net11 (net)
                  0.05    0.00    2.46 v output11/A (sky130_fd_sc_hd__buf_2)
                  0.09    0.17    2.63 v output11/X (sky130_fd_sc_hd__buf_2)
     1    0.03                           out[6] (net)
                  0.09    0.00    2.63 v out[6] (out)
                                  2.63   data arrival time

                  0.00    0.00    0.00   clock __VIRTUAL_CLK__ (rise edge)
                          0.00    0.00   clock network delay (ideal)
                          0.25    0.25   clock uncertainty
                          0.00    0.25   clock reconvergence pessimism
                         -2.00   -1.75   output external delay
                                 -1.75   data required time
-----------------------------------------------------------------------------
                                 -1.75   data required time
                                 -2.63   data arrival time
-----------------------------------------------------------------------------
                                  4.38   slack (MET)


Startpoint: sel[1] (input port clocked by __VIRTUAL_CLK__)
Endpoint: out[7] (output port clocked by __VIRTUAL_CLK__)
Path Group: __VIRTUAL_CLK__
Path Type: min
Corner: tt

Fanout     Cap    Slew   Delay    Time   Description
-----------------------------------------------------------------------------
                  0.00    0.00    0.00   clock __VIRTUAL_CLK__ (rise edge)
                          0.00    0.00   clock network delay (ideal)
                          2.00    2.00 v input external delay
                  0.01    0.00    2.00 v sel[1] (in)
     1    0.00                           sel[1] (net)
                  0.01    0.00    2.00 v input3/A (sky130_fd_sc_hd__dlymetal6s2s_1)
                  0.09    0.16    2.17 v input3/X (sky130_fd_sc_hd__dlymetal6s2s_1)
     4    0.02                           net3 (net)
                  0.09    0.00    2.17 v _28_/D (sky130_fd_sc_hd__and4_1)
                  0.04    0.21    2.38 v _28_/X (sky130_fd_sc_hd__and4_1)
     1    0.00                           _10_ (net)
                  0.04    0.00    2.38 v _29_/A (sky130_fd_sc_hd__clkbuf_1)
                  0.05    0.10    2.48 v _29_/X (sky130_fd_sc_hd__clkbuf_1)
     1    0.01                           net12 (net)
                  0.05    0.00    2.48 v output12/A (sky130_fd_sc_hd__buf_2)
                  0.09    0.17    2.65 v output12/X (sky130_fd_sc_hd__buf_2)
     1    0.03                           out[7] (net)
                  0.09    0.00    2.65 v out[7] (out)
                                  2.65   data arrival time

                  0.00    0.00    0.00   clock __VIRTUAL_CLK__ (rise edge)
                          0.00    0.00   clock network delay (ideal)
                          0.25    0.25   clock uncertainty
                          0.00    0.25   clock reconvergence pessimism
                         -2.00   -1.75   output external delay
                                 -1.75   data required time
-----------------------------------------------------------------------------
                                 -1.75   data required time
                                 -2.65   data arrival time
-----------------------------------------------------------------------------
                                  4.40   slack (MET)


Startpoint: in (input port clocked by __VIRTUAL_CLK__)
Endpoint: out[2] (output port clocked by __VIRTUAL_CLK__)
Path Group: __VIRTUAL_CLK__
Path Type: min
Corner: tt

Fanout     Cap    Slew   Delay    Time   Description
-----------------------------------------------------------------------------
                  0.00    0.00    0.00   clock __VIRTUAL_CLK__ (rise edge)
                          0.00    0.00   clock network delay (ideal)
                          2.00    2.00 v input external delay
                  0.01    0.00    2.00 v in (in)
     1    0.00                           in (net)
                  0.01    0.00    2.00 v input1/A (sky130_fd_sc_hd__dlymetal6s2s_1)
                  0.09    0.16    2.17 v input1/X (sky130_fd_sc_hd__dlymetal6s2s_1)
     4    0.02                           net1 (net)
                  0.09    0.00    2.17 v _18_/C (sky130_fd_sc_hd__and4bb_1)
                  0.04    0.20    2.37 v _18_/X (sky130_fd_sc_hd__and4bb_1)
     1    0.00                           _05_ (net)
                  0.04    0.00    2.37 v _19_/A (sky130_fd_sc_hd__clkbuf_1)
                  0.07    0.12    2.49 v _19_/X (sky130_fd_sc_hd__clkbuf_1)
     1    0.01                           net7 (net)
                  0.07    0.00    2.49 v output7/A (sky130_fd_sc_hd__buf_2)
                  0.09    0.18    2.67 v output7/X (sky130_fd_sc_hd__buf_2)
     1    0.03                           out[2] (net)
                  0.09    0.00    2.67 v out[2] (out)
                                  2.67   data arrival time

                  0.00    0.00    0.00   clock __VIRTUAL_CLK__ (rise edge)
                          0.00    0.00   clock network delay (ideal)
                          0.25    0.25   clock uncertainty
                          0.00    0.25   clock reconvergence pessimism
                         -2.00   -1.75   output external delay
                                 -1.75   data required time
-----------------------------------------------------------------------------
                                 -1.75   data required time
                                 -2.67   data arrival time
-----------------------------------------------------------------------------
                                  4.42   slack (MET)


Startpoint: in (input port clocked by __VIRTUAL_CLK__)
Endpoint: out[4] (output port clocked by __VIRTUAL_CLK__)
Path Group: __VIRTUAL_CLK__
Path Type: min
Corner: tt

Fanout     Cap    Slew   Delay    Time   Description
-----------------------------------------------------------------------------
                  0.00    0.00    0.00   clock __VIRTUAL_CLK__ (rise edge)
                          0.00    0.00   clock network delay (ideal)
                          2.00    2.00 v input external delay
                  0.01    0.00    2.00 v in (in)
     1    0.00                           in (net)
                  0.01    0.00    2.00 v input1/A (sky130_fd_sc_hd__dlymetal6s2s_1)
                  0.09    0.16    2.17 v input1/X (sky130_fd_sc_hd__dlymetal6s2s_1)
     4    0.02                           net1 (net)
                  0.09    0.00    2.17 v _22_/C (sky130_fd_sc_hd__and4bb_1)
                  0.04    0.20    2.37 v _22_/X (sky130_fd_sc_hd__and4bb_1)
     1    0.00                           _07_ (net)
                  0.04    0.00    2.37 v _23_/A (sky130_fd_sc_hd__clkbuf_1)
                  0.08    0.12    2.49 v _23_/X (sky130_fd_sc_hd__clkbuf_1)
     1    0.01                           net9 (net)
                  0.08    0.00    2.49 v output9/A (sky130_fd_sc_hd__buf_2)
                  0.09    0.19    2.67 v output9/X (sky130_fd_sc_hd__buf_2)
     1    0.03                           out[4] (net)
                  0.09    0.00    2.67 v out[4] (out)
                                  2.67   data arrival time

                  0.00    0.00    0.00   clock __VIRTUAL_CLK__ (rise edge)
                          0.00    0.00   clock network delay (ideal)
                          0.25    0.25   clock uncertainty
                          0.00    0.25   clock reconvergence pessimism
                         -2.00   -1.75   output external delay
                                 -1.75   data required time
-----------------------------------------------------------------------------
                                 -1.75   data required time
                                 -2.67   data arrival time
-----------------------------------------------------------------------------
                                  4.42   slack (MET)



======================= Fastest Corner ===================================

Startpoint: sel[0] (input port clocked by __VIRTUAL_CLK__)
Endpoint: out[5] (output port clocked by __VIRTUAL_CLK__)
Path Group: __VIRTUAL_CLK__
Path Type: min
Corner: ff

Fanout     Cap    Slew   Delay    Time   Description
-----------------------------------------------------------------------------
                  0.00    0.00    0.00   clock __VIRTUAL_CLK__ (rise edge)
                          0.00    0.00   clock network delay (ideal)
                          2.00    2.00 v input external delay
                  0.01    0.00    2.00 v sel[0] (in)
     1    0.00                           sel[0] (net)
                  0.01    0.00    2.00 v input2/A (sky130_fd_sc_hd__clkbuf_2)
                  0.06    0.09    2.09 v input2/X (sky130_fd_sc_hd__clkbuf_2)
     4    0.02                           net2 (net)
                  0.06    0.00    2.09 v _24_/D (sky130_fd_sc_hd__and4b_1)
                  0.03    0.13    2.22 v _24_/X (sky130_fd_sc_hd__and4b_1)
     1    0.00                           _08_ (net)
                  0.03    0.00    2.22 v _25_/A (sky130_fd_sc_hd__clkbuf_1)
                  0.04    0.07    2.29 v _25_/X (sky130_fd_sc_hd__clkbuf_1)
     1    0.01                           net10 (net)
                  0.04    0.00    2.29 v output10/A (sky130_fd_sc_hd__buf_2)
                  0.06    0.11    2.41 v output10/X (sky130_fd_sc_hd__buf_2)
     1    0.03                           out[5] (net)
                  0.06    0.00    2.41 v out[5] (out)
                                  2.41   data arrival time

                  0.00    0.00    0.00   clock __VIRTUAL_CLK__ (rise edge)
                          0.00    0.00   clock network delay (ideal)
                          0.25    0.25   clock uncertainty
                          0.00    0.25   clock reconvergence pessimism
                         -2.00   -1.75   output external delay
                                 -1.75   data required time
-----------------------------------------------------------------------------
                                 -1.75   data required time
                                 -2.41   data arrival time
-----------------------------------------------------------------------------
                                  4.16   slack (MET)


Startpoint: sel[0] (input port clocked by __VIRTUAL_CLK__)
Endpoint: out[1] (output port clocked by __VIRTUAL_CLK__)
Path Group: __VIRTUAL_CLK__
Path Type: min
Corner: ff

Fanout     Cap    Slew   Delay    Time   Description
-----------------------------------------------------------------------------
                  0.00    0.00    0.00   clock __VIRTUAL_CLK__ (rise edge)
                          0.00    0.00   clock network delay (ideal)
                          2.00    2.00 v input external delay
                  0.01    0.00    2.00 v sel[0] (in)
     1    0.00                           sel[0] (net)
                  0.01    0.00    2.00 v input2/A (sky130_fd_sc_hd__clkbuf_2)
                  0.06    0.09    2.09 v input2/X (sky130_fd_sc_hd__clkbuf_2)
     4    0.02                           net2 (net)
                  0.06    0.00    2.09 v _16_/D (sky130_fd_sc_hd__and4bb_1)
                  0.03    0.13    2.23 v _16_/X (sky130_fd_sc_hd__and4bb_1)
     1    0.00                           _04_ (net)
                  0.03    0.00    2.23 v _17_/A (sky130_fd_sc_hd__clkbuf_1)
                  0.04    0.07    2.30 v _17_/X (sky130_fd_sc_hd__clkbuf_1)
     1    0.01                           net6 (net)
                  0.04    0.00    2.30 v output6/A (sky130_fd_sc_hd__buf_2)
                  0.06    0.11    2.41 v output6/X (sky130_fd_sc_hd__buf_2)
     1    0.03                           out[1] (net)
                  0.06    0.00    2.41 v out[1] (out)
                                  2.41   data arrival time

                  0.00    0.00    0.00   clock __VIRTUAL_CLK__ (rise edge)
                          0.00    0.00   clock network delay (ideal)
                          0.25    0.25   clock uncertainty
                          0.00    0.25   clock reconvergence pessimism
                         -2.00   -1.75   output external delay
                                 -1.75   data required time
-----------------------------------------------------------------------------
                                 -1.75   data required time
                                 -2.41   data arrival time
-----------------------------------------------------------------------------
                                  4.16   slack (MET)


Startpoint: sel[2] (input port clocked by __VIRTUAL_CLK__)
Endpoint: out[6] (output port clocked by __VIRTUAL_CLK__)
Path Group: __VIRTUAL_CLK__
Path Type: min
Corner: ff

Fanout     Cap    Slew   Delay    Time   Description
-----------------------------------------------------------------------------
                  0.00    0.00    0.00   clock __VIRTUAL_CLK__ (rise edge)
                          0.00    0.00   clock network delay (ideal)
                          2.00    2.00 v input external delay
                  0.00    0.00    2.00 v sel[2] (in)
     1    0.00                           sel[2] (net)
                  0.00    0.00    2.00 v input4/A (sky130_fd_sc_hd__dlymetal6s2s_1)
                  0.06    0.11    2.11 v input4/X (sky130_fd_sc_hd__dlymetal6s2s_1)
     4    0.02                           net4 (net)
                  0.06    0.00    2.11 v _26_/B (sky130_fd_sc_hd__and4b_1)
                  0.03    0.12    2.23 v _26_/X (sky130_fd_sc_hd__and4b_1)
     1    0.00                           _09_ (net)
                  0.03    0.00    2.23 v _27_/A (sky130_fd_sc_hd__clkbuf_1)
                  0.04    0.07    2.30 v _27_/X (sky130_fd_sc_hd__clkbuf_1)
     1    0.01                           net11 (net)
                  0.04    0.00    2.30 v output11/A (sky130_fd_sc_hd__buf_2)
                  0.06    0.11    2.41 v output11/X (sky130_fd_sc_hd__buf_2)
     1    0.03                           out[6] (net)
                  0.06    0.00    2.41 v out[6] (out)
                                  2.41   data arrival time

                  0.00    0.00    0.00   clock __VIRTUAL_CLK__ (rise edge)
                          0.00    0.00   clock network delay (ideal)
                          0.25    0.25   clock uncertainty
                          0.00    0.25   clock reconvergence pessimism
                         -2.00   -1.75   output external delay
                                 -1.75   data required time
-----------------------------------------------------------------------------
                                 -1.75   data required time
                                 -2.41   data arrival time
-----------------------------------------------------------------------------
                                  4.16   slack (MET)


Startpoint: sel[0] (input port clocked by __VIRTUAL_CLK__)
Endpoint: out[3] (output port clocked by __VIRTUAL_CLK__)
Path Group: __VIRTUAL_CLK__
Path Type: min
Corner: ff

Fanout     Cap    Slew   Delay    Time   Description
-----------------------------------------------------------------------------
                  0.00    0.00    0.00   clock __VIRTUAL_CLK__ (rise edge)
                          0.00    0.00   clock network delay (ideal)
                          2.00    2.00 v input external delay
                  0.01    0.00    2.00 v sel[0] (in)
     1    0.00                           sel[0] (net)
                  0.01    0.00    2.00 v input2/A (sky130_fd_sc_hd__clkbuf_2)
                  0.06    0.09    2.09 v input2/X (sky130_fd_sc_hd__clkbuf_2)
     4    0.02                           net2 (net)
                  0.06    0.00    2.09 v _20_/D (sky130_fd_sc_hd__and4b_1)
                  0.03    0.14    2.23 v _20_/X (sky130_fd_sc_hd__and4b_1)
     1    0.00                           _06_ (net)
                  0.03    0.00    2.23 v _21_/A (sky130_fd_sc_hd__clkbuf_1)
                  0.04    0.07    2.30 v _21_/X (sky130_fd_sc_hd__clkbuf_1)
     1    0.01                           net8 (net)
                  0.04    0.00    2.30 v output8/A (sky130_fd_sc_hd__buf_2)
                  0.06    0.11    2.41 v output8/X (sky130_fd_sc_hd__buf_2)
     1    0.03                           out[3] (net)
                  0.06    0.00    2.42 v out[3] (out)
                                  2.42   data arrival time

                  0.00    0.00    0.00   clock __VIRTUAL_CLK__ (rise edge)
                          0.00    0.00   clock network delay (ideal)
                          0.25    0.25   clock uncertainty
                          0.00    0.25   clock reconvergence pessimism
                         -2.00   -1.75   output external delay
                                 -1.75   data required time
-----------------------------------------------------------------------------
                                 -1.75   data required time
                                 -2.42   data arrival time
-----------------------------------------------------------------------------
                                  4.17   slack (MET)


Startpoint: sel[0] (input port clocked by __VIRTUAL_CLK__)
Endpoint: out[0] (output port clocked by __VIRTUAL_CLK__)
Path Group: __VIRTUAL_CLK__
Path Type: min
Corner: ff

Fanout     Cap    Slew   Delay    Time   Description
-----------------------------------------------------------------------------
                  0.00    0.00    0.00   clock __VIRTUAL_CLK__ (rise edge)
                          0.00    0.00   clock network delay (ideal)
                          2.00    2.00 ^ input external delay
                  0.02    0.01    2.01 ^ sel[0] (in)
     1    0.00                           sel[0] (net)
                  0.02    0.00    2.01 ^ input2/A (sky130_fd_sc_hd__clkbuf_2)
                  0.10    0.10    2.12 ^ input2/X (sky130_fd_sc_hd__clkbuf_2)
     4    0.02                           net2 (net)
                  0.10    0.00    2.12 ^ _11_/A (sky130_fd_sc_hd__dlymetal6s2s_1)
                  0.12    0.13    2.25 ^ _11_/X (sky130_fd_sc_hd__dlymetal6s2s_1)
     5    0.01                           _00_ (net)
                  0.12    0.00    2.25 ^ _15_/A (sky130_fd_sc_hd__nor4b_2)
                  0.04    0.06    2.30 v _15_/Y (sky130_fd_sc_hd__nor4b_2)
     1    0.01                           net5 (net)
                  0.04    0.00    2.30 v output5/A (sky130_fd_sc_hd__buf_2)
                  0.06    0.12    2.42 v output5/X (sky130_fd_sc_hd__buf_2)
     1    0.03                           out[0] (net)
                  0.06    0.00    2.42 v out[0] (out)
                                  2.42   data arrival time

                  0.00    0.00    0.00   clock __VIRTUAL_CLK__ (rise edge)
                          0.00    0.00   clock network delay (ideal)
                          0.25    0.25   clock uncertainty
                          0.00    0.25   clock reconvergence pessimism
                         -2.00   -1.75   output external delay
                                 -1.75   data required time
-----------------------------------------------------------------------------
                                 -1.75   data required time
                                 -2.42   data arrival time
-----------------------------------------------------------------------------
                                  4.17   slack (MET)


Startpoint: sel[1] (input port clocked by __VIRTUAL_CLK__)
Endpoint: out[7] (output port clocked by __VIRTUAL_CLK__)
Path Group: __VIRTUAL_CLK__
Path Type: min
Corner: ff

Fanout     Cap    Slew   Delay    Time   Description
-----------------------------------------------------------------------------
                  0.00    0.00    0.00   clock __VIRTUAL_CLK__ (rise edge)
                          0.00    0.00   clock network delay (ideal)
                          2.00    2.00 v input external delay
                  0.00    0.00    2.00 v sel[1] (in)
     1    0.00                           sel[1] (net)
                  0.00    0.00    2.00 v input3/A (sky130_fd_sc_hd__dlymetal6s2s_1)
                  0.07    0.11    2.11 v input3/X (sky130_fd_sc_hd__dlymetal6s2s_1)
     4    0.02                           net3 (net)
                  0.07    0.00    2.11 v _28_/D (sky130_fd_sc_hd__and4_1)
                  0.03    0.13    2.24 v _28_/X (sky130_fd_sc_hd__and4_1)
     1    0.00                           _10_ (net)
                  0.03    0.00    2.24 v _29_/A (sky130_fd_sc_hd__clkbuf_1)
                  0.04    0.07    2.31 v _29_/X (sky130_fd_sc_hd__clkbuf_1)
     1    0.01                           net12 (net)
                  0.04    0.00    2.31 v output12/A (sky130_fd_sc_hd__buf_2)
                  0.06    0.11    2.42 v output12/X (sky130_fd_sc_hd__buf_2)
     1    0.03                           out[7] (net)
                  0.06    0.00    2.42 v out[7] (out)
                                  2.42   data arrival time

                  0.00    0.00    0.00   clock __VIRTUAL_CLK__ (rise edge)
                          0.00    0.00   clock network delay (ideal)
                          0.25    0.25   clock uncertainty
                          0.00    0.25   clock reconvergence pessimism
                         -2.00   -1.75   output external delay
                                 -1.75   data required time
-----------------------------------------------------------------------------
                                 -1.75   data required time
                                 -2.42   data arrival time
-----------------------------------------------------------------------------
                                  4.17   slack (MET)


Startpoint: in (input port clocked by __VIRTUAL_CLK__)
Endpoint: out[4] (output port clocked by __VIRTUAL_CLK__)
Path Group: __VIRTUAL_CLK__
Path Type: min
Corner: ff

Fanout     Cap    Slew   Delay    Time   Description
-----------------------------------------------------------------------------
                  0.00    0.00    0.00   clock __VIRTUAL_CLK__ (rise edge)
                          0.00    0.00   clock network delay (ideal)
                          2.00    2.00 v input external delay
                  0.00    0.00    2.00 v in (in)
     1    0.00                           in (net)
                  0.00    0.00    2.00 v input1/A (sky130_fd_sc_hd__dlymetal6s2s_1)
                  0.07    0.11    2.11 v input1/X (sky130_fd_sc_hd__dlymetal6s2s_1)
     4    0.02                           net1 (net)
                  0.07    0.00    2.11 v _22_/C (sky130_fd_sc_hd__and4bb_1)
                  0.03    0.13    2.24 v _22_/X (sky130_fd_sc_hd__and4bb_1)
     1    0.00                           _07_ (net)
                  0.03    0.00    2.24 v _23_/A (sky130_fd_sc_hd__clkbuf_1)
                  0.05    0.08    2.32 v _23_/X (sky130_fd_sc_hd__clkbuf_1)
     1    0.01                           net9 (net)
                  0.05    0.00    2.32 v output9/A (sky130_fd_sc_hd__buf_2)
                  0.06    0.12    2.44 v output9/X (sky130_fd_sc_hd__buf_2)
     1    0.03                           out[4] (net)
                  0.06    0.00    2.44 v out[4] (out)
                                  2.44   data arrival time

                  0.00    0.00    0.00   clock __VIRTUAL_CLK__ (rise edge)
                          0.00    0.00   clock network delay (ideal)
                          0.25    0.25   clock uncertainty
                          0.00    0.25   clock reconvergence pessimism
                         -2.00   -1.75   output external delay
                                 -1.75   data required time
-----------------------------------------------------------------------------
                                 -1.75   data required time
                                 -2.44   data arrival time
-----------------------------------------------------------------------------
                                  4.19   slack (MET)


Startpoint: in (input port clocked by __VIRTUAL_CLK__)
Endpoint: out[2] (output port clocked by __VIRTUAL_CLK__)
Path Group: __VIRTUAL_CLK__
Path Type: min
Corner: ff

Fanout     Cap    Slew   Delay    Time   Description
-----------------------------------------------------------------------------
                  0.00    0.00    0.00   clock __VIRTUAL_CLK__ (rise edge)
                          0.00    0.00   clock network delay (ideal)
                          2.00    2.00 v input external delay
                  0.00    0.00    2.00 v in (in)
     1    0.00                           in (net)
                  0.00    0.00    2.00 v input1/A (sky130_fd_sc_hd__dlymetal6s2s_1)
                  0.07    0.11    2.11 v input1/X (sky130_fd_sc_hd__dlymetal6s2s_1)
     4    0.02                           net1 (net)
                  0.07    0.00    2.11 v _18_/C (sky130_fd_sc_hd__and4bb_1)
                  0.03    0.13    2.24 v _18_/X (sky130_fd_sc_hd__and4bb_1)
     1    0.00                           _05_ (net)
                  0.03    0.00    2.24 v _19_/A (sky130_fd_sc_hd__clkbuf_1)
                  0.05    0.08    2.32 v _19_/X (sky130_fd_sc_hd__clkbuf_1)
     1    0.01                           net7 (net)
                  0.05    0.00    2.32 v output7/A (sky130_fd_sc_hd__buf_2)
                  0.06    0.12    2.44 v output7/X (sky130_fd_sc_hd__buf_2)
     1    0.03                           out[2] (net)
                  0.06    0.00    2.44 v out[2] (out)
                                  2.44   data arrival time

                  0.00    0.00    0.00   clock __VIRTUAL_CLK__ (rise edge)
                          0.00    0.00   clock network delay (ideal)
                          0.25    0.25   clock uncertainty
                          0.00    0.25   clock reconvergence pessimism
                         -2.00   -1.75   output external delay
                                 -1.75   data required time
-----------------------------------------------------------------------------
                                 -1.75   data required time
                                 -2.44   data arrival time
-----------------------------------------------------------------------------
                                  4.19   slack (MET)


