Warning - class CORE ANTENNACELL is not found. This message can be ignored if not in the antenna-avoid flow

Net - in
  input1  (sky130_fd_sc_hd__dlymetal6s2s_1)  A
[1]  met3:
  PAR:    9.82  Ratio:    0.00       (Area)
  PAR:   56.14  Ratio:  400.00       (S.Area)
  CAR:   12.78  Ratio:    0.00       (C.Area)
  CAR:   71.28  Ratio:    0.00       (C.S.Area)

[1]  met2:
  PAR:    2.69  Ratio:    0.00       (Area)
  PAR:   14.22  Ratio:  400.00       (S.Area)
  CAR:    2.96  Ratio:    0.00       (C.Area)
  CAR:   15.13  Ratio:    0.00       (C.S.Area)

[1]  met1:
  PAR:    0.16  Ratio:    0.00       (Area)
  PAR:    0.78  Ratio:  400.00       (S.Area)
  CAR:    0.27  Ratio:    0.00       (C.Area)
  CAR:    0.91  Ratio:    0.00       (C.S.Area)

[1]  li1:
  PAR:    0.11  Ratio:    0.00       (Area)
  PAR:    0.13  Ratio:   75.00       (S.Area)
  CAR:    0.11  Ratio:    0.00       (C.Area)
  CAR:    0.13  Ratio:    0.00       (C.S.Area)

[1]  M2M3_PR:
  PAR:    0.32  Ratio:    6.00       (Area)
  CAR:    0.73  Ratio:    0.00       (C.Area)

[1]  M1M2_PR:
  PAR:    0.18  Ratio:    6.00       (Area)
  CAR:    0.41  Ratio:    0.00       (C.Area)

[1]  L1M1_PR:
  PAR:    0.23  Ratio:    3.00       (Area)
  CAR:    0.23  Ratio:    0.00       (C.Area)

  No sinks on this net
  No sinks on this net
  No sinks on this net
  No sinks on this net
  No sinks on this net
  No sinks on this net
  No sinks on this net
  No sinks on this net

Net - sel[0]
  input2  (sky130_fd_sc_hd__clkbuf_2)  A
[1]  met3:
  PAR:   15.53  Ratio:    0.00       (Area)
  PAR:   85.04  Ratio:  400.00       (S.Area)
  CAR:   29.56  Ratio:    0.00       (C.Area)
  CAR:  155.85  Ratio:    0.00       (C.S.Area)

[1]  met2:
  PAR:    9.64  Ratio:    0.00       (Area)
  PAR:   48.64  Ratio:  400.00       (S.Area)
  CAR:   14.03  Ratio:    0.00       (C.Area)
  CAR:   70.80  Ratio:    0.00       (C.S.Area)

[1]  met1:
  PAR:    4.32  Ratio:    0.00       (Area)
  PAR:   22.08  Ratio:  400.00       (S.Area)
  CAR:    4.39  Ratio:    0.00       (C.Area)
  CAR:   22.16  Ratio:    0.00       (C.S.Area)

[1]  li1:
  PAR:    0.07  Ratio:    0.00       (Area)
  PAR:    0.08  Ratio:   75.00       (S.Area)
  CAR:    0.07  Ratio:    0.00       (C.Area)
  CAR:    0.08  Ratio:    0.00       (C.S.Area)

[1]  M2M3_PR:
  PAR:    0.19  Ratio:    6.00       (Area)
  CAR:    0.43  Ratio:    0.00       (C.Area)

[1]  M1M2_PR:
  PAR:    0.11  Ratio:    6.00       (Area)
  CAR:    0.24  Ratio:    0.00       (C.Area)

[1]  L1M1_PR:
  PAR:    0.14  Ratio:    3.00       (Area)
  CAR:    0.14  Ratio:    0.00       (C.Area)


Net - sel[1]
  input3  (sky130_fd_sc_hd__dlymetal6s2s_1)  A
[1]  met2:
  PAR:   12.43  Ratio:    0.00       (Area)
  PAR:   62.94  Ratio:  400.00       (S.Area)
  CAR:   15.77  Ratio:    0.00       (C.Area)
  CAR:   79.97  Ratio:    0.00       (C.S.Area)

[1]  met1:
  PAR:    3.22  Ratio:    0.00       (Area)
  PAR:   16.89  Ratio:  400.00       (S.Area)
  CAR:    3.34  Ratio:    0.00       (C.Area)
  CAR:   17.02  Ratio:    0.00       (C.S.Area)

[1]  li1:
  PAR:    0.11  Ratio:    0.00       (Area)
  PAR:    0.13  Ratio:   75.00       (S.Area)
  CAR:    0.11  Ratio:    0.00       (C.Area)
  CAR:    0.13  Ratio:    0.00       (C.S.Area)

[1]  M1M2_PR:
  PAR:    0.18  Ratio:    6.00       (Area)
  CAR:    0.41  Ratio:    0.00       (C.Area)

[1]  L1M1_PR:
  PAR:    0.23  Ratio:    3.00       (Area)
  CAR:    0.23  Ratio:    0.00       (C.Area)


Net - sel[2]
  input4  (sky130_fd_sc_hd__dlymetal6s2s_1)  A
[1]  met3:
  PAR:   14.20  Ratio:    0.00       (Area)
  PAR:   79.51  Ratio:  400.00       (S.Area)
  CAR:   16.41  Ratio:    0.00       (C.Area)
  CAR:   90.87  Ratio:    0.00       (C.S.Area)

[1]  met2:
  PAR:    1.93  Ratio:    0.00       (Area)
  PAR:   10.44  Ratio:  400.00       (S.Area)
  CAR:    2.20  Ratio:    0.00       (C.Area)
  CAR:   11.36  Ratio:    0.00       (C.S.Area)

[1]  met1:
  PAR:    0.16  Ratio:    0.00       (Area)
  PAR:    0.78  Ratio:  400.00       (S.Area)
  CAR:    0.27  Ratio:    0.00       (C.Area)
  CAR:    0.91  Ratio:    0.00       (C.S.Area)

[1]  li1:
  PAR:    0.11  Ratio:    0.00       (Area)
  PAR:    0.13  Ratio:   75.00       (S.Area)
  CAR:    0.11  Ratio:    0.00       (C.Area)
  CAR:    0.13  Ratio:    0.00       (C.S.Area)

[1]  M2M3_PR:
  PAR:    0.32  Ratio:    6.00       (Area)
  CAR:    0.73  Ratio:    0.00       (C.Area)

[1]  M1M2_PR:
  PAR:    0.18  Ratio:    6.00       (Area)
  CAR:    0.41  Ratio:    0.00       (C.Area)

[1]  L1M1_PR:
  PAR:    0.23  Ratio:    3.00       (Area)
  CAR:    0.23  Ratio:    0.00       (C.Area)


Net - _00_
  _22_  (sky130_fd_sc_hd__and4bb_1)  A_N
[1]  met2:
  PAR:    2.06  Ratio:    0.00       (Area)
  PAR:   10.70  Ratio: 2771.60       (S.Area)
  CAR:   14.32  Ratio:    0.00       (C.Area)
  CAR:   73.90  Ratio:    0.00       (C.S.Area)

[1]  met1:
  PAR:    5.78  Ratio:    0.00       (Area)
  PAR:   29.67  Ratio:  400.00       (S.Area)
  CAR:    5.89  Ratio:    0.00       (C.Area)
  CAR:   29.80  Ratio:    0.00       (C.S.Area)

[1]  li1:
  PAR:    0.11  Ratio:    0.00       (Area)
  PAR:    0.13  Ratio:   75.00       (S.Area)
  CAR:    0.11  Ratio:    0.00       (C.Area)
  CAR:    0.13  Ratio:    0.00       (C.S.Area)

[1]  M1M2_PR:
  PAR:    0.18  Ratio:    6.00       (Area)
  CAR:    0.41  Ratio:    0.00       (C.Area)

[1]  L1M1_PR:
  PAR:    0.23  Ratio:    3.00       (Area)
  CAR:    0.23  Ratio:    0.00       (C.Area)

  _18_  (sky130_fd_sc_hd__and4bb_1)  A_N
[1]  met2:
  PAR:    2.06  Ratio:    0.00       (Area)
  PAR:   10.70  Ratio: 2771.60       (S.Area)
  CAR:    8.70  Ratio:    0.00       (C.Area)
  CAR:   45.01  Ratio:    0.00       (C.S.Area)

[1]  met1:
  PAR:    0.16  Ratio:    0.00       (Area)
  PAR:    0.78  Ratio:  400.00       (S.Area)
  CAR:    0.27  Ratio:    0.00       (C.Area)
  CAR:    0.91  Ratio:    0.00       (C.S.Area)

[1]  li1:
  PAR:    0.11  Ratio:    0.00       (Area)
  PAR:    0.13  Ratio:   75.00       (S.Area)
  CAR:    0.11  Ratio:    0.00       (C.Area)
  CAR:    0.13  Ratio:    0.00       (C.S.Area)

[1]  M1M2_PR:
  PAR:    0.18  Ratio:    6.00       (Area)
  CAR:    0.41  Ratio:    0.00       (C.Area)

[1]  L1M1_PR:
  PAR:    0.23  Ratio:    3.00       (Area)
  CAR:    0.23  Ratio:    0.00       (C.Area)

  _28_  (sky130_fd_sc_hd__and4_1)  A
[1]  met2:
  PAR:    2.06  Ratio:    0.00       (Area)
  PAR:   10.70  Ratio: 2771.60       (S.Area)
  CAR:   11.77  Ratio:    0.00       (C.Area)
  CAR:   61.12  Ratio:    0.00       (C.S.Area)

[1]  met1:
  PAR:    3.22  Ratio:    0.00       (Area)
  PAR:   16.89  Ratio:  400.00       (S.Area)
  CAR:    3.34  Ratio:    0.00       (C.Area)
  CAR:   17.02  Ratio:    0.00       (C.S.Area)

[1]  li1:
  PAR:    0.11  Ratio:    0.00       (Area)
  PAR:    0.13  Ratio:   75.00       (S.Area)
  CAR:    0.11  Ratio:    0.00       (C.Area)
  CAR:    0.13  Ratio:    0.00       (C.S.Area)

[1]  M1M2_PR:
  PAR:    0.18  Ratio:    6.00       (Area)
  CAR:    0.41  Ratio:    0.00       (C.Area)

[1]  L1M1_PR:
  PAR:    0.23  Ratio:    3.00       (Area)
  CAR:    0.23  Ratio:    0.00       (C.Area)

  _26_  (sky130_fd_sc_hd__and4b_1)  A_N
[1]  met2:
  PAR:    2.06  Ratio:    0.00       (Area)
  PAR:   10.70  Ratio: 2771.60       (S.Area)
  CAR:    8.55  Ratio:    0.00       (C.Area)
  CAR:   44.23  Ratio:    0.00       (C.S.Area)

[1]  met1:
  PAR:    6.37  Ratio:    0.00       (Area)
  PAR:   33.39  Ratio:  400.00       (S.Area)
  CAR:    6.48  Ratio:    0.00       (C.Area)
  CAR:   33.52  Ratio:    0.00       (C.S.Area)

[1]  li1:
  PAR:    0.11  Ratio:    0.00       (Area)
  PAR:    0.13  Ratio:   75.00       (S.Area)
  CAR:    0.11  Ratio:    0.00       (C.Area)
  CAR:    0.13  Ratio:    0.00       (C.S.Area)

[1]  M1M2_PR:
  PAR:    0.36  Ratio:    6.00       (Area)
  CAR:    0.59  Ratio:    0.00       (C.Area)

[1]  L1M1_PR:
  PAR:    0.23  Ratio:    3.00       (Area)
  CAR:    0.23  Ratio:    0.00       (C.Area)

  _15_  (sky130_fd_sc_hd__nor4b_2)  A
[1]  met2:
  PAR:    2.06  Ratio:    0.00       (Area)
  PAR:   10.70  Ratio: 2771.60       (S.Area)
  CAR:    3.17  Ratio:    0.00       (C.Area)
  CAR:   16.34  Ratio:    0.00       (C.S.Area)

[1]  met1:
  PAR:    1.08  Ratio:    0.00       (Area)
  PAR:    5.60  Ratio:  400.00       (S.Area)
  CAR:    1.11  Ratio:    0.00       (C.Area)
  CAR:    5.63  Ratio:    0.00       (C.S.Area)

[1]  li1:
  PAR:    0.03  Ratio:    0.00       (Area)
  PAR:    0.03  Ratio:   75.00       (S.Area)
  CAR:    0.03  Ratio:    0.00       (C.Area)
  CAR:    0.03  Ratio:    0.00       (C.S.Area)

[1]  M1M2_PR:
  PAR:    0.05  Ratio:    6.00       (Area)
  CAR:    0.10  Ratio:    0.00       (C.Area)

[1]  L1M1_PR:
  PAR:    0.06  Ratio:    3.00       (Area)
  CAR:    0.06  Ratio:    0.00       (C.Area)


Net - _01_
  _18_  (sky130_fd_sc_hd__and4bb_1)  B_N
[1]  met2:
  PAR:    2.16  Ratio:    0.00       (Area)
  PAR:   11.12  Ratio: 2771.60       (S.Area)
  CAR:    6.90  Ratio:    0.00       (C.Area)
  CAR:   35.92  Ratio:    0.00       (C.S.Area)

[1]  met1:
  PAR:    4.62  Ratio:    0.00       (Area)
  PAR:   24.67  Ratio:  400.00       (S.Area)
  CAR:    4.74  Ratio:    0.00       (C.Area)
  CAR:   24.80  Ratio:    0.00       (C.S.Area)

[1]  li1:
  PAR:    0.11  Ratio:    0.00       (Area)
  PAR:    0.13  Ratio:   75.00       (S.Area)
  CAR:    0.11  Ratio:    0.00       (C.Area)
  CAR:    0.13  Ratio:    0.00       (C.S.Area)

[1]  M1M2_PR:
  PAR:    0.18  Ratio:    6.00       (Area)
  CAR:    0.41  Ratio:    0.00       (C.Area)

[1]  L1M1_PR:
  PAR:    0.23  Ratio:    3.00       (Area)
  CAR:    0.23  Ratio:    0.00       (C.Area)

  _28_  (sky130_fd_sc_hd__and4_1)  B
[1]  met2:
  PAR:    2.16  Ratio:    0.00       (Area)
  PAR:   11.12  Ratio: 2771.60       (S.Area)
  CAR:    6.63  Ratio:    0.00       (C.Area)
  CAR:   34.20  Ratio:    0.00       (C.S.Area)

[1]  met1:
  PAR:    4.36  Ratio:    0.00       (Area)
  PAR:   22.94  Ratio:  400.00       (S.Area)
  CAR:    4.47  Ratio:    0.00       (C.Area)
  CAR:   23.08  Ratio:    0.00       (C.S.Area)

[1]  li1:
  PAR:    0.11  Ratio:    0.00       (Area)
  PAR:    0.13  Ratio:   75.00       (S.Area)
  CAR:    0.11  Ratio:    0.00       (C.Area)
  CAR:    0.13  Ratio:    0.00       (C.S.Area)

[1]  M1M2_PR:
  PAR:    0.18  Ratio:    6.00       (Area)
  CAR:    0.41  Ratio:    0.00       (C.Area)

[1]  L1M1_PR:
  PAR:    0.23  Ratio:    3.00       (Area)
  CAR:    0.23  Ratio:    0.00       (C.Area)

  _16_  (sky130_fd_sc_hd__and4bb_1)  A_N
[1]  met2:
  PAR:    2.16  Ratio:    0.00       (Area)
  PAR:   11.12  Ratio: 2771.60       (S.Area)
  CAR:   10.37  Ratio:    0.00       (C.Area)
  CAR:   53.65  Ratio:    0.00       (C.S.Area)

[1]  met1:
  PAR:    3.73  Ratio:    0.00       (Area)
  PAR:   19.44  Ratio:  400.00       (S.Area)
  CAR:    3.85  Ratio:    0.00       (C.Area)
  CAR:   19.58  Ratio:    0.00       (C.S.Area)

[1]  li1:
  PAR:    0.11  Ratio:    0.00       (Area)
  PAR:    0.13  Ratio:   75.00       (S.Area)
  CAR:    0.11  Ratio:    0.00       (C.Area)
  CAR:    0.13  Ratio:    0.00       (C.S.Area)

[1]  M1M2_PR:
  PAR:    0.18  Ratio:    6.00       (Area)
  CAR:    0.41  Ratio:    0.00       (C.Area)

[1]  L1M1_PR:
  PAR:    0.23  Ratio:    3.00       (Area)
  CAR:    0.23  Ratio:    0.00       (C.Area)

  _20_  (sky130_fd_sc_hd__and4b_1)  A_N
[1]  met2:
  PAR:    2.16  Ratio:    0.00       (Area)
  PAR:   11.12  Ratio: 2771.60       (S.Area)
  CAR:    6.63  Ratio:    0.00       (C.Area)
  CAR:   34.20  Ratio:    0.00       (C.S.Area)

[1]  met1:
  PAR:    4.36  Ratio:    0.00       (Area)
  PAR:   22.94  Ratio:  400.00       (S.Area)
  CAR:    4.47  Ratio:    0.00       (C.Area)
  CAR:   23.08  Ratio:    0.00       (C.S.Area)

[1]  li1:
  PAR:    0.11  Ratio:    0.00       (Area)
  PAR:    0.13  Ratio:   75.00       (S.Area)
  CAR:    0.11  Ratio:    0.00       (C.Area)
  CAR:    0.13  Ratio:    0.00       (C.S.Area)

[1]  M1M2_PR:
  PAR:    0.18  Ratio:    6.00       (Area)
  CAR:    0.41  Ratio:    0.00       (C.Area)

[1]  L1M1_PR:
  PAR:    0.23  Ratio:    3.00       (Area)
  CAR:    0.23  Ratio:    0.00       (C.Area)

  _15_  (sky130_fd_sc_hd__nor4b_2)  B
[1]  met2:
  PAR:    2.16  Ratio:    0.00       (Area)
  PAR:   11.12  Ratio: 2771.60       (S.Area)
  CAR:    3.11  Ratio:    0.00       (C.Area)
  CAR:   16.13  Ratio:    0.00       (C.S.Area)

[1]  met1:
  PAR:    0.92  Ratio:    0.00       (Area)
  PAR:    4.98  Ratio:  400.00       (S.Area)
  CAR:    0.95  Ratio:    0.00       (C.Area)
  CAR:    5.01  Ratio:    0.00       (C.S.Area)

[1]  li1:
  PAR:    0.03  Ratio:    0.00       (Area)
  PAR:    0.03  Ratio:   75.00       (S.Area)
  CAR:    0.03  Ratio:    0.00       (C.Area)
  CAR:    0.03  Ratio:    0.00       (C.S.Area)

[1]  M1M2_PR:
  PAR:    0.05  Ratio:    6.00       (Area)
  CAR:    0.10  Ratio:    0.00       (C.Area)

[1]  L1M1_PR:
  PAR:    0.06  Ratio:    3.00       (Area)
  CAR:    0.06  Ratio:    0.00       (C.Area)


Net - _02_
  _22_  (sky130_fd_sc_hd__and4bb_1)  B_N
[1]  met2:
  PAR:    2.14  Ratio:    0.00       (Area)
  PAR:   11.08  Ratio: 2771.60       (S.Area)
  CAR:   11.61  Ratio:    0.00       (C.Area)
  CAR:   58.77  Ratio:    0.00       (C.S.Area)

[1]  met1:
  PAR:    9.36  Ratio:    0.00       (Area)
  PAR:   47.56  Ratio:  400.00       (S.Area)
  CAR:    9.47  Ratio:    0.00       (C.Area)
  CAR:   47.69  Ratio:    0.00       (C.S.Area)

[1]  li1:
  PAR:    0.11  Ratio:    0.00       (Area)
  PAR:    0.13  Ratio:   75.00       (S.Area)
  CAR:    0.11  Ratio:    0.00       (C.Area)
  CAR:    0.13  Ratio:    0.00       (C.S.Area)

[1]  M1M2_PR:
  PAR:    0.18  Ratio:    6.00       (Area)
  CAR:    0.41  Ratio:    0.00       (C.Area)

[1]  L1M1_PR:
  PAR:    0.23  Ratio:    3.00       (Area)
  CAR:    0.23  Ratio:    0.00       (C.Area)

  _18_  (sky130_fd_sc_hd__and4bb_1)  D
[1]  met2:
  PAR:    2.14  Ratio:    0.00       (Area)
  PAR:   11.08  Ratio: 2771.60       (S.Area)
  CAR:    2.92  Ratio:    0.00       (C.Area)
  CAR:   15.33  Ratio:    0.00       (C.S.Area)

[1]  met1:
  PAR:    0.67  Ratio:    0.00       (Area)
  PAR:    4.11  Ratio:  400.00       (S.Area)
  CAR:    0.78  Ratio:    0.00       (C.Area)
  CAR:    4.25  Ratio:    0.00       (C.S.Area)

[1]  li1:
  PAR:    0.11  Ratio:    0.00       (Area)
  PAR:    0.13  Ratio:   75.00       (S.Area)
  CAR:    0.11  Ratio:    0.00       (C.Area)
  CAR:    0.13  Ratio:    0.00       (C.S.Area)

[1]  M1M2_PR:
  PAR:    0.18  Ratio:    6.00       (Area)
  CAR:    0.41  Ratio:    0.00       (C.Area)

[1]  L1M1_PR:
  PAR:    0.23  Ratio:    3.00       (Area)
  CAR:    0.23  Ratio:    0.00       (C.Area)

  _16_  (sky130_fd_sc_hd__and4bb_1)  B_N
[1]  met2:
  PAR:    2.14  Ratio:    0.00       (Area)
  PAR:   11.08  Ratio: 2771.60       (S.Area)
  CAR:    2.92  Ratio:    0.00       (C.Area)
  CAR:   15.33  Ratio:    0.00       (C.S.Area)

[1]  met1:
  PAR:    0.67  Ratio:    0.00       (Area)
  PAR:    4.11  Ratio:  400.00       (S.Area)
  CAR:    0.78  Ratio:    0.00       (C.Area)
  CAR:    4.25  Ratio:    0.00       (C.S.Area)

[1]  li1:
  PAR:    0.11  Ratio:    0.00       (Area)
  PAR:    0.13  Ratio:   75.00       (S.Area)
  CAR:    0.11  Ratio:    0.00       (C.Area)
  CAR:    0.13  Ratio:    0.00       (C.S.Area)

[1]  M1M2_PR:
  PAR:    0.18  Ratio:    6.00       (Area)
  CAR:    0.41  Ratio:    0.00       (C.Area)

[1]  L1M1_PR:
  PAR:    0.23  Ratio:    3.00       (Area)
  CAR:    0.23  Ratio:    0.00       (C.Area)

  _24_  (sky130_fd_sc_hd__and4b_1)  A_N
[1]  met1:
  PAR:    4.24  Ratio:    0.00       (Area)
  PAR:   22.00  Ratio:  400.00       (S.Area)
  CAR:    4.36  Ratio:    0.00       (C.Area)
  CAR:   22.13  Ratio:    0.00       (C.S.Area)

[1]  li1:
  PAR:    0.11  Ratio:    0.00       (Area)
  PAR:    0.13  Ratio:   75.00       (S.Area)
  CAR:    0.11  Ratio:    0.00       (C.Area)
  CAR:    0.13  Ratio:    0.00       (C.S.Area)

[1]  M1M2_PR:
  PAR:    0.18  Ratio:    6.00       (Area)
  CAR:    0.41  Ratio:    0.00       (C.Area)

[1]  L1M1_PR:
  PAR:    0.23  Ratio:    3.00       (Area)
  CAR:    0.23  Ratio:    0.00       (C.Area)

  _15_  (sky130_fd_sc_hd__nor4b_2)  C
[1]  met1:
  PAR:    0.04  Ratio:    0.00       (Area)
  PAR:    0.20  Ratio:  400.00       (S.Area)
  CAR:    0.07  Ratio:    0.00       (C.Area)
  CAR:    0.23  Ratio:    0.00       (C.S.Area)

[1]  li1:
  PAR:    0.03  Ratio:    0.00       (Area)
  PAR:    0.03  Ratio:   75.00       (S.Area)
  CAR:    0.03  Ratio:    0.00       (C.Area)
  CAR:    0.03  Ratio:    0.00       (C.S.Area)

[1]  M1M2_PR:
  PAR:    0.05  Ratio:    6.00       (Area)
  CAR:    0.10  Ratio:    0.00       (C.Area)

[1]  L1M1_PR:
  PAR:    0.06  Ratio:    3.00       (Area)
  CAR:    0.06  Ratio:    0.00       (C.Area)


Net - _03_
  _28_  (sky130_fd_sc_hd__and4_1)  C
[1]  met2:
  PAR:    2.39  Ratio:    0.00       (Area)
  PAR:   12.46  Ratio: 2736.24       (S.Area)
  CAR:    9.19  Ratio:    0.00       (C.Area)
  CAR:   47.62  Ratio:    0.00       (C.S.Area)

[1]  met1:
  PAR:    6.69  Ratio:    0.00       (Area)
  PAR:   35.03  Ratio:  400.00       (S.Area)
  CAR:    6.81  Ratio:    0.00       (C.Area)
  CAR:   35.16  Ratio:    0.00       (C.S.Area)

[1]  li1:
  PAR:    0.11  Ratio:    0.00       (Area)
  PAR:    0.13  Ratio:   75.00       (S.Area)
  CAR:    0.11  Ratio:    0.00       (C.Area)
  CAR:    0.13  Ratio:    0.00       (C.S.Area)

[1]  M1M2_PR:
  PAR:    0.18  Ratio:    6.00       (Area)
  CAR:    0.41  Ratio:    0.00       (C.Area)

[1]  L1M1_PR:
  PAR:    0.23  Ratio:    3.00       (Area)
  CAR:    0.23  Ratio:    0.00       (C.Area)

  _20_  (sky130_fd_sc_hd__and4b_1)  B
[1]  met2:
  PAR:    2.39  Ratio:    0.00       (Area)
  PAR:   12.46  Ratio: 2736.24       (S.Area)
  CAR:    9.19  Ratio:    0.00       (C.Area)
  CAR:   47.62  Ratio:    0.00       (C.S.Area)

[1]  met1:
  PAR:    6.69  Ratio:    0.00       (Area)
  PAR:   35.03  Ratio:  400.00       (S.Area)
  CAR:    6.81  Ratio:    0.00       (C.Area)
  CAR:   35.16  Ratio:    0.00       (C.S.Area)

[1]  li1:
  PAR:    0.11  Ratio:    0.00       (Area)
  PAR:    0.13  Ratio:   75.00       (S.Area)
  CAR:    0.11  Ratio:    0.00       (C.Area)
  CAR:    0.13  Ratio:    0.00       (C.S.Area)

[1]  M1M2_PR:
  PAR:    0.18  Ratio:    6.00       (Area)
  CAR:    0.41  Ratio:    0.00       (C.Area)

[1]  L1M1_PR:
  PAR:    0.23  Ratio:    3.00       (Area)
  CAR:    0.23  Ratio:    0.00       (C.Area)

  _26_  (sky130_fd_sc_hd__and4b_1)  C
[1]  met2:
  PAR:    2.39  Ratio:    0.00       (Area)
  PAR:   12.46  Ratio: 2736.24       (S.Area)
  CAR:   12.42  Ratio:    0.00       (C.Area)
  CAR:   64.51  Ratio:    0.00       (C.S.Area)

[1]  met1:
  PAR:    3.22  Ratio:    0.00       (Area)
  PAR:   16.89  Ratio:  400.00       (S.Area)
  CAR:    3.34  Ratio:    0.00       (C.Area)
  CAR:   17.02  Ratio:    0.00       (C.S.Area)

[1]  li1:
  PAR:    0.11  Ratio:    0.00       (Area)
  PAR:    0.13  Ratio:   75.00       (S.Area)
  CAR:    0.11  Ratio:    0.00       (C.Area)
  CAR:    0.13  Ratio:    0.00       (C.S.Area)

[1]  M1M2_PR:
  PAR:    0.36  Ratio:    6.00       (Area)
  CAR:    0.59  Ratio:    0.00       (C.Area)

[1]  L1M1_PR:
  PAR:    0.23  Ratio:    3.00       (Area)
  CAR:    0.23  Ratio:    0.00       (C.Area)

  _24_  (sky130_fd_sc_hd__and4b_1)  B
[1]  met2:
  PAR:    2.39  Ratio:    0.00       (Area)
  PAR:   12.46  Ratio: 2736.24       (S.Area)
  CAR:   15.64  Ratio:    0.00       (C.Area)
  CAR:   81.40  Ratio:    0.00       (C.S.Area)

[1]  met1:
  PAR:    3.22  Ratio:    0.00       (Area)
  PAR:   16.89  Ratio:  400.00       (S.Area)
  CAR:    3.34  Ratio:    0.00       (C.Area)
  CAR:   17.02  Ratio:    0.00       (C.S.Area)

[1]  li1:
  PAR:    0.11  Ratio:    0.00       (Area)
  PAR:    0.13  Ratio:   75.00       (S.Area)
  CAR:    0.11  Ratio:    0.00       (C.Area)
  CAR:    0.13  Ratio:    0.00       (C.S.Area)

[1]  M1M2_PR:
  PAR:    0.18  Ratio:    6.00       (Area)
  CAR:    0.41  Ratio:    0.00       (C.Area)

[1]  L1M1_PR:
  PAR:    0.23  Ratio:    3.00       (Area)
  CAR:    0.23  Ratio:    0.00       (C.Area)

  _15_  (sky130_fd_sc_hd__nor4b_2)  D_N
[1]  met2:
  PAR:    2.39  Ratio:    0.00       (Area)
  PAR:   12.46  Ratio: 2736.24       (S.Area)
  CAR:   12.57  Ratio:    0.00       (C.Area)
  CAR:   65.29  Ratio:    0.00       (C.S.Area)

[1]  met1:
  PAR:    0.16  Ratio:    0.00       (Area)
  PAR:    0.78  Ratio:  400.00       (S.Area)
  CAR:    0.27  Ratio:    0.00       (C.Area)
  CAR:    0.91  Ratio:    0.00       (C.S.Area)

[1]  li1:
  PAR:    0.11  Ratio:    0.00       (Area)
  PAR:    0.13  Ratio:   75.00       (S.Area)
  CAR:    0.11  Ratio:    0.00       (C.Area)
  CAR:    0.13  Ratio:    0.00       (C.S.Area)

[1]  M1M2_PR:
  PAR:    0.18  Ratio:    6.00       (Area)
  CAR:    0.41  Ratio:    0.00       (C.Area)

[1]  L1M1_PR:
  PAR:    0.23  Ratio:    3.00       (Area)
  CAR:    0.23  Ratio:    0.00       (C.Area)


Net - _04_
  _17_  (sky130_fd_sc_hd__clkbuf_1)  A
[1]  met2:
  PAR:   11.22  Ratio:    0.00       (Area)
  PAR:   56.34  Ratio: 2770.16       (S.Area)
  CAR:   14.67  Ratio:    0.00       (C.Area)
  CAR:   73.81  Ratio:    0.00       (C.S.Area)

[1]  met1:
  PAR:    3.38  Ratio:    0.00       (Area)
  PAR:   17.38  Ratio:  400.00       (S.Area)
  CAR:    3.45  Ratio:    0.00       (C.Area)
  CAR:   17.47  Ratio:    0.00       (C.S.Area)

[1]  li1:
  PAR:    0.07  Ratio:    0.00       (Area)
  PAR:    0.09  Ratio:   75.00       (S.Area)
  CAR:    0.07  Ratio:    0.00       (C.Area)
  CAR:    0.09  Ratio:    0.00       (C.S.Area)

[1]  M1M2_PR:
  PAR:    0.11  Ratio:    6.00       (Area)
  CAR:    0.26  Ratio:    0.00       (C.Area)

[1]  L1M1_PR:
  PAR:    0.15  Ratio:    3.00       (Area)
  CAR:    0.15  Ratio:    0.00       (C.Area)


Net - _05_
  _19_  (sky130_fd_sc_hd__clkbuf_1)  A
[1]  met2:
  PAR:    9.29  Ratio:    0.00       (Area)
  PAR:   46.65  Ratio: 2770.16       (S.Area)
  CAR:    9.46  Ratio:    0.00       (C.Area)
  CAR:   47.23  Ratio:    0.00       (C.S.Area)

[1]  met1:
  PAR:    0.10  Ratio:    0.00       (Area)
  PAR:    0.50  Ratio:  400.00       (S.Area)
  CAR:    0.17  Ratio:    0.00       (C.Area)
  CAR:    0.59  Ratio:    0.00       (C.S.Area)

[1]  li1:
  PAR:    0.07  Ratio:    0.00       (Area)
  PAR:    0.09  Ratio:   75.00       (S.Area)
  CAR:    0.07  Ratio:    0.00       (C.Area)
  CAR:    0.09  Ratio:    0.00       (C.S.Area)

[1]  M1M2_PR:
  PAR:    0.11  Ratio:    6.00       (Area)
  CAR:    0.26  Ratio:    0.00       (C.Area)

[1]  L1M1_PR:
  PAR:    0.15  Ratio:    3.00       (Area)
  CAR:    0.15  Ratio:    0.00       (C.Area)


Net - _06_
  _21_  (sky130_fd_sc_hd__clkbuf_1)  A
[1]  met2:
  PAR:    9.53  Ratio:    0.00       (Area)
  PAR:   47.86  Ratio: 2771.60       (S.Area)
  CAR:    9.70  Ratio:    0.00       (C.Area)
  CAR:   48.44  Ratio:    0.00       (C.S.Area)

[1]  met1:
  PAR:    0.10  Ratio:    0.00       (Area)
  PAR:    0.50  Ratio:  400.00       (S.Area)
  CAR:    0.17  Ratio:    0.00       (C.Area)
  CAR:    0.59  Ratio:    0.00       (C.S.Area)

[1]  li1:
  PAR:    0.07  Ratio:    0.00       (Area)
  PAR:    0.09  Ratio:   75.00       (S.Area)
  CAR:    0.07  Ratio:    0.00       (C.Area)
  CAR:    0.09  Ratio:    0.00       (C.S.Area)

[1]  M1M2_PR:
  PAR:    0.11  Ratio:    6.00       (Area)
  CAR:    0.26  Ratio:    0.00       (C.Area)

[1]  L1M1_PR:
  PAR:    0.15  Ratio:    3.00       (Area)
  CAR:    0.15  Ratio:    0.00       (C.Area)


Net - _07_
  _23_  (sky130_fd_sc_hd__clkbuf_1)  A
[1]  met2:
  PAR:    6.14  Ratio:    0.00       (Area)
  PAR:   30.90  Ratio: 2770.16       (S.Area)
  CAR:    6.31  Ratio:    0.00       (C.Area)
  CAR:   31.49  Ratio:    0.00       (C.S.Area)

[1]  met1:
  PAR:    0.10  Ratio:    0.00       (Area)
  PAR:    0.50  Ratio:  400.00       (S.Area)
  CAR:    0.17  Ratio:    0.00       (C.Area)
  CAR:    0.59  Ratio:    0.00       (C.S.Area)

[1]  li1:
  PAR:    0.07  Ratio:    0.00       (Area)
  PAR:    0.09  Ratio:   75.00       (S.Area)
  CAR:    0.07  Ratio:    0.00       (C.Area)
  CAR:    0.09  Ratio:    0.00       (C.S.Area)

[1]  M1M2_PR:
  PAR:    0.11  Ratio:    6.00       (Area)
  CAR:    0.26  Ratio:    0.00       (C.Area)

[1]  L1M1_PR:
  PAR:    0.15  Ratio:    3.00       (Area)
  CAR:    0.15  Ratio:    0.00       (C.Area)


Net - _08_
  _25_  (sky130_fd_sc_hd__clkbuf_1)  A
[1]  met2:
  PAR:    7.59  Ratio:    0.00       (Area)
  PAR:   38.17  Ratio: 2771.60       (S.Area)
  CAR:    9.40  Ratio:    0.00       (C.Area)
  CAR:   47.45  Ratio:    0.00       (C.S.Area)

[1]  met1:
  PAR:    1.74  Ratio:    0.00       (Area)
  PAR:    9.19  Ratio:  400.00       (S.Area)
  CAR:    1.81  Ratio:    0.00       (C.Area)
  CAR:    9.28  Ratio:    0.00       (C.S.Area)

[1]  li1:
  PAR:    0.07  Ratio:    0.00       (Area)
  PAR:    0.09  Ratio:   75.00       (S.Area)
  CAR:    0.07  Ratio:    0.00       (C.Area)
  CAR:    0.09  Ratio:    0.00       (C.S.Area)

[1]  M1M2_PR:
  PAR:    0.11  Ratio:    6.00       (Area)
  CAR:    0.26  Ratio:    0.00       (C.Area)

[1]  L1M1_PR:
  PAR:    0.15  Ratio:    3.00       (Area)
  CAR:    0.15  Ratio:    0.00       (C.Area)


Net - _09_
  _27_  (sky130_fd_sc_hd__clkbuf_1)  A
[1]  met2:
  PAR:   11.22  Ratio:    0.00       (Area)
  PAR:   56.34  Ratio: 2771.60       (S.Area)
  CAR:   11.40  Ratio:    0.00       (C.Area)
  CAR:   56.92  Ratio:    0.00       (C.S.Area)

[1]  met1:
  PAR:    0.10  Ratio:    0.00       (Area)
  PAR:    0.50  Ratio:  400.00       (S.Area)
  CAR:    0.17  Ratio:    0.00       (C.Area)
  CAR:    0.59  Ratio:    0.00       (C.S.Area)

[1]  li1:
  PAR:    0.07  Ratio:    0.00       (Area)
  PAR:    0.09  Ratio:   75.00       (S.Area)
  CAR:    0.07  Ratio:    0.00       (C.Area)
  CAR:    0.09  Ratio:    0.00       (C.S.Area)

[1]  M1M2_PR:
  PAR:    0.11  Ratio:    6.00       (Area)
  CAR:    0.26  Ratio:    0.00       (C.Area)

[1]  L1M1_PR:
  PAR:    0.15  Ratio:    3.00       (Area)
  CAR:    0.15  Ratio:    0.00       (C.Area)


Net - _10_
  _29_  (sky130_fd_sc_hd__clkbuf_1)  A
[1]  met2:
  PAR:    9.53  Ratio:    0.00       (Area)
  PAR:   47.86  Ratio: 2771.60       (S.Area)
  CAR:    9.70  Ratio:    0.00       (C.Area)
  CAR:   48.44  Ratio:    0.00       (C.S.Area)

[1]  met1:
  PAR:    0.10  Ratio:    0.00       (Area)
  PAR:    0.50  Ratio:  400.00       (S.Area)
  CAR:    0.17  Ratio:    0.00       (C.Area)
  CAR:    0.59  Ratio:    0.00       (C.S.Area)

[1]  li1:
  PAR:    0.07  Ratio:    0.00       (Area)
  PAR:    0.09  Ratio:   75.00       (S.Area)
  CAR:    0.07  Ratio:    0.00       (C.Area)
  CAR:    0.09  Ratio:    0.00       (C.S.Area)

[1]  M1M2_PR:
  PAR:    0.11  Ratio:    6.00       (Area)
  CAR:    0.26  Ratio:    0.00       (C.Area)

[1]  L1M1_PR:
  PAR:    0.15  Ratio:    3.00       (Area)
  CAR:    0.15  Ratio:    0.00       (C.Area)


Net - net1
  _16_  (sky130_fd_sc_hd__and4bb_1)  C
[1]  met2:
  PAR:    5.94  Ratio:    0.00       (Area)
  PAR:   30.02  Ratio: 2771.60       (S.Area)
  CAR:   26.75  Ratio:    0.00       (C.Area)
  CAR:  136.43  Ratio:    0.00       (C.S.Area)

[1]  met1:
  PAR:    0.16  Ratio:    0.00       (Area)
  PAR:    0.78  Ratio:  400.00       (S.Area)
  CAR:    0.27  Ratio:    0.00       (C.Area)
  CAR:    0.91  Ratio:    0.00       (C.S.Area)

[1]  li1:
  PAR:    0.11  Ratio:    0.00       (Area)
  PAR:    0.13  Ratio:   75.00       (S.Area)
  CAR:    0.11  Ratio:    0.00       (C.Area)
  CAR:    0.13  Ratio:    0.00       (C.S.Area)

[1]  M1M2_PR:
  PAR:    0.18  Ratio:    6.00       (Area)
  CAR:    0.41  Ratio:    0.00       (C.Area)

[1]  L1M1_PR:
  PAR:    0.23  Ratio:    3.00       (Area)
  CAR:    0.23  Ratio:    0.00       (C.Area)

  _18_  (sky130_fd_sc_hd__and4bb_1)  C
[1]  met2:
  PAR:    5.94  Ratio:    0.00       (Area)
  PAR:   30.02  Ratio: 2771.60       (S.Area)
  CAR:   26.60  Ratio:    0.00       (C.Area)
  CAR:  135.65  Ratio:    0.00       (C.S.Area)

[1]  met1:
  PAR:    4.03  Ratio:    0.00       (Area)
  PAR:   21.38  Ratio:  400.00       (S.Area)
  CAR:    4.15  Ratio:    0.00       (C.Area)
  CAR:   21.51  Ratio:    0.00       (C.S.Area)

[1]  li1:
  PAR:    0.11  Ratio:    0.00       (Area)
  PAR:    0.13  Ratio:   75.00       (S.Area)
  CAR:    0.11  Ratio:    0.00       (C.Area)
  CAR:    0.13  Ratio:    0.00       (C.S.Area)

[1]  M1M2_PR:
  PAR:    0.14  Ratio:    6.00       (Area)
  CAR:    0.37  Ratio:    0.00       (C.Area)

[1]  L1M1_PR:
  PAR:    0.23  Ratio:    3.00       (Area)
  CAR:    0.23  Ratio:    0.00       (C.Area)

  _14_  (sky130_fd_sc_hd__clkbuf_1)  A
[1]  met2:
  PAR:    5.94  Ratio:    0.00       (Area)
  PAR:   30.02  Ratio: 2771.60       (S.Area)
  CAR:   26.55  Ratio:    0.00       (C.Area)
  CAR:  135.60  Ratio:    0.00       (C.S.Area)

[1]  met1:
  PAR:    4.03  Ratio:    0.00       (Area)
  PAR:   21.38  Ratio:  400.00       (S.Area)
  CAR:    4.11  Ratio:    0.00       (C.Area)
  CAR:   21.47  Ratio:    0.00       (C.S.Area)

[1]  li1:
  PAR:    0.07  Ratio:    0.00       (Area)
  PAR:    0.09  Ratio:   75.00       (S.Area)
  CAR:    0.07  Ratio:    0.00       (C.Area)
  CAR:    0.09  Ratio:    0.00       (C.S.Area)

[1]  M1M2_PR:
  PAR:    0.14  Ratio:    6.00       (Area)
  CAR:    0.29  Ratio:    0.00       (C.Area)

[1]  L1M1_PR:
  PAR:    0.15  Ratio:    3.00       (Area)
  CAR:    0.15  Ratio:    0.00       (C.Area)

  _22_  (sky130_fd_sc_hd__and4bb_1)  C
[1]  met2:
  PAR:    5.94  Ratio:    0.00       (Area)
  PAR:   30.02  Ratio: 2771.60       (S.Area)
  CAR:   22.56  Ratio:    0.00       (C.Area)
  CAR:  114.27  Ratio:    0.00       (C.S.Area)

[1]  met1:
  PAR:   16.51  Ratio:    0.00       (Area)
  PAR:   84.11  Ratio:  400.00       (S.Area)
  CAR:   16.63  Ratio:    0.00       (C.Area)
  CAR:   84.25  Ratio:    0.00       (C.S.Area)

[1]  li1:
  PAR:    0.11  Ratio:    0.00       (Area)
  PAR:    0.13  Ratio:   75.00       (S.Area)
  CAR:    0.11  Ratio:    0.00       (C.Area)
  CAR:    0.13  Ratio:    0.00       (C.S.Area)

[1]  M1M2_PR:
  PAR:    0.36  Ratio:    6.00       (Area)
  CAR:    0.59  Ratio:    0.00       (C.Area)

[1]  L1M1_PR:
  PAR:    0.23  Ratio:    3.00       (Area)
  CAR:    0.23  Ratio:    0.00       (C.Area)


Net - net10
  output10  (sky130_fd_sc_hd__buf_2)  A
[1]  met2:
  PAR:   57.28  Ratio:    0.00       (Area)
  PAR:  286.67  Ratio: 2736.24       (S.Area)
  CAR:   66.00  Ratio:    0.00       (C.Area)
  CAR:  330.53  Ratio:    0.00       (C.S.Area)

[1]  met1:
  PAR:    8.63  Ratio:    0.00       (Area)
  PAR:   43.76  Ratio:  400.00       (S.Area)
  CAR:    8.72  Ratio:    0.00       (C.Area)
  CAR:   43.87  Ratio:    0.00       (C.S.Area)

[1]  li1:
  PAR:    0.09  Ratio:    0.00       (Area)
  PAR:    0.11  Ratio:   75.00       (S.Area)
  CAR:    0.09  Ratio:    0.00       (C.Area)
  CAR:    0.11  Ratio:    0.00       (C.S.Area)

[1]  M1M2_PR:
  PAR:    0.14  Ratio:    6.00       (Area)
  CAR:    0.32  Ratio:    0.00       (C.Area)

[1]  L1M1_PR:
  PAR:    0.18  Ratio:    3.00       (Area)
  CAR:    0.18  Ratio:    0.00       (C.Area)


Net - net11
  output11  (sky130_fd_sc_hd__buf_2)  A
[1]  met2:
  PAR:   15.37  Ratio:    0.00       (Area)
  PAR:   77.11  Ratio: 2736.24       (S.Area)
  CAR:   28.14  Ratio:    0.00       (C.Area)
  CAR:  141.23  Ratio:    0.00       (C.S.Area)

[1]  met1:
  PAR:   12.68  Ratio:    0.00       (Area)
  PAR:   64.01  Ratio:  400.00       (S.Area)
  CAR:   12.77  Ratio:    0.00       (C.Area)
  CAR:   64.12  Ratio:    0.00       (C.S.Area)

[1]  li1:
  PAR:    0.09  Ratio:    0.00       (Area)
  PAR:    0.11  Ratio:   75.00       (S.Area)
  CAR:    0.09  Ratio:    0.00       (C.Area)
  CAR:    0.11  Ratio:    0.00       (C.S.Area)

[1]  M1M2_PR:
  PAR:    0.14  Ratio:    6.00       (Area)
  CAR:    0.32  Ratio:    0.00       (C.Area)

[1]  L1M1_PR:
  PAR:    0.18  Ratio:    3.00       (Area)
  CAR:    0.18  Ratio:    0.00       (C.Area)


Net - net12
  output12  (sky130_fd_sc_hd__buf_2)  A
[1]  met2:
  PAR:   57.28  Ratio:    0.00       (Area)
  PAR:  286.67  Ratio: 2736.24       (S.Area)
  CAR:   62.35  Ratio:    0.00       (C.Area)
  CAR:  312.31  Ratio:    0.00       (C.S.Area)

[1]  met1:
  PAR:    4.98  Ratio:    0.00       (Area)
  PAR:   25.53  Ratio:  400.00       (S.Area)
  CAR:    5.07  Ratio:    0.00       (C.Area)
  CAR:   25.64  Ratio:    0.00       (C.S.Area)

[1]  li1:
  PAR:    0.09  Ratio:    0.00       (Area)
  PAR:    0.11  Ratio:   75.00       (S.Area)
  CAR:    0.09  Ratio:    0.00       (C.Area)
  CAR:    0.11  Ratio:    0.00       (C.S.Area)

[1]  M1M2_PR:
  PAR:    0.14  Ratio:    6.00       (Area)
  CAR:    0.32  Ratio:    0.00       (C.Area)

[1]  L1M1_PR:
  PAR:    0.18  Ratio:    3.00       (Area)
  CAR:    0.18  Ratio:    0.00       (C.Area)


Net - net2
  _16_  (sky130_fd_sc_hd__and4bb_1)  D
[1]  met2:
  PAR:   23.53  Ratio:    0.00       (Area)
  PAR:  118.13  Ratio: 2753.36       (S.Area)
  CAR:   23.80  Ratio:    0.00       (C.Area)
  CAR:  119.04  Ratio:    0.00       (C.S.Area)

[1]  met1:
  PAR:    0.16  Ratio:    0.00       (Area)
  PAR:    0.78  Ratio:  400.00       (S.Area)
  CAR:    0.27  Ratio:    0.00       (C.Area)
  CAR:    0.91  Ratio:    0.00       (C.S.Area)

[1]  li1:
  PAR:    0.11  Ratio:    0.00       (Area)
  PAR:    0.13  Ratio:   75.00       (S.Area)
  CAR:    0.11  Ratio:    0.00       (C.Area)
  CAR:    0.13  Ratio:    0.00       (C.S.Area)

[1]  M1M2_PR:
  PAR:    0.18  Ratio:    6.00       (Area)
  CAR:    0.41  Ratio:    0.00       (C.Area)

[1]  L1M1_PR:
  PAR:    0.23  Ratio:    3.00       (Area)
  CAR:    0.23  Ratio:    0.00       (C.Area)

  _11_  (sky130_fd_sc_hd__dlymetal6s2s_1)  A
[1]  met2:
  PAR:   23.53  Ratio:    0.00       (Area)
  PAR:  118.13  Ratio: 2753.36       (S.Area)
  CAR:   35.45  Ratio:    0.00       (C.Area)
  CAR:  179.25  Ratio:    0.00       (C.S.Area)

[1]  met1:
  PAR:   11.81  Ratio:    0.00       (Area)
  PAR:   60.99  Ratio:  400.00       (S.Area)
  CAR:   11.92  Ratio:    0.00       (C.Area)
  CAR:   61.12  Ratio:    0.00       (C.S.Area)

[1]  li1:
  PAR:    0.11  Ratio:    0.00       (Area)
  PAR:    0.13  Ratio:   75.00       (S.Area)
  CAR:    0.11  Ratio:    0.00       (C.Area)
  CAR:    0.13  Ratio:    0.00       (C.S.Area)

[1]  M1M2_PR:
  PAR:    0.18  Ratio:    6.00       (Area)
  CAR:    0.41  Ratio:    0.00       (C.Area)

[1]  L1M1_PR:
  PAR:    0.23  Ratio:    3.00       (Area)
  CAR:    0.23  Ratio:    0.00       (C.Area)

  _20_  (sky130_fd_sc_hd__and4b_1)  D
[1]  met2:
  PAR:   23.53  Ratio:    0.00       (Area)
  PAR:  118.13  Ratio: 2753.36       (S.Area)
  CAR:   44.16  Ratio:    0.00       (C.Area)
  CAR:  223.56  Ratio:    0.00       (C.S.Area)

[1]  met1:
  PAR:    8.71  Ratio:    0.00       (Area)
  PAR:   44.31  Ratio:  400.00       (S.Area)
  CAR:    8.82  Ratio:    0.00       (C.Area)
  CAR:   44.44  Ratio:    0.00       (C.S.Area)

[1]  li1:
  PAR:    0.11  Ratio:    0.00       (Area)
  PAR:    0.13  Ratio:   75.00       (S.Area)
  CAR:    0.11  Ratio:    0.00       (C.Area)
  CAR:    0.13  Ratio:    0.00       (C.S.Area)

[1]  M1M2_PR:
  PAR:    0.18  Ratio:    6.00       (Area)
  CAR:    0.41  Ratio:    0.00       (C.Area)

[1]  L1M1_PR:
  PAR:    0.23  Ratio:    3.00       (Area)
  CAR:    0.23  Ratio:    0.00       (C.Area)

  _24_  (sky130_fd_sc_hd__and4b_1)  D
[1]  met2:
  PAR:   23.53  Ratio:    0.00       (Area)
  PAR:  118.13  Ratio: 2753.36       (S.Area)
  CAR:   35.45  Ratio:    0.00       (C.Area)
  CAR:  179.25  Ratio:    0.00       (C.S.Area)

[1]  met1:
  PAR:   11.81  Ratio:    0.00       (Area)
  PAR:   60.99  Ratio:  400.00       (S.Area)
  CAR:   11.92  Ratio:    0.00       (C.Area)
  CAR:   61.12  Ratio:    0.00       (C.S.Area)

[1]  li1:
  PAR:    0.11  Ratio:    0.00       (Area)
  PAR:    0.13  Ratio:   75.00       (S.Area)
  CAR:    0.11  Ratio:    0.00       (C.Area)
  CAR:    0.13  Ratio:    0.00       (C.S.Area)

[1]  M1M2_PR:
  PAR:    0.18  Ratio:    6.00       (Area)
  CAR:    0.41  Ratio:    0.00       (C.Area)

[1]  L1M1_PR:
  PAR:    0.23  Ratio:    3.00       (Area)
  CAR:    0.23  Ratio:    0.00       (C.Area)


Net - net3
  _28_  (sky130_fd_sc_hd__and4_1)  D
[1]  met2:
  PAR:   18.36  Ratio:    0.00       (Area)
  PAR:   92.00  Ratio: 2771.60       (S.Area)
  CAR:   24.17  Ratio:    0.00       (C.Area)
  CAR:  121.42  Ratio:    0.00       (C.S.Area)

[1]  met1:
  PAR:    5.70  Ratio:    0.00       (Area)
  PAR:   29.28  Ratio:  400.00       (S.Area)
  CAR:    5.81  Ratio:    0.00       (C.Area)
  CAR:   29.41  Ratio:    0.00       (C.S.Area)

[1]  li1:
  PAR:    0.11  Ratio:    0.00       (Area)
  PAR:    0.13  Ratio:   75.00       (S.Area)
  CAR:    0.11  Ratio:    0.00       (C.Area)
  CAR:    0.13  Ratio:    0.00       (C.S.Area)

[1]  M1M2_PR:
  PAR:    0.18  Ratio:    6.00       (Area)
  CAR:    0.41  Ratio:    0.00       (C.Area)

[1]  L1M1_PR:
  PAR:    0.23  Ratio:    3.00       (Area)
  CAR:    0.23  Ratio:    0.00       (C.Area)

  _13_  (sky130_fd_sc_hd__dlymetal6s2s_1)  A
[1]  met2:
  PAR:   18.36  Ratio:    0.00       (Area)
  PAR:   92.00  Ratio: 2771.60       (S.Area)
  CAR:   29.66  Ratio:    0.00       (C.Area)
  CAR:  150.01  Ratio:    0.00       (C.S.Area)

[1]  met1:
  PAR:    5.49  Ratio:    0.00       (Area)
  PAR:   28.60  Ratio:  400.00       (S.Area)
  CAR:    5.60  Ratio:    0.00       (C.Area)
  CAR:   28.73  Ratio:    0.00       (C.S.Area)

[1]  li1:
  PAR:    0.11  Ratio:    0.00       (Area)
  PAR:    0.13  Ratio:   75.00       (S.Area)
  CAR:    0.11  Ratio:    0.00       (C.Area)
  CAR:    0.13  Ratio:    0.00       (C.S.Area)

[1]  M1M2_PR:
  PAR:    0.09  Ratio:    6.00       (Area)
  CAR:    0.32  Ratio:    0.00       (C.Area)

[1]  L1M1_PR:
  PAR:    0.23  Ratio:    3.00       (Area)
  CAR:    0.23  Ratio:    0.00       (C.Area)

  _26_  (sky130_fd_sc_hd__and4b_1)  D
[1]  met2:
  PAR:   18.36  Ratio:    0.00       (Area)
  PAR:   92.00  Ratio: 2771.60       (S.Area)
  CAR:   29.66  Ratio:    0.00       (C.Area)
  CAR:  150.01  Ratio:    0.00       (C.S.Area)

[1]  met1:
  PAR:    5.49  Ratio:    0.00       (Area)
  PAR:   28.60  Ratio:  400.00       (S.Area)
  CAR:    5.60  Ratio:    0.00       (C.Area)
  CAR:   28.73  Ratio:    0.00       (C.S.Area)

[1]  li1:
  PAR:    0.11  Ratio:    0.00       (Area)
  PAR:    0.13  Ratio:   75.00       (S.Area)
  CAR:    0.11  Ratio:    0.00       (C.Area)
  CAR:    0.13  Ratio:    0.00       (C.S.Area)

[1]  M1M2_PR:
  PAR:    0.09  Ratio:    6.00       (Area)
  CAR:    0.32  Ratio:    0.00       (C.Area)

[1]  L1M1_PR:
  PAR:    0.23  Ratio:    3.00       (Area)
  CAR:    0.23  Ratio:    0.00       (C.Area)

  _20_  (sky130_fd_sc_hd__and4b_1)  C
[1]  met2:
  PAR:   18.36  Ratio:    0.00       (Area)
  PAR:   92.00  Ratio: 2771.60       (S.Area)
  CAR:   24.17  Ratio:    0.00       (C.Area)
  CAR:  121.42  Ratio:    0.00       (C.S.Area)

[1]  met1:
  PAR:    5.70  Ratio:    0.00       (Area)
  PAR:   29.28  Ratio:  400.00       (S.Area)
  CAR:    5.81  Ratio:    0.00       (C.Area)
  CAR:   29.41  Ratio:    0.00       (C.S.Area)

[1]  li1:
  PAR:    0.11  Ratio:    0.00       (Area)
  PAR:    0.13  Ratio:   75.00       (S.Area)
  CAR:    0.11  Ratio:    0.00       (C.Area)
  CAR:    0.13  Ratio:    0.00       (C.S.Area)

[1]  M1M2_PR:
  PAR:    0.18  Ratio:    6.00       (Area)
  CAR:    0.41  Ratio:    0.00       (C.Area)

[1]  L1M1_PR:
  PAR:    0.23  Ratio:    3.00       (Area)
  CAR:    0.23  Ratio:    0.00       (C.Area)


Net - net4
  _22_  (sky130_fd_sc_hd__and4bb_1)  D
[1]  met2:
  PAR:    6.89  Ratio:    0.00       (Area)
  PAR:   34.97  Ratio: 2771.60       (S.Area)
  CAR:    7.16  Ratio:    0.00       (C.Area)
  CAR:   35.88  Ratio:    0.00       (C.S.Area)

[1]  met1:
  PAR:    0.16  Ratio:    0.00       (Area)
  PAR:    0.78  Ratio:  400.00       (S.Area)
  CAR:    0.27  Ratio:    0.00       (C.Area)
  CAR:    0.91  Ratio:    0.00       (C.S.Area)

[1]  li1:
  PAR:    0.11  Ratio:    0.00       (Area)
  PAR:    0.13  Ratio:   75.00       (S.Area)
  CAR:    0.11  Ratio:    0.00       (C.Area)
  CAR:    0.13  Ratio:    0.00       (C.S.Area)

[1]  M1M2_PR:
  PAR:    0.18  Ratio:    6.00       (Area)
  CAR:    0.41  Ratio:    0.00       (C.Area)

[1]  L1M1_PR:
  PAR:    0.23  Ratio:    3.00       (Area)
  CAR:    0.23  Ratio:    0.00       (C.Area)

  _26_  (sky130_fd_sc_hd__and4b_1)  B
[1]  met2:
  PAR:    6.89  Ratio:    0.00       (Area)
  PAR:   34.97  Ratio: 2771.60       (S.Area)
  CAR:    8.34  Ratio:    0.00       (C.Area)
  CAR:   43.33  Ratio:    0.00       (C.S.Area)

[1]  met1:
  PAR:    0.16  Ratio:    0.00       (Area)
  PAR:    0.78  Ratio:  400.00       (S.Area)
  CAR:    0.27  Ratio:    0.00       (C.Area)
  CAR:    0.91  Ratio:    0.00       (C.S.Area)

[1]  li1:
  PAR:    0.11  Ratio:    0.00       (Area)
  PAR:    0.13  Ratio:   75.00       (S.Area)
  CAR:    0.11  Ratio:    0.00       (C.Area)
  CAR:    0.13  Ratio:    0.00       (C.S.Area)

[1]  M1M2_PR:
  PAR:    0.18  Ratio:    6.00       (Area)
  CAR:    0.41  Ratio:    0.00       (C.Area)

[1]  L1M1_PR:
  PAR:    0.23  Ratio:    3.00       (Area)
  CAR:    0.23  Ratio:    0.00       (C.Area)

  _24_  (sky130_fd_sc_hd__and4b_1)  C
[1]  met2:
  PAR:    6.89  Ratio:    0.00       (Area)
  PAR:   34.97  Ratio: 2771.60       (S.Area)
  CAR:   15.49  Ratio:    0.00       (C.Area)
  CAR:   79.88  Ratio:    0.00       (C.S.Area)

[1]  met1:
  PAR:    7.31  Ratio:    0.00       (Area)
  PAR:   37.33  Ratio:  400.00       (S.Area)
  CAR:    7.43  Ratio:    0.00       (C.Area)
  CAR:   37.47  Ratio:    0.00       (C.S.Area)

[1]  li1:
  PAR:    0.11  Ratio:    0.00       (Area)
  PAR:    0.13  Ratio:   75.00       (S.Area)
  CAR:    0.11  Ratio:    0.00       (C.Area)
  CAR:    0.13  Ratio:    0.00       (C.S.Area)

[1]  M1M2_PR:
  PAR:    0.18  Ratio:    6.00       (Area)
  CAR:    0.41  Ratio:    0.00       (C.Area)

[1]  L1M1_PR:
  PAR:    0.23  Ratio:    3.00       (Area)
  CAR:    0.23  Ratio:    0.00       (C.Area)

  _12_  (sky130_fd_sc_hd__dlymetal6s2s_1)  A
[1]  met2:
  PAR:    6.89  Ratio:    0.00       (Area)
  PAR:   34.97  Ratio: 2771.60       (S.Area)
  CAR:    8.18  Ratio:    0.00       (C.Area)
  CAR:   42.55  Ratio:    0.00       (C.S.Area)

[1]  met1:
  PAR:    1.18  Ratio:    0.00       (Area)
  PAR:    7.44  Ratio:  400.00       (S.Area)
  CAR:    1.29  Ratio:    0.00       (C.Area)
  CAR:    7.58  Ratio:    0.00       (C.S.Area)

[1]  li1:
  PAR:    0.11  Ratio:    0.00       (Area)
  PAR:    0.13  Ratio:   75.00       (S.Area)
  CAR:    0.11  Ratio:    0.00       (C.Area)
  CAR:    0.13  Ratio:    0.00       (C.S.Area)

[1]  M1M2_PR:
  PAR:    0.36  Ratio:    6.00       (Area)
  CAR:    0.59  Ratio:    0.00       (C.Area)

[1]  L1M1_PR:
  PAR:    0.23  Ratio:    3.00       (Area)
  CAR:    0.23  Ratio:    0.00       (C.Area)


Net - net5
  output5  (sky130_fd_sc_hd__buf_2)  A
[1]  met2:
  PAR:   66.26  Ratio:    0.00       (Area)
  PAR:  331.57  Ratio: 2988.80       (S.Area)
  CAR:  134.01  Ratio:    0.00       (C.Area)
  CAR:  671.82  Ratio:    0.00       (C.S.Area)

[1]  met1:
  PAR:   67.66  Ratio:    0.00       (Area)
  PAR:  340.14  Ratio:  400.00       (S.Area)
  CAR:   67.75  Ratio:    0.00       (C.Area)
  CAR:  340.25  Ratio:    0.00       (C.S.Area)

[1]  li1:
  PAR:    0.09  Ratio:    0.00       (Area)
  PAR:    0.11  Ratio:   75.00       (S.Area)
  CAR:    0.09  Ratio:    0.00       (C.Area)
  CAR:    0.11  Ratio:    0.00       (C.S.Area)

[1]  M1M2_PR:
  PAR:    0.14  Ratio:    6.00       (Area)
  CAR:    0.32  Ratio:    0.00       (C.Area)

[1]  L1M1_PR:
  PAR:    0.18  Ratio:    3.00       (Area)
  CAR:    0.18  Ratio:    0.00       (C.Area)


Net - net6
  output6  (sky130_fd_sc_hd__buf_2)  A
[1]  met2:
  PAR:   13.27  Ratio:    0.00       (Area)
  PAR:   66.63  Ratio: 2736.24       (S.Area)
  CAR:   66.55  Ratio:    0.00       (C.Area)
  CAR:  333.26  Ratio:    0.00       (C.S.Area)

[1]  met1:
  PAR:   53.18  Ratio:    0.00       (Area)
  PAR:  266.53  Ratio:  400.00       (S.Area)
  CAR:   53.27  Ratio:    0.00       (C.Area)
  CAR:  266.64  Ratio:    0.00       (C.S.Area)

[1]  li1:
  PAR:    0.09  Ratio:    0.00       (Area)
  PAR:    0.11  Ratio:   75.00       (S.Area)
  CAR:    0.09  Ratio:    0.00       (C.Area)
  CAR:    0.11  Ratio:    0.00       (C.S.Area)

[1]  M1M2_PR:
  PAR:    0.14  Ratio:    6.00       (Area)
  CAR:    0.32  Ratio:    0.00       (C.Area)

[1]  L1M1_PR:
  PAR:    0.18  Ratio:    3.00       (Area)
  CAR:    0.18  Ratio:    0.00       (C.Area)


Net - net7
  output7  (sky130_fd_sc_hd__buf_2)  A
[1]  met2:
  PAR:   54.88  Ratio:    0.00       (Area)
  PAR:  274.69  Ratio: 2736.24       (S.Area)
  CAR:   55.10  Ratio:    0.00       (C.Area)
  CAR:  275.42  Ratio:    0.00       (C.S.Area)

[1]  met1:
  PAR:    0.12  Ratio:    0.00       (Area)
  PAR:    0.62  Ratio:  400.00       (S.Area)
  CAR:    0.21  Ratio:    0.00       (C.Area)
  CAR:    0.72  Ratio:    0.00       (C.S.Area)

[1]  li1:
  PAR:    0.09  Ratio:    0.00       (Area)
  PAR:    0.11  Ratio:   75.00       (S.Area)
  CAR:    0.09  Ratio:    0.00       (C.Area)
  CAR:    0.11  Ratio:    0.00       (C.S.Area)

[1]  M1M2_PR:
  PAR:    0.14  Ratio:    6.00       (Area)
  CAR:    0.32  Ratio:    0.00       (C.Area)

[1]  L1M1_PR:
  PAR:    0.18  Ratio:    3.00       (Area)
  CAR:    0.18  Ratio:    0.00       (C.Area)


Net - net8
  output8  (sky130_fd_sc_hd__buf_2)  A
[1]  met2:
  PAR:   57.28  Ratio:    0.00       (Area)
  PAR:  286.67  Ratio: 2736.24       (S.Area)
  CAR:   68.02  Ratio:    0.00       (C.Area)
  CAR:  340.66  Ratio:    0.00       (C.S.Area)

[1]  met1:
  PAR:   10.65  Ratio:    0.00       (Area)
  PAR:   53.89  Ratio:  400.00       (S.Area)
  CAR:   10.74  Ratio:    0.00       (C.Area)
  CAR:   53.99  Ratio:    0.00       (C.S.Area)

[1]  li1:
  PAR:    0.09  Ratio:    0.00       (Area)
  PAR:    0.11  Ratio:   75.00       (S.Area)
  CAR:    0.09  Ratio:    0.00       (C.Area)
  CAR:    0.11  Ratio:    0.00       (C.S.Area)

[1]  M1M2_PR:
  PAR:    0.14  Ratio:    6.00       (Area)
  CAR:    0.32  Ratio:    0.00       (C.Area)

[1]  L1M1_PR:
  PAR:    0.18  Ratio:    3.00       (Area)
  CAR:    0.18  Ratio:    0.00       (C.Area)


Net - net9
  output9  (sky130_fd_sc_hd__buf_2)  A
[1]  met2:
  PAR:   54.59  Ratio:    0.00       (Area)
  PAR:  273.19  Ratio: 2736.24       (S.Area)
  CAR:  110.99  Ratio:    0.00       (C.Area)
  CAR:  556.74  Ratio:    0.00       (C.S.Area)

[1]  met1:
  PAR:   56.32  Ratio:    0.00       (Area)
  PAR:  283.43  Ratio:  400.00       (S.Area)
  CAR:   56.41  Ratio:    0.00       (C.Area)
  CAR:  283.54  Ratio:    0.00       (C.S.Area)

[1]  li1:
  PAR:    0.09  Ratio:    0.00       (Area)
  PAR:    0.11  Ratio:   75.00       (S.Area)
  CAR:    0.09  Ratio:    0.00       (C.Area)
  CAR:    0.11  Ratio:    0.00       (C.S.Area)

[1]  M1M2_PR:
  PAR:    0.14  Ratio:    6.00       (Area)
  CAR:    0.32  Ratio:    0.00       (C.Area)

[1]  L1M1_PR:
  PAR:    0.18  Ratio:    3.00       (Area)
  CAR:    0.18  Ratio:    0.00       (C.Area)

Number of pins violated: 0
Number of nets violated: 0
Total number of unspecial nets: 35
