
===========================================================================
report_checks -path_delay max (Setup)
============================================================================

======================= Slowest Corner ===================================

Startpoint: enable (input port clocked by __VIRTUAL_CLK__)
Endpoint: out (output port clocked by __VIRTUAL_CLK__)
Path Group: __VIRTUAL_CLK__
Path Type: max
Corner: ss

Fanout     Cap    Slew   Delay    Time   Description
-----------------------------------------------------------------------------
                  0.00    0.00    0.00   clock __VIRTUAL_CLK__ (rise edge)
                          0.00    0.00   clock network delay (ideal)
                          2.00    2.00 ^ input external delay
                  0.04    0.02    2.02 ^ enable (in)
     1    0.00                           enable (net)
                  0.04    0.00    2.02 ^ input1/A (sky130_fd_sc_hd__clkbuf_1)
                  0.14    0.19    2.21 ^ input1/X (sky130_fd_sc_hd__clkbuf_1)
     1    0.01                           net1 (net)
                  0.14    0.00    2.21 ^ _1_/A (sky130_fd_sc_hd__inv_2)
                  0.06    0.11    2.32 v _1_/Y (sky130_fd_sc_hd__inv_2)
     1    0.01                           _0_ (net)
                  0.06    0.00    2.32 v _2_/TE_B (sky130_fd_sc_hd__ebufn_8)
                  0.14    0.34    2.66 v _2_/Z (sky130_fd_sc_hd__ebufn_8)
     1    0.04                           out (net)
                  0.14    0.00    2.67 v out (out)
                                  2.67   data arrival time

                  0.00   10.00   10.00   clock __VIRTUAL_CLK__ (rise edge)
                          0.00   10.00   clock network delay (ideal)
                         -0.25    9.75   clock uncertainty
                          0.00    9.75   clock reconvergence pessimism
                         -2.00    7.75   output external delay
                                  7.75   data required time
-----------------------------------------------------------------------------
                                  7.75   data required time
                                 -2.67   data arrival time
-----------------------------------------------------------------------------
                                  5.08   slack (MET)



======================= Typical Corner ===================================

Startpoint: in (input port clocked by __VIRTUAL_CLK__)
Endpoint: out (output port clocked by __VIRTUAL_CLK__)
Path Group: __VIRTUAL_CLK__
Path Type: max
Corner: tt

Fanout     Cap    Slew   Delay    Time   Description
-----------------------------------------------------------------------------
                  0.00    0.00    0.00   clock __VIRTUAL_CLK__ (rise edge)
                          0.00    0.00   clock network delay (ideal)
                          2.00    2.00 ^ input external delay
                  0.02    0.01    2.01 ^ in (in)
     1    0.00                           in (net)
                  0.02    0.00    2.01 ^ input2/A (sky130_fd_sc_hd__clkbuf_1)
                  0.10    0.12    2.13 ^ input2/X (sky130_fd_sc_hd__clkbuf_1)
     1    0.01                           net2 (net)
                  0.10    0.00    2.13 ^ _2_/A (sky130_fd_sc_hd__ebufn_8)
                  0.19    0.25    2.38 ^ _2_/Z (sky130_fd_sc_hd__ebufn_8)
     1    0.04                           out (net)
                  0.19    0.00    2.38 ^ out (out)
                                  2.38   data arrival time

                  0.00   10.00   10.00   clock __VIRTUAL_CLK__ (rise edge)
                          0.00   10.00   clock network delay (ideal)
                         -0.25    9.75   clock uncertainty
                          0.00    9.75   clock reconvergence pessimism
                         -2.00    7.75   output external delay
                                  7.75   data required time
-----------------------------------------------------------------------------
                                  7.75   data required time
                                 -2.38   data arrival time
-----------------------------------------------------------------------------
                                  5.37   slack (MET)



======================= Fastest Corner ===================================

Startpoint: in (input port clocked by __VIRTUAL_CLK__)
Endpoint: out (output port clocked by __VIRTUAL_CLK__)
Path Group: __VIRTUAL_CLK__
Path Type: max
Corner: ff

Fanout     Cap    Slew   Delay    Time   Description
-----------------------------------------------------------------------------
                  0.00    0.00    0.00   clock __VIRTUAL_CLK__ (rise edge)
                          0.00    0.00   clock network delay (ideal)
                          2.00    2.00 ^ input external delay
                  0.01    0.01    2.01 ^ in (in)
     1    0.00                           in (net)
                  0.01    0.00    2.01 ^ input2/A (sky130_fd_sc_hd__clkbuf_1)
                  0.07    0.08    2.09 ^ input2/X (sky130_fd_sc_hd__clkbuf_1)
     1    0.01                           net2 (net)
                  0.07    0.00    2.09 ^ _2_/A (sky130_fd_sc_hd__ebufn_8)
                  0.14    0.17    2.26 ^ _2_/Z (sky130_fd_sc_hd__ebufn_8)
     1    0.04                           out (net)
                  0.14    0.00    2.26 ^ out (out)
                                  2.26   data arrival time

                  0.00   10.00   10.00   clock __VIRTUAL_CLK__ (rise edge)
                          0.00   10.00   clock network delay (ideal)
                         -0.25    9.75   clock uncertainty
                          0.00    9.75   clock reconvergence pessimism
                         -2.00    7.75   output external delay
                                  7.75   data required time
-----------------------------------------------------------------------------
                                  7.75   data required time
                                 -2.26   data arrival time
-----------------------------------------------------------------------------
                                  5.49   slack (MET)


