
===========================================================================
report_checks -path_delay min (Hold)
============================================================================

======================= Slowest Corner ===================================

Startpoint: enable (input port clocked by __VIRTUAL_CLK__)
Endpoint: out (output port clocked by __VIRTUAL_CLK__)
Path Group: __VIRTUAL_CLK__
Path Type: min
Corner: ss

Fanout     Cap    Slew   Delay    Time   Description
-----------------------------------------------------------------------------
                  0.00    0.00    0.00   clock __VIRTUAL_CLK__ (rise edge)
                          0.00    0.00   clock network delay (ideal)
                          2.00    2.00 v input external delay
                  0.02    0.01    2.01 v enable (in)
     1    0.00                           enable (net)
                  0.02    0.00    2.01 v input1/A (sky130_fd_sc_hd__clkbuf_1)
                  0.08    0.16    2.17 v input1/X (sky130_fd_sc_hd__clkbuf_1)
     1    0.01                           net1 (net)
                  0.08    0.00    2.17 v _1_/A (sky130_fd_sc_hd__inv_2)
                  0.10    0.12    2.28 ^ _1_/Y (sky130_fd_sc_hd__inv_2)
     1    0.01                           _0_ (net)
                  0.10    0.00    2.28 ^ _2_/TE_B (sky130_fd_sc_hd__ebufn_8)
                  0.00    0.08    2.36 v _2_/Z (sky130_fd_sc_hd__ebufn_8)
     1    0.04                           out (net)
                  0.00    0.00    2.36 v out (out)
                                  2.36   data arrival time

                  0.00    0.00    0.00   clock __VIRTUAL_CLK__ (rise edge)
                          0.00    0.00   clock network delay (ideal)
                          0.25    0.25   clock uncertainty
                          0.00    0.25   clock reconvergence pessimism
                         -2.00   -1.75   output external delay
                                 -1.75   data required time
-----------------------------------------------------------------------------
                                 -1.75   data required time
                                 -2.36   data arrival time
-----------------------------------------------------------------------------
                                  4.11   slack (MET)



======================= Typical Corner ===================================

Startpoint: enable (input port clocked by __VIRTUAL_CLK__)
Endpoint: out (output port clocked by __VIRTUAL_CLK__)
Path Group: __VIRTUAL_CLK__
Path Type: min
Corner: tt

Fanout     Cap    Slew   Delay    Time   Description
-----------------------------------------------------------------------------
                  0.00    0.00    0.00   clock __VIRTUAL_CLK__ (rise edge)
                          0.00    0.00   clock network delay (ideal)
                          2.00    2.00 v input external delay
                  0.01    0.00    2.00 v enable (in)
     1    0.00                           enable (net)
                  0.01    0.00    2.00 v input1/A (sky130_fd_sc_hd__clkbuf_1)
                  0.04    0.08    2.09 v input1/X (sky130_fd_sc_hd__clkbuf_1)
     1    0.01                           net1 (net)
                  0.04    0.00    2.09 v _1_/A (sky130_fd_sc_hd__inv_2)
                  0.06    0.07    2.15 ^ _1_/Y (sky130_fd_sc_hd__inv_2)
     1    0.01                           _0_ (net)
                  0.06    0.00    2.15 ^ _2_/TE_B (sky130_fd_sc_hd__ebufn_8)
                  0.00    0.05    2.20 v _2_/Z (sky130_fd_sc_hd__ebufn_8)
     1    0.04                           out (net)
                  0.00    0.00    2.21 v out (out)
                                  2.21   data arrival time

                  0.00    0.00    0.00   clock __VIRTUAL_CLK__ (rise edge)
                          0.00    0.00   clock network delay (ideal)
                          0.25    0.25   clock uncertainty
                          0.00    0.25   clock reconvergence pessimism
                         -2.00   -1.75   output external delay
                                 -1.75   data required time
-----------------------------------------------------------------------------
                                 -1.75   data required time
                                 -2.21   data arrival time
-----------------------------------------------------------------------------
                                  3.96   slack (MET)



======================= Fastest Corner ===================================

Startpoint: enable (input port clocked by __VIRTUAL_CLK__)
Endpoint: out (output port clocked by __VIRTUAL_CLK__)
Path Group: __VIRTUAL_CLK__
Path Type: min
Corner: ff

Fanout     Cap    Slew   Delay    Time   Description
-----------------------------------------------------------------------------
                  0.00    0.00    0.00   clock __VIRTUAL_CLK__ (rise edge)
                          0.00    0.00   clock network delay (ideal)
                          2.00    2.00 v input external delay
                  0.01    0.00    2.00 v enable (in)
     1    0.00                           enable (net)
                  0.01    0.00    2.00 v input1/A (sky130_fd_sc_hd__clkbuf_1)
                  0.03    0.05    2.06 v input1/X (sky130_fd_sc_hd__clkbuf_1)
     1    0.01                           net1 (net)
                  0.03    0.00    2.06 v _1_/A (sky130_fd_sc_hd__inv_2)
                  0.04    0.05    2.10 ^ _1_/Y (sky130_fd_sc_hd__inv_2)
     1    0.01                           _0_ (net)
                  0.04    0.00    2.10 ^ _2_/TE_B (sky130_fd_sc_hd__ebufn_8)
                  0.00    0.04    2.14 v _2_/Z (sky130_fd_sc_hd__ebufn_8)
     1    0.04                           out (net)
                  0.00    0.00    2.14 v out (out)
                                  2.14   data arrival time

                  0.00    0.00    0.00   clock __VIRTUAL_CLK__ (rise edge)
                          0.00    0.00   clock network delay (ideal)
                          0.25    0.25   clock uncertainty
                          0.00    0.25   clock reconvergence pessimism
                         -2.00   -1.75   output external delay
                                 -1.75   data required time
-----------------------------------------------------------------------------
                                 -1.75   data required time
                                 -2.14   data arrival time
-----------------------------------------------------------------------------
                                  3.89   slack (MET)


