
===========================================================================
 report_check_types -max_slew -max_cap -max_fanout -violators
============================================================================

======================= Slowest Corner ===================================

max fanout

Pin                                   Limit Fanout  Slack
---------------------------------------------------------
input15/X                                 6     22    -16 (VIOLATED)
input16/X                                 6     21    -15 (VIOLATED)
input31/X                                 6     21    -15 (VIOLATED)
repeater353/X                             6     21    -15 (VIOLATED)
_30196_/Q                                 6     19    -13 (VIOLATED)
input2/X                                  6     19    -13 (VIOLATED)
_18839_/Y                                 6     17    -11 (VIOLATED)
_19074_/Y                                 6     17    -11 (VIOLATED)
_30191_/Q                                 6     17    -11 (VIOLATED)
_30195_/Q                                 6     17    -11 (VIOLATED)
input19/X                                 6     17    -11 (VIOLATED)
input3/X                                  6     17    -11 (VIOLATED)
_19750_/Y                                 6     15     -9 (VIOLATED)
_30186_/Q                                 6     15     -9 (VIOLATED)
clkbuf_5_21_0_clk/X                       6     14     -8 (VIOLATED)
_18543_/Y                                 6     13     -7 (VIOLATED)
_18953_/Y                                 6     13     -7 (VIOLATED)
_30478_/Q                                 6     13     -7 (VIOLATED)
_30717_/Q                                 6     13     -7 (VIOLATED)
_31797_/X                                 6     13     -7 (VIOLATED)
clkbuf_5_14_0_clk/X                       6     13     -7 (VIOLATED)
clkbuf_5_18_0_clk/X                       6     13     -7 (VIOLATED)
clkbuf_leaf_164_clk/X                     6     13     -7 (VIOLATED)
clkbuf_leaf_17_clk/X                      6     13     -7 (VIOLATED)
clkbuf_leaf_78_clk/X                      6     13     -7 (VIOLATED)
_17494_/X                                 6     12     -6 (VIOLATED)
_19196_/Y                                 6     12     -6 (VIOLATED)
_21110_/Y                                 6     12     -6 (VIOLATED)
_29281_/X                                 6     12     -6 (VIOLATED)
_30691_/Q                                 6     12     -6 (VIOLATED)
_30695_/Q                                 6     12     -6 (VIOLATED)
_30700_/Q                                 6     12     -6 (VIOLATED)
clkbuf_5_19_0_clk/X                       6     12     -6 (VIOLATED)
clkbuf_5_20_0_clk/X                       6     12     -6 (VIOLATED)
clkbuf_5_23_0_clk/X                       6     12     -6 (VIOLATED)
clkbuf_leaf_220_clk/X                     6     12     -6 (VIOLATED)
_17399_/X                                 6     11     -5 (VIOLATED)
_30197_/Q                                 6     11     -5 (VIOLATED)
clkbuf_leaf_107_clk/X                     6     11     -5 (VIOLATED)
clkbuf_leaf_147_clk/X                     6     11     -5 (VIOLATED)
clkbuf_leaf_162_clk/X                     6     11     -5 (VIOLATED)
clkbuf_leaf_33_clk/X                      6     11     -5 (VIOLATED)
clkbuf_leaf_37_clk/X                      6     11     -5 (VIOLATED)
clkbuf_leaf_96_clk/X                      6     11     -5 (VIOLATED)
_17220_/X                                 6     10     -4 (VIOLATED)
_17260_/X                                 6     10     -4 (VIOLATED)
_20539_/X                                 6     10     -4 (VIOLATED)
_31024_/Q                                 6     10     -4 (VIOLATED)
_31171_/Q                                 6     10     -4 (VIOLATED)
clkbuf_5_17_0_clk/X                       6     10     -4 (VIOLATED)
clkbuf_5_26_0_clk/X                       6     10     -4 (VIOLATED)
clkbuf_5_6_0_clk/X                        6     10     -4 (VIOLATED)
clkbuf_leaf_155_clk/X                     6     10     -4 (VIOLATED)
clkbuf_leaf_181_clk/X                     6     10     -4 (VIOLATED)
clkbuf_leaf_191_clk/X                     6     10     -4 (VIOLATED)
clkbuf_leaf_216_clk/X                     6     10     -4 (VIOLATED)
clkbuf_leaf_225_clk/X                     6     10     -4 (VIOLATED)
clkbuf_leaf_233_clk/X                     6     10     -4 (VIOLATED)
clkbuf_leaf_238_clk/X                     6     10     -4 (VIOLATED)
clkbuf_leaf_30_clk/X                      6     10     -4 (VIOLATED)
clkbuf_leaf_97_clk/X                      6     10     -4 (VIOLATED)
_15244_/X                                 6      9     -3 (VIOLATED)
_17243_/X                                 6      9     -3 (VIOLATED)
_17249_/X                                 6      9     -3 (VIOLATED)
_17396_/X                                 6      9     -3 (VIOLATED)
_18113_/X                                 6      9     -3 (VIOLATED)
_19609_/Y                                 6      9     -3 (VIOLATED)
_20383_/X                                 6      9     -3 (VIOLATED)
_26348_/X                                 6      9     -3 (VIOLATED)
_30201_/Q                                 6      9     -3 (VIOLATED)
clkbuf_5_13_0_clk/X                       6      9     -3 (VIOLATED)
clkbuf_5_15_0_clk/X                       6      9     -3 (VIOLATED)
clkbuf_5_22_0_clk/X                       6      9     -3 (VIOLATED)
clkbuf_5_28_0_clk/X                       6      9     -3 (VIOLATED)
clkbuf_5_30_0_clk/X                       6      9     -3 (VIOLATED)
clkbuf_5_5_0_clk/X                        6      9     -3 (VIOLATED)
clkbuf_5_9_0_clk/X                        6      9     -3 (VIOLATED)
clkbuf_leaf_106_clk/X                     6      9     -3 (VIOLATED)
clkbuf_leaf_117_clk/X                     6      9     -3 (VIOLATED)
clkbuf_leaf_131_clk/X                     6      9     -3 (VIOLATED)
clkbuf_leaf_148_clk/X                     6      9     -3 (VIOLATED)
clkbuf_leaf_14_clk/X                      6      9     -3 (VIOLATED)
clkbuf_leaf_179_clk/X                     6      9     -3 (VIOLATED)
clkbuf_leaf_186_clk/X                     6      9     -3 (VIOLATED)
clkbuf_leaf_187_clk/X                     6      9     -3 (VIOLATED)
clkbuf_leaf_195_clk/X                     6      9     -3 (VIOLATED)
clkbuf_leaf_201_clk/X                     6      9     -3 (VIOLATED)
clkbuf_leaf_211_clk/X                     6      9     -3 (VIOLATED)
clkbuf_leaf_217_clk/X                     6      9     -3 (VIOLATED)
clkbuf_leaf_21_clk/X                      6      9     -3 (VIOLATED)
clkbuf_leaf_229_clk/X                     6      9     -3 (VIOLATED)
clkbuf_leaf_231_clk/X                     6      9     -3 (VIOLATED)
clkbuf_leaf_235_clk/X                     6      9     -3 (VIOLATED)
clkbuf_leaf_243_clk/X                     6      9     -3 (VIOLATED)
clkbuf_leaf_244_clk/X                     6      9     -3 (VIOLATED)
clkbuf_leaf_249_clk/X                     6      9     -3 (VIOLATED)
clkbuf_leaf_28_clk/X                      6      9     -3 (VIOLATED)
clkbuf_leaf_42_clk/X                      6      9     -3 (VIOLATED)
clkbuf_leaf_51_clk/X                      6      9     -3 (VIOLATED)
clkbuf_leaf_57_clk/X                      6      9     -3 (VIOLATED)
clkbuf_leaf_58_clk/X                      6      9     -3 (VIOLATED)
clkbuf_leaf_63_clk/X                      6      9     -3 (VIOLATED)
clkbuf_leaf_70_clk/X                      6      9     -3 (VIOLATED)
_15238_/X                                 6      8     -2 (VIOLATED)
_15575_/X                                 6      8     -2 (VIOLATED)
_15576_/X                                 6      8     -2 (VIOLATED)
_17150_/X                                 6      8     -2 (VIOLATED)
_17177_/X                                 6      8     -2 (VIOLATED)
_17189_/X                                 6      8     -2 (VIOLATED)
_17190_/X                                 6      8     -2 (VIOLATED)
_17221_/X                                 6      8     -2 (VIOLATED)
_17250_/X                                 6      8     -2 (VIOLATED)
_18639_/X                                 6      8     -2 (VIOLATED)
_19152_/X                                 6      8     -2 (VIOLATED)
_19938_/X                                 6      8     -2 (VIOLATED)
_20846_/X                                 6      8     -2 (VIOLATED)
_21452_/X                                 6      8     -2 (VIOLATED)
_24111_/X                                 6      8     -2 (VIOLATED)
_25492_/X                                 6      8     -2 (VIOLATED)
_27796_/X                                 6      8     -2 (VIOLATED)
_28000_/X                                 6      8     -2 (VIOLATED)
_30940_/Q                                 6      8     -2 (VIOLATED)
_31027_/Q                                 6      8     -2 (VIOLATED)
_31032_/Q                                 6      8     -2 (VIOLATED)
_31034_/Q                                 6      8     -2 (VIOLATED)
_31040_/Q                                 6      8     -2 (VIOLATED)
_31281_/Q                                 6      8     -2 (VIOLATED)
clkbuf_5_16_0_clk/X                       6      8     -2 (VIOLATED)
clkbuf_5_31_0_clk/X                       6      8     -2 (VIOLATED)
clkbuf_5_7_0_clk/X                        6      8     -2 (VIOLATED)
clkbuf_leaf_101_clk/X                     6      8     -2 (VIOLATED)
clkbuf_leaf_110_clk/X                     6      8     -2 (VIOLATED)
clkbuf_leaf_126_clk/X                     6      8     -2 (VIOLATED)
clkbuf_leaf_133_clk/X                     6      8     -2 (VIOLATED)
clkbuf_leaf_136_clk/X                     6      8     -2 (VIOLATED)
clkbuf_leaf_143_clk/X                     6      8     -2 (VIOLATED)
clkbuf_leaf_149_clk/X                     6      8     -2 (VIOLATED)
clkbuf_leaf_154_clk/X                     6      8     -2 (VIOLATED)
clkbuf_leaf_161_clk/X                     6      8     -2 (VIOLATED)
clkbuf_leaf_165_clk/X                     6      8     -2 (VIOLATED)
clkbuf_leaf_173_clk/X                     6      8     -2 (VIOLATED)
clkbuf_leaf_178_clk/X                     6      8     -2 (VIOLATED)
clkbuf_leaf_180_clk/X                     6      8     -2 (VIOLATED)
clkbuf_leaf_189_clk/X                     6      8     -2 (VIOLATED)
clkbuf_leaf_190_clk/X                     6      8     -2 (VIOLATED)
clkbuf_leaf_192_clk/X                     6      8     -2 (VIOLATED)
clkbuf_leaf_202_clk/X                     6      8     -2 (VIOLATED)
clkbuf_leaf_205_clk/X                     6      8     -2 (VIOLATED)
clkbuf_leaf_209_clk/X                     6      8     -2 (VIOLATED)
clkbuf_leaf_20_clk/X                      6      8     -2 (VIOLATED)
clkbuf_leaf_213_clk/X                     6      8     -2 (VIOLATED)
clkbuf_leaf_215_clk/X                     6      8     -2 (VIOLATED)
clkbuf_leaf_219_clk/X                     6      8     -2 (VIOLATED)
clkbuf_leaf_221_clk/X                     6      8     -2 (VIOLATED)
clkbuf_leaf_247_clk/X                     6      8     -2 (VIOLATED)
clkbuf_leaf_27_clk/X                      6      8     -2 (VIOLATED)
clkbuf_leaf_44_clk/X                      6      8     -2 (VIOLATED)
clkbuf_leaf_50_clk/X                      6      8     -2 (VIOLATED)
clkbuf_leaf_54_clk/X                      6      8     -2 (VIOLATED)
clkbuf_leaf_59_clk/X                      6      8     -2 (VIOLATED)
clkbuf_leaf_69_clk/X                      6      8     -2 (VIOLATED)
clkbuf_leaf_77_clk/X                      6      8     -2 (VIOLATED)
clkbuf_leaf_94_clk/X                      6      8     -2 (VIOLATED)
repeater334/X                             6      8     -2 (VIOLATED)
repeater340/X                             6      8     -2 (VIOLATED)
_15052_/X                                 6      7        (VIOLATED)
_15147_/X                                 6      7        (VIOLATED)
_15290_/X                                 6      7        (VIOLATED)
_15292_/X                                 6      7        (VIOLATED)
_15296_/X                                 6      7        (VIOLATED)
_15309_/X                                 6      7        (VIOLATED)
_15314_/X                                 6      7        (VIOLATED)
_15319_/X                                 6      7        (VIOLATED)
_15329_/X                                 6      7        (VIOLATED)
_15346_/X                                 6      7        (VIOLATED)
_15352_/X                                 6      7        (VIOLATED)
_15359_/X                                 6      7        (VIOLATED)
_15437_/X                                 6      7        (VIOLATED)
_15523_/X                                 6      7        (VIOLATED)
_15564_/X                                 6      7        (VIOLATED)
_15598_/X                                 6      7        (VIOLATED)
_15625_/X                                 6      7        (VIOLATED)
_15665_/X                                 6      7        (VIOLATED)
_15732_/X                                 6      7        (VIOLATED)
_15745_/X                                 6      7        (VIOLATED)
_15785_/X                                 6      7        (VIOLATED)
_15803_/X                                 6      7        (VIOLATED)
_15851_/X                                 6      7        (VIOLATED)
_15872_/X                                 6      7        (VIOLATED)
_15878_/X                                 6      7        (VIOLATED)
_15943_/Y                                 6      7        (VIOLATED)
_16085_/X                                 6      7        (VIOLATED)
_16346_/Y                                 6      7        (VIOLATED)
_16654_/X                                 6      7        (VIOLATED)
_16995_/X                                 6      7        (VIOLATED)
_17196_/X                                 6      7        (VIOLATED)
_17208_/X                                 6      7        (VIOLATED)
_17214_/X                                 6      7        (VIOLATED)
_17236_/X                                 6      7        (VIOLATED)
_17237_/X                                 6      7        (VIOLATED)
_17269_/X                                 6      7        (VIOLATED)
_17274_/X                                 6      7        (VIOLATED)
_17280_/X                                 6      7        (VIOLATED)
_17308_/X                                 6      7        (VIOLATED)
_17313_/X                                 6      7        (VIOLATED)
_17318_/X                                 6      7        (VIOLATED)
_17325_/X                                 6      7        (VIOLATED)
_17330_/X                                 6      7        (VIOLATED)
_17343_/X                                 6      7        (VIOLATED)
_17362_/X                                 6      7        (VIOLATED)
_17451_/X                                 6      7        (VIOLATED)
_17467_/X                                 6      7        (VIOLATED)
_17522_/X                                 6      7        (VIOLATED)
_17855_/X                                 6      7        (VIOLATED)
_17875_/X                                 6      7        (VIOLATED)
_17940_/X                                 6      7        (VIOLATED)
_17979_/X                                 6      7        (VIOLATED)
_18124_/X                                 6      7        (VIOLATED)
_18203_/X                                 6      7        (VIOLATED)
_18205_/X                                 6      7        (VIOLATED)
_18207_/X                                 6      7        (VIOLATED)
_18220_/Y                                 6      7        (VIOLATED)
_18307_/X                                 6      7        (VIOLATED)
_18329_/X                                 6      7        (VIOLATED)
_18363_/X                                 6      7        (VIOLATED)
_18447_/X                                 6      7        (VIOLATED)
_18456_/X                                 6      7        (VIOLATED)
_18521_/X                                 6      7        (VIOLATED)
_18647_/X                                 6      7        (VIOLATED)
_18690_/X                                 6      7        (VIOLATED)
_18861_/X                                 6      7        (VIOLATED)
_18914_/X                                 6      7        (VIOLATED)
_18976_/X                                 6      7        (VIOLATED)
_19079_/X                                 6      7        (VIOLATED)
_19129_/X                                 6      7        (VIOLATED)
_19141_/X                                 6      7        (VIOLATED)
_19202_/X                                 6      7        (VIOLATED)
_19208_/X                                 6      7        (VIOLATED)
_19212_/X                                 6      7        (VIOLATED)
_19221_/X                                 6      7        (VIOLATED)
_19369_/X                                 6      7        (VIOLATED)
_19465_/Y                                 6      7        (VIOLATED)
_19543_/X                                 6      7        (VIOLATED)
_19704_/X                                 6      7        (VIOLATED)
_19782_/X                                 6      7        (VIOLATED)
_20002_/X                                 6      7        (VIOLATED)
_20150_/X                                 6      7        (VIOLATED)
_20303_/X                                 6      7        (VIOLATED)
_20636_/X                                 6      7        (VIOLATED)
_20655_/X                                 6      7        (VIOLATED)
_20660_/X                                 6      7        (VIOLATED)
_20993_/X                                 6      7        (VIOLATED)
_21022_/X                                 6      7        (VIOLATED)
_21062_/X                                 6      7        (VIOLATED)
_21097_/X                                 6      7        (VIOLATED)
_21119_/X                                 6      7        (VIOLATED)
_21125_/X                                 6      7        (VIOLATED)
_21133_/X                                 6      7        (VIOLATED)
_21198_/X                                 6      7        (VIOLATED)
_21230_/X                                 6      7        (VIOLATED)
_21235_/X                                 6      7        (VIOLATED)
_21544_/X                                 6      7        (VIOLATED)
_21787_/X                                 6      7        (VIOLATED)
_21944_/X                                 6      7        (VIOLATED)
_24097_/X                                 6      7        (VIOLATED)
_25438_/X                                 6      7        (VIOLATED)
_26284_/X                                 6      7        (VIOLATED)
_26361_/X                                 6      7        (VIOLATED)
_27402_/X                                 6      7        (VIOLATED)
_27558_/X                                 6      7        (VIOLATED)
_29307_/X                                 6      7        (VIOLATED)
_30472_/Q                                 6      7        (VIOLATED)
_30612_/Q                                 6      7        (VIOLATED)
_30715_/Q                                 6      7        (VIOLATED)
_30919_/Q                                 6      7        (VIOLATED)
_30920_/Q                                 6      7        (VIOLATED)
_30923_/Q                                 6      7        (VIOLATED)
_30934_/Q                                 6      7        (VIOLATED)
_30938_/Q                                 6      7        (VIOLATED)
_30939_/Q                                 6      7        (VIOLATED)
_30943_/Q                                 6      7        (VIOLATED)
_31014_/Q                                 6      7        (VIOLATED)
_31020_/Q                                 6      7        (VIOLATED)
_31022_/Q                                 6      7        (VIOLATED)
_31025_/Q                                 6      7        (VIOLATED)
_31029_/Q                                 6      7        (VIOLATED)
_31030_/Q                                 6      7        (VIOLATED)
_31255_/Q                                 6      7        (VIOLATED)
clkbuf_5_12_0_clk/X                       6      7        (VIOLATED)
clkbuf_5_24_0_clk/X                       6      7        (VIOLATED)
clkbuf_5_27_0_clk/X                       6      7        (VIOLATED)
clkbuf_5_29_0_clk/X                       6      7        (VIOLATED)
clkbuf_5_3_0_clk/X                        6      7        (VIOLATED)
clkbuf_5_4_0_clk/X                        6      7        (VIOLATED)
clkbuf_leaf_103_clk/X                     6      7        (VIOLATED)
clkbuf_leaf_104_clk/X                     6      7        (VIOLATED)
clkbuf_leaf_113_clk/X                     6      7        (VIOLATED)
clkbuf_leaf_120_clk/X                     6      7        (VIOLATED)
clkbuf_leaf_135_clk/X                     6      7        (VIOLATED)
clkbuf_leaf_138_clk/X                     6      7        (VIOLATED)
clkbuf_leaf_140_clk/X                     6      7        (VIOLATED)
clkbuf_leaf_141_clk/X                     6      7        (VIOLATED)
clkbuf_leaf_142_clk/X                     6      7        (VIOLATED)
clkbuf_leaf_146_clk/X                     6      7        (VIOLATED)
clkbuf_leaf_159_clk/X                     6      7        (VIOLATED)
clkbuf_leaf_175_clk/X                     6      7        (VIOLATED)
clkbuf_leaf_194_clk/X                     6      7        (VIOLATED)
clkbuf_leaf_196_clk/X                     6      7        (VIOLATED)
clkbuf_leaf_199_clk/X                     6      7        (VIOLATED)
clkbuf_leaf_19_clk/X                      6      7        (VIOLATED)
clkbuf_leaf_1_clk/X                       6      7        (VIOLATED)
clkbuf_leaf_204_clk/X                     6      7        (VIOLATED)
clkbuf_leaf_208_clk/X                     6      7        (VIOLATED)
clkbuf_leaf_218_clk/X                     6      7        (VIOLATED)
clkbuf_leaf_223_clk/X                     6      7        (VIOLATED)
clkbuf_leaf_224_clk/X                     6      7        (VIOLATED)
clkbuf_leaf_227_clk/X                     6      7        (VIOLATED)
clkbuf_leaf_22_clk/X                      6      7        (VIOLATED)
clkbuf_leaf_230_clk/X                     6      7        (VIOLATED)
clkbuf_leaf_234_clk/X                     6      7        (VIOLATED)
clkbuf_leaf_252_clk/X                     6      7        (VIOLATED)
clkbuf_leaf_265_clk/X                     6      7        (VIOLATED)
clkbuf_leaf_26_clk/X                      6      7        (VIOLATED)
clkbuf_leaf_35_clk/X                      6      7        (VIOLATED)
clkbuf_leaf_64_clk/X                      6      7        (VIOLATED)
clkbuf_leaf_65_clk/X                      6      7        (VIOLATED)
clkbuf_leaf_68_clk/X                      6      7        (VIOLATED)
clkbuf_leaf_75_clk/X                      6      7        (VIOLATED)
clkbuf_leaf_83_clk/X                      6      7        (VIOLATED)
clkbuf_leaf_84_clk/X                      6      7        (VIOLATED)
clkbuf_leaf_89_clk/X                      6      7        (VIOLATED)
clkbuf_leaf_98_clk/X                      6      7        (VIOLATED)
input56/X                                 6      7        (VIOLATED)
repeater342/X                             6      7        (VIOLATED)
repeater354/X                             6      7        (VIOLATED)


======================= Typical Corner ===================================

max fanout

Pin                                   Limit Fanout  Slack
---------------------------------------------------------
input15/X                                 6     22    -16 (VIOLATED)
input16/X                                 6     21    -15 (VIOLATED)
input31/X                                 6     21    -15 (VIOLATED)
repeater353/X                             6     21    -15 (VIOLATED)
_30196_/Q                                 6     19    -13 (VIOLATED)
input2/X                                  6     19    -13 (VIOLATED)
_18839_/Y                                 6     17    -11 (VIOLATED)
_19074_/Y                                 6     17    -11 (VIOLATED)
_30191_/Q                                 6     17    -11 (VIOLATED)
_30195_/Q                                 6     17    -11 (VIOLATED)
input19/X                                 6     17    -11 (VIOLATED)
input3/X                                  6     17    -11 (VIOLATED)
_19750_/Y                                 6     15     -9 (VIOLATED)
_30186_/Q                                 6     15     -9 (VIOLATED)
clkbuf_5_21_0_clk/X                       6     14     -8 (VIOLATED)
_18543_/Y                                 6     13     -7 (VIOLATED)
_18953_/Y                                 6     13     -7 (VIOLATED)
_30478_/Q                                 6     13     -7 (VIOLATED)
_30717_/Q                                 6     13     -7 (VIOLATED)
_31797_/X                                 6     13     -7 (VIOLATED)
clkbuf_5_14_0_clk/X                       6     13     -7 (VIOLATED)
clkbuf_5_18_0_clk/X                       6     13     -7 (VIOLATED)
clkbuf_leaf_164_clk/X                     6     13     -7 (VIOLATED)
clkbuf_leaf_17_clk/X                      6     13     -7 (VIOLATED)
clkbuf_leaf_78_clk/X                      6     13     -7 (VIOLATED)
_17494_/X                                 6     12     -6 (VIOLATED)
_19196_/Y                                 6     12     -6 (VIOLATED)
_21110_/Y                                 6     12     -6 (VIOLATED)
_29281_/X                                 6     12     -6 (VIOLATED)
_30691_/Q                                 6     12     -6 (VIOLATED)
_30695_/Q                                 6     12     -6 (VIOLATED)
_30700_/Q                                 6     12     -6 (VIOLATED)
clkbuf_5_19_0_clk/X                       6     12     -6 (VIOLATED)
clkbuf_5_20_0_clk/X                       6     12     -6 (VIOLATED)
clkbuf_5_23_0_clk/X                       6     12     -6 (VIOLATED)
clkbuf_leaf_220_clk/X                     6     12     -6 (VIOLATED)
_17399_/X                                 6     11     -5 (VIOLATED)
_30197_/Q                                 6     11     -5 (VIOLATED)
clkbuf_leaf_107_clk/X                     6     11     -5 (VIOLATED)
clkbuf_leaf_147_clk/X                     6     11     -5 (VIOLATED)
clkbuf_leaf_162_clk/X                     6     11     -5 (VIOLATED)
clkbuf_leaf_33_clk/X                      6     11     -5 (VIOLATED)
clkbuf_leaf_37_clk/X                      6     11     -5 (VIOLATED)
clkbuf_leaf_96_clk/X                      6     11     -5 (VIOLATED)
_17220_/X                                 6     10     -4 (VIOLATED)
_17260_/X                                 6     10     -4 (VIOLATED)
_20539_/X                                 6     10     -4 (VIOLATED)
_31024_/Q                                 6     10     -4 (VIOLATED)
_31171_/Q                                 6     10     -4 (VIOLATED)
clkbuf_5_17_0_clk/X                       6     10     -4 (VIOLATED)
clkbuf_5_26_0_clk/X                       6     10     -4 (VIOLATED)
clkbuf_5_6_0_clk/X                        6     10     -4 (VIOLATED)
clkbuf_leaf_155_clk/X                     6     10     -4 (VIOLATED)
clkbuf_leaf_181_clk/X                     6     10     -4 (VIOLATED)
clkbuf_leaf_191_clk/X                     6     10     -4 (VIOLATED)
clkbuf_leaf_216_clk/X                     6     10     -4 (VIOLATED)
clkbuf_leaf_225_clk/X                     6     10     -4 (VIOLATED)
clkbuf_leaf_233_clk/X                     6     10     -4 (VIOLATED)
clkbuf_leaf_238_clk/X                     6     10     -4 (VIOLATED)
clkbuf_leaf_30_clk/X                      6     10     -4 (VIOLATED)
clkbuf_leaf_97_clk/X                      6     10     -4 (VIOLATED)
_15244_/X                                 6      9     -3 (VIOLATED)
_17243_/X                                 6      9     -3 (VIOLATED)
_17249_/X                                 6      9     -3 (VIOLATED)
_17396_/X                                 6      9     -3 (VIOLATED)
_18113_/X                                 6      9     -3 (VIOLATED)
_19609_/Y                                 6      9     -3 (VIOLATED)
_20383_/X                                 6      9     -3 (VIOLATED)
_26348_/X                                 6      9     -3 (VIOLATED)
_30201_/Q                                 6      9     -3 (VIOLATED)
clkbuf_5_13_0_clk/X                       6      9     -3 (VIOLATED)
clkbuf_5_15_0_clk/X                       6      9     -3 (VIOLATED)
clkbuf_5_22_0_clk/X                       6      9     -3 (VIOLATED)
clkbuf_5_28_0_clk/X                       6      9     -3 (VIOLATED)
clkbuf_5_30_0_clk/X                       6      9     -3 (VIOLATED)
clkbuf_5_5_0_clk/X                        6      9     -3 (VIOLATED)
clkbuf_5_9_0_clk/X                        6      9     -3 (VIOLATED)
clkbuf_leaf_106_clk/X                     6      9     -3 (VIOLATED)
clkbuf_leaf_117_clk/X                     6      9     -3 (VIOLATED)
clkbuf_leaf_131_clk/X                     6      9     -3 (VIOLATED)
clkbuf_leaf_148_clk/X                     6      9     -3 (VIOLATED)
clkbuf_leaf_14_clk/X                      6      9     -3 (VIOLATED)
clkbuf_leaf_179_clk/X                     6      9     -3 (VIOLATED)
clkbuf_leaf_186_clk/X                     6      9     -3 (VIOLATED)
clkbuf_leaf_187_clk/X                     6      9     -3 (VIOLATED)
clkbuf_leaf_195_clk/X                     6      9     -3 (VIOLATED)
clkbuf_leaf_201_clk/X                     6      9     -3 (VIOLATED)
clkbuf_leaf_211_clk/X                     6      9     -3 (VIOLATED)
clkbuf_leaf_217_clk/X                     6      9     -3 (VIOLATED)
clkbuf_leaf_21_clk/X                      6      9     -3 (VIOLATED)
clkbuf_leaf_229_clk/X                     6      9     -3 (VIOLATED)
clkbuf_leaf_231_clk/X                     6      9     -3 (VIOLATED)
clkbuf_leaf_235_clk/X                     6      9     -3 (VIOLATED)
clkbuf_leaf_243_clk/X                     6      9     -3 (VIOLATED)
clkbuf_leaf_244_clk/X                     6      9     -3 (VIOLATED)
clkbuf_leaf_249_clk/X                     6      9     -3 (VIOLATED)
clkbuf_leaf_28_clk/X                      6      9     -3 (VIOLATED)
clkbuf_leaf_42_clk/X                      6      9     -3 (VIOLATED)
clkbuf_leaf_51_clk/X                      6      9     -3 (VIOLATED)
clkbuf_leaf_57_clk/X                      6      9     -3 (VIOLATED)
clkbuf_leaf_58_clk/X                      6      9     -3 (VIOLATED)
clkbuf_leaf_63_clk/X                      6      9     -3 (VIOLATED)
clkbuf_leaf_70_clk/X                      6      9     -3 (VIOLATED)
_15238_/X                                 6      8     -2 (VIOLATED)
_15575_/X                                 6      8     -2 (VIOLATED)
_15576_/X                                 6      8     -2 (VIOLATED)
_17150_/X                                 6      8     -2 (VIOLATED)
_17177_/X                                 6      8     -2 (VIOLATED)
_17189_/X                                 6      8     -2 (VIOLATED)
_17190_/X                                 6      8     -2 (VIOLATED)
_17221_/X                                 6      8     -2 (VIOLATED)
_17250_/X                                 6      8     -2 (VIOLATED)
_18639_/X                                 6      8     -2 (VIOLATED)
_19152_/X                                 6      8     -2 (VIOLATED)
_19938_/X                                 6      8     -2 (VIOLATED)
_20846_/X                                 6      8     -2 (VIOLATED)
_21452_/X                                 6      8     -2 (VIOLATED)
_24111_/X                                 6      8     -2 (VIOLATED)
_25492_/X                                 6      8     -2 (VIOLATED)
_27796_/X                                 6      8     -2 (VIOLATED)
_28000_/X                                 6      8     -2 (VIOLATED)
_30940_/Q                                 6      8     -2 (VIOLATED)
_31027_/Q                                 6      8     -2 (VIOLATED)
_31032_/Q                                 6      8     -2 (VIOLATED)
_31034_/Q                                 6      8     -2 (VIOLATED)
_31040_/Q                                 6      8     -2 (VIOLATED)
_31281_/Q                                 6      8     -2 (VIOLATED)
clkbuf_5_16_0_clk/X                       6      8     -2 (VIOLATED)
clkbuf_5_31_0_clk/X                       6      8     -2 (VIOLATED)
clkbuf_5_7_0_clk/X                        6      8     -2 (VIOLATED)
clkbuf_leaf_101_clk/X                     6      8     -2 (VIOLATED)
clkbuf_leaf_110_clk/X                     6      8     -2 (VIOLATED)
clkbuf_leaf_126_clk/X                     6      8     -2 (VIOLATED)
clkbuf_leaf_133_clk/X                     6      8     -2 (VIOLATED)
clkbuf_leaf_136_clk/X                     6      8     -2 (VIOLATED)
clkbuf_leaf_143_clk/X                     6      8     -2 (VIOLATED)
clkbuf_leaf_149_clk/X                     6      8     -2 (VIOLATED)
clkbuf_leaf_154_clk/X                     6      8     -2 (VIOLATED)
clkbuf_leaf_161_clk/X                     6      8     -2 (VIOLATED)
clkbuf_leaf_165_clk/X                     6      8     -2 (VIOLATED)
clkbuf_leaf_173_clk/X                     6      8     -2 (VIOLATED)
clkbuf_leaf_178_clk/X                     6      8     -2 (VIOLATED)
clkbuf_leaf_180_clk/X                     6      8     -2 (VIOLATED)
clkbuf_leaf_189_clk/X                     6      8     -2 (VIOLATED)
clkbuf_leaf_190_clk/X                     6      8     -2 (VIOLATED)
clkbuf_leaf_192_clk/X                     6      8     -2 (VIOLATED)
clkbuf_leaf_202_clk/X                     6      8     -2 (VIOLATED)
clkbuf_leaf_205_clk/X                     6      8     -2 (VIOLATED)
clkbuf_leaf_209_clk/X                     6      8     -2 (VIOLATED)
clkbuf_leaf_20_clk/X                      6      8     -2 (VIOLATED)
clkbuf_leaf_213_clk/X                     6      8     -2 (VIOLATED)
clkbuf_leaf_215_clk/X                     6      8     -2 (VIOLATED)
clkbuf_leaf_219_clk/X                     6      8     -2 (VIOLATED)
clkbuf_leaf_221_clk/X                     6      8     -2 (VIOLATED)
clkbuf_leaf_247_clk/X                     6      8     -2 (VIOLATED)
clkbuf_leaf_27_clk/X                      6      8     -2 (VIOLATED)
clkbuf_leaf_44_clk/X                      6      8     -2 (VIOLATED)
clkbuf_leaf_50_clk/X                      6      8     -2 (VIOLATED)
clkbuf_leaf_54_clk/X                      6      8     -2 (VIOLATED)
clkbuf_leaf_59_clk/X                      6      8     -2 (VIOLATED)
clkbuf_leaf_69_clk/X                      6      8     -2 (VIOLATED)
clkbuf_leaf_77_clk/X                      6      8     -2 (VIOLATED)
clkbuf_leaf_94_clk/X                      6      8     -2 (VIOLATED)
repeater334/X                             6      8     -2 (VIOLATED)
repeater340/X                             6      8     -2 (VIOLATED)
_15052_/X                                 6      7        (VIOLATED)
_15147_/X                                 6      7        (VIOLATED)
_15290_/X                                 6      7        (VIOLATED)
_15292_/X                                 6      7        (VIOLATED)
_15296_/X                                 6      7        (VIOLATED)
_15309_/X                                 6      7        (VIOLATED)
_15314_/X                                 6      7        (VIOLATED)
_15319_/X                                 6      7        (VIOLATED)
_15329_/X                                 6      7        (VIOLATED)
_15346_/X                                 6      7        (VIOLATED)
_15352_/X                                 6      7        (VIOLATED)
_15359_/X                                 6      7        (VIOLATED)
_15437_/X                                 6      7        (VIOLATED)
_15523_/X                                 6      7        (VIOLATED)
_15564_/X                                 6      7        (VIOLATED)
_15598_/X                                 6      7        (VIOLATED)
_15625_/X                                 6      7        (VIOLATED)
_15665_/X                                 6      7        (VIOLATED)
_15732_/X                                 6      7        (VIOLATED)
_15745_/X                                 6      7        (VIOLATED)
_15785_/X                                 6      7        (VIOLATED)
_15803_/X                                 6      7        (VIOLATED)
_15851_/X                                 6      7        (VIOLATED)
_15872_/X                                 6      7        (VIOLATED)
_15878_/X                                 6      7        (VIOLATED)
_15943_/Y                                 6      7        (VIOLATED)
_16085_/X                                 6      7        (VIOLATED)
_16346_/Y                                 6      7        (VIOLATED)
_16654_/X                                 6      7        (VIOLATED)
_16995_/X                                 6      7        (VIOLATED)
_17196_/X                                 6      7        (VIOLATED)
_17208_/X                                 6      7        (VIOLATED)
_17214_/X                                 6      7        (VIOLATED)
_17236_/X                                 6      7        (VIOLATED)
_17237_/X                                 6      7        (VIOLATED)
_17269_/X                                 6      7        (VIOLATED)
_17274_/X                                 6      7        (VIOLATED)
_17280_/X                                 6      7        (VIOLATED)
_17308_/X                                 6      7        (VIOLATED)
_17313_/X                                 6      7        (VIOLATED)
_17318_/X                                 6      7        (VIOLATED)
_17325_/X                                 6      7        (VIOLATED)
_17330_/X                                 6      7        (VIOLATED)
_17343_/X                                 6      7        (VIOLATED)
_17362_/X                                 6      7        (VIOLATED)
_17451_/X                                 6      7        (VIOLATED)
_17467_/X                                 6      7        (VIOLATED)
_17522_/X                                 6      7        (VIOLATED)
_17855_/X                                 6      7        (VIOLATED)
_17875_/X                                 6      7        (VIOLATED)
_17940_/X                                 6      7        (VIOLATED)
_17979_/X                                 6      7        (VIOLATED)
_18124_/X                                 6      7        (VIOLATED)
_18203_/X                                 6      7        (VIOLATED)
_18205_/X                                 6      7        (VIOLATED)
_18207_/X                                 6      7        (VIOLATED)
_18220_/Y                                 6      7        (VIOLATED)
_18307_/X                                 6      7        (VIOLATED)
_18329_/X                                 6      7        (VIOLATED)
_18363_/X                                 6      7        (VIOLATED)
_18447_/X                                 6      7        (VIOLATED)
_18456_/X                                 6      7        (VIOLATED)
_18521_/X                                 6      7        (VIOLATED)
_18647_/X                                 6      7        (VIOLATED)
_18690_/X                                 6      7        (VIOLATED)
_18861_/X                                 6      7        (VIOLATED)
_18914_/X                                 6      7        (VIOLATED)
_18976_/X                                 6      7        (VIOLATED)
_19079_/X                                 6      7        (VIOLATED)
_19129_/X                                 6      7        (VIOLATED)
_19141_/X                                 6      7        (VIOLATED)
_19202_/X                                 6      7        (VIOLATED)
_19208_/X                                 6      7        (VIOLATED)
_19212_/X                                 6      7        (VIOLATED)
_19221_/X                                 6      7        (VIOLATED)
_19369_/X                                 6      7        (VIOLATED)
_19465_/Y                                 6      7        (VIOLATED)
_19543_/X                                 6      7        (VIOLATED)
_19704_/X                                 6      7        (VIOLATED)
_19782_/X                                 6      7        (VIOLATED)
_20002_/X                                 6      7        (VIOLATED)
_20150_/X                                 6      7        (VIOLATED)
_20303_/X                                 6      7        (VIOLATED)
_20636_/X                                 6      7        (VIOLATED)
_20655_/X                                 6      7        (VIOLATED)
_20660_/X                                 6      7        (VIOLATED)
_20993_/X                                 6      7        (VIOLATED)
_21022_/X                                 6      7        (VIOLATED)
_21062_/X                                 6      7        (VIOLATED)
_21097_/X                                 6      7        (VIOLATED)
_21119_/X                                 6      7        (VIOLATED)
_21125_/X                                 6      7        (VIOLATED)
_21133_/X                                 6      7        (VIOLATED)
_21198_/X                                 6      7        (VIOLATED)
_21230_/X                                 6      7        (VIOLATED)
_21235_/X                                 6      7        (VIOLATED)
_21544_/X                                 6      7        (VIOLATED)
_21787_/X                                 6      7        (VIOLATED)
_21944_/X                                 6      7        (VIOLATED)
_24097_/X                                 6      7        (VIOLATED)
_25438_/X                                 6      7        (VIOLATED)
_26284_/X                                 6      7        (VIOLATED)
_26361_/X                                 6      7        (VIOLATED)
_27402_/X                                 6      7        (VIOLATED)
_27558_/X                                 6      7        (VIOLATED)
_29307_/X                                 6      7        (VIOLATED)
_30472_/Q                                 6      7        (VIOLATED)
_30612_/Q                                 6      7        (VIOLATED)
_30715_/Q                                 6      7        (VIOLATED)
_30919_/Q                                 6      7        (VIOLATED)
_30920_/Q                                 6      7        (VIOLATED)
_30923_/Q                                 6      7        (VIOLATED)
_30934_/Q                                 6      7        (VIOLATED)
_30938_/Q                                 6      7        (VIOLATED)
_30939_/Q                                 6      7        (VIOLATED)
_30943_/Q                                 6      7        (VIOLATED)
_31014_/Q                                 6      7        (VIOLATED)
_31020_/Q                                 6      7        (VIOLATED)
_31022_/Q                                 6      7        (VIOLATED)
_31025_/Q                                 6      7        (VIOLATED)
_31029_/Q                                 6      7        (VIOLATED)
_31030_/Q                                 6      7        (VIOLATED)
_31255_/Q                                 6      7        (VIOLATED)
clkbuf_5_12_0_clk/X                       6      7        (VIOLATED)
clkbuf_5_24_0_clk/X                       6      7        (VIOLATED)
clkbuf_5_27_0_clk/X                       6      7        (VIOLATED)
clkbuf_5_29_0_clk/X                       6      7        (VIOLATED)
clkbuf_5_3_0_clk/X                        6      7        (VIOLATED)
clkbuf_5_4_0_clk/X                        6      7        (VIOLATED)
clkbuf_leaf_103_clk/X                     6      7        (VIOLATED)
clkbuf_leaf_104_clk/X                     6      7        (VIOLATED)
clkbuf_leaf_113_clk/X                     6      7        (VIOLATED)
clkbuf_leaf_120_clk/X                     6      7        (VIOLATED)
clkbuf_leaf_135_clk/X                     6      7        (VIOLATED)
clkbuf_leaf_138_clk/X                     6      7        (VIOLATED)
clkbuf_leaf_140_clk/X                     6      7        (VIOLATED)
clkbuf_leaf_141_clk/X                     6      7        (VIOLATED)
clkbuf_leaf_142_clk/X                     6      7        (VIOLATED)
clkbuf_leaf_146_clk/X                     6      7        (VIOLATED)
clkbuf_leaf_159_clk/X                     6      7        (VIOLATED)
clkbuf_leaf_175_clk/X                     6      7        (VIOLATED)
clkbuf_leaf_194_clk/X                     6      7        (VIOLATED)
clkbuf_leaf_196_clk/X                     6      7        (VIOLATED)
clkbuf_leaf_199_clk/X                     6      7        (VIOLATED)
clkbuf_leaf_19_clk/X                      6      7        (VIOLATED)
clkbuf_leaf_1_clk/X                       6      7        (VIOLATED)
clkbuf_leaf_204_clk/X                     6      7        (VIOLATED)
clkbuf_leaf_208_clk/X                     6      7        (VIOLATED)
clkbuf_leaf_218_clk/X                     6      7        (VIOLATED)
clkbuf_leaf_223_clk/X                     6      7        (VIOLATED)
clkbuf_leaf_224_clk/X                     6      7        (VIOLATED)
clkbuf_leaf_227_clk/X                     6      7        (VIOLATED)
clkbuf_leaf_22_clk/X                      6      7        (VIOLATED)
clkbuf_leaf_230_clk/X                     6      7        (VIOLATED)
clkbuf_leaf_234_clk/X                     6      7        (VIOLATED)
clkbuf_leaf_252_clk/X                     6      7        (VIOLATED)
clkbuf_leaf_265_clk/X                     6      7        (VIOLATED)
clkbuf_leaf_26_clk/X                      6      7        (VIOLATED)
clkbuf_leaf_35_clk/X                      6      7        (VIOLATED)
clkbuf_leaf_64_clk/X                      6      7        (VIOLATED)
clkbuf_leaf_65_clk/X                      6      7        (VIOLATED)
clkbuf_leaf_68_clk/X                      6      7        (VIOLATED)
clkbuf_leaf_75_clk/X                      6      7        (VIOLATED)
clkbuf_leaf_83_clk/X                      6      7        (VIOLATED)
clkbuf_leaf_84_clk/X                      6      7        (VIOLATED)
clkbuf_leaf_89_clk/X                      6      7        (VIOLATED)
clkbuf_leaf_98_clk/X                      6      7        (VIOLATED)
input56/X                                 6      7        (VIOLATED)
repeater342/X                             6      7        (VIOLATED)
repeater354/X                             6      7        (VIOLATED)


======================= Fastest Corner ===================================

max fanout

Pin                                   Limit Fanout  Slack
---------------------------------------------------------
input15/X                                 6     22    -16 (VIOLATED)
input16/X                                 6     21    -15 (VIOLATED)
input31/X                                 6     21    -15 (VIOLATED)
repeater353/X                             6     21    -15 (VIOLATED)
_30196_/Q                                 6     19    -13 (VIOLATED)
input2/X                                  6     19    -13 (VIOLATED)
_18839_/Y                                 6     17    -11 (VIOLATED)
_19074_/Y                                 6     17    -11 (VIOLATED)
_30191_/Q                                 6     17    -11 (VIOLATED)
_30195_/Q                                 6     17    -11 (VIOLATED)
input19/X                                 6     17    -11 (VIOLATED)
input3/X                                  6     17    -11 (VIOLATED)
_19750_/Y                                 6     15     -9 (VIOLATED)
_30186_/Q                                 6     15     -9 (VIOLATED)
clkbuf_5_21_0_clk/X                       6     14     -8 (VIOLATED)
_18543_/Y                                 6     13     -7 (VIOLATED)
_18953_/Y                                 6     13     -7 (VIOLATED)
_30478_/Q                                 6     13     -7 (VIOLATED)
_30717_/Q                                 6     13     -7 (VIOLATED)
_31797_/X                                 6     13     -7 (VIOLATED)
clkbuf_5_14_0_clk/X                       6     13     -7 (VIOLATED)
clkbuf_5_18_0_clk/X                       6     13     -7 (VIOLATED)
clkbuf_leaf_164_clk/X                     6     13     -7 (VIOLATED)
clkbuf_leaf_17_clk/X                      6     13     -7 (VIOLATED)
clkbuf_leaf_78_clk/X                      6     13     -7 (VIOLATED)
_17494_/X                                 6     12     -6 (VIOLATED)
_19196_/Y                                 6     12     -6 (VIOLATED)
_21110_/Y                                 6     12     -6 (VIOLATED)
_29281_/X                                 6     12     -6 (VIOLATED)
_30691_/Q                                 6     12     -6 (VIOLATED)
_30695_/Q                                 6     12     -6 (VIOLATED)
_30700_/Q                                 6     12     -6 (VIOLATED)
clkbuf_5_19_0_clk/X                       6     12     -6 (VIOLATED)
clkbuf_5_20_0_clk/X                       6     12     -6 (VIOLATED)
clkbuf_5_23_0_clk/X                       6     12     -6 (VIOLATED)
clkbuf_leaf_220_clk/X                     6     12     -6 (VIOLATED)
_17399_/X                                 6     11     -5 (VIOLATED)
_30197_/Q                                 6     11     -5 (VIOLATED)
clkbuf_leaf_107_clk/X                     6     11     -5 (VIOLATED)
clkbuf_leaf_147_clk/X                     6     11     -5 (VIOLATED)
clkbuf_leaf_162_clk/X                     6     11     -5 (VIOLATED)
clkbuf_leaf_33_clk/X                      6     11     -5 (VIOLATED)
clkbuf_leaf_37_clk/X                      6     11     -5 (VIOLATED)
clkbuf_leaf_96_clk/X                      6     11     -5 (VIOLATED)
_17220_/X                                 6     10     -4 (VIOLATED)
_17260_/X                                 6     10     -4 (VIOLATED)
_20539_/X                                 6     10     -4 (VIOLATED)
_31024_/Q                                 6     10     -4 (VIOLATED)
_31171_/Q                                 6     10     -4 (VIOLATED)
clkbuf_5_17_0_clk/X                       6     10     -4 (VIOLATED)
clkbuf_5_26_0_clk/X                       6     10     -4 (VIOLATED)
clkbuf_5_6_0_clk/X                        6     10     -4 (VIOLATED)
clkbuf_leaf_155_clk/X                     6     10     -4 (VIOLATED)
clkbuf_leaf_181_clk/X                     6     10     -4 (VIOLATED)
clkbuf_leaf_191_clk/X                     6     10     -4 (VIOLATED)
clkbuf_leaf_216_clk/X                     6     10     -4 (VIOLATED)
clkbuf_leaf_225_clk/X                     6     10     -4 (VIOLATED)
clkbuf_leaf_233_clk/X                     6     10     -4 (VIOLATED)
clkbuf_leaf_238_clk/X                     6     10     -4 (VIOLATED)
clkbuf_leaf_30_clk/X                      6     10     -4 (VIOLATED)
clkbuf_leaf_97_clk/X                      6     10     -4 (VIOLATED)
_15244_/X                                 6      9     -3 (VIOLATED)
_17243_/X                                 6      9     -3 (VIOLATED)
_17249_/X                                 6      9     -3 (VIOLATED)
_17396_/X                                 6      9     -3 (VIOLATED)
_18113_/X                                 6      9     -3 (VIOLATED)
_19609_/Y                                 6      9     -3 (VIOLATED)
_20383_/X                                 6      9     -3 (VIOLATED)
_26348_/X                                 6      9     -3 (VIOLATED)
_30201_/Q                                 6      9     -3 (VIOLATED)
clkbuf_5_13_0_clk/X                       6      9     -3 (VIOLATED)
clkbuf_5_15_0_clk/X                       6      9     -3 (VIOLATED)
clkbuf_5_22_0_clk/X                       6      9     -3 (VIOLATED)
clkbuf_5_28_0_clk/X                       6      9     -3 (VIOLATED)
clkbuf_5_30_0_clk/X                       6      9     -3 (VIOLATED)
clkbuf_5_5_0_clk/X                        6      9     -3 (VIOLATED)
clkbuf_5_9_0_clk/X                        6      9     -3 (VIOLATED)
clkbuf_leaf_106_clk/X                     6      9     -3 (VIOLATED)
clkbuf_leaf_117_clk/X                     6      9     -3 (VIOLATED)
clkbuf_leaf_131_clk/X                     6      9     -3 (VIOLATED)
clkbuf_leaf_148_clk/X                     6      9     -3 (VIOLATED)
clkbuf_leaf_14_clk/X                      6      9     -3 (VIOLATED)
clkbuf_leaf_179_clk/X                     6      9     -3 (VIOLATED)
clkbuf_leaf_186_clk/X                     6      9     -3 (VIOLATED)
clkbuf_leaf_187_clk/X                     6      9     -3 (VIOLATED)
clkbuf_leaf_195_clk/X                     6      9     -3 (VIOLATED)
clkbuf_leaf_201_clk/X                     6      9     -3 (VIOLATED)
clkbuf_leaf_211_clk/X                     6      9     -3 (VIOLATED)
clkbuf_leaf_217_clk/X                     6      9     -3 (VIOLATED)
clkbuf_leaf_21_clk/X                      6      9     -3 (VIOLATED)
clkbuf_leaf_229_clk/X                     6      9     -3 (VIOLATED)
clkbuf_leaf_231_clk/X                     6      9     -3 (VIOLATED)
clkbuf_leaf_235_clk/X                     6      9     -3 (VIOLATED)
clkbuf_leaf_243_clk/X                     6      9     -3 (VIOLATED)
clkbuf_leaf_244_clk/X                     6      9     -3 (VIOLATED)
clkbuf_leaf_249_clk/X                     6      9     -3 (VIOLATED)
clkbuf_leaf_28_clk/X                      6      9     -3 (VIOLATED)
clkbuf_leaf_42_clk/X                      6      9     -3 (VIOLATED)
clkbuf_leaf_51_clk/X                      6      9     -3 (VIOLATED)
clkbuf_leaf_57_clk/X                      6      9     -3 (VIOLATED)
clkbuf_leaf_58_clk/X                      6      9     -3 (VIOLATED)
clkbuf_leaf_63_clk/X                      6      9     -3 (VIOLATED)
clkbuf_leaf_70_clk/X                      6      9     -3 (VIOLATED)
_15238_/X                                 6      8     -2 (VIOLATED)
_15575_/X                                 6      8     -2 (VIOLATED)
_15576_/X                                 6      8     -2 (VIOLATED)
_17150_/X                                 6      8     -2 (VIOLATED)
_17177_/X                                 6      8     -2 (VIOLATED)
_17189_/X                                 6      8     -2 (VIOLATED)
_17190_/X                                 6      8     -2 (VIOLATED)
_17221_/X                                 6      8     -2 (VIOLATED)
_17250_/X                                 6      8     -2 (VIOLATED)
_18639_/X                                 6      8     -2 (VIOLATED)
_19152_/X                                 6      8     -2 (VIOLATED)
_19938_/X                                 6      8     -2 (VIOLATED)
_20846_/X                                 6      8     -2 (VIOLATED)
_21452_/X                                 6      8     -2 (VIOLATED)
_24111_/X                                 6      8     -2 (VIOLATED)
_25492_/X                                 6      8     -2 (VIOLATED)
_27796_/X                                 6      8     -2 (VIOLATED)
_28000_/X                                 6      8     -2 (VIOLATED)
_30940_/Q                                 6      8     -2 (VIOLATED)
_31027_/Q                                 6      8     -2 (VIOLATED)
_31032_/Q                                 6      8     -2 (VIOLATED)
_31034_/Q                                 6      8     -2 (VIOLATED)
_31040_/Q                                 6      8     -2 (VIOLATED)
_31281_/Q                                 6      8     -2 (VIOLATED)
clkbuf_5_16_0_clk/X                       6      8     -2 (VIOLATED)
clkbuf_5_31_0_clk/X                       6      8     -2 (VIOLATED)
clkbuf_5_7_0_clk/X                        6      8     -2 (VIOLATED)
clkbuf_leaf_101_clk/X                     6      8     -2 (VIOLATED)
clkbuf_leaf_110_clk/X                     6      8     -2 (VIOLATED)
clkbuf_leaf_126_clk/X                     6      8     -2 (VIOLATED)
clkbuf_leaf_133_clk/X                     6      8     -2 (VIOLATED)
clkbuf_leaf_136_clk/X                     6      8     -2 (VIOLATED)
clkbuf_leaf_143_clk/X                     6      8     -2 (VIOLATED)
clkbuf_leaf_149_clk/X                     6      8     -2 (VIOLATED)
clkbuf_leaf_154_clk/X                     6      8     -2 (VIOLATED)
clkbuf_leaf_161_clk/X                     6      8     -2 (VIOLATED)
clkbuf_leaf_165_clk/X                     6      8     -2 (VIOLATED)
clkbuf_leaf_173_clk/X                     6      8     -2 (VIOLATED)
clkbuf_leaf_178_clk/X                     6      8     -2 (VIOLATED)
clkbuf_leaf_180_clk/X                     6      8     -2 (VIOLATED)
clkbuf_leaf_189_clk/X                     6      8     -2 (VIOLATED)
clkbuf_leaf_190_clk/X                     6      8     -2 (VIOLATED)
clkbuf_leaf_192_clk/X                     6      8     -2 (VIOLATED)
clkbuf_leaf_202_clk/X                     6      8     -2 (VIOLATED)
clkbuf_leaf_205_clk/X                     6      8     -2 (VIOLATED)
clkbuf_leaf_209_clk/X                     6      8     -2 (VIOLATED)
clkbuf_leaf_20_clk/X                      6      8     -2 (VIOLATED)
clkbuf_leaf_213_clk/X                     6      8     -2 (VIOLATED)
clkbuf_leaf_215_clk/X                     6      8     -2 (VIOLATED)
clkbuf_leaf_219_clk/X                     6      8     -2 (VIOLATED)
clkbuf_leaf_221_clk/X                     6      8     -2 (VIOLATED)
clkbuf_leaf_247_clk/X                     6      8     -2 (VIOLATED)
clkbuf_leaf_27_clk/X                      6      8     -2 (VIOLATED)
clkbuf_leaf_44_clk/X                      6      8     -2 (VIOLATED)
clkbuf_leaf_50_clk/X                      6      8     -2 (VIOLATED)
clkbuf_leaf_54_clk/X                      6      8     -2 (VIOLATED)
clkbuf_leaf_59_clk/X                      6      8     -2 (VIOLATED)
clkbuf_leaf_69_clk/X                      6      8     -2 (VIOLATED)
clkbuf_leaf_77_clk/X                      6      8     -2 (VIOLATED)
clkbuf_leaf_94_clk/X                      6      8     -2 (VIOLATED)
repeater334/X                             6      8     -2 (VIOLATED)
repeater340/X                             6      8     -2 (VIOLATED)
_15052_/X                                 6      7        (VIOLATED)
_15147_/X                                 6      7        (VIOLATED)
_15290_/X                                 6      7        (VIOLATED)
_15292_/X                                 6      7        (VIOLATED)
_15296_/X                                 6      7        (VIOLATED)
_15309_/X                                 6      7        (VIOLATED)
_15314_/X                                 6      7        (VIOLATED)
_15319_/X                                 6      7        (VIOLATED)
_15329_/X                                 6      7        (VIOLATED)
_15346_/X                                 6      7        (VIOLATED)
_15352_/X                                 6      7        (VIOLATED)
_15359_/X                                 6      7        (VIOLATED)
_15437_/X                                 6      7        (VIOLATED)
_15523_/X                                 6      7        (VIOLATED)
_15564_/X                                 6      7        (VIOLATED)
_15598_/X                                 6      7        (VIOLATED)
_15625_/X                                 6      7        (VIOLATED)
_15665_/X                                 6      7        (VIOLATED)
_15732_/X                                 6      7        (VIOLATED)
_15745_/X                                 6      7        (VIOLATED)
_15785_/X                                 6      7        (VIOLATED)
_15803_/X                                 6      7        (VIOLATED)
_15851_/X                                 6      7        (VIOLATED)
_15872_/X                                 6      7        (VIOLATED)
_15878_/X                                 6      7        (VIOLATED)
_15943_/Y                                 6      7        (VIOLATED)
_16085_/X                                 6      7        (VIOLATED)
_16346_/Y                                 6      7        (VIOLATED)
_16654_/X                                 6      7        (VIOLATED)
_16995_/X                                 6      7        (VIOLATED)
_17196_/X                                 6      7        (VIOLATED)
_17208_/X                                 6      7        (VIOLATED)
_17214_/X                                 6      7        (VIOLATED)
_17236_/X                                 6      7        (VIOLATED)
_17237_/X                                 6      7        (VIOLATED)
_17269_/X                                 6      7        (VIOLATED)
_17274_/X                                 6      7        (VIOLATED)
_17280_/X                                 6      7        (VIOLATED)
_17308_/X                                 6      7        (VIOLATED)
_17313_/X                                 6      7        (VIOLATED)
_17318_/X                                 6      7        (VIOLATED)
_17325_/X                                 6      7        (VIOLATED)
_17330_/X                                 6      7        (VIOLATED)
_17343_/X                                 6      7        (VIOLATED)
_17362_/X                                 6      7        (VIOLATED)
_17451_/X                                 6      7        (VIOLATED)
_17467_/X                                 6      7        (VIOLATED)
_17522_/X                                 6      7        (VIOLATED)
_17855_/X                                 6      7        (VIOLATED)
_17875_/X                                 6      7        (VIOLATED)
_17940_/X                                 6      7        (VIOLATED)
_17979_/X                                 6      7        (VIOLATED)
_18124_/X                                 6      7        (VIOLATED)
_18203_/X                                 6      7        (VIOLATED)
_18205_/X                                 6      7        (VIOLATED)
_18207_/X                                 6      7        (VIOLATED)
_18220_/Y                                 6      7        (VIOLATED)
_18307_/X                                 6      7        (VIOLATED)
_18329_/X                                 6      7        (VIOLATED)
_18363_/X                                 6      7        (VIOLATED)
_18447_/X                                 6      7        (VIOLATED)
_18456_/X                                 6      7        (VIOLATED)
_18521_/X                                 6      7        (VIOLATED)
_18647_/X                                 6      7        (VIOLATED)
_18690_/X                                 6      7        (VIOLATED)
_18861_/X                                 6      7        (VIOLATED)
_18914_/X                                 6      7        (VIOLATED)
_18976_/X                                 6      7        (VIOLATED)
_19079_/X                                 6      7        (VIOLATED)
_19129_/X                                 6      7        (VIOLATED)
_19141_/X                                 6      7        (VIOLATED)
_19202_/X                                 6      7        (VIOLATED)
_19208_/X                                 6      7        (VIOLATED)
_19212_/X                                 6      7        (VIOLATED)
_19221_/X                                 6      7        (VIOLATED)
_19369_/X                                 6      7        (VIOLATED)
_19465_/Y                                 6      7        (VIOLATED)
_19543_/X                                 6      7        (VIOLATED)
_19704_/X                                 6      7        (VIOLATED)
_19782_/X                                 6      7        (VIOLATED)
_20002_/X                                 6      7        (VIOLATED)
_20150_/X                                 6      7        (VIOLATED)
_20303_/X                                 6      7        (VIOLATED)
_20636_/X                                 6      7        (VIOLATED)
_20655_/X                                 6      7        (VIOLATED)
_20660_/X                                 6      7        (VIOLATED)
_20993_/X                                 6      7        (VIOLATED)
_21022_/X                                 6      7        (VIOLATED)
_21062_/X                                 6      7        (VIOLATED)
_21097_/X                                 6      7        (VIOLATED)
_21119_/X                                 6      7        (VIOLATED)
_21125_/X                                 6      7        (VIOLATED)
_21133_/X                                 6      7        (VIOLATED)
_21198_/X                                 6      7        (VIOLATED)
_21230_/X                                 6      7        (VIOLATED)
_21235_/X                                 6      7        (VIOLATED)
_21544_/X                                 6      7        (VIOLATED)
_21787_/X                                 6      7        (VIOLATED)
_21944_/X                                 6      7        (VIOLATED)
_24097_/X                                 6      7        (VIOLATED)
_25438_/X                                 6      7        (VIOLATED)
_26284_/X                                 6      7        (VIOLATED)
_26361_/X                                 6      7        (VIOLATED)
_27402_/X                                 6      7        (VIOLATED)
_27558_/X                                 6      7        (VIOLATED)
_29307_/X                                 6      7        (VIOLATED)
_30472_/Q                                 6      7        (VIOLATED)
_30612_/Q                                 6      7        (VIOLATED)
_30715_/Q                                 6      7        (VIOLATED)
_30919_/Q                                 6      7        (VIOLATED)
_30920_/Q                                 6      7        (VIOLATED)
_30923_/Q                                 6      7        (VIOLATED)
_30934_/Q                                 6      7        (VIOLATED)
_30938_/Q                                 6      7        (VIOLATED)
_30939_/Q                                 6      7        (VIOLATED)
_30943_/Q                                 6      7        (VIOLATED)
_31014_/Q                                 6      7        (VIOLATED)
_31020_/Q                                 6      7        (VIOLATED)
_31022_/Q                                 6      7        (VIOLATED)
_31025_/Q                                 6      7        (VIOLATED)
_31029_/Q                                 6      7        (VIOLATED)
_31030_/Q                                 6      7        (VIOLATED)
_31255_/Q                                 6      7        (VIOLATED)
clkbuf_5_12_0_clk/X                       6      7        (VIOLATED)
clkbuf_5_24_0_clk/X                       6      7        (VIOLATED)
clkbuf_5_27_0_clk/X                       6      7        (VIOLATED)
clkbuf_5_29_0_clk/X                       6      7        (VIOLATED)
clkbuf_5_3_0_clk/X                        6      7        (VIOLATED)
clkbuf_5_4_0_clk/X                        6      7        (VIOLATED)
clkbuf_leaf_103_clk/X                     6      7        (VIOLATED)
clkbuf_leaf_104_clk/X                     6      7        (VIOLATED)
clkbuf_leaf_113_clk/X                     6      7        (VIOLATED)
clkbuf_leaf_120_clk/X                     6      7        (VIOLATED)
clkbuf_leaf_135_clk/X                     6      7        (VIOLATED)
clkbuf_leaf_138_clk/X                     6      7        (VIOLATED)
clkbuf_leaf_140_clk/X                     6      7        (VIOLATED)
clkbuf_leaf_141_clk/X                     6      7        (VIOLATED)
clkbuf_leaf_142_clk/X                     6      7        (VIOLATED)
clkbuf_leaf_146_clk/X                     6      7        (VIOLATED)
clkbuf_leaf_159_clk/X                     6      7        (VIOLATED)
clkbuf_leaf_175_clk/X                     6      7        (VIOLATED)
clkbuf_leaf_194_clk/X                     6      7        (VIOLATED)
clkbuf_leaf_196_clk/X                     6      7        (VIOLATED)
clkbuf_leaf_199_clk/X                     6      7        (VIOLATED)
clkbuf_leaf_19_clk/X                      6      7        (VIOLATED)
clkbuf_leaf_1_clk/X                       6      7        (VIOLATED)
clkbuf_leaf_204_clk/X                     6      7        (VIOLATED)
clkbuf_leaf_208_clk/X                     6      7        (VIOLATED)
clkbuf_leaf_218_clk/X                     6      7        (VIOLATED)
clkbuf_leaf_223_clk/X                     6      7        (VIOLATED)
clkbuf_leaf_224_clk/X                     6      7        (VIOLATED)
clkbuf_leaf_227_clk/X                     6      7        (VIOLATED)
clkbuf_leaf_22_clk/X                      6      7        (VIOLATED)
clkbuf_leaf_230_clk/X                     6      7        (VIOLATED)
clkbuf_leaf_234_clk/X                     6      7        (VIOLATED)
clkbuf_leaf_252_clk/X                     6      7        (VIOLATED)
clkbuf_leaf_265_clk/X                     6      7        (VIOLATED)
clkbuf_leaf_26_clk/X                      6      7        (VIOLATED)
clkbuf_leaf_35_clk/X                      6      7        (VIOLATED)
clkbuf_leaf_64_clk/X                      6      7        (VIOLATED)
clkbuf_leaf_65_clk/X                      6      7        (VIOLATED)
clkbuf_leaf_68_clk/X                      6      7        (VIOLATED)
clkbuf_leaf_75_clk/X                      6      7        (VIOLATED)
clkbuf_leaf_83_clk/X                      6      7        (VIOLATED)
clkbuf_leaf_84_clk/X                      6      7        (VIOLATED)
clkbuf_leaf_89_clk/X                      6      7        (VIOLATED)
clkbuf_leaf_98_clk/X                      6      7        (VIOLATED)
input56/X                                 6      7        (VIOLATED)
repeater342/X                             6      7        (VIOLATED)
repeater354/X                             6      7        (VIOLATED)


===========================================================================
max slew violation count 0
max fanout violation count 335
max cap violation count 0
============================================================================
