
===========================================================================
report_checks -unconstrained
============================================================================

======================= Slowest Corner ===================================

Startpoint: _30594_ (rising edge-triggered flip-flop clocked by clk)
Endpoint: _30234_ (rising edge-triggered flip-flop clocked by clk)
Path Group: clk
Path Type: max
Corner: ss

Fanout     Cap    Slew   Delay    Time   Description
-----------------------------------------------------------------------------
                          0.00    0.00   clock clk (rise edge)
                          0.00    0.00   clock source latency
                  0.47    0.35    0.35 ^ clk (in)
     2    0.07                           clk (net)
                  0.47    0.00    0.35 ^ clkbuf_0_clk/A (sky130_fd_sc_hd__clkbuf_16)
                  0.07    0.41    0.76 ^ clkbuf_0_clk/X (sky130_fd_sc_hd__clkbuf_16)
     2    0.02                           clknet_0_clk (net)
                  0.07    0.00    0.76 ^ clkbuf_1_1_0_clk/A (sky130_fd_sc_hd__clkbuf_8)
                  0.06    0.22    0.98 ^ clkbuf_1_1_0_clk/X (sky130_fd_sc_hd__clkbuf_8)
     1    0.01                           clknet_1_1_0_clk (net)
                  0.06    0.00    0.98 ^ clkbuf_1_1_1_clk/A (sky130_fd_sc_hd__clkbuf_8)
                  0.09    0.25    1.23 ^ clkbuf_1_1_1_clk/X (sky130_fd_sc_hd__clkbuf_8)
     2    0.02                           clknet_1_1_1_clk (net)
                  0.09    0.00    1.23 ^ clkbuf_2_2_0_clk/A (sky130_fd_sc_hd__clkbuf_8)
                  0.06    0.23    1.46 ^ clkbuf_2_2_0_clk/X (sky130_fd_sc_hd__clkbuf_8)
     1    0.01                           clknet_2_2_0_clk (net)
                  0.06    0.00    1.46 ^ clkbuf_2_2_1_clk/A (sky130_fd_sc_hd__clkbuf_8)
                  0.09    0.25    1.71 ^ clkbuf_2_2_1_clk/X (sky130_fd_sc_hd__clkbuf_8)
     2    0.02                           clknet_2_2_1_clk (net)
                  0.09    0.00    1.71 ^ clkbuf_3_4_0_clk/A (sky130_fd_sc_hd__clkbuf_8)
                  0.08    0.26    1.97 ^ clkbuf_3_4_0_clk/X (sky130_fd_sc_hd__clkbuf_8)
     2    0.02                           clknet_3_4_0_clk (net)
                  0.08    0.00    1.97 ^ clkbuf_4_9_0_clk/A (sky130_fd_sc_hd__clkbuf_8)
                  0.08    0.25    2.22 ^ clkbuf_4_9_0_clk/X (sky130_fd_sc_hd__clkbuf_8)
     2    0.02                           clknet_4_9_0_clk (net)
                  0.08    0.00    2.22 ^ clkbuf_5_18_0_clk/A (sky130_fd_sc_hd__clkbuf_8)
                  0.34    0.46    2.68 ^ clkbuf_5_18_0_clk/X (sky130_fd_sc_hd__clkbuf_8)
    13    0.13                           clknet_5_18_0_clk (net)
                  0.34    0.00    2.68 ^ clkbuf_leaf_249_clk/A (sky130_fd_sc_hd__clkbuf_16)
                  0.07    0.36    3.04 ^ clkbuf_leaf_249_clk/X (sky130_fd_sc_hd__clkbuf_16)
     9    0.02                           clknet_leaf_249_clk (net)
                  0.07    0.00    3.04 ^ _30594_/CLK (sky130_fd_sc_hd__dfxtp_1)
                  0.07    0.62    3.66 v _30594_/Q (sky130_fd_sc_hd__dfxtp_1)
     2    0.01                           genblk1.pcpi_mul.rs1[3] (net)
                  0.07    0.00    3.66 v _17939_/A (sky130_fd_sc_hd__clkbuf_2)
                  0.19    0.31    3.98 v _17939_/X (sky130_fd_sc_hd__clkbuf_2)
     6    0.03                           _11241_ (net)
                  0.19    0.00    3.98 v _18055_/B (sky130_fd_sc_hd__and4_1)
                  0.11    0.47    4.45 v _18055_/X (sky130_fd_sc_hd__and4_1)
     3    0.01                           _11354_ (net)
                  0.11    0.00    4.45 v _18058_/B (sky130_fd_sc_hd__or4bb_1)
                  0.22    1.24    5.69 v _18058_/X (sky130_fd_sc_hd__or4bb_1)
     3    0.01                           _11357_ (net)
                  0.22    0.00    5.69 v _18066_/B (sky130_fd_sc_hd__and3_1)
                  0.14    0.50    6.19 v _18066_/X (sky130_fd_sc_hd__and3_1)
     4    0.01                           _11365_ (net)
                  0.14    0.00    6.19 v _18068_/A (sky130_fd_sc_hd__or3b_1)
                  0.20    1.01    7.20 v _18068_/X (sky130_fd_sc_hd__or3b_1)
     3    0.01                           _11367_ (net)
                  0.20    0.00    7.20 v _18082_/A (sky130_fd_sc_hd__nand4_1)
                  0.19    0.24    7.43 ^ _18082_/Y (sky130_fd_sc_hd__nand4_1)
     3    0.01                           _11381_ (net)
                  0.19    0.00    7.43 ^ _18135_/B (sky130_fd_sc_hd__nand2_1)
                  0.11    0.19    7.63 v _18135_/Y (sky130_fd_sc_hd__nand2_1)
     2    0.01                           _11434_ (net)
                  0.11    0.00    7.63 v _18136_/C (sky130_fd_sc_hd__and3_1)
                  0.16    0.51    8.13 v _18136_/X (sky130_fd_sc_hd__and3_1)
     5    0.01                           _11435_ (net)
                  0.16    0.00    8.13 v _18157_/A (sky130_fd_sc_hd__nor3_1)
                  0.48    0.55    8.69 ^ _18157_/Y (sky130_fd_sc_hd__nor3_1)
     2    0.01                           _11455_ (net)
                  0.48    0.00    8.69 ^ _18198_/A2 (sky130_fd_sc_hd__o211ai_2)
                  0.19    0.34    9.03 v _18198_/Y (sky130_fd_sc_hd__o211ai_2)
     4    0.01                           _11496_ (net)
                  0.19    0.00    9.03 v _18267_/B1_N (sky130_fd_sc_hd__a21boi_1)
                  0.13    0.34    9.37 v _18267_/Y (sky130_fd_sc_hd__a21boi_1)
     2    0.01                           _11564_ (net)
                  0.13    0.00    9.37 v _18274_/B (sky130_fd_sc_hd__or4_1)
                  0.24    1.36   10.73 v _18274_/X (sky130_fd_sc_hd__or4_1)
     3    0.01                           _11571_ (net)
                  0.24    0.00   10.73 v _18277_/A1 (sky130_fd_sc_hd__a211o_1)
                  0.17    0.68   11.41 v _18277_/X (sky130_fd_sc_hd__a211o_1)
     2    0.01                           _11574_ (net)
                  0.17    0.00   11.41 v _18345_/A2 (sky130_fd_sc_hd__a21o_1)
                  0.17    0.49   11.89 v _18345_/X (sky130_fd_sc_hd__a21o_1)
     1    0.02                           _11641_ (net)
                  0.17    0.00   11.89 v _18346_/B (sky130_fd_sc_hd__xnor2_4)
                  0.16    0.34   12.23 v _18346_/Y (sky130_fd_sc_hd__xnor2_4)
     3    0.02                           _11642_ (net)
                  0.16    0.00   12.23 v _18433_/C (sky130_fd_sc_hd__or3_1)
                  0.14    0.78   13.01 v _18433_/X (sky130_fd_sc_hd__or3_1)
     1    0.00                           _11728_ (net)
                  0.14    0.00   13.01 v _18435_/B1 (sky130_fd_sc_hd__o311a_2)
                  0.20    0.40   13.41 v _18435_/X (sky130_fd_sc_hd__o311a_2)
     3    0.03                           _11730_ (net)
                  0.20    0.00   13.41 v _18633_/B2 (sky130_fd_sc_hd__o221a_1)
                  0.18    0.58   13.99 v _18633_/X (sky130_fd_sc_hd__o221a_1)
     2    0.01                           _11926_ (net)
                  0.18    0.00   13.99 v _18731_/A3 (sky130_fd_sc_hd__o41ai_4)
                  0.92    1.01   15.00 ^ _18731_/Y (sky130_fd_sc_hd__o41ai_4)
     4    0.03                           _12022_ (net)
                  0.92    0.00   15.00 ^ _19331_/C_N (sky130_fd_sc_hd__or3b_2)
                  0.24    1.44   16.44 v _19331_/X (sky130_fd_sc_hd__or3b_2)
     3    0.02                           _12618_ (net)
                  0.24    0.00   16.44 v _19898_/A1 (sky130_fd_sc_hd__a21boi_2)
                  0.34    0.45   16.90 ^ _19898_/Y (sky130_fd_sc_hd__a21boi_2)
     2    0.02                           _13181_ (net)
                  0.34    0.00   16.90 ^ _21308_/A1 (sky130_fd_sc_hd__o2111ai_1)
                  0.23    0.39   17.29 v _21308_/Y (sky130_fd_sc_hd__o2111ai_1)
     1    0.00                           _14583_ (net)
                  0.23    0.00   17.29 v _21309_/C (sky130_fd_sc_hd__and3_4)
                  0.17    0.54   17.83 v _21309_/X (sky130_fd_sc_hd__and3_4)
     5    0.06                           _14584_ (net)
                  0.17    0.02   17.85 v _22690_/A_N (sky130_fd_sc_hd__and3b_4)
                  0.27    0.87   18.72 ^ _22690_/X (sky130_fd_sc_hd__and3b_4)
     4    0.04                           _02515_ (net)
                  0.27    0.01   18.74 ^ _24181_/A1 (sky130_fd_sc_hd__o2111a_1)
                  0.22    0.63   19.37 ^ _24181_/X (sky130_fd_sc_hd__o2111a_1)
     2    0.01                           _03994_ (net)
                  0.22    0.00   19.37 ^ _24395_/A1 (sky130_fd_sc_hd__o311a_1)
                  0.28    0.59   19.96 ^ _24395_/X (sky130_fd_sc_hd__o311a_1)
     3    0.02                           _04206_ (net)
                  0.28    0.00   19.96 ^ _24780_/A1 (sky130_fd_sc_hd__o2111a_1)
                  0.25    0.66   20.62 ^ _24780_/X (sky130_fd_sc_hd__o2111a_1)
     3    0.01                           _04587_ (net)
                  0.25    0.00   20.62 ^ _24940_/A1 (sky130_fd_sc_hd__o311a_1)
                  0.19    0.53   21.15 ^ _24940_/X (sky130_fd_sc_hd__o311a_1)
     3    0.01                           _04745_ (net)
                  0.19    0.00   21.15 ^ _25080_/A2 (sky130_fd_sc_hd__o31a_1)
                  0.22    0.42   21.57 ^ _25080_/X (sky130_fd_sc_hd__o31a_1)
     2    0.01                           _04883_ (net)
                  0.22    0.00   21.57 ^ _25082_/A2 (sky130_fd_sc_hd__a21o_1)
                  0.11    0.32   21.89 ^ _25082_/X (sky130_fd_sc_hd__a21o_1)
     1    0.01                           _04884_ (net)
                  0.11    0.00   21.89 ^ _25119_/A (sky130_fd_sc_hd__xnor2_1)
                  0.08    0.15   22.05 v _25119_/Y (sky130_fd_sc_hd__xnor2_1)
     1    0.00                           _00111_ (net)
                  0.08    0.00   22.05 v _30234_/D (sky130_fd_sc_hd__dfxtp_1)
                                 22.05   data arrival time

                         24.00   24.00   clock clk (rise edge)
                          0.00   24.00   clock source latency
                  0.47    0.32   24.32 ^ clk (in)
     2    0.07                           clk (net)
                  0.47    0.00   24.32 ^ clkbuf_0_clk/A (sky130_fd_sc_hd__clkbuf_16)
                  0.07    0.37   24.69 ^ clkbuf_0_clk/X (sky130_fd_sc_hd__clkbuf_16)
     2    0.02                           clknet_0_clk (net)
                  0.07    0.00   24.69 ^ clkbuf_1_0_0_clk/A (sky130_fd_sc_hd__clkbuf_8)
                  0.06    0.20   24.89 ^ clkbuf_1_0_0_clk/X (sky130_fd_sc_hd__clkbuf_8)
     1    0.01                           clknet_1_0_0_clk (net)
                  0.06    0.00   24.89 ^ clkbuf_1_0_1_clk/A (sky130_fd_sc_hd__clkbuf_8)
                  0.10    0.23   25.12 ^ clkbuf_1_0_1_clk/X (sky130_fd_sc_hd__clkbuf_8)
     2    0.03                           clknet_1_0_1_clk (net)
                  0.10    0.00   25.12 ^ clkbuf_2_1_0_clk/A (sky130_fd_sc_hd__clkbuf_8)
                  0.06    0.21   25.33 ^ clkbuf_2_1_0_clk/X (sky130_fd_sc_hd__clkbuf_8)
     1    0.01                           clknet_2_1_0_clk (net)
                  0.06    0.00   25.33 ^ clkbuf_2_1_1_clk/A (sky130_fd_sc_hd__clkbuf_8)
                  0.09    0.22   25.56 ^ clkbuf_2_1_1_clk/X (sky130_fd_sc_hd__clkbuf_8)
     2    0.02                           clknet_2_1_1_clk (net)
                  0.09    0.00   25.56 ^ clkbuf_3_3_0_clk/A (sky130_fd_sc_hd__clkbuf_8)
                  0.08    0.23   25.79 ^ clkbuf_3_3_0_clk/X (sky130_fd_sc_hd__clkbuf_8)
     2    0.02                           clknet_3_3_0_clk (net)
                  0.08    0.00   25.79 ^ clkbuf_4_7_0_clk/A (sky130_fd_sc_hd__clkbuf_8)
                  0.07    0.22   26.01 ^ clkbuf_4_7_0_clk/X (sky130_fd_sc_hd__clkbuf_8)
     2    0.02                           clknet_4_7_0_clk (net)
                  0.07    0.00   26.01 ^ clkbuf_5_14_0_clk/A (sky130_fd_sc_hd__clkbuf_8)
                  0.35    0.42   26.43 ^ clkbuf_5_14_0_clk/X (sky130_fd_sc_hd__clkbuf_8)
    13    0.13                           clknet_5_14_0_clk (net)
                  0.35    0.01   26.44 ^ clkbuf_leaf_16_clk/A (sky130_fd_sc_hd__clkbuf_16)
                  0.06    0.31   26.76 ^ clkbuf_leaf_16_clk/X (sky130_fd_sc_hd__clkbuf_16)
     3    0.01                           clknet_leaf_16_clk (net)
                  0.06    0.00   26.76 ^ _30234_/CLK (sky130_fd_sc_hd__dfxtp_1)
                         -0.25   26.51   clock uncertainty
                          0.07   26.58   clock reconvergence pessimism
                         -0.28   26.30   library setup time
                                 26.30   data required time
-----------------------------------------------------------------------------
                                 26.30   data required time
                                -22.05   data arrival time
-----------------------------------------------------------------------------
                                  4.25   slack (MET)



======================= Typical Corner ===================================

Startpoint: resetn (input port clocked by clk)
Endpoint: mem_la_write (output port clocked by clk)
Path Group: clk
Path Type: max
Corner: tt

Fanout     Cap    Slew   Delay    Time   Description
-----------------------------------------------------------------------------
                          0.00    0.00   clock clk (rise edge)
                          0.00    0.00   clock network delay (propagated)
                          4.80    4.80 ^ input external delay
                  0.03    0.02    4.82 ^ resetn (in)
     1    0.01                           resetn (net)
                  0.03    0.00    4.82 ^ input66/A (sky130_fd_sc_hd__buf_6)
                  0.14    0.17    4.99 ^ input66/X (sky130_fd_sc_hd__buf_6)
     2    0.07                           net66 (net)
                  0.15    0.03    5.01 ^ _15035_/A (sky130_fd_sc_hd__clkbuf_2)
                  0.15    0.22    5.24 ^ _15035_/X (sky130_fd_sc_hd__clkbuf_2)
     6    0.03                           _08515_ (net)
                  0.15    0.00    5.24 ^ _15451_/B (sky130_fd_sc_hd__nand3_2)
                  0.13    0.16    5.40 v _15451_/Y (sky130_fd_sc_hd__nand3_2)
     4    0.02                           _08917_ (net)
                  0.13    0.00    5.40 v _15452_/A (sky130_fd_sc_hd__inv_2)
                  0.18    0.20    5.60 ^ _15452_/Y (sky130_fd_sc_hd__inv_2)
     4    0.04                           net193 (net)
                  0.18    0.01    5.61 ^ output193/A (sky130_fd_sc_hd__buf_2)
                  0.17    0.26    5.87 ^ output193/X (sky130_fd_sc_hd__buf_2)
     1    0.03                           mem_la_write (net)
                  0.17    0.00    5.87 ^ mem_la_write (out)
                                  5.87   data arrival time

                         24.00   24.00   clock clk (rise edge)
                          0.00   24.00   clock network delay (propagated)
                         -0.25   23.75   clock uncertainty
                          0.00   23.75   clock reconvergence pessimism
                         -4.80   18.95   output external delay
                                 18.95   data required time
-----------------------------------------------------------------------------
                                 18.95   data required time
                                 -5.87   data arrival time
-----------------------------------------------------------------------------
                                 13.08   slack (MET)



======================= Fastest Corner ===================================

Startpoint: resetn (input port clocked by clk)
Endpoint: mem_la_write (output port clocked by clk)
Path Group: clk
Path Type: max
Corner: ff

Fanout     Cap    Slew   Delay    Time   Description
-----------------------------------------------------------------------------
                          0.00    0.00   clock clk (rise edge)
                          0.00    0.00   clock network delay (propagated)
                          4.80    4.80 ^ input external delay
                  0.02    0.02    4.82 ^ resetn (in)
     1    0.01                           resetn (net)
                  0.02    0.00    4.82 ^ input66/A (sky130_fd_sc_hd__buf_6)
                  0.11    0.11    4.93 ^ input66/X (sky130_fd_sc_hd__buf_6)
     2    0.07                           net66 (net)
                  0.12    0.03    4.96 ^ _15035_/A (sky130_fd_sc_hd__clkbuf_2)
                  0.11    0.15    5.11 ^ _15035_/X (sky130_fd_sc_hd__clkbuf_2)
     6    0.03                           _08515_ (net)
                  0.11    0.00    5.11 ^ _15451_/B (sky130_fd_sc_hd__nand3_2)
                  0.08    0.10    5.21 v _15451_/Y (sky130_fd_sc_hd__nand3_2)
     4    0.02                           _08917_ (net)
                  0.08    0.00    5.21 v _15452_/A (sky130_fd_sc_hd__inv_2)
                  0.14    0.14    5.35 ^ _15452_/Y (sky130_fd_sc_hd__inv_2)
     4    0.04                           net193 (net)
                  0.14    0.01    5.36 ^ output193/A (sky130_fd_sc_hd__buf_2)
                  0.13    0.17    5.53 ^ output193/X (sky130_fd_sc_hd__buf_2)
     1    0.03                           mem_la_write (net)
                  0.13    0.00    5.53 ^ mem_la_write (out)
                                  5.53   data arrival time

                         24.00   24.00   clock clk (rise edge)
                          0.00   24.00   clock network delay (propagated)
                         -0.25   23.75   clock uncertainty
                          0.00   23.75   clock reconvergence pessimism
                         -4.80   18.95   output external delay
                                 18.95   data required time
-----------------------------------------------------------------------------
                                 18.95   data required time
                                 -5.53   data arrival time
-----------------------------------------------------------------------------
                                 13.42   slack (MET)



===========================================================================
report_checks --slack_max -0.01
============================================================================

======================= Slowest Corner ===================================

No paths found.

======================= Typical Corner ===================================

No paths found.

======================= Fastest Corner ===================================

No paths found.
