
===========================================================================
 report_clock_skew
============================================================================

======================== Slowest Corner ==================================

Clock clk
Latency      CRPR       Skew
_30640_/CLK ^
   3.27
_30222_/CLK ^
   2.30     -0.07       0.89


======================= Typical Corner ===================================

Clock clk
Latency      CRPR       Skew
_30640_/CLK ^
   1.85
_30222_/CLK ^
   1.30     -0.04       0.51


======================= Fastest Corner ===================================

Clock clk
Latency      CRPR       Skew
_30640_/CLK ^
   1.25
_30222_/CLK ^
   0.88     -0.03       0.35

