
===========================================================================
 report_power
============================================================================


======================= Slowest Corner =================================

Group                  Internal  Switching    Leakage      Total
                          Power      Power      Power      Power
----------------------------------------------------------------
Sequential             2.77e-03   5.65e-04   2.40e-05   3.36e-03  23.1%
Combinational          5.39e-03   5.69e-03   7.86e-05   1.12e-02  76.9%
Macro                  0.00e+00   0.00e+00   0.00e+00   0.00e+00   0.0%
Pad                    0.00e+00   0.00e+00   0.00e+00   0.00e+00   0.0%
----------------------------------------------------------------
Total                  8.15e-03   6.26e-03   1.03e-04   1.45e-02 100.0%
                          56.2%      43.1%       0.7%

======================= Typical Corner ===================================

Group                  Internal  Switching    Leakage      Total
                          Power      Power      Power      Power
----------------------------------------------------------------
Sequential             3.51e-03   7.15e-04   1.37e-08   4.23e-03  23.2%
Combinational          6.74e-03   7.27e-03   1.24e-07   1.40e-02  76.8%
Macro                  0.00e+00   0.00e+00   0.00e+00   0.00e+00   0.0%
Pad                    0.00e+00   0.00e+00   0.00e+00   0.00e+00   0.0%
----------------------------------------------------------------
Total                  1.03e-02   7.99e-03   1.38e-07   1.82e-02 100.0%
                          56.2%      43.8%       0.0%


======================= Fastest Corner =================================

Group                  Internal  Switching    Leakage      Total
                          Power      Power      Power      Power
----------------------------------------------------------------
Sequential             4.06e-03   8.41e-04   2.50e-08   4.91e-03  23.3%
Combinational          7.55e-03   8.60e-03   1.86e-07   1.61e-02  76.7%
Macro                  0.00e+00   0.00e+00   0.00e+00   0.00e+00   0.0%
Pad                    0.00e+00   0.00e+00   0.00e+00   0.00e+00   0.0%
----------------------------------------------------------------
Total                  1.16e-02   9.44e-03   2.11e-07   2.11e-02 100.0%
                          55.2%      44.8%       0.0%
