OpenROAD c1c315118e68926dfff368f85e13bf50adaa920f 
This program is licensed under the BSD-3 license. See the LICENSE file for details.
Components of this program may be licensed under more restrictive licenses which must be honored.
[INFO ODB-0222] Reading LEF file: /openlane/designs/current/runs/RUN__2022_06_04__22_38_11/tmp/merged.unpadded.nom.lef
[INFO ODB-0223]     Created 13 technology layers
[INFO ODB-0224]     Created 25 technology vias
[INFO ODB-0225]     Created 441 library cells
[INFO ODB-0226] Finished LEF file:  /openlane/designs/current/runs/RUN__2022_06_04__22_38_11/tmp/merged.unpadded.nom.lef
[INFO ODB-0127] Reading DEF file: /openlane/designs/current/runs/RUN__2022_06_04__22_38_11/results/floorplan/demultiplexer.def
[INFO ODB-0128] Design: demultiplexer
[INFO ODB-0130]     Created 12 pins.
[INFO ODB-0131]     Created 511 components and 1362 component-terminals.
[INFO ODB-0133]     Created 23 nets and 62 connections.
[INFO ODB-0134] Finished DEF file: /openlane/designs/current/runs/RUN__2022_06_04__22_38_11/results/floorplan/demultiplexer.def
[INFO PDN-0008] Design name is demultiplexer.
[INFO PDN-0009] Reading technology data.
[INFO PDN-0011] ****** INFO ******
Type: stdcell, stdcell_grid
    Stdcell Rails
      Layer: met1  -  width: 0.480  pitch: 5.440 
    Straps
      Layer: met4  -  width: 1.600  pitch: 41.400  offset: 20.700 
      Layer: met5  -  width: 1.600  pitch: 40.800  offset: 20.400 
    Connect: {met4 met5} {met1 met4}
Type: macro, CORE_macro_grid_1
    Macro orientation: R0 R180 MX MY R90 R270 MXR90 MYR90
    Straps
    Connect: {met4_PIN_ver met5}
[INFO PDN-0012] **** END INFO ****
[INFO PDN-0013] Inserting stdcell grid - stdcell_grid.
[INFO PDN-0015] Writing to database.
[WARNING PSM-0016] Voltage pad location (VSRC) file not specified, defaulting pad location to checkerboard pattern on core area.
[WARNING PSM-0017] X direction bump pitch is not specified, defaulting to 140um.
[WARNING PSM-0018] Y direction bump pitch is not specified, defaulting to 140um.
[WARNING PSM-0019] Voltage on net VPWR is not explicitly set.
[WARNING PSM-0022] Using voltage 1.800V for VDD network.
[WARNING PSM-0065] VSRC location not specified, using default checkerboard pattern with one VDD every size bumps in x-direction and one in two bumps in the y-direction
[WARNING PSM-0030] VSRC location at (5.520um, 10.880um) and size 10.000um, is not located on an existing power stripe node. Moving to closest node at (5.520um, 31.040um).
[INFO PSM-0031] Number of PDN nodes on net VPWR = 1338.
[INFO PSM-0064] Number of voltage sources = 1.
[INFO PSM-0040] All PDN stripes on net VPWR are connected.
[WARNING PSM-0016] Voltage pad location (VSRC) file not specified, defaulting pad location to checkerboard pattern on core area.
[WARNING PSM-0017] X direction bump pitch is not specified, defaulting to 140um.
[WARNING PSM-0018] Y direction bump pitch is not specified, defaulting to 140um.
[WARNING PSM-0019] Voltage on net VGND is not explicitly set.
[WARNING PSM-0021] Using voltage 0.000V for ground network.
[WARNING PSM-0065] VSRC location not specified, using default checkerboard pattern with one VDD every size bumps in x-direction and one in two bumps in the y-direction
[WARNING PSM-0030] VSRC location at (5.520um, 10.880um) and size 10.000um, is not located on an existing power stripe node. Moving to closest node at (5.520um, 51.440um).
[INFO PSM-0031] Number of PDN nodes on net VGND = 1270.
[INFO PSM-0064] Number of voltage sources = 1.
[INFO PSM-0040] All PDN stripes on net VGND are connected.
[INFO]: Setting RC values...
[INFO PSM-0002] Output voltage file is specified as: /openlane/designs/current/runs/RUN__2022_06_04__22_38_11/tmp/floorplan/6-pdn.pga.rpt.
[WARNING PSM-0016] Voltage pad location (VSRC) file not specified, defaulting pad location to checkerboard pattern on core area.
[WARNING PSM-0017] X direction bump pitch is not specified, defaulting to 140um.
[WARNING PSM-0018] Y direction bump pitch is not specified, defaulting to 140um.
[WARNING PSM-0019] Voltage on net VPWR is not explicitly set.
[WARNING PSM-0022] Using voltage 1.800V for VDD network.
[WARNING PSM-0065] VSRC location not specified, using default checkerboard pattern with one VDD every size bumps in x-direction and one in two bumps in the y-direction
[WARNING PSM-0030] VSRC location at (5.520um, 10.880um) and size 10.000um, is not located on an existing power stripe node. Moving to closest node at (5.520um, 31.040um).
[INFO PSM-0031] Number of PDN nodes on net VPWR = 1338.
[WARNING PSM-0071] Instance _11_ is not placed. Therefore, the power drawn by this instance is not considered for IR  drop estimation. Please run analyze_power_grid after instances are placed.
[WARNING PSM-0071] Instance _12_ is not placed. Therefore, the power drawn by this instance is not considered for IR  drop estimation. Please run analyze_power_grid after instances are placed.
[WARNING PSM-0071] Instance _13_ is not placed. Therefore, the power drawn by this instance is not considered for IR  drop estimation. Please run analyze_power_grid after instances are placed.
[WARNING PSM-0071] Instance _14_ is not placed. Therefore, the power drawn by this instance is not considered for IR  drop estimation. Please run analyze_power_grid after instances are placed.
[WARNING PSM-0071] Instance _15_ is not placed. Therefore, the power drawn by this instance is not considered for IR  drop estimation. Please run analyze_power_grid after instances are placed.
[WARNING PSM-0071] Instance _16_ is not placed. Therefore, the power drawn by this instance is not considered for IR  drop estimation. Please run analyze_power_grid after instances are placed.
[WARNING PSM-0071] Instance _17_ is not placed. Therefore, the power drawn by this instance is not considered for IR  drop estimation. Please run analyze_power_grid after instances are placed.
[WARNING PSM-0071] Instance _18_ is not placed. Therefore, the power drawn by this instance is not considered for IR  drop estimation. Please run analyze_power_grid after instances are placed.
[WARNING PSM-0071] Instance _19_ is not placed. Therefore, the power drawn by this instance is not considered for IR  drop estimation. Please run analyze_power_grid after instances are placed.
[WARNING PSM-0071] Instance _20_ is not placed. Therefore, the power drawn by this instance is not considered for IR  drop estimation. Please run analyze_power_grid after instances are placed.
[WARNING PSM-0071] Instance _21_ is not placed. Therefore, the power drawn by this instance is not considered for IR  drop estimation. Please run analyze_power_grid after instances are placed.
[WARNING PSM-0071] Instance _22_ is not placed. Therefore, the power drawn by this instance is not considered for IR  drop estimation. Please run analyze_power_grid after instances are placed.
[WARNING PSM-0071] Instance _23_ is not placed. Therefore, the power drawn by this instance is not considered for IR  drop estimation. Please run analyze_power_grid after instances are placed.
[WARNING PSM-0071] Instance _24_ is not placed. Therefore, the power drawn by this instance is not considered for IR  drop estimation. Please run analyze_power_grid after instances are placed.
[WARNING PSM-0071] Instance _25_ is not placed. Therefore, the power drawn by this instance is not considered for IR  drop estimation. Please run analyze_power_grid after instances are placed.
[WARNING PSM-0071] Instance _26_ is not placed. Therefore, the power drawn by this instance is not considered for IR  drop estimation. Please run analyze_power_grid after instances are placed.
[WARNING PSM-0071] Instance _27_ is not placed. Therefore, the power drawn by this instance is not considered for IR  drop estimation. Please run analyze_power_grid after instances are placed.
[WARNING PSM-0071] Instance _28_ is not placed. Therefore, the power drawn by this instance is not considered for IR  drop estimation. Please run analyze_power_grid after instances are placed.
[WARNING PSM-0071] Instance _29_ is not placed. Therefore, the power drawn by this instance is not considered for IR  drop estimation. Please run analyze_power_grid after instances are placed.
[INFO PSM-0064] Number of voltage sources = 1.
[INFO PSM-0040] All PDN stripes on net VPWR are connected.
########## IR report #################
Worstcase voltage: 1.80e+00 V
Average IR drop  : 4.38e-10 V
Worstcase IR drop: 5.55e-10 V
######################################
