Instance name,  X location,  Y location,  Voltage 
PHY_500, 5.4, 693.6, 1.8
PHY_501, 685.8, 693.6, 1.8
PHY_496, 5.4, 688.16, 1.8
PHY_498, 5.4, 688.16, 1.8
PHY_497, 685.8, 688.16, 1.8
PHY_499, 685.8, 688.16, 1.8
PHY_492, 5.4, 682.72, 1.8
PHY_494, 5.4, 682.72, 1.8
PHY_493, 685.8, 682.72, 1.8
PHY_495, 685.8, 682.72, 1.8
PHY_488, 5.4, 677.28, 1.8
PHY_490, 5.4, 677.28, 1.8
PHY_489, 685.8, 677.28, 1.8
PHY_491, 685.8, 677.28, 1.8
PHY_484, 5.4, 671.84, 1.8
PHY_486, 5.4, 671.84, 1.8
PHY_485, 685.8, 671.84, 1.8
PHY_487, 685.8, 671.84, 1.8
PHY_480, 5.4, 666.4, 1.8
PHY_482, 5.4, 666.4, 1.8
PHY_481, 685.8, 666.4, 1.8
PHY_483, 685.8, 666.4, 1.8
PHY_476, 5.4, 660.96, 1.8
PHY_478, 5.4, 660.96, 1.8
PHY_477, 685.8, 660.96, 1.8
PHY_479, 685.8, 660.96, 1.8
PHY_472, 5.4, 655.52, 1.8
PHY_474, 5.4, 655.52, 1.8
PHY_473, 685.8, 655.52, 1.8
PHY_475, 685.8, 655.52, 1.8
PHY_468, 5.4, 650.08, 1.8
PHY_470, 5.4, 650.08, 1.8
PHY_469, 685.8, 650.08, 1.8
PHY_471, 685.8, 650.08, 1.8
PHY_464, 5.4, 644.64, 1.8
PHY_466, 5.4, 644.64, 1.8
PHY_465, 685.8, 644.64, 1.8
PHY_467, 685.8, 644.64, 1.8
PHY_460, 5.4, 639.2, 1.8
PHY_462, 5.4, 639.2, 1.8
PHY_461, 685.8, 639.2, 1.8
PHY_463, 685.8, 639.2, 1.8
PHY_456, 5.4, 633.76, 1.8
PHY_458, 5.4, 633.76, 1.8
PHY_457, 685.8, 633.76, 1.8
PHY_459, 685.8, 633.76, 1.8
PHY_452, 5.4, 628.32, 1.8
PHY_454, 5.4, 628.32, 1.8
PHY_453, 685.8, 628.32, 1.8
PHY_455, 685.8, 628.32, 1.8
PHY_448, 5.4, 622.88, 1.8
PHY_450, 5.4, 622.88, 1.8
PHY_449, 685.8, 622.88, 1.8
PHY_451, 685.8, 622.88, 1.8
PHY_444, 5.4, 617.44, 1.8
PHY_446, 5.4, 617.44, 1.8
PHY_445, 685.8, 617.44, 1.8
PHY_447, 685.8, 617.44, 1.8
PHY_440, 5.4, 612, 1.8
PHY_442, 5.4, 612, 1.8
PHY_441, 685.8, 612, 1.8
PHY_443, 685.8, 612, 1.8
PHY_436, 5.4, 606.56, 1.8
PHY_438, 5.4, 606.56, 1.8
PHY_437, 685.8, 606.56, 1.8
PHY_439, 685.8, 606.56, 1.8
PHY_432, 5.4, 601.12, 1.8
PHY_434, 5.4, 601.12, 1.8
PHY_433, 685.8, 601.12, 1.8
PHY_435, 685.8, 601.12, 1.8
PHY_428, 5.4, 595.68, 1.8
PHY_430, 5.4, 595.68, 1.8
PHY_429, 685.8, 595.68, 1.8
PHY_431, 685.8, 595.68, 1.8
PHY_424, 5.4, 590.24, 1.8
PHY_426, 5.4, 590.24, 1.8
PHY_425, 685.8, 590.24, 1.8
PHY_427, 685.8, 590.24, 1.8
PHY_420, 5.4, 584.8, 1.8
PHY_422, 5.4, 584.8, 1.8
PHY_421, 685.8, 584.8, 1.8
PHY_423, 685.8, 584.8, 1.8
PHY_416, 5.4, 579.36, 1.8
PHY_418, 5.4, 579.36, 1.8
PHY_417, 685.8, 579.36, 1.8
PHY_419, 685.8, 579.36, 1.8
PHY_412, 5.4, 573.92, 1.8
PHY_414, 5.4, 573.92, 1.8
PHY_413, 685.8, 573.92, 1.8
PHY_415, 685.8, 573.92, 1.8
PHY_408, 5.4, 568.48, 1.8
PHY_410, 5.4, 568.48, 1.8
PHY_409, 685.8, 568.48, 1.8
PHY_411, 685.8, 568.48, 1.8
PHY_404, 5.4, 563.04, 1.8
PHY_406, 5.4, 563.04, 1.8
PHY_405, 685.8, 563.04, 1.8
PHY_407, 685.8, 563.04, 1.8
PHY_400, 5.4, 557.6, 1.8
PHY_402, 5.4, 557.6, 1.8
PHY_401, 685.8, 557.6, 1.8
PHY_403, 685.8, 557.6, 1.8
PHY_396, 5.4, 552.16, 1.8
PHY_398, 5.4, 552.16, 1.8
PHY_397, 685.8, 552.16, 1.8
PHY_399, 685.8, 552.16, 1.8
PHY_392, 5.4, 546.72, 1.8
PHY_394, 5.4, 546.72, 1.8
PHY_393, 685.8, 546.72, 1.8
PHY_395, 685.8, 546.72, 1.8
PHY_388, 5.4, 541.28, 1.8
PHY_390, 5.4, 541.28, 1.8
PHY_389, 685.8, 541.28, 1.8
PHY_391, 685.8, 541.28, 1.8
PHY_384, 5.4, 535.84, 1.8
PHY_386, 5.4, 535.84, 1.8
PHY_385, 685.8, 535.84, 1.8
PHY_387, 685.8, 535.84, 1.8
PHY_380, 5.4, 530.4, 1.8
PHY_382, 5.4, 530.4, 1.8
PHY_381, 685.8, 530.4, 1.8
PHY_383, 685.8, 530.4, 1.8
PHY_376, 5.4, 524.96, 1.8
PHY_378, 5.4, 524.96, 1.8
PHY_377, 685.8, 524.96, 1.8
PHY_379, 685.8, 524.96, 1.8
PHY_372, 5.4, 519.52, 1.8
PHY_374, 5.4, 519.52, 1.8
PHY_373, 685.8, 519.52, 1.8
PHY_375, 685.8, 519.52, 1.8
PHY_368, 5.4, 514.08, 1.8
PHY_370, 5.4, 514.08, 1.8
PHY_369, 685.8, 514.08, 1.8
PHY_371, 685.8, 514.08, 1.8
PHY_364, 5.4, 508.64, 1.8
PHY_366, 5.4, 508.64, 1.8
PHY_365, 685.8, 508.64, 1.8
PHY_367, 685.8, 508.64, 1.8
PHY_360, 5.4, 503.2, 1.8
PHY_362, 5.4, 503.2, 1.8
PHY_361, 685.8, 503.2, 1.8
PHY_363, 685.8, 503.2, 1.8
PHY_356, 5.4, 497.76, 1.8
PHY_358, 5.4, 497.76, 1.8
PHY_357, 685.8, 497.76, 1.8
PHY_359, 685.8, 497.76, 1.8
PHY_352, 5.4, 492.32, 1.8
PHY_354, 5.4, 492.32, 1.8
PHY_353, 685.8, 492.32, 1.8
PHY_355, 685.8, 492.32, 1.8
PHY_348, 5.4, 486.88, 1.8
PHY_350, 5.4, 486.88, 1.8
PHY_349, 685.8, 486.88, 1.8
PHY_351, 685.8, 486.88, 1.8
PHY_344, 5.4, 481.44, 1.8
PHY_346, 5.4, 481.44, 1.8
PHY_345, 685.8, 481.44, 1.8
PHY_347, 685.8, 481.44, 1.8
PHY_340, 5.4, 476, 1.8
PHY_342, 5.4, 476, 1.8
PHY_341, 685.8, 476, 1.8
PHY_343, 685.8, 476, 1.8
PHY_336, 5.4, 470.56, 1.8
PHY_338, 5.4, 470.56, 1.8
PHY_337, 685.8, 470.56, 1.8
PHY_339, 685.8, 470.56, 1.8
PHY_332, 5.4, 465.12, 1.8
PHY_334, 5.4, 465.12, 1.8
PHY_333, 685.8, 465.12, 1.8
PHY_335, 685.8, 465.12, 1.8
PHY_328, 5.4, 459.68, 1.8
PHY_330, 5.4, 459.68, 1.8
PHY_329, 685.8, 459.68, 1.8
PHY_331, 685.8, 459.68, 1.8
PHY_324, 5.4, 454.24, 1.8
PHY_326, 5.4, 454.24, 1.8
PHY_325, 685.8, 454.24, 1.8
PHY_327, 685.8, 454.24, 1.8
PHY_320, 5.4, 448.8, 1.8
PHY_322, 5.4, 448.8, 1.8
PHY_321, 685.8, 448.8, 1.8
PHY_323, 685.8, 448.8, 1.8
PHY_316, 5.4, 443.36, 1.8
PHY_318, 5.4, 443.36, 1.8
PHY_317, 685.8, 443.36, 1.8
PHY_319, 685.8, 443.36, 1.8
PHY_312, 5.4, 437.92, 1.8
PHY_314, 5.4, 437.92, 1.8
PHY_313, 685.8, 437.92, 1.8
PHY_315, 685.8, 437.92, 1.8
PHY_308, 5.4, 432.48, 1.8
PHY_310, 5.4, 432.48, 1.8
PHY_309, 685.8, 432.48, 1.8
PHY_311, 685.8, 432.48, 1.8
PHY_304, 5.4, 427.04, 1.8
PHY_306, 5.4, 427.04, 1.8
PHY_305, 685.8, 427.04, 1.8
PHY_307, 685.8, 427.04, 1.8
PHY_300, 5.4, 421.6, 1.8
PHY_302, 5.4, 421.6, 1.8
PHY_301, 685.8, 421.6, 1.8
PHY_303, 685.8, 421.6, 1.8
PHY_296, 5.4, 416.16, 1.8
PHY_298, 5.4, 416.16, 1.8
PHY_297, 685.8, 416.16, 1.8
PHY_299, 685.8, 416.16, 1.8
PHY_292, 5.4, 410.72, 1.8
PHY_294, 5.4, 410.72, 1.8
PHY_293, 685.8, 410.72, 1.8
PHY_295, 685.8, 410.72, 1.8
PHY_288, 5.4, 405.28, 1.8
PHY_290, 5.4, 405.28, 1.8
PHY_289, 685.8, 405.28, 1.8
PHY_291, 685.8, 405.28, 1.8
PHY_284, 5.4, 399.84, 1.8
PHY_286, 5.4, 399.84, 1.8
PHY_285, 685.8, 399.84, 1.8
PHY_287, 685.8, 399.84, 1.8
PHY_280, 5.4, 394.4, 1.8
PHY_282, 5.4, 394.4, 1.8
PHY_281, 685.8, 394.4, 1.8
PHY_283, 685.8, 394.4, 1.8
PHY_276, 5.4, 388.96, 1.8
PHY_278, 5.4, 388.96, 1.8
PHY_277, 685.8, 388.96, 1.8
PHY_279, 685.8, 388.96, 1.8
PHY_272, 5.4, 383.52, 1.8
PHY_274, 5.4, 383.52, 1.8
PHY_273, 685.8, 383.52, 1.8
PHY_275, 685.8, 383.52, 1.8
PHY_268, 5.4, 378.08, 1.8
PHY_270, 5.4, 378.08, 1.8
PHY_269, 685.8, 378.08, 1.8
PHY_271, 685.8, 378.08, 1.8
PHY_264, 5.4, 372.64, 1.8
PHY_266, 5.4, 372.64, 1.8
PHY_265, 685.8, 372.64, 1.8
PHY_267, 685.8, 372.64, 1.8
PHY_260, 5.4, 367.2, 1.8
PHY_262, 5.4, 367.2, 1.8
PHY_261, 685.8, 367.2, 1.8
PHY_263, 685.8, 367.2, 1.8
PHY_256, 5.4, 361.76, 1.8
PHY_258, 5.4, 361.76, 1.8
PHY_257, 685.8, 361.76, 1.8
PHY_259, 685.8, 361.76, 1.8
PHY_252, 5.4, 356.32, 1.8
PHY_254, 5.4, 356.32, 1.8
PHY_253, 685.8, 356.32, 1.8
PHY_255, 685.8, 356.32, 1.8
PHY_248, 5.4, 350.88, 1.8
PHY_250, 5.4, 350.88, 1.8
PHY_249, 685.8, 350.88, 1.8
PHY_251, 685.8, 350.88, 1.8
PHY_244, 5.4, 345.44, 1.8
PHY_246, 5.4, 345.44, 1.8
PHY_245, 685.8, 345.44, 1.8
PHY_247, 685.8, 345.44, 1.8
PHY_240, 5.4, 340, 1.8
PHY_242, 5.4, 340, 1.8
PHY_241, 685.8, 340, 1.8
PHY_243, 685.8, 340, 1.8
PHY_236, 5.4, 334.56, 1.8
PHY_238, 5.4, 334.56, 1.8
PHY_237, 685.8, 334.56, 1.8
PHY_239, 685.8, 334.56, 1.8
PHY_232, 5.4, 329.12, 1.8
PHY_234, 5.4, 329.12, 1.8
PHY_233, 685.8, 329.12, 1.8
PHY_235, 685.8, 329.12, 1.8
PHY_228, 5.4, 323.68, 1.8
PHY_230, 5.4, 323.68, 1.8
PHY_229, 685.8, 323.68, 1.8
PHY_231, 685.8, 323.68, 1.8
PHY_224, 5.4, 318.24, 1.8
PHY_226, 5.4, 318.24, 1.8
PHY_225, 685.8, 318.24, 1.8
PHY_227, 685.8, 318.24, 1.8
PHY_220, 5.4, 312.8, 1.8
PHY_222, 5.4, 312.8, 1.8
PHY_221, 685.8, 312.8, 1.8
PHY_223, 685.8, 312.8, 1.8
PHY_216, 5.4, 307.36, 1.8
PHY_218, 5.4, 307.36, 1.8
PHY_217, 685.8, 307.36, 1.8
PHY_219, 685.8, 307.36, 1.8
PHY_212, 5.4, 301.92, 1.8
PHY_214, 5.4, 301.92, 1.8
PHY_213, 685.8, 301.92, 1.8
PHY_215, 685.8, 301.92, 1.8
PHY_208, 5.4, 296.48, 1.8
PHY_210, 5.4, 296.48, 1.8
PHY_209, 685.8, 296.48, 1.8
PHY_211, 685.8, 296.48, 1.8
PHY_204, 5.4, 291.04, 1.8
PHY_206, 5.4, 291.04, 1.8
PHY_205, 685.8, 291.04, 1.8
PHY_207, 685.8, 291.04, 1.8
PHY_200, 5.4, 285.6, 1.8
PHY_202, 5.4, 285.6, 1.8
PHY_201, 685.8, 285.6, 1.8
PHY_203, 685.8, 285.6, 1.8
PHY_196, 5.4, 280.16, 1.8
PHY_198, 5.4, 280.16, 1.8
PHY_197, 685.8, 280.16, 1.8
PHY_199, 685.8, 280.16, 1.8
PHY_192, 5.4, 274.72, 1.8
PHY_194, 5.4, 274.72, 1.8
PHY_193, 685.8, 274.72, 1.8
PHY_195, 685.8, 274.72, 1.8
PHY_188, 5.4, 269.28, 1.8
PHY_190, 5.4, 269.28, 1.8
PHY_189, 685.8, 269.28, 1.8
PHY_191, 685.8, 269.28, 1.8
PHY_184, 5.4, 263.84, 1.8
PHY_186, 5.4, 263.84, 1.8
PHY_185, 685.8, 263.84, 1.8
PHY_187, 685.8, 263.84, 1.8
PHY_180, 5.4, 258.4, 1.8
PHY_182, 5.4, 258.4, 1.8
PHY_181, 685.8, 258.4, 1.8
PHY_183, 685.8, 258.4, 1.8
PHY_176, 5.4, 252.96, 1.8
PHY_178, 5.4, 252.96, 1.8
PHY_177, 685.8, 252.96, 1.8
PHY_179, 685.8, 252.96, 1.8
PHY_172, 5.4, 247.52, 1.8
PHY_174, 5.4, 247.52, 1.8
PHY_173, 685.8, 247.52, 1.8
PHY_175, 685.8, 247.52, 1.8
PHY_168, 5.4, 242.08, 1.8
PHY_170, 5.4, 242.08, 1.8
PHY_169, 685.8, 242.08, 1.8
PHY_171, 685.8, 242.08, 1.8
PHY_164, 5.4, 236.64, 1.8
PHY_166, 5.4, 236.64, 1.8
PHY_165, 685.8, 236.64, 1.8
PHY_167, 685.8, 236.64, 1.8
PHY_160, 5.4, 231.2, 1.8
PHY_162, 5.4, 231.2, 1.8
PHY_161, 685.8, 231.2, 1.8
PHY_163, 685.8, 231.2, 1.8
PHY_156, 5.4, 225.76, 1.8
PHY_158, 5.4, 225.76, 1.8
PHY_157, 685.8, 225.76, 1.8
PHY_159, 685.8, 225.76, 1.8
PHY_152, 5.4, 220.32, 1.8
PHY_154, 5.4, 220.32, 1.8
PHY_153, 685.8, 220.32, 1.8
PHY_155, 685.8, 220.32, 1.8
PHY_148, 5.4, 214.88, 1.8
PHY_150, 5.4, 214.88, 1.8
PHY_149, 685.8, 214.88, 1.8
PHY_151, 685.8, 214.88, 1.8
PHY_144, 5.4, 209.44, 1.8
PHY_146, 5.4, 209.44, 1.8
PHY_145, 685.8, 209.44, 1.8
PHY_147, 685.8, 209.44, 1.8
PHY_140, 5.4, 204, 1.8
PHY_142, 5.4, 204, 1.8
PHY_141, 685.8, 204, 1.8
PHY_143, 685.8, 204, 1.8
PHY_136, 5.4, 198.56, 1.8
PHY_138, 5.4, 198.56, 1.8
PHY_137, 685.8, 198.56, 1.8
PHY_139, 685.8, 198.56, 1.8
PHY_132, 5.4, 193.12, 1.8
PHY_134, 5.4, 193.12, 1.8
PHY_133, 685.8, 193.12, 1.8
PHY_135, 685.8, 193.12, 1.8
PHY_128, 5.4, 187.68, 1.8
PHY_130, 5.4, 187.68, 1.8
PHY_129, 685.8, 187.68, 1.8
PHY_131, 685.8, 187.68, 1.8
PHY_124, 5.4, 182.24, 1.8
PHY_126, 5.4, 182.24, 1.8
PHY_125, 685.8, 182.24, 1.8
PHY_127, 685.8, 182.24, 1.8
PHY_120, 5.4, 176.8, 1.8
PHY_122, 5.4, 176.8, 1.8
PHY_121, 685.8, 176.8, 1.8
PHY_123, 685.8, 176.8, 1.8
PHY_116, 5.4, 171.36, 1.8
PHY_118, 5.4, 171.36, 1.8
PHY_117, 685.8, 171.36, 1.8
PHY_119, 685.8, 171.36, 1.8
PHY_112, 5.4, 165.92, 1.8
PHY_114, 5.4, 165.92, 1.8
PHY_113, 685.8, 165.92, 1.8
PHY_115, 685.8, 165.92, 1.8
PHY_108, 5.4, 160.48, 1.8
PHY_110, 5.4, 160.48, 1.8
PHY_109, 685.8, 160.48, 1.8
PHY_111, 685.8, 160.48, 1.8
PHY_104, 5.4, 155.04, 1.8
PHY_106, 5.4, 155.04, 1.8
PHY_105, 685.8, 155.04, 1.8
PHY_107, 685.8, 155.04, 1.8
PHY_100, 5.4, 149.6, 1.8
PHY_102, 5.4, 149.6, 1.8
PHY_101, 685.8, 149.6, 1.8
PHY_103, 685.8, 149.6, 1.8
PHY_96, 5.4, 144.16, 1.8
PHY_98, 5.4, 144.16, 1.8
PHY_97, 685.8, 144.16, 1.8
PHY_99, 685.8, 144.16, 1.8
PHY_92, 5.4, 138.72, 1.8
PHY_94, 5.4, 138.72, 1.8
PHY_93, 685.8, 138.72, 1.8
PHY_95, 685.8, 138.72, 1.8
PHY_88, 5.4, 133.28, 1.8
PHY_90, 5.4, 133.28, 1.8
PHY_89, 685.8, 133.28, 1.8
PHY_91, 685.8, 133.28, 1.8
PHY_84, 5.4, 127.84, 1.8
PHY_86, 5.4, 127.84, 1.8
PHY_85, 685.8, 127.84, 1.8
PHY_87, 685.8, 127.84, 1.8
PHY_80, 5.4, 122.4, 1.8
PHY_82, 5.4, 122.4, 1.8
PHY_81, 685.8, 122.4, 1.8
PHY_83, 685.8, 122.4, 1.8
PHY_76, 5.4, 116.96, 1.8
PHY_78, 5.4, 116.96, 1.8
PHY_77, 685.8, 116.96, 1.8
PHY_79, 685.8, 116.96, 1.8
PHY_72, 5.4, 111.52, 1.8
PHY_74, 5.4, 111.52, 1.8
PHY_73, 685.8, 111.52, 1.8
PHY_75, 685.8, 111.52, 1.8
PHY_68, 5.4, 106.08, 1.8
PHY_70, 5.4, 106.08, 1.8
PHY_69, 685.8, 106.08, 1.8
PHY_71, 685.8, 106.08, 1.8
PHY_64, 5.4, 100.64, 1.8
PHY_66, 5.4, 100.64, 1.8
PHY_65, 685.8, 100.64, 1.8
PHY_67, 685.8, 100.64, 1.8
PHY_60, 5.4, 95.2, 1.8
PHY_62, 5.4, 95.2, 1.8
PHY_61, 685.8, 95.2, 1.8
PHY_63, 685.8, 95.2, 1.8
PHY_56, 5.4, 89.76, 1.8
PHY_58, 5.4, 89.76, 1.8
PHY_57, 685.8, 89.76, 1.8
PHY_59, 685.8, 89.76, 1.8
PHY_52, 5.4, 84.32, 1.8
PHY_54, 5.4, 84.32, 1.8
PHY_53, 685.8, 84.32, 1.8
PHY_55, 685.8, 84.32, 1.8
PHY_48, 5.4, 78.88, 1.8
PHY_50, 5.4, 78.88, 1.8
PHY_49, 685.8, 78.88, 1.8
PHY_51, 685.8, 78.88, 1.8
PHY_44, 5.4, 73.44, 1.8
PHY_46, 5.4, 73.44, 1.8
PHY_45, 685.8, 73.44, 1.8
PHY_47, 685.8, 73.44, 1.8
PHY_40, 5.4, 68, 1.8
PHY_42, 5.4, 68, 1.8
PHY_41, 685.8, 68, 1.8
PHY_43, 685.8, 68, 1.8
PHY_36, 5.4, 62.56, 1.8
PHY_38, 5.4, 62.56, 1.8
PHY_37, 685.8, 62.56, 1.8
PHY_39, 685.8, 62.56, 1.8
PHY_32, 5.4, 57.12, 1.8
PHY_34, 5.4, 57.12, 1.8
PHY_33, 685.8, 57.12, 1.8
PHY_35, 685.8, 57.12, 1.8
PHY_28, 5.4, 51.68, 1.8
PHY_30, 5.4, 51.68, 1.8
PHY_29, 685.8, 51.68, 1.8
PHY_31, 685.8, 51.68, 1.8
PHY_24, 5.4, 46.24, 1.8
PHY_26, 5.4, 46.24, 1.8
PHY_25, 685.8, 46.24, 1.8
PHY_27, 685.8, 46.24, 1.8
PHY_20, 5.4, 40.8, 1.8
PHY_22, 5.4, 40.8, 1.8
PHY_21, 685.8, 40.8, 1.8
PHY_23, 685.8, 40.8, 1.8
PHY_16, 5.4, 35.36, 1.8
PHY_18, 5.4, 35.36, 1.8
PHY_17, 685.8, 35.36, 1.8
PHY_19, 685.8, 35.36, 1.8
PHY_12, 5.4, 29.92, 1.8
PHY_14, 5.4, 29.92, 1.8
PHY_13, 685.8, 29.92, 1.8
PHY_15, 685.8, 29.92, 1.8
PHY_10, 5.4, 24.48, 1.8
PHY_8, 5.4, 24.48, 1.8
PHY_11, 685.8, 24.48, 1.8
PHY_9, 685.8, 24.48, 1.8
PHY_4, 5.4, 19.04, 1.8
PHY_6, 5.4, 19.04, 1.8
PHY_5, 685.8, 19.04, 1.8
PHY_7, 685.8, 19.04, 1.8
PHY_0, 5.4, 13.6, 1.8
PHY_2, 5.4, 13.6, 1.8
PHY_1, 685.8, 13.6, 1.8
PHY_3, 685.8, 13.6, 1.8

