
===========================================================================
report_checks -unconstrained
============================================================================
Startpoint: resetn (input port clocked by clk)
Endpoint: mem_la_read (output port clocked by clk)
Path Group: clk
Path Type: max

Fanout     Cap    Slew   Delay    Time   Description
-----------------------------------------------------------------------------
                  0.15    0.00    0.00   clock clk (rise edge)
                          0.00    0.00   clock network delay (ideal)
                          4.80    4.80 ^ input external delay
                  0.31    0.24    5.04 ^ resetn (in)
     2    0.07                           resetn (net)
                  0.32    0.00    5.04 ^ _15035_/A (sky130_fd_sc_hd__buf_1)
                  0.32    0.33    5.37 ^ _15035_/X (sky130_fd_sc_hd__buf_1)
     6    0.03                           _08515_ (net)
                  0.32    0.00    5.37 ^ _15459_/A (sky130_fd_sc_hd__and2_2)
                  0.04    0.21    5.59 ^ _15459_/X (sky130_fd_sc_hd__and2_2)
     1    0.00                           _08923_ (net)
                  0.04    0.00    5.59 ^ _15460_/A (sky130_fd_sc_hd__buf_1)
                  0.98    0.75    6.34 ^ _15460_/X (sky130_fd_sc_hd__buf_1)
     2    0.03                           mem_la_read (net)
                  0.98    0.03    6.37 ^ mem_la_read (out)
                                  6.37   data arrival time

                  0.15   24.00   24.00   clock clk (rise edge)
                          0.00   24.00   clock network delay (ideal)
                         -0.25   23.75   clock uncertainty
                          0.00   23.75   clock reconvergence pessimism
                         -4.80   18.95   output external delay
                                 18.95   data required time
-----------------------------------------------------------------------------
                                 18.95   data required time
                                 -6.37   data arrival time
-----------------------------------------------------------------------------
                                 12.58   slack (MET)



===========================================================================
report_checks --slack_max -0.01
============================================================================
No paths found.
