OpenROAD c1c315118e68926dfff368f85e13bf50adaa920f 
This program is licensed under the BSD-3 license. See the LICENSE file for details.
Components of this program may be licensed under more restrictive licenses which must be honored.
[INFO ODB-0222] Reading LEF file: /openlane/designs/current/runs/RUN__2022_06_04__22_38_11/tmp/merged.unpadded.nom.lef
[INFO ODB-0223]     Created 13 technology layers
[INFO ODB-0224]     Created 25 technology vias
[INFO ODB-0225]     Created 441 library cells
[INFO ODB-0226] Finished LEF file:  /openlane/designs/current/runs/RUN__2022_06_04__22_38_11/tmp/merged.unpadded.nom.lef
[INFO ODB-0127] Reading DEF file: /openlane/designs/current/runs/RUN__2022_06_04__22_38_11/tmp/cts/11-resizer_timing.def
[INFO ODB-0128] Design: demultiplexer
[INFO ODB-0130]     Created 14 pins.
[INFO ODB-0131]     Created 523 components and 1434 component-terminals.
[INFO ODB-0132]     Created 2 special nets and 1348 connections.
[INFO ODB-0133]     Created 35 nets and 86 connections.
[INFO ODB-0134] Finished DEF file: /openlane/designs/current/runs/RUN__2022_06_04__22_38_11/tmp/cts/11-resizer_timing.def
###############################################################################
# Created by write_sdc
# Sat Jun  4 19:38:17 2022
###############################################################################
current_design demultiplexer
###############################################################################
# Timing Constraints
###############################################################################
create_clock -name __VIRTUAL_CLK__ -period 10.0000 
set_clock_uncertainty 0.2500 __VIRTUAL_CLK__
set_input_delay 2.0000 -clock [get_clocks {__VIRTUAL_CLK__}] -add_delay [get_ports {in}]
set_input_delay 2.0000 -clock [get_clocks {__VIRTUAL_CLK__}] -add_delay [get_ports {sel[0]}]
set_input_delay 2.0000 -clock [get_clocks {__VIRTUAL_CLK__}] -add_delay [get_ports {sel[1]}]
set_input_delay 2.0000 -clock [get_clocks {__VIRTUAL_CLK__}] -add_delay [get_ports {sel[2]}]
set_output_delay 2.0000 -clock [get_clocks {__VIRTUAL_CLK__}] -add_delay [get_ports {out[0]}]
set_output_delay 2.0000 -clock [get_clocks {__VIRTUAL_CLK__}] -add_delay [get_ports {out[1]}]
set_output_delay 2.0000 -clock [get_clocks {__VIRTUAL_CLK__}] -add_delay [get_ports {out[2]}]
set_output_delay 2.0000 -clock [get_clocks {__VIRTUAL_CLK__}] -add_delay [get_ports {out[3]}]
set_output_delay 2.0000 -clock [get_clocks {__VIRTUAL_CLK__}] -add_delay [get_ports {out[4]}]
set_output_delay 2.0000 -clock [get_clocks {__VIRTUAL_CLK__}] -add_delay [get_ports {out[5]}]
set_output_delay 2.0000 -clock [get_clocks {__VIRTUAL_CLK__}] -add_delay [get_ports {out[6]}]
set_output_delay 2.0000 -clock [get_clocks {__VIRTUAL_CLK__}] -add_delay [get_ports {out[7]}]
###############################################################################
# Environment
###############################################################################
set_load -pin_load 0.0334 [get_ports {out[7]}]
set_load -pin_load 0.0334 [get_ports {out[6]}]
set_load -pin_load 0.0334 [get_ports {out[5]}]
set_load -pin_load 0.0334 [get_ports {out[4]}]
set_load -pin_load 0.0334 [get_ports {out[3]}]
set_load -pin_load 0.0334 [get_ports {out[2]}]
set_load -pin_load 0.0334 [get_ports {out[1]}]
set_load -pin_load 0.0334 [get_ports {out[0]}]
set_driving_cell -lib_cell sky130_fd_sc_hd__inv_2 -pin {Y} -input_transition_rise 0.0000 -input_transition_fall 0.0000 [get_ports {in}]
set_driving_cell -lib_cell sky130_fd_sc_hd__inv_2 -pin {Y} -input_transition_rise 0.0000 -input_transition_fall 0.0000 [get_ports {sel[2]}]
set_driving_cell -lib_cell sky130_fd_sc_hd__inv_2 -pin {Y} -input_transition_rise 0.0000 -input_transition_fall 0.0000 [get_ports {sel[1]}]
set_driving_cell -lib_cell sky130_fd_sc_hd__inv_2 -pin {Y} -input_transition_rise 0.0000 -input_transition_fall 0.0000 [get_ports {sel[0]}]
set_timing_derate -early 0.9500
set_timing_derate -late 1.0500
###############################################################################
# Design Rules
###############################################################################
set_max_fanout 5.0000 [current_design]
[WARNING STA-0357] virtual clock __VIRTUAL_CLK__ can not be propagated.
[INFO]: Setting signal min routing layer to: met1 and clock min routing layer to met1. 
[INFO]: Setting signal max routing layer to: met5 and clock max routing layer to met5. 
-congestion_iterations 50 -verbose
[INFO GRT-0020] Min routing layer: met1
[INFO GRT-0021] Max routing layer: met5
[INFO GRT-0022] Global adjustment: 30%
[INFO GRT-0023] Grid origin: (0, 0)
[WARNING GRT-0043] No OR_DEFAULT vias defined.
[INFO GRT-0088] Layer li1     Track-Pitch = 0.4600  line-2-Via Pitch: 0.3400
[INFO GRT-0088] Layer met1    Track-Pitch = 0.3400  line-2-Via Pitch: 0.3400
[INFO GRT-0088] Layer met2    Track-Pitch = 0.4600  line-2-Via Pitch: 0.3500
[INFO GRT-0088] Layer met3    Track-Pitch = 0.6800  line-2-Via Pitch: 0.6150
[INFO GRT-0088] Layer met4    Track-Pitch = 0.9200  line-2-Via Pitch: 1.0400
[INFO GRT-0088] Layer met5    Track-Pitch = 3.4000  line-2-Via Pitch: 3.1100
[INFO GRT-0019] Found 0 clock nets.
[INFO GRT-0001] Minimum degree: 2
[INFO GRT-0002] Maximum degree: 6
[INFO GRT-0003] Macros: 0
[INFO GRT-0004] Blockages: 0

[INFO GRT-0053] Routing resources analysis:
          Routing      Original      Derated      Resource
Layer     Direction    Resources     Resources    Reduction (%)
---------------------------------------------------------------
li1        Vertical            0             0          0.00%
met1       Horizontal      13500          7729          42.75%
met2       Vertical        10125          6838          32.46%
met3       Horizontal       6750          4608          31.73%
met4       Vertical         4050          2640          34.81%
met5       Horizontal       1350           624          53.78%
---------------------------------------------------------------

[INFO GRT-0197] Via related to pin nodes: 131
[INFO GRT-0198] Via related Steiner nodes: 1
[INFO GRT-0199] Via filling finished.
[INFO GRT-0111] Final number of vias: 166
[INFO GRT-0112] Final usage 3D: 749

[INFO GRT-0096] Final congestion report:
Layer         Resource        Demand        Usage (%)    Max H / Max V / Total Overflow
---------------------------------------------------------------------------------------
li1                  0             0            0.00%             0 /  0 /  0
met1              7729           122            1.58%             0 /  0 /  0
met2              6838           129            1.89%             0 /  0 /  0
met3              4608             0            0.00%             0 /  0 /  0
met4              2640             0            0.00%             0 /  0 /  0
met5               624             0            0.00%             0 /  0 /  0
---------------------------------------------------------------------------------------
Total            22439           251            1.12%             0 /  0 /  0

[INFO GRT-0018] Total wirelength: 2559 um
[INFO]: Setting RC values...
[INFO RSZ-0033] No hold violations found.
Placement Analysis
---------------------------------
total displacement          0.0 u
average displacement        0.0 u
max displacement            0.0 u
original HPWL            1721.9 u
legalized HPWL           1755.9 u
delta HPWL                    2 %

[INFO DPL-0020] Mirrored 12 instances
[INFO DPL-0021] HPWL before            1755.9 u
[INFO DPL-0022] HPWL after             1721.9 u
[INFO DPL-0023] HPWL delta               -1.9 %
min_report

===========================================================================
report_checks -path_delay min (Hold)
============================================================================
Startpoint: sel[0] (input port clocked by __VIRTUAL_CLK__)
Endpoint: out[0] (output port clocked by __VIRTUAL_CLK__)
Path Group: __VIRTUAL_CLK__
Path Type: min

Fanout     Cap    Slew   Delay    Time   Description
-----------------------------------------------------------------------------
                  0.00    0.00    0.00   clock __VIRTUAL_CLK__ (rise edge)
                          0.00    0.00   clock network delay (ideal)
                          2.00    2.00 ^ input external delay
                  0.03    0.02    2.02 ^ sel[0] (in)
     1    0.01                           sel[0] (net)
                  0.03    0.00    2.02 ^ input2/A (sky130_fd_sc_hd__clkbuf_2)
                  0.13    0.15    2.17 ^ input2/X (sky130_fd_sc_hd__clkbuf_2)
     4    0.02                           net2 (net)
                  0.13    0.00    2.18 ^ _11_/A (sky130_fd_sc_hd__dlymetal6s2s_1)
                  0.17    0.19    2.37 ^ _11_/X (sky130_fd_sc_hd__dlymetal6s2s_1)
     5    0.01                           _00_ (net)
                  0.17    0.00    2.37 ^ _15_/A (sky130_fd_sc_hd__nor4b_2)
                  0.06    0.10    2.47 v _15_/Y (sky130_fd_sc_hd__nor4b_2)
     1    0.01                           net5 (net)
                  0.06    0.00    2.47 v output5/A (sky130_fd_sc_hd__buf_2)
                  0.09    0.18    2.65 v output5/X (sky130_fd_sc_hd__buf_2)
     1    0.03                           out[0] (net)
                  0.09    0.00    2.65 v out[0] (out)
                                  2.65   data arrival time

                  0.00    0.00    0.00   clock __VIRTUAL_CLK__ (rise edge)
                          0.00    0.00   clock network delay (ideal)
                          0.25    0.25   clock uncertainty
                          0.00    0.25   clock reconvergence pessimism
                         -2.00   -1.75   output external delay
                                 -1.75   data required time
-----------------------------------------------------------------------------
                                 -1.75   data required time
                                 -2.65   data arrival time
-----------------------------------------------------------------------------
                                  4.40   slack (MET)


Startpoint: sel[0] (input port clocked by __VIRTUAL_CLK__)
Endpoint: out[5] (output port clocked by __VIRTUAL_CLK__)
Path Group: __VIRTUAL_CLK__
Path Type: min

Fanout     Cap    Slew   Delay    Time   Description
-----------------------------------------------------------------------------
                  0.00    0.00    0.00   clock __VIRTUAL_CLK__ (rise edge)
                          0.00    0.00   clock network delay (ideal)
                          2.00    2.00 v input external delay
                  0.01    0.01    2.01 v sel[0] (in)
     1    0.01                           sel[0] (net)
                  0.01    0.00    2.01 v input2/A (sky130_fd_sc_hd__clkbuf_2)
                  0.09    0.14    2.14 v input2/X (sky130_fd_sc_hd__clkbuf_2)
     4    0.02                           net2 (net)
                  0.09    0.00    2.15 v _24_/D (sky130_fd_sc_hd__and4b_1)
                  0.04    0.21    2.36 v _24_/X (sky130_fd_sc_hd__and4b_1)
     1    0.00                           _08_ (net)
                  0.04    0.00    2.36 v _25_/A (sky130_fd_sc_hd__clkbuf_1)
                  0.06    0.11    2.47 v _25_/X (sky130_fd_sc_hd__clkbuf_1)
     1    0.01                           net10 (net)
                  0.06    0.00    2.47 v output10/A (sky130_fd_sc_hd__buf_2)
                  0.09    0.18    2.65 v output10/X (sky130_fd_sc_hd__buf_2)
     1    0.03                           out[5] (net)
                  0.09    0.00    2.65 v out[5] (out)
                                  2.65   data arrival time

                  0.00    0.00    0.00   clock __VIRTUAL_CLK__ (rise edge)
                          0.00    0.00   clock network delay (ideal)
                          0.25    0.25   clock uncertainty
                          0.00    0.25   clock reconvergence pessimism
                         -2.00   -1.75   output external delay
                                 -1.75   data required time
-----------------------------------------------------------------------------
                                 -1.75   data required time
                                 -2.65   data arrival time
-----------------------------------------------------------------------------
                                  4.40   slack (MET)


Startpoint: sel[0] (input port clocked by __VIRTUAL_CLK__)
Endpoint: out[1] (output port clocked by __VIRTUAL_CLK__)
Path Group: __VIRTUAL_CLK__
Path Type: min

Fanout     Cap    Slew   Delay    Time   Description
-----------------------------------------------------------------------------
                  0.00    0.00    0.00   clock __VIRTUAL_CLK__ (rise edge)
                          0.00    0.00   clock network delay (ideal)
                          2.00    2.00 v input external delay
                  0.01    0.01    2.01 v sel[0] (in)
     1    0.01                           sel[0] (net)
                  0.01    0.00    2.01 v input2/A (sky130_fd_sc_hd__clkbuf_2)
                  0.09    0.14    2.14 v input2/X (sky130_fd_sc_hd__clkbuf_2)
     4    0.02                           net2 (net)
                  0.09    0.00    2.15 v _16_/D (sky130_fd_sc_hd__and4bb_1)
                  0.04    0.21    2.36 v _16_/X (sky130_fd_sc_hd__and4bb_1)
     1    0.00                           _04_ (net)
                  0.04    0.00    2.36 v _17_/A (sky130_fd_sc_hd__clkbuf_1)
                  0.06    0.11    2.47 v _17_/X (sky130_fd_sc_hd__clkbuf_1)
     1    0.01                           net6 (net)
                  0.06    0.00    2.47 v output6/A (sky130_fd_sc_hd__buf_2)
                  0.09    0.18    2.65 v output6/X (sky130_fd_sc_hd__buf_2)
     1    0.03                           out[1] (net)
                  0.09    0.00    2.65 v out[1] (out)
                                  2.65   data arrival time

                  0.00    0.00    0.00   clock __VIRTUAL_CLK__ (rise edge)
                          0.00    0.00   clock network delay (ideal)
                          0.25    0.25   clock uncertainty
                          0.00    0.25   clock reconvergence pessimism
                         -2.00   -1.75   output external delay
                                 -1.75   data required time
-----------------------------------------------------------------------------
                                 -1.75   data required time
                                 -2.65   data arrival time
-----------------------------------------------------------------------------
                                  4.40   slack (MET)


Startpoint: sel[0] (input port clocked by __VIRTUAL_CLK__)
Endpoint: out[3] (output port clocked by __VIRTUAL_CLK__)
Path Group: __VIRTUAL_CLK__
Path Type: min

Fanout     Cap    Slew   Delay    Time   Description
-----------------------------------------------------------------------------
                  0.00    0.00    0.00   clock __VIRTUAL_CLK__ (rise edge)
                          0.00    0.00   clock network delay (ideal)
                          2.00    2.00 v input external delay
                  0.01    0.01    2.01 v sel[0] (in)
     1    0.01                           sel[0] (net)
                  0.01    0.00    2.01 v input2/A (sky130_fd_sc_hd__clkbuf_2)
                  0.09    0.14    2.14 v input2/X (sky130_fd_sc_hd__clkbuf_2)
     4    0.02                           net2 (net)
                  0.09    0.00    2.15 v _20_/D (sky130_fd_sc_hd__and4b_1)
                  0.04    0.22    2.36 v _20_/X (sky130_fd_sc_hd__and4b_1)
     1    0.00                           _06_ (net)
                  0.04    0.00    2.36 v _21_/A (sky130_fd_sc_hd__clkbuf_1)
                  0.06    0.11    2.47 v _21_/X (sky130_fd_sc_hd__clkbuf_1)
     1    0.01                           net8 (net)
                  0.06    0.00    2.47 v output8/A (sky130_fd_sc_hd__buf_2)
                  0.09    0.18    2.65 v output8/X (sky130_fd_sc_hd__buf_2)
     1    0.03                           out[3] (net)
                  0.09    0.00    2.65 v out[3] (out)
                                  2.65   data arrival time

                  0.00    0.00    0.00   clock __VIRTUAL_CLK__ (rise edge)
                          0.00    0.00   clock network delay (ideal)
                          0.25    0.25   clock uncertainty
                          0.00    0.25   clock reconvergence pessimism
                         -2.00   -1.75   output external delay
                                 -1.75   data required time
-----------------------------------------------------------------------------
                                 -1.75   data required time
                                 -2.65   data arrival time
-----------------------------------------------------------------------------
                                  4.40   slack (MET)


Startpoint: sel[2] (input port clocked by __VIRTUAL_CLK__)
Endpoint: out[6] (output port clocked by __VIRTUAL_CLK__)
Path Group: __VIRTUAL_CLK__
Path Type: min

Fanout     Cap    Slew   Delay    Time   Description
-----------------------------------------------------------------------------
                  0.00    0.00    0.00   clock __VIRTUAL_CLK__ (rise edge)
                          0.00    0.00   clock network delay (ideal)
                          2.00    2.00 v input external delay
                  0.01    0.00    2.00 v sel[2] (in)
     1    0.00                           sel[2] (net)
                  0.01    0.00    2.00 v input4/A (sky130_fd_sc_hd__dlymetal6s2s_1)
                  0.10    0.17    2.17 v input4/X (sky130_fd_sc_hd__dlymetal6s2s_1)
     4    0.02                           net4 (net)
                  0.10    0.00    2.17 v _26_/B (sky130_fd_sc_hd__and4b_1)
                  0.04    0.19    2.36 v _26_/X (sky130_fd_sc_hd__and4b_1)
     1    0.00                           _09_ (net)
                  0.04    0.00    2.36 v _27_/A (sky130_fd_sc_hd__clkbuf_1)
                  0.06    0.11    2.47 v _27_/X (sky130_fd_sc_hd__clkbuf_1)
     1    0.01                           net11 (net)
                  0.06    0.00    2.47 v output11/A (sky130_fd_sc_hd__buf_2)
                  0.09    0.18    2.65 v output11/X (sky130_fd_sc_hd__buf_2)
     1    0.03                           out[6] (net)
                  0.09    0.00    2.65 v out[6] (out)
                                  2.65   data arrival time

                  0.00    0.00    0.00   clock __VIRTUAL_CLK__ (rise edge)
                          0.00    0.00   clock network delay (ideal)
                          0.25    0.25   clock uncertainty
                          0.00    0.25   clock reconvergence pessimism
                         -2.00   -1.75   output external delay
                                 -1.75   data required time
-----------------------------------------------------------------------------
                                 -1.75   data required time
                                 -2.65   data arrival time
-----------------------------------------------------------------------------
                                  4.40   slack (MET)


min_report_end
max_report

===========================================================================
report_checks -path_delay max (Setup)
============================================================================
Startpoint: sel[2] (input port clocked by __VIRTUAL_CLK__)
Endpoint: out[0] (output port clocked by __VIRTUAL_CLK__)
Path Group: __VIRTUAL_CLK__
Path Type: max

Fanout     Cap    Slew   Delay    Time   Description
-----------------------------------------------------------------------------
                  0.00    0.00    0.00   clock __VIRTUAL_CLK__ (rise edge)
                          0.00    0.00   clock network delay (ideal)
                          2.00    2.00 v input external delay
                  0.01    0.00    2.00 v sel[2] (in)
     1    0.00                           sel[2] (net)
                  0.01    0.00    2.00 v input4/A (sky130_fd_sc_hd__dlymetal6s2s_1)
                  0.10    0.18    2.19 v input4/X (sky130_fd_sc_hd__dlymetal6s2s_1)
     4    0.02                           net4 (net)
                  0.10    0.00    2.19 v _12_/A (sky130_fd_sc_hd__dlymetal6s2s_1)
                  0.09    0.21    2.40 v _12_/X (sky130_fd_sc_hd__dlymetal6s2s_1)
     5    0.01                           _01_ (net)
                  0.09    0.00    2.40 v _15_/B (sky130_fd_sc_hd__nor4b_2)
                  0.42    0.46    2.86 ^ _15_/Y (sky130_fd_sc_hd__nor4b_2)
     1    0.01                           net5 (net)
                  0.42    0.00    2.86 ^ output5/A (sky130_fd_sc_hd__buf_2)
                  0.18    0.31    3.18 ^ output5/X (sky130_fd_sc_hd__buf_2)
     1    0.03                           out[0] (net)
                  0.18    0.00    3.18 ^ out[0] (out)
                                  3.18   data arrival time

                  0.00   10.00   10.00   clock __VIRTUAL_CLK__ (rise edge)
                          0.00   10.00   clock network delay (ideal)
                         -0.25    9.75   clock uncertainty
                          0.00    9.75   clock reconvergence pessimism
                         -2.00    7.75   output external delay
                                  7.75   data required time
-----------------------------------------------------------------------------
                                  7.75   data required time
                                 -3.18   data arrival time
-----------------------------------------------------------------------------
                                  4.57   slack (MET)


Startpoint: sel[1] (input port clocked by __VIRTUAL_CLK__)
Endpoint: out[4] (output port clocked by __VIRTUAL_CLK__)
Path Group: __VIRTUAL_CLK__
Path Type: max

Fanout     Cap    Slew   Delay    Time   Description
-----------------------------------------------------------------------------
                  0.00    0.00    0.00   clock __VIRTUAL_CLK__ (rise edge)
                          0.00    0.00   clock network delay (ideal)
                          2.00    2.00 v input external delay
                  0.01    0.01    2.01 v sel[1] (in)
     1    0.00                           sel[1] (net)
                  0.01    0.00    2.01 v input3/A (sky130_fd_sc_hd__dlymetal6s2s_1)
                  0.10    0.18    2.19 v input3/X (sky130_fd_sc_hd__dlymetal6s2s_1)
     4    0.02                           net3 (net)
                  0.10    0.00    2.19 v _13_/A (sky130_fd_sc_hd__dlymetal6s2s_1)
                  0.09    0.21    2.41 v _13_/X (sky130_fd_sc_hd__dlymetal6s2s_1)
     5    0.01                           _02_ (net)
                  0.09    0.00    2.41 v _22_/B_N (sky130_fd_sc_hd__and4bb_1)
                  0.07    0.30    2.71 ^ _22_/X (sky130_fd_sc_hd__and4bb_1)
     1    0.00                           _07_ (net)
                  0.07    0.00    2.71 ^ _23_/A (sky130_fd_sc_hd__clkbuf_1)
                  0.16    0.18    2.89 ^ _23_/X (sky130_fd_sc_hd__clkbuf_1)
     1    0.01                           net9 (net)
                  0.16    0.00    2.89 ^ output9/A (sky130_fd_sc_hd__buf_2)
                  0.18    0.26    3.15 ^ output9/X (sky130_fd_sc_hd__buf_2)
     1    0.03                           out[4] (net)
                  0.18    0.00    3.15 ^ out[4] (out)
                                  3.15   data arrival time

                  0.00   10.00   10.00   clock __VIRTUAL_CLK__ (rise edge)
                          0.00   10.00   clock network delay (ideal)
                         -0.25    9.75   clock uncertainty
                          0.00    9.75   clock reconvergence pessimism
                         -2.00    7.75   output external delay
                                  7.75   data required time
-----------------------------------------------------------------------------
                                  7.75   data required time
                                 -3.15   data arrival time
-----------------------------------------------------------------------------
                                  4.60   slack (MET)


Startpoint: sel[2] (input port clocked by __VIRTUAL_CLK__)
Endpoint: out[2] (output port clocked by __VIRTUAL_CLK__)
Path Group: __VIRTUAL_CLK__
Path Type: max

Fanout     Cap    Slew   Delay    Time   Description
-----------------------------------------------------------------------------
                  0.00    0.00    0.00   clock __VIRTUAL_CLK__ (rise edge)
                          0.00    0.00   clock network delay (ideal)
                          2.00    2.00 v input external delay
                  0.01    0.00    2.00 v sel[2] (in)
     1    0.00                           sel[2] (net)
                  0.01    0.00    2.00 v input4/A (sky130_fd_sc_hd__dlymetal6s2s_1)
                  0.10    0.18    2.19 v input4/X (sky130_fd_sc_hd__dlymetal6s2s_1)
     4    0.02                           net4 (net)
                  0.10    0.00    2.19 v _12_/A (sky130_fd_sc_hd__dlymetal6s2s_1)
                  0.09    0.21    2.40 v _12_/X (sky130_fd_sc_hd__dlymetal6s2s_1)
     5    0.01                           _01_ (net)
                  0.09    0.00    2.40 v _18_/B_N (sky130_fd_sc_hd__and4bb_1)
                  0.07    0.30    2.70 ^ _18_/X (sky130_fd_sc_hd__and4bb_1)
     1    0.00                           _05_ (net)
                  0.07    0.00    2.70 ^ _19_/A (sky130_fd_sc_hd__clkbuf_1)
                  0.15    0.17    2.87 ^ _19_/X (sky130_fd_sc_hd__clkbuf_1)
     1    0.01                           net7 (net)
                  0.15    0.00    2.88 ^ output7/A (sky130_fd_sc_hd__buf_2)
                  0.18    0.25    3.13 ^ output7/X (sky130_fd_sc_hd__buf_2)
     1    0.03                           out[2] (net)
                  0.18    0.00    3.13 ^ out[2] (out)
                                  3.13   data arrival time

                  0.00   10.00   10.00   clock __VIRTUAL_CLK__ (rise edge)
                          0.00   10.00   clock network delay (ideal)
                         -0.25    9.75   clock uncertainty
                          0.00    9.75   clock reconvergence pessimism
                         -2.00    7.75   output external delay
                                  7.75   data required time
-----------------------------------------------------------------------------
                                  7.75   data required time
                                 -3.13   data arrival time
-----------------------------------------------------------------------------
                                  4.62   slack (MET)


Startpoint: sel[1] (input port clocked by __VIRTUAL_CLK__)
Endpoint: out[1] (output port clocked by __VIRTUAL_CLK__)
Path Group: __VIRTUAL_CLK__
Path Type: max

Fanout     Cap    Slew   Delay    Time   Description
-----------------------------------------------------------------------------
                  0.00    0.00    0.00   clock __VIRTUAL_CLK__ (rise edge)
                          0.00    0.00   clock network delay (ideal)
                          2.00    2.00 v input external delay
                  0.01    0.01    2.01 v sel[1] (in)
     1    0.00                           sel[1] (net)
                  0.01    0.00    2.01 v input3/A (sky130_fd_sc_hd__dlymetal6s2s_1)
                  0.10    0.18    2.19 v input3/X (sky130_fd_sc_hd__dlymetal6s2s_1)
     4    0.02                           net3 (net)
                  0.10    0.00    2.19 v _13_/A (sky130_fd_sc_hd__dlymetal6s2s_1)
                  0.09    0.21    2.41 v _13_/X (sky130_fd_sc_hd__dlymetal6s2s_1)
     5    0.01                           _02_ (net)
                  0.09    0.00    2.41 v _16_/B_N (sky130_fd_sc_hd__and4bb_1)
                  0.07    0.30    2.71 ^ _16_/X (sky130_fd_sc_hd__and4bb_1)
     1    0.00                           _04_ (net)
                  0.07    0.00    2.71 ^ _17_/A (sky130_fd_sc_hd__clkbuf_1)
                  0.11    0.14    2.85 ^ _17_/X (sky130_fd_sc_hd__clkbuf_1)
     1    0.01                           net6 (net)
                  0.11    0.00    2.85 ^ output6/A (sky130_fd_sc_hd__buf_2)
                  0.18    0.24    3.10 ^ output6/X (sky130_fd_sc_hd__buf_2)
     1    0.03                           out[1] (net)
                  0.18    0.00    3.10 ^ out[1] (out)
                                  3.10   data arrival time

                  0.00   10.00   10.00   clock __VIRTUAL_CLK__ (rise edge)
                          0.00   10.00   clock network delay (ideal)
                         -0.25    9.75   clock uncertainty
                          0.00    9.75   clock reconvergence pessimism
                         -2.00    7.75   output external delay
                                  7.75   data required time
-----------------------------------------------------------------------------
                                  7.75   data required time
                                 -3.10   data arrival time
-----------------------------------------------------------------------------
                                  4.65   slack (MET)


Startpoint: sel[2] (input port clocked by __VIRTUAL_CLK__)
Endpoint: out[3] (output port clocked by __VIRTUAL_CLK__)
Path Group: __VIRTUAL_CLK__
Path Type: max

Fanout     Cap    Slew   Delay    Time   Description
-----------------------------------------------------------------------------
                  0.00    0.00    0.00   clock __VIRTUAL_CLK__ (rise edge)
                          0.00    0.00   clock network delay (ideal)
                          2.00    2.00 v input external delay
                  0.01    0.00    2.00 v sel[2] (in)
     1    0.00                           sel[2] (net)
                  0.01    0.00    2.00 v input4/A (sky130_fd_sc_hd__dlymetal6s2s_1)
                  0.10    0.18    2.19 v input4/X (sky130_fd_sc_hd__dlymetal6s2s_1)
     4    0.02                           net4 (net)
                  0.10    0.00    2.19 v _12_/A (sky130_fd_sc_hd__dlymetal6s2s_1)
                  0.09    0.21    2.40 v _12_/X (sky130_fd_sc_hd__dlymetal6s2s_1)
     5    0.01                           _01_ (net)
                  0.09    0.00    2.40 v _20_/A_N (sky130_fd_sc_hd__and4b_1)
                  0.08    0.28    2.69 ^ _20_/X (sky130_fd_sc_hd__and4b_1)
     1    0.00                           _06_ (net)
                  0.08    0.00    2.69 ^ _21_/A (sky130_fd_sc_hd__clkbuf_1)
                  0.11    0.14    2.83 ^ _21_/X (sky130_fd_sc_hd__clkbuf_1)
     1    0.01                           net8 (net)
                  0.11    0.00    2.83 ^ output8/A (sky130_fd_sc_hd__buf_2)
                  0.18    0.24    3.07 ^ output8/X (sky130_fd_sc_hd__buf_2)
     1    0.03                           out[3] (net)
                  0.18    0.00    3.07 ^ out[3] (out)
                                  3.07   data arrival time

                  0.00   10.00   10.00   clock __VIRTUAL_CLK__ (rise edge)
                          0.00   10.00   clock network delay (ideal)
                         -0.25    9.75   clock uncertainty
                          0.00    9.75   clock reconvergence pessimism
                         -2.00    7.75   output external delay
                                  7.75   data required time
-----------------------------------------------------------------------------
                                  7.75   data required time
                                 -3.07   data arrival time
-----------------------------------------------------------------------------
                                  4.68   slack (MET)


max_report_end
check_report

===========================================================================
report_checks -unconstrained
============================================================================
Startpoint: sel[2] (input port clocked by __VIRTUAL_CLK__)
Endpoint: out[0] (output port clocked by __VIRTUAL_CLK__)
Path Group: __VIRTUAL_CLK__
Path Type: max

Fanout     Cap    Slew   Delay    Time   Description
-----------------------------------------------------------------------------
                  0.00    0.00    0.00   clock __VIRTUAL_CLK__ (rise edge)
                          0.00    0.00   clock network delay (ideal)
                          2.00    2.00 v input external delay
                  0.01    0.00    2.00 v sel[2] (in)
     1    0.00                           sel[2] (net)
                  0.01    0.00    2.00 v input4/A (sky130_fd_sc_hd__dlymetal6s2s_1)
                  0.10    0.18    2.19 v input4/X (sky130_fd_sc_hd__dlymetal6s2s_1)
     4    0.02                           net4 (net)
                  0.10    0.00    2.19 v _12_/A (sky130_fd_sc_hd__dlymetal6s2s_1)
                  0.09    0.21    2.40 v _12_/X (sky130_fd_sc_hd__dlymetal6s2s_1)
     5    0.01                           _01_ (net)
                  0.09    0.00    2.40 v _15_/B (sky130_fd_sc_hd__nor4b_2)
                  0.42    0.46    2.86 ^ _15_/Y (sky130_fd_sc_hd__nor4b_2)
     1    0.01                           net5 (net)
                  0.42    0.00    2.86 ^ output5/A (sky130_fd_sc_hd__buf_2)
                  0.18    0.31    3.18 ^ output5/X (sky130_fd_sc_hd__buf_2)
     1    0.03                           out[0] (net)
                  0.18    0.00    3.18 ^ out[0] (out)
                                  3.18   data arrival time

                  0.00   10.00   10.00   clock __VIRTUAL_CLK__ (rise edge)
                          0.00   10.00   clock network delay (ideal)
                         -0.25    9.75   clock uncertainty
                          0.00    9.75   clock reconvergence pessimism
                         -2.00    7.75   output external delay
                                  7.75   data required time
-----------------------------------------------------------------------------
                                  7.75   data required time
                                 -3.18   data arrival time
-----------------------------------------------------------------------------
                                  4.57   slack (MET)



===========================================================================
report_checks --slack_max -0.01
============================================================================
No paths found.
check_report_end
check_slew

===========================================================================
 report_check_types -max_slew -max_cap -max_fanout -violators
============================================================================

===========================================================================
max slew violation count 0
max fanout violation count 0
max cap violation count 0
============================================================================
check_slew_end
tns_report

===========================================================================
 report_tns
============================================================================
tns 0.00
tns_report_end
wns_report

===========================================================================
 report_wns
============================================================================
wns 0.00
wns_report_end
worst_slack

===========================================================================
 report_worst_slack -max (Setup)
============================================================================
worst slack 4.57

===========================================================================
 report_worst_slack -min (Hold)
============================================================================
worst slack 4.40
worst_slack_end
power_report

===========================================================================
 report_power
============================================================================
Group                  Internal  Switching    Leakage      Total
                          Power      Power      Power      Power
----------------------------------------------------------------
Sequential             0.00e+00   0.00e+00   0.00e+00   0.00e+00   0.0%
Combinational          3.79e-06   5.29e-06   5.56e-10   9.08e-06 100.0%
Macro                  0.00e+00   0.00e+00   0.00e+00   0.00e+00   0.0%
Pad                    0.00e+00   0.00e+00   0.00e+00   0.00e+00   0.0%
----------------------------------------------------------------
Total                  3.79e-06   5.29e-06   5.56e-10   9.08e-06 100.0%
                          41.7%      58.3%       0.0%
power_report_end
area_report

===========================================================================
 report_design_area
============================================================================
Design area 1157 u^2 4% utilization.
area_report_end
