
===========================================================================
report_checks -unconstrained
============================================================================
Startpoint: in2 (input port clocked by __VIRTUAL_CLK__)
Endpoint: out (output port clocked by __VIRTUAL_CLK__)
Path Group: __VIRTUAL_CLK__
Path Type: max

Fanout     Cap    Slew   Delay    Time   Description
-----------------------------------------------------------------------------
                  0.00    0.00    0.00   clock __VIRTUAL_CLK__ (rise edge)
                          0.00    0.00   clock network delay (ideal)
                          2.00    2.00 v input external delay
                  0.01    0.01    2.01 v in2 (in)
     1    0.00                           in2 (net)
                  0.01    0.00    2.01 v _1_/A (sky130_fd_sc_hd__or2_2)
                  0.05    0.28    2.29 v _1_/X (sky130_fd_sc_hd__or2_2)
     1    0.00                           _0_ (net)
                  0.05    0.00    2.29 v _2_/A (sky130_fd_sc_hd__buf_1)
                  0.23    0.22    2.51 v _2_/X (sky130_fd_sc_hd__buf_1)
     1    0.03                           out (net)
                  0.23    0.00    2.51 v out (out)
                                  2.51   data arrival time

                  0.00   10.00   10.00   clock __VIRTUAL_CLK__ (rise edge)
                          0.00   10.00   clock network delay (ideal)
                         -0.25    9.75   clock uncertainty
                          0.00    9.75   clock reconvergence pessimism
                         -2.00    7.75   output external delay
                                  7.75   data required time
-----------------------------------------------------------------------------
                                  7.75   data required time
                                 -2.51   data arrival time
-----------------------------------------------------------------------------
                                  5.24   slack (MET)



===========================================================================
report_checks --slack_max -0.01
============================================================================
No paths found.
