
===========================================================================
report_checks -path_delay min (Hold)
============================================================================
Startpoint: in1 (input port clocked by __VIRTUAL_CLK__)
Endpoint: out (output port clocked by __VIRTUAL_CLK__)
Path Group: __VIRTUAL_CLK__
Path Type: min

Fanout     Cap    Slew   Delay    Time   Description
-----------------------------------------------------------------------------
                  0.00    0.00    0.00   clock __VIRTUAL_CLK__ (rise edge)
                          0.00    0.00   clock network delay (ideal)
                          2.00    2.00 ^ input external delay
                  0.02    0.01    2.01 ^ in1 (in)
     1    0.00                           in1 (net)
                  0.02    0.00    2.01 ^ _1_/B (sky130_fd_sc_hd__or2_2)
                  0.03    0.08    2.09 ^ _1_/X (sky130_fd_sc_hd__or2_2)
     1    0.00                           _0_ (net)
                  0.03    0.00    2.09 ^ _2_/A (sky130_fd_sc_hd__buf_1)
                  0.43    0.29    2.38 ^ _2_/X (sky130_fd_sc_hd__buf_1)
     1    0.03                           out (net)
                  0.43    0.00    2.38 ^ out (out)
                                  2.38   data arrival time

                  0.00    0.00    0.00   clock __VIRTUAL_CLK__ (rise edge)
                          0.00    0.00   clock network delay (ideal)
                          0.25    0.25   clock uncertainty
                          0.00    0.25   clock reconvergence pessimism
                         -2.00   -1.75   output external delay
                                 -1.75   data required time
-----------------------------------------------------------------------------
                                 -1.75   data required time
                                 -2.38   data arrival time
-----------------------------------------------------------------------------
                                  4.13   slack (MET)


