
===========================================================================
report_checks -unconstrained
============================================================================
Startpoint: in1 (input port clocked by __VIRTUAL_CLK__)
Endpoint: out (output port clocked by __VIRTUAL_CLK__)
Path Group: __VIRTUAL_CLK__
Path Type: max

Fanout     Cap    Slew   Delay    Time   Description
-----------------------------------------------------------------------------
                  0.00    0.00    0.00   clock __VIRTUAL_CLK__ (rise edge)
                          0.00    0.00   clock network delay (ideal)
                          2.00    2.00 ^ input external delay
                  0.06    0.04    2.04 ^ in1 (in)
     1    0.01                           in1 (net)
                  0.06    0.00    2.04 ^ _0_/B (sky130_fd_sc_hd__xor2_2)
                  0.46    0.41    2.45 ^ _0_/X (sky130_fd_sc_hd__xor2_2)
     1    0.03                           out (net)
                  0.46    0.00    2.46 ^ out (out)
                                  2.46   data arrival time

                  0.00   10.00   10.00   clock __VIRTUAL_CLK__ (rise edge)
                          0.00   10.00   clock network delay (ideal)
                         -0.25    9.75   clock uncertainty
                          0.00    9.75   clock reconvergence pessimism
                         -2.00    7.75   output external delay
                                  7.75   data required time
-----------------------------------------------------------------------------
                                  7.75   data required time
                                 -2.46   data arrival time
-----------------------------------------------------------------------------
                                  5.29   slack (MET)



===========================================================================
report_checks --slack_max -0.01
============================================================================
No paths found.
