OpenROAD c1c315118e68926dfff368f85e13bf50adaa920f 
This program is licensed under the BSD-3 license. See the LICENSE file for details.
Components of this program may be licensed under more restrictive licenses which must be honored.
[INFO ODB-0222] Reading LEF file: /openlane/designs/current/runs/RUN__2022_06_04__22_38_23/tmp/merged.unpadded.nom.lef
[INFO ODB-0223]     Created 13 technology layers
[INFO ODB-0224]     Created 25 technology vias
[INFO ODB-0225]     Created 441 library cells
[INFO ODB-0226] Finished LEF file:  /openlane/designs/current/runs/RUN__2022_06_04__22_38_23/tmp/merged.unpadded.nom.lef
[INFO ODB-0127] Reading DEF file: /openlane/designs/current/runs/RUN__2022_06_04__22_38_23/tmp/placement/8-resizer.def
[INFO ODB-0128] Design: multiplexer
[INFO ODB-0130]     Created 14 pins.
[INFO ODB-0131]     Created 264 components and 764 component-terminals.
[INFO ODB-0132]     Created 2 special nets and 720 connections.
[INFO ODB-0133]     Created 27 nets and 44 connections.
[INFO ODB-0134] Finished DEF file: /openlane/designs/current/runs/RUN__2022_06_04__22_38_23/tmp/placement/8-resizer.def
Placement Analysis
---------------------------------
total displacement          0.0 u
average displacement        0.0 u
max displacement            0.0 u
original HPWL            1132.8 u
legalized HPWL           1166.2 u
delta HPWL                    3 %

[INFO DPL-0020] Mirrored 6 instances
[INFO DPL-0021] HPWL before            1166.2 u
[INFO DPL-0022] HPWL after             1132.8 u
[INFO DPL-0023] HPWL delta               -2.9 %
