
===========================================================================
report_checks -path_delay max (Setup)
============================================================================
Startpoint: in2 (input port clocked by __VIRTUAL_CLK__)
Endpoint: out (output port clocked by __VIRTUAL_CLK__)
Path Group: __VIRTUAL_CLK__
Path Type: max

Fanout     Cap    Slew   Delay    Time   Description
-----------------------------------------------------------------------------
                  0.00    0.00    0.00   clock __VIRTUAL_CLK__ (rise edge)
                          0.00    0.00   clock network delay (ideal)
                          2.00    2.00 v input external delay
                  0.01    0.00    2.00 v in2 (in)
     1    0.00                           in2 (net)
                  0.01    0.00    2.00 v input2/A (sky130_fd_sc_hd__clkbuf_1)
                  0.03    0.08    2.09 v input2/X (sky130_fd_sc_hd__clkbuf_1)
     1    0.00                           net2 (net)
                  0.03    0.00    2.09 v _0_/A (sky130_fd_sc_hd__nor2_1)
                  0.09    0.11    2.20 ^ _0_/Y (sky130_fd_sc_hd__nor2_1)
     1    0.00                           net3 (net)
                  0.09    0.00    2.20 ^ output3/A (sky130_fd_sc_hd__buf_2)
                  0.17    0.23    2.43 ^ output3/X (sky130_fd_sc_hd__buf_2)
     1    0.03                           out (net)
                  0.17    0.00    2.43 ^ out (out)
                                  2.43   data arrival time

                  0.00   10.00   10.00   clock __VIRTUAL_CLK__ (rise edge)
                          0.00   10.00   clock network delay (ideal)
                         -0.25    9.75   clock uncertainty
                          0.00    9.75   clock reconvergence pessimism
                         -2.00    7.75   output external delay
                                  7.75   data required time
-----------------------------------------------------------------------------
                                  7.75   data required time
                                 -2.43   data arrival time
-----------------------------------------------------------------------------
                                  5.32   slack (MET)


