Warning - class CORE ANTENNACELL is not found. This message can be ignored if not in the antenna-avoid flow

Net - in1
  input1  (sky130_fd_sc_hd__clkbuf_1)  A
[1]  met2:
  PAR:    6.03  Ratio:    0.00       (Area)
  PAR:   30.67  Ratio:  400.00       (S.Area)
  CAR:   11.12  Ratio:    0.00       (C.Area)
  CAR:   56.34  Ratio:    0.00       (C.S.Area)

[1]  met1:
  PAR:    5.02  Ratio:    0.00       (Area)
  PAR:   25.58  Ratio:  400.00       (S.Area)
  CAR:    5.09  Ratio:    0.00       (C.Area)
  CAR:   25.66  Ratio:    0.00       (C.S.Area)

[1]  li1:
  PAR:    0.07  Ratio:    0.00       (Area)
  PAR:    0.09  Ratio:   75.00       (S.Area)
  CAR:    0.07  Ratio:    0.00       (C.Area)
  CAR:    0.09  Ratio:    0.00       (C.S.Area)

[1]  M1M2_PR:
  PAR:    0.11  Ratio:    6.00       (Area)
  CAR:    0.26  Ratio:    0.00       (C.Area)

[1]  L1M1_PR:
  PAR:    0.15  Ratio:    3.00       (Area)
  CAR:    0.15  Ratio:    0.00       (C.Area)


Net - in2
  input2  (sky130_fd_sc_hd__clkbuf_1)  A
[1]  met2:
  PAR:    6.28  Ratio:    0.00       (Area)
  PAR:   31.88  Ratio:  400.00       (S.Area)
  CAR:    6.78  Ratio:    0.00       (C.Area)
  CAR:   34.61  Ratio:    0.00       (C.S.Area)

[1]  met1:
  PAR:    0.43  Ratio:    0.00       (Area)
  PAR:    2.64  Ratio:  400.00       (S.Area)
  CAR:    0.50  Ratio:    0.00       (C.Area)
  CAR:    2.72  Ratio:    0.00       (C.S.Area)

[1]  li1:
  PAR:    0.07  Ratio:    0.00       (Area)
  PAR:    0.09  Ratio:   75.00       (S.Area)
  CAR:    0.07  Ratio:    0.00       (C.Area)
  CAR:    0.09  Ratio:    0.00       (C.S.Area)

[1]  M1M2_PR:
  PAR:    0.11  Ratio:    6.00       (Area)
  CAR:    0.26  Ratio:    0.00       (C.Area)

[1]  L1M1_PR:
  PAR:    0.15  Ratio:    3.00       (Area)
  CAR:    0.15  Ratio:    0.00       (C.Area)

  No sinks on this net

Net - net1
  _0_  (sky130_fd_sc_hd__nor2_1)  B
[1]  met2:
  PAR:    4.49  Ratio:    0.00       (Area)
  PAR:   22.61  Ratio: 2736.24       (S.Area)
  CAR:    4.63  Ratio:    0.00       (C.Area)
  CAR:   23.07  Ratio:    0.00       (C.S.Area)

[1]  met1:
  PAR:    0.08  Ratio:    0.00       (Area)
  PAR:    0.40  Ratio:  400.00       (S.Area)
  CAR:    0.14  Ratio:    0.00       (C.Area)
  CAR:    0.46  Ratio:    0.00       (C.S.Area)

[1]  li1:
  PAR:    0.06  Ratio:    0.00       (Area)
  PAR:    0.07  Ratio:   75.00       (S.Area)
  CAR:    0.06  Ratio:    0.00       (C.Area)
  CAR:    0.07  Ratio:    0.00       (C.S.Area)

[1]  M1M2_PR:
  PAR:    0.09  Ratio:    6.00       (Area)
  CAR:    0.21  Ratio:    0.00       (C.Area)

[1]  L1M1_PR:
  PAR:    0.12  Ratio:    3.00       (Area)
  CAR:    0.12  Ratio:    0.00       (C.Area)


Net - net2
  _0_  (sky130_fd_sc_hd__nor2_1)  A
[1]  met2:
  PAR:   13.53  Ratio:    0.00       (Area)
  PAR:   67.81  Ratio: 2736.24       (S.Area)
  CAR:   14.44  Ratio:    0.00       (C.Area)
  CAR:   72.57  Ratio:    0.00       (C.S.Area)

[1]  met1:
  PAR:    0.86  Ratio:    0.00       (Area)
  PAR:    4.69  Ratio:  400.00       (S.Area)
  CAR:    0.92  Ratio:    0.00       (C.Area)
  CAR:    4.76  Ratio:    0.00       (C.S.Area)

[1]  li1:
  PAR:    0.06  Ratio:    0.00       (Area)
  PAR:    0.07  Ratio:   75.00       (S.Area)
  CAR:    0.06  Ratio:    0.00       (C.Area)
  CAR:    0.07  Ratio:    0.00       (C.S.Area)

[1]  M1M2_PR:
  PAR:    0.09  Ratio:    6.00       (Area)
  CAR:    0.21  Ratio:    0.00       (C.Area)

[1]  L1M1_PR:
  PAR:    0.12  Ratio:    3.00       (Area)
  CAR:    0.12  Ratio:    0.00       (C.Area)


Net - net3
  output3  (sky130_fd_sc_hd__buf_2)  A
[1]  met2:
  PAR:    2.79  Ratio:    0.00       (Area)
  PAR:   14.24  Ratio: 2774.20       (S.Area)
  CAR:    3.01  Ratio:    0.00       (C.Area)
  CAR:   14.96  Ratio:    0.00       (C.S.Area)

[1]  met1:
  PAR:    0.12  Ratio:    0.00       (Area)
  PAR:    0.62  Ratio:  400.00       (S.Area)
  CAR:    0.21  Ratio:    0.00       (C.Area)
  CAR:    0.72  Ratio:    0.00       (C.S.Area)

[1]  li1:
  PAR:    0.09  Ratio:    0.00       (Area)
  PAR:    0.11  Ratio:   75.00       (S.Area)
  CAR:    0.09  Ratio:    0.00       (C.Area)
  CAR:    0.11  Ratio:    0.00       (C.S.Area)

[1]  M1M2_PR:
  PAR:    0.14  Ratio:    6.00       (Area)
  CAR:    0.32  Ratio:    0.00       (C.Area)

[1]  L1M1_PR:
  PAR:    0.18  Ratio:    3.00       (Area)
  CAR:    0.18  Ratio:    0.00       (C.Area)

Number of pins violated: 0
Number of nets violated: 0
Total number of unspecial nets: 6
