
===========================================================================
report_checks -unconstrained
============================================================================
Startpoint: sel[0] (input port clocked by __VIRTUAL_CLK__)
Endpoint: out[0] (output port clocked by __VIRTUAL_CLK__)
Path Group: __VIRTUAL_CLK__
Path Type: max

Fanout     Cap    Slew   Delay    Time   Description
-----------------------------------------------------------------------------
                  0.00    0.00    0.00   clock __VIRTUAL_CLK__ (rise edge)
                          0.00    0.00   clock network delay (ideal)
                          2.00    2.00 v input external delay
                  0.02    0.01    2.01 v sel[0] (in)
     4    0.01                           sel[0] (net)
                  0.02    0.00    2.01 v _11_/A (sky130_fd_sc_hd__buf_1)
                  0.07    0.12    2.13 v _11_/X (sky130_fd_sc_hd__buf_1)
     5    0.01                           _00_ (net)
                  0.07    0.01    2.14 v _15_/A (sky130_fd_sc_hd__nor4b_2)
                  0.85    0.77    2.91 ^ _15_/Y (sky130_fd_sc_hd__nor4b_2)
     1    0.03                           out[0] (net)
                  0.85    0.00    2.91 ^ out[0] (out)
                                  2.91   data arrival time

                  0.00   10.00   10.00   clock __VIRTUAL_CLK__ (rise edge)
                          0.00   10.00   clock network delay (ideal)
                         -0.25    9.75   clock uncertainty
                          0.00    9.75   clock reconvergence pessimism
                         -2.00    7.75   output external delay
                                  7.75   data required time
-----------------------------------------------------------------------------
                                  7.75   data required time
                                 -2.91   data arrival time
-----------------------------------------------------------------------------
                                  4.84   slack (MET)



===========================================================================
report_checks --slack_max -0.01
============================================================================
No paths found.
