OpenROAD c1c315118e68926dfff368f85e13bf50adaa920f 
This program is licensed under the BSD-3 license. See the LICENSE file for details.
Components of this program may be licensed under more restrictive licenses which must be honored.
[INFO ODB-0222] Reading LEF file: /openlane/designs/current/runs/RUN__2022_06_04__02_21_02/tmp/merged.nom.lef
[INFO ODB-0223]     Created 13 technology layers
[INFO ODB-0224]     Created 25 technology vias
[INFO ODB-0225]     Created 441 library cells
[INFO ODB-0226] Finished LEF file:  /openlane/designs/current/runs/RUN__2022_06_04__02_21_02/tmp/merged.nom.lef
if {[info exists ::env(CLOCK_PORT)] && $::env(CLOCK_PORT) != ""} { 
    create_clock [get_ports $::env(CLOCK_PORT)]  -name $::env(CLOCK_PORT)  -period $::env(CLOCK_PERIOD)
} else {
    create_clock -name __VIRTUAL_CLK__ -period $::env(CLOCK_PERIOD)
    set ::env(CLOCK_PORT) __VIRTUAL_CLK__
}
set input_delay_value [expr $::env(CLOCK_PERIOD) * $::env(IO_PCT)]
set output_delay_value [expr $::env(CLOCK_PERIOD) * $::env(IO_PCT)]
puts "\[INFO\]: Setting output delay to: $output_delay_value"
[INFO]: Setting output delay to: 4.800000000000001
puts "\[INFO\]: Setting input delay to: $input_delay_value"
[INFO]: Setting input delay to: 4.800000000000001
set_max_fanout $::env(SYNTH_MAX_FANOUT) [current_design]
set clk_indx [lsearch [all_inputs] [get_port $::env(CLOCK_PORT)]]
#set rst_indx [lsearch [all_inputs] [get_port resetn]]
set all_inputs_wo_clk [lreplace [all_inputs] $clk_indx $clk_indx]
#set all_inputs_wo_clk_rst [lreplace $all_inputs_wo_clk $rst_indx $rst_indx]
set all_inputs_wo_clk_rst $all_inputs_wo_clk
# correct resetn
set_input_delay $input_delay_value  -clock [get_clocks $::env(CLOCK_PORT)] $all_inputs_wo_clk_rst
#set_input_delay 0.0 -clock [get_clocks $::env(CLOCK_PORT)] {resetn}
set_output_delay $output_delay_value  -clock [get_clocks $::env(CLOCK_PORT)] [all_outputs]
# TODO set this as parameter
set_driving_cell -lib_cell $::env(SYNTH_DRIVING_CELL) -pin $::env(SYNTH_DRIVING_CELL_PIN) [all_inputs]
set cap_load [expr $::env(SYNTH_CAP_LOAD) / 1000.0]
puts "\[INFO\]: Setting load to: $cap_load"
[INFO]: Setting load to: 0.033442
set_load  $cap_load [all_outputs]
puts "\[INFO\]: Setting clock uncertainity to: $::env(SYNTH_CLOCK_UNCERTAINITY)"
[INFO]: Setting clock uncertainity to: 0.25
set_clock_uncertainty $::env(SYNTH_CLOCK_UNCERTAINITY) [get_clocks $::env(CLOCK_PORT)]
puts "\[INFO\]: Setting clock transition to: $::env(SYNTH_CLOCK_TRANSITION)"
[INFO]: Setting clock transition to: 0.15
set_clock_transition $::env(SYNTH_CLOCK_TRANSITION) [get_clocks $::env(CLOCK_PORT)]
puts "\[INFO\]: Setting timing derate to: [expr {$::env(SYNTH_TIMING_DERATE) * 10}] %"
[INFO]: Setting timing derate to: 0.5 %
set_timing_derate -early [expr {1-$::env(SYNTH_TIMING_DERATE)}]
set_timing_derate -late [expr {1+$::env(SYNTH_TIMING_DERATE)}]
min_report

===========================================================================
report_checks -path_delay min (Hold)
============================================================================
Startpoint: _30724_ (rising edge-triggered flip-flop clocked by clk)
Endpoint: _30724_ (rising edge-triggered flip-flop clocked by clk)
Path Group: clk
Path Type: min

Fanout     Cap    Slew   Delay    Time   Description
-----------------------------------------------------------------------------
                  0.15    0.00    0.00   clock clk (rise edge)
                          0.00    0.00   clock network delay (ideal)
                  0.15    0.00    0.00 ^ _30724_/CLK (sky130_fd_sc_hd__dfxtp_2)
                  0.08    0.36    0.36 ^ _30724_/Q (sky130_fd_sc_hd__dfxtp_2)
     4    0.01                           count_instr[1] (net)
                  0.08    0.01    0.37 ^ _27037_/A1 (sky130_fd_sc_hd__a21oi_2)
                  0.03    0.05    0.42 v _27037_/Y (sky130_fd_sc_hd__a21oi_2)
     1    0.00                           _00633_ (net)
                  0.03    0.00    0.42 v _30724_/D (sky130_fd_sc_hd__dfxtp_2)
                                  0.42   data arrival time

                  0.15    0.00    0.00   clock clk (rise edge)
                          0.00    0.00   clock network delay (ideal)
                          0.25    0.25   clock uncertainty
                          0.00    0.25   clock reconvergence pessimism
                                  0.25 ^ _30724_/CLK (sky130_fd_sc_hd__dfxtp_2)
                         -0.02    0.23   library hold time
                                  0.23   data required time
-----------------------------------------------------------------------------
                                  0.23   data required time
                                 -0.42   data arrival time
-----------------------------------------------------------------------------
                                  0.18   slack (MET)


Startpoint: _31343_ (rising edge-triggered flip-flop clocked by clk)
Endpoint: _31149_ (rising edge-triggered flip-flop clocked by clk)
Path Group: clk
Path Type: min

Fanout     Cap    Slew   Delay    Time   Description
-----------------------------------------------------------------------------
                  0.15    0.00    0.00   clock clk (rise edge)
                          0.00    0.00   clock network delay (ideal)
                  0.15    0.00    0.00 ^ _31343_/CLK (sky130_fd_sc_hd__dfxtp_2)
                  0.03    0.32    0.32 ^ _31343_/Q (sky130_fd_sc_hd__dfxtp_2)
     1    0.00                           alu_add_sub[23] (net)
                  0.03    0.00    0.33 ^ _17298_/A1 (sky130_fd_sc_hd__a21o_2)
                  0.02    0.09    0.42 ^ _17298_/X (sky130_fd_sc_hd__a21o_2)
     1    0.00                           alu_out[23] (net)
                  0.02    0.00    0.42 ^ _31149_/D (sky130_fd_sc_hd__dfxtp_2)
                                  0.42   data arrival time

                  0.15    0.00    0.00   clock clk (rise edge)
                          0.00    0.00   clock network delay (ideal)
                          0.25    0.25   clock uncertainty
                          0.00    0.25   clock reconvergence pessimism
                                  0.25 ^ _31149_/CLK (sky130_fd_sc_hd__dfxtp_2)
                         -0.01    0.24   library hold time
                                  0.24   data required time
-----------------------------------------------------------------------------
                                  0.24   data required time
                                 -0.42   data arrival time
-----------------------------------------------------------------------------
                                  0.19   slack (MET)


Startpoint: _31322_ (rising edge-triggered flip-flop clocked by clk)
Endpoint: _31128_ (rising edge-triggered flip-flop clocked by clk)
Path Group: clk
Path Type: min

Fanout     Cap    Slew   Delay    Time   Description
-----------------------------------------------------------------------------
                  0.15    0.00    0.00   clock clk (rise edge)
                          0.00    0.00   clock network delay (ideal)
                  0.15    0.00    0.00 ^ _31322_/CLK (sky130_fd_sc_hd__dfxtp_2)
                  0.03    0.32    0.32 ^ _31322_/Q (sky130_fd_sc_hd__dfxtp_2)
     1    0.00                           alu_add_sub[2] (net)
                  0.03    0.00    0.33 ^ _17156_/A1 (sky130_fd_sc_hd__a211o_2)
                  0.02    0.10    0.42 ^ _17156_/X (sky130_fd_sc_hd__a211o_2)
     1    0.00                           alu_out[2] (net)
                  0.02    0.00    0.43 ^ _31128_/D (sky130_fd_sc_hd__dfxtp_2)
                                  0.43   data arrival time

                  0.15    0.00    0.00   clock clk (rise edge)
                          0.00    0.00   clock network delay (ideal)
                          0.25    0.25   clock uncertainty
                          0.00    0.25   clock reconvergence pessimism
                                  0.25 ^ _31128_/CLK (sky130_fd_sc_hd__dfxtp_2)
                         -0.01    0.24   library hold time
                                  0.24   data required time
-----------------------------------------------------------------------------
                                  0.24   data required time
                                 -0.43   data arrival time
-----------------------------------------------------------------------------
                                  0.19   slack (MET)


Startpoint: _31350_ (rising edge-triggered flip-flop clocked by clk)
Endpoint: _31156_ (rising edge-triggered flip-flop clocked by clk)
Path Group: clk
Path Type: min

Fanout     Cap    Slew   Delay    Time   Description
-----------------------------------------------------------------------------
                  0.15    0.00    0.00   clock clk (rise edge)
                          0.00    0.00   clock network delay (ideal)
                  0.15    0.00    0.00 ^ _31350_/CLK (sky130_fd_sc_hd__dfxtp_2)
                  0.03    0.32    0.32 ^ _31350_/Q (sky130_fd_sc_hd__dfxtp_2)
     1    0.00                           alu_add_sub[30] (net)
                  0.03    0.00    0.33 ^ _17341_/A1 (sky130_fd_sc_hd__a211o_2)
                  0.02    0.10    0.42 ^ _17341_/X (sky130_fd_sc_hd__a211o_2)
     1    0.00                           alu_out[30] (net)
                  0.02    0.00    0.43 ^ _31156_/D (sky130_fd_sc_hd__dfxtp_2)
                                  0.43   data arrival time

                  0.15    0.00    0.00   clock clk (rise edge)
                          0.00    0.00   clock network delay (ideal)
                          0.25    0.25   clock uncertainty
                          0.00    0.25   clock reconvergence pessimism
                                  0.25 ^ _31156_/CLK (sky130_fd_sc_hd__dfxtp_2)
                         -0.01    0.24   library hold time
                                  0.24   data required time
-----------------------------------------------------------------------------
                                  0.24   data required time
                                 -0.43   data arrival time
-----------------------------------------------------------------------------
                                  0.19   slack (MET)


Startpoint: _31323_ (rising edge-triggered flip-flop clocked by clk)
Endpoint: _31129_ (rising edge-triggered flip-flop clocked by clk)
Path Group: clk
Path Type: min

Fanout     Cap    Slew   Delay    Time   Description
-----------------------------------------------------------------------------
                  0.15    0.00    0.00   clock clk (rise edge)
                          0.00    0.00   clock network delay (ideal)
                  0.15    0.00    0.00 ^ _31323_/CLK (sky130_fd_sc_hd__dfxtp_2)
                  0.03    0.32    0.32 ^ _31323_/Q (sky130_fd_sc_hd__dfxtp_2)
     1    0.00                           alu_add_sub[3] (net)
                  0.03    0.00    0.33 ^ _17165_/A1 (sky130_fd_sc_hd__a211o_2)
                  0.02    0.10    0.42 ^ _17165_/X (sky130_fd_sc_hd__a211o_2)
     1    0.00                           alu_out[3] (net)
                  0.02    0.00    0.43 ^ _31129_/D (sky130_fd_sc_hd__dfxtp_2)
                                  0.43   data arrival time

                  0.15    0.00    0.00   clock clk (rise edge)
                          0.00    0.00   clock network delay (ideal)
                          0.25    0.25   clock uncertainty
                          0.00    0.25   clock reconvergence pessimism
                                  0.25 ^ _31129_/CLK (sky130_fd_sc_hd__dfxtp_2)
                         -0.01    0.24   library hold time
                                  0.24   data required time
-----------------------------------------------------------------------------
                                  0.24   data required time
                                 -0.43   data arrival time
-----------------------------------------------------------------------------
                                  0.19   slack (MET)


min_report_end
max_report

===========================================================================
report_checks -path_delay max (Setup)
============================================================================
Startpoint: resetn (input port clocked by clk)
Endpoint: mem_la_read (output port clocked by clk)
Path Group: clk
Path Type: max

Fanout     Cap    Slew   Delay    Time   Description
-----------------------------------------------------------------------------
                  0.15    0.00    0.00   clock clk (rise edge)
                          0.00    0.00   clock network delay (ideal)
                          4.80    4.80 ^ input external delay
                  0.04    0.03    4.83 ^ resetn (in)
     2    0.01                           resetn (net)
                  0.04    0.00    4.83 ^ _15035_/A (sky130_fd_sc_hd__buf_1)
                  0.22    0.21    5.03 ^ _15035_/X (sky130_fd_sc_hd__buf_1)
     6    0.02                           _08515_ (net)
                  0.22    0.00    5.03 ^ _15459_/A (sky130_fd_sc_hd__and2_2)
                  0.04    0.18    5.22 ^ _15459_/X (sky130_fd_sc_hd__and2_2)
     1    0.00                           _08923_ (net)
                  0.04    0.00    5.22 ^ _15460_/A (sky130_fd_sc_hd__buf_1)
                  0.42    0.32    5.55 ^ _15460_/X (sky130_fd_sc_hd__buf_1)
     2    0.03                           mem_la_read (net)
                  0.42    0.00    5.55 ^ mem_la_read (out)
                                  5.55   data arrival time

                  0.15   24.00   24.00   clock clk (rise edge)
                          0.00   24.00   clock network delay (ideal)
                         -0.25   23.75   clock uncertainty
                          0.00   23.75   clock reconvergence pessimism
                         -4.80   18.95   output external delay
                                 18.95   data required time
-----------------------------------------------------------------------------
                                 18.95   data required time
                                 -5.55   data arrival time
-----------------------------------------------------------------------------
                                 13.40   slack (MET)


Startpoint: resetn (input port clocked by clk)
Endpoint: mem_la_write (output port clocked by clk)
Path Group: clk
Path Type: max

Fanout     Cap    Slew   Delay    Time   Description
-----------------------------------------------------------------------------
                  0.15    0.00    0.00   clock clk (rise edge)
                          0.00    0.00   clock network delay (ideal)
                          4.80    4.80 ^ input external delay
                  0.04    0.03    4.83 ^ resetn (in)
     2    0.01                           resetn (net)
                  0.04    0.00    4.83 ^ _15035_/A (sky130_fd_sc_hd__buf_1)
                  0.22    0.21    5.03 ^ _15035_/X (sky130_fd_sc_hd__buf_1)
     6    0.02                           _08515_ (net)
                  0.22    0.01    5.04 ^ _15451_/B (sky130_fd_sc_hd__nand3_2)
                  0.11    0.16    5.19 v _15451_/Y (sky130_fd_sc_hd__nand3_2)
     4    0.01                           _08917_ (net)
                  0.11    0.01    5.20 v _15452_/A (sky130_fd_sc_hd__inv_2)
                  0.17    0.15    5.35 ^ _15452_/Y (sky130_fd_sc_hd__inv_2)
     2    0.04                           mem_la_write (net)
                  0.17    0.00    5.35 ^ mem_la_write (out)
                                  5.35   data arrival time

                  0.15   24.00   24.00   clock clk (rise edge)
                          0.00   24.00   clock network delay (ideal)
                         -0.25   23.75   clock uncertainty
                          0.00   23.75   clock reconvergence pessimism
                         -4.80   18.95   output external delay
                                 18.95   data required time
-----------------------------------------------------------------------------
                                 18.95   data required time
                                 -5.35   data arrival time
-----------------------------------------------------------------------------
                                 13.60   slack (MET)


Startpoint: _30631_ (rising edge-triggered flip-flop clocked by clk)
Endpoint: _30234_ (rising edge-triggered flip-flop clocked by clk)
Path Group: clk
Path Type: max

Fanout     Cap    Slew   Delay    Time   Description
-----------------------------------------------------------------------------
                  0.15    0.00    0.00   clock clk (rise edge)
                          0.00    0.00   clock network delay (ideal)
                  0.15    0.00    0.00 ^ _30631_/CLK (sky130_fd_sc_hd__dfxtp_2)
                  0.04    0.37    0.37 ^ _30631_/Q (sky130_fd_sc_hd__dfxtp_2)
     2    0.00                           genblk1.pcpi_mul.rs2[8] (net)
                  0.04    0.00    0.37 ^ _18097_/A (sky130_fd_sc_hd__buf_1)
                  0.15    0.16    0.53 ^ _18097_/X (sky130_fd_sc_hd__buf_1)
     6    0.01                           _11396_ (net)
                  0.15    0.00    0.53 ^ _18098_/A (sky130_fd_sc_hd__buf_1)
                  0.28    0.28    0.81 ^ _18098_/X (sky130_fd_sc_hd__buf_1)
     6    0.02                           _11397_ (net)
                  0.28    0.00    0.82 ^ _18482_/A (sky130_fd_sc_hd__buf_1)
                  0.28    0.30    1.12 ^ _18482_/X (sky130_fd_sc_hd__buf_1)
     6    0.02                           _11776_ (net)
                  0.28    0.01    1.12 ^ _19860_/A1 (sky130_fd_sc_hd__a22oi_2)
                  0.10    0.16    1.28 v _19860_/Y (sky130_fd_sc_hd__a22oi_2)
     3    0.01                           _13143_ (net)
                  0.10    0.00    1.29 v _19861_/C (sky130_fd_sc_hd__or3_2)
                  0.09    0.47    1.75 v _19861_/X (sky130_fd_sc_hd__or3_2)
     2    0.01                           _13144_ (net)
                  0.09    0.00    1.76 v _19865_/A1 (sky130_fd_sc_hd__a21o_2)
                  0.05    0.23    1.99 v _19865_/X (sky130_fd_sc_hd__a21o_2)
     3    0.01                           _13148_ (net)
                  0.05    0.00    1.99 v _20024_/A2 (sky130_fd_sc_hd__a21bo_2)
                  0.05    0.23    2.22 v _20024_/X (sky130_fd_sc_hd__a21bo_2)
     2    0.01                           _13306_ (net)
                  0.05    0.00    2.23 v _20026_/B1 (sky130_fd_sc_hd__a21o_2)
                  0.06    0.22    2.44 v _20026_/X (sky130_fd_sc_hd__a21o_2)
     3    0.01                           _13308_ (net)
                  0.06    0.00    2.44 v _20027_/C (sky130_fd_sc_hd__and3_2)
                  0.05    0.23    2.67 v _20027_/X (sky130_fd_sc_hd__and3_2)
     2    0.01                           _13309_ (net)
                  0.05    0.00    2.68 v _20029_/B1 (sky130_fd_sc_hd__a211o_2)
                  0.08    0.36    3.04 v _20029_/X (sky130_fd_sc_hd__a211o_2)
     4    0.01                           _13311_ (net)
                  0.08    0.00    3.04 v _20032_/A1 (sky130_fd_sc_hd__a211o_2)
                  0.06    0.33    3.37 v _20032_/X (sky130_fd_sc_hd__a211o_2)
     2    0.01                           _13314_ (net)
                  0.06    0.00    3.37 v _20034_/A2 (sky130_fd_sc_hd__a211o_2)
                  0.07    0.38    3.75 v _20034_/X (sky130_fd_sc_hd__a211o_2)
     3    0.01                           _13316_ (net)
                  0.07    0.00    3.75 v _20035_/C (sky130_fd_sc_hd__and3_2)
                  0.05    0.24    3.99 v _20035_/X (sky130_fd_sc_hd__and3_2)
     2    0.01                           _13317_ (net)
                  0.05    0.00    4.00 v _20037_/B1 (sky130_fd_sc_hd__a211o_2)
                  0.08    0.36    4.36 v _20037_/X (sky130_fd_sc_hd__a211o_2)
     4    0.01                           _13319_ (net)
                  0.08    0.00    4.36 v _20040_/B1 (sky130_fd_sc_hd__a22o_2)
                  0.05    0.24    4.60 v _20040_/X (sky130_fd_sc_hd__a22o_2)
     2    0.01                           _13322_ (net)
                  0.05    0.00    4.60 v _20042_/A2 (sky130_fd_sc_hd__a211o_2)
                  0.06    0.36    4.96 v _20042_/X (sky130_fd_sc_hd__a211o_2)
     2    0.01                           _13324_ (net)
                  0.06    0.00    4.96 v _20043_/C (sky130_fd_sc_hd__and3_2)
                  0.06    0.25    5.21 v _20043_/X (sky130_fd_sc_hd__and3_2)
     4    0.01                           _13325_ (net)
                  0.06    0.00    5.21 v _20194_/A2 (sky130_fd_sc_hd__o211a_2)
                  0.07    0.29    5.50 v _20194_/X (sky130_fd_sc_hd__o211a_2)
     4    0.01                           _13475_ (net)
                  0.07    0.00    5.51 v _20197_/A1 (sky130_fd_sc_hd__o21a_2)
                  0.03    0.21    5.72 v _20197_/X (sky130_fd_sc_hd__o21a_2)
     1    0.00                           _13478_ (net)
                  0.03    0.00    5.72 v _20198_/B (sky130_fd_sc_hd__or2_2)
                  0.08    0.32    6.04 v _20198_/X (sky130_fd_sc_hd__or2_2)
     2    0.01                           _13479_ (net)
                  0.08    0.01    6.05 v _20200_/A (sky130_fd_sc_hd__xnor2_2)
                  0.22    0.25    6.31 ^ _20200_/Y (sky130_fd_sc_hd__xnor2_2)
     3    0.01                           _13481_ (net)
                  0.22    0.00    6.31 ^ _20534_/A_N (sky130_fd_sc_hd__and2b_2)
                  0.04    0.26    6.57 v _20534_/X (sky130_fd_sc_hd__and2b_2)
     2    0.00                           _13813_ (net)
                  0.04    0.00    6.57 v _20537_/B1 (sky130_fd_sc_hd__a2bb2o_2)
                  0.06    0.29    6.85 v _20537_/X (sky130_fd_sc_hd__a2bb2o_2)
     2    0.01                           _13816_ (net)
                  0.06    0.01    6.86 v _21307_/A (sky130_fd_sc_hd__nand2_2)
                  0.03    0.05    6.91 ^ _21307_/Y (sky130_fd_sc_hd__nand2_2)
     1    0.00                           _14582_ (net)
                  0.03    0.00    6.92 ^ _21309_/B (sky130_fd_sc_hd__and3_2)
                  0.12    0.24    7.15 ^ _21309_/X (sky130_fd_sc_hd__and3_2)
     5    0.02                           _14584_ (net)
                  0.12    0.00    7.16 ^ _22690_/A_N (sky130_fd_sc_hd__and3b_2)
                  0.05    0.24    7.39 v _22690_/X (sky130_fd_sc_hd__and3b_2)
     3    0.01                           _02515_ (net)
                  0.05    0.00    7.40 v _24181_/A1 (sky130_fd_sc_hd__o2111a_2)
                  0.05    0.28    7.68 v _24181_/X (sky130_fd_sc_hd__o2111a_2)
     2    0.01                           _03994_ (net)
                  0.05    0.00    7.69 v _24395_/A1 (sky130_fd_sc_hd__o311a_2)
                  0.07    0.42    8.11 v _24395_/X (sky130_fd_sc_hd__o311a_2)
     3    0.01                           _04206_ (net)
                  0.07    0.00    8.11 v _24780_/A1 (sky130_fd_sc_hd__o2111a_2)
                  0.06    0.30    8.41 v _24780_/X (sky130_fd_sc_hd__o2111a_2)
     3    0.01                           _04587_ (net)
                  0.06    0.00    8.42 v _24940_/A1 (sky130_fd_sc_hd__o311a_2)
                  0.08    0.44    8.86 v _24940_/X (sky130_fd_sc_hd__o311a_2)
     3    0.01                           _04745_ (net)
                  0.08    0.00    8.86 v _25080_/A2 (sky130_fd_sc_hd__o31a_2)
                  0.07    0.37    9.24 v _25080_/X (sky130_fd_sc_hd__o31a_2)
     2    0.01                           _04883_ (net)
                  0.07    0.00    9.24 v _25082_/A2 (sky130_fd_sc_hd__a21o_2)
                  0.05    0.24    9.48 v _25082_/X (sky130_fd_sc_hd__a21o_2)
     1    0.01                           _04884_ (net)
                  0.06    0.01    9.50 v _25119_/A (sky130_fd_sc_hd__xnor2_2)
                  0.04    0.13    9.63 v _25119_/Y (sky130_fd_sc_hd__xnor2_2)
     1    0.00                           _00111_ (net)
                  0.04    0.00    9.64 v _30234_/D (sky130_fd_sc_hd__dfxtp_2)
                                  9.64   data arrival time

                  0.15   24.00   24.00   clock clk (rise edge)
                          0.00   24.00   clock network delay (ideal)
                         -0.25   23.75   clock uncertainty
                          0.00   23.75   clock reconvergence pessimism
                                 23.75 ^ _30234_/CLK (sky130_fd_sc_hd__dfxtp_2)
                         -0.09   23.66   library setup time
                                 23.66   data required time
-----------------------------------------------------------------------------
                                 23.66   data required time
                                 -9.64   data arrival time
-----------------------------------------------------------------------------
                                 14.03   slack (MET)


Startpoint: _30631_ (rising edge-triggered flip-flop clocked by clk)
Endpoint: _30233_ (rising edge-triggered flip-flop clocked by clk)
Path Group: clk
Path Type: max

Fanout     Cap    Slew   Delay    Time   Description
-----------------------------------------------------------------------------
                  0.15    0.00    0.00   clock clk (rise edge)
                          0.00    0.00   clock network delay (ideal)
                  0.15    0.00    0.00 ^ _30631_/CLK (sky130_fd_sc_hd__dfxtp_2)
                  0.04    0.37    0.37 ^ _30631_/Q (sky130_fd_sc_hd__dfxtp_2)
     2    0.00                           genblk1.pcpi_mul.rs2[8] (net)
                  0.04    0.00    0.37 ^ _18097_/A (sky130_fd_sc_hd__buf_1)
                  0.15    0.16    0.53 ^ _18097_/X (sky130_fd_sc_hd__buf_1)
     6    0.01                           _11396_ (net)
                  0.15    0.00    0.53 ^ _18098_/A (sky130_fd_sc_hd__buf_1)
                  0.28    0.28    0.81 ^ _18098_/X (sky130_fd_sc_hd__buf_1)
     6    0.02                           _11397_ (net)
                  0.28    0.00    0.82 ^ _18482_/A (sky130_fd_sc_hd__buf_1)
                  0.28    0.30    1.12 ^ _18482_/X (sky130_fd_sc_hd__buf_1)
     6    0.02                           _11776_ (net)
                  0.28    0.01    1.12 ^ _19860_/A1 (sky130_fd_sc_hd__a22oi_2)
                  0.10    0.16    1.28 v _19860_/Y (sky130_fd_sc_hd__a22oi_2)
     3    0.01                           _13143_ (net)
                  0.10    0.00    1.29 v _19861_/C (sky130_fd_sc_hd__or3_2)
                  0.09    0.47    1.75 v _19861_/X (sky130_fd_sc_hd__or3_2)
     2    0.01                           _13144_ (net)
                  0.09    0.00    1.76 v _19865_/A1 (sky130_fd_sc_hd__a21o_2)
                  0.05    0.23    1.99 v _19865_/X (sky130_fd_sc_hd__a21o_2)
     3    0.01                           _13148_ (net)
                  0.05    0.00    1.99 v _20024_/A2 (sky130_fd_sc_hd__a21bo_2)
                  0.05    0.23    2.22 v _20024_/X (sky130_fd_sc_hd__a21bo_2)
     2    0.01                           _13306_ (net)
                  0.05    0.00    2.23 v _20026_/B1 (sky130_fd_sc_hd__a21o_2)
                  0.06    0.22    2.44 v _20026_/X (sky130_fd_sc_hd__a21o_2)
     3    0.01                           _13308_ (net)
                  0.06    0.00    2.44 v _20027_/C (sky130_fd_sc_hd__and3_2)
                  0.05    0.23    2.67 v _20027_/X (sky130_fd_sc_hd__and3_2)
     2    0.01                           _13309_ (net)
                  0.05    0.00    2.68 v _20029_/B1 (sky130_fd_sc_hd__a211o_2)
                  0.08    0.36    3.04 v _20029_/X (sky130_fd_sc_hd__a211o_2)
     4    0.01                           _13311_ (net)
                  0.08    0.00    3.04 v _20032_/A1 (sky130_fd_sc_hd__a211o_2)
                  0.06    0.33    3.37 v _20032_/X (sky130_fd_sc_hd__a211o_2)
     2    0.01                           _13314_ (net)
                  0.06    0.00    3.37 v _20034_/A2 (sky130_fd_sc_hd__a211o_2)
                  0.07    0.38    3.75 v _20034_/X (sky130_fd_sc_hd__a211o_2)
     3    0.01                           _13316_ (net)
                  0.07    0.00    3.75 v _20035_/C (sky130_fd_sc_hd__and3_2)
                  0.05    0.24    3.99 v _20035_/X (sky130_fd_sc_hd__and3_2)
     2    0.01                           _13317_ (net)
                  0.05    0.00    4.00 v _20037_/B1 (sky130_fd_sc_hd__a211o_2)
                  0.08    0.36    4.36 v _20037_/X (sky130_fd_sc_hd__a211o_2)
     4    0.01                           _13319_ (net)
                  0.08    0.00    4.36 v _20040_/B1 (sky130_fd_sc_hd__a22o_2)
                  0.05    0.24    4.60 v _20040_/X (sky130_fd_sc_hd__a22o_2)
     2    0.01                           _13322_ (net)
                  0.05    0.00    4.60 v _20042_/A2 (sky130_fd_sc_hd__a211o_2)
                  0.06    0.36    4.96 v _20042_/X (sky130_fd_sc_hd__a211o_2)
     2    0.01                           _13324_ (net)
                  0.06    0.00    4.96 v _20043_/C (sky130_fd_sc_hd__and3_2)
                  0.06    0.25    5.21 v _20043_/X (sky130_fd_sc_hd__and3_2)
     4    0.01                           _13325_ (net)
                  0.06    0.00    5.21 v _20194_/A2 (sky130_fd_sc_hd__o211a_2)
                  0.07    0.29    5.50 v _20194_/X (sky130_fd_sc_hd__o211a_2)
     4    0.01                           _13475_ (net)
                  0.07    0.00    5.51 v _20197_/A1 (sky130_fd_sc_hd__o21a_2)
                  0.03    0.21    5.72 v _20197_/X (sky130_fd_sc_hd__o21a_2)
     1    0.00                           _13478_ (net)
                  0.03    0.00    5.72 v _20198_/B (sky130_fd_sc_hd__or2_2)
                  0.08    0.32    6.04 v _20198_/X (sky130_fd_sc_hd__or2_2)
     2    0.01                           _13479_ (net)
                  0.08    0.01    6.05 v _20200_/A (sky130_fd_sc_hd__xnor2_2)
                  0.22    0.25    6.31 ^ _20200_/Y (sky130_fd_sc_hd__xnor2_2)
     3    0.01                           _13481_ (net)
                  0.22    0.00    6.31 ^ _20534_/A_N (sky130_fd_sc_hd__and2b_2)
                  0.04    0.26    6.57 v _20534_/X (sky130_fd_sc_hd__and2b_2)
     2    0.00                           _13813_ (net)
                  0.04    0.00    6.57 v _20537_/B1 (sky130_fd_sc_hd__a2bb2o_2)
                  0.06    0.29    6.85 v _20537_/X (sky130_fd_sc_hd__a2bb2o_2)
     2    0.01                           _13816_ (net)
                  0.06    0.01    6.86 v _21307_/A (sky130_fd_sc_hd__nand2_2)
                  0.03    0.05    6.91 ^ _21307_/Y (sky130_fd_sc_hd__nand2_2)
     1    0.00                           _14582_ (net)
                  0.03    0.00    6.92 ^ _21309_/B (sky130_fd_sc_hd__and3_2)
                  0.12    0.24    7.15 ^ _21309_/X (sky130_fd_sc_hd__and3_2)
     5    0.02                           _14584_ (net)
                  0.12    0.00    7.16 ^ _22690_/A_N (sky130_fd_sc_hd__and3b_2)
                  0.05    0.24    7.39 v _22690_/X (sky130_fd_sc_hd__and3b_2)
     3    0.01                           _02515_ (net)
                  0.05    0.00    7.40 v _24181_/A1 (sky130_fd_sc_hd__o2111a_2)
                  0.05    0.28    7.68 v _24181_/X (sky130_fd_sc_hd__o2111a_2)
     2    0.01                           _03994_ (net)
                  0.05    0.00    7.69 v _24395_/A1 (sky130_fd_sc_hd__o311a_2)
                  0.07    0.42    8.11 v _24395_/X (sky130_fd_sc_hd__o311a_2)
     3    0.01                           _04206_ (net)
                  0.07    0.00    8.11 v _24780_/A1 (sky130_fd_sc_hd__o2111a_2)
                  0.06    0.30    8.41 v _24780_/X (sky130_fd_sc_hd__o2111a_2)
     3    0.01                           _04587_ (net)
                  0.06    0.00    8.42 v _24940_/A1 (sky130_fd_sc_hd__o311a_2)
                  0.08    0.44    8.86 v _24940_/X (sky130_fd_sc_hd__o311a_2)
     3    0.01                           _04745_ (net)
                  0.08    0.00    8.86 v _25080_/A2 (sky130_fd_sc_hd__o31a_2)
                  0.07    0.37    9.24 v _25080_/X (sky130_fd_sc_hd__o31a_2)
     2    0.01                           _04883_ (net)
                  0.08    0.01    9.25 v _25081_/B (sky130_fd_sc_hd__xnor2_2)
                  0.04    0.14    9.38 v _25081_/Y (sky130_fd_sc_hd__xnor2_2)
     1    0.00                           _00110_ (net)
                  0.04    0.00    9.39 v _30233_/D (sky130_fd_sc_hd__dfxtp_2)
                                  9.39   data arrival time

                  0.15   24.00   24.00   clock clk (rise edge)
                          0.00   24.00   clock network delay (ideal)
                         -0.25   23.75   clock uncertainty
                          0.00   23.75   clock reconvergence pessimism
                                 23.75 ^ _30233_/CLK (sky130_fd_sc_hd__dfxtp_2)
                         -0.09   23.66   library setup time
                                 23.66   data required time
-----------------------------------------------------------------------------
                                 23.66   data required time
                                 -9.39   data arrival time
-----------------------------------------------------------------------------
                                 14.28   slack (MET)


Startpoint: _30631_ (rising edge-triggered flip-flop clocked by clk)
Endpoint: _30232_ (rising edge-triggered flip-flop clocked by clk)
Path Group: clk
Path Type: max

Fanout     Cap    Slew   Delay    Time   Description
-----------------------------------------------------------------------------
                  0.15    0.00    0.00   clock clk (rise edge)
                          0.00    0.00   clock network delay (ideal)
                  0.15    0.00    0.00 ^ _30631_/CLK (sky130_fd_sc_hd__dfxtp_2)
                  0.04    0.37    0.37 ^ _30631_/Q (sky130_fd_sc_hd__dfxtp_2)
     2    0.00                           genblk1.pcpi_mul.rs2[8] (net)
                  0.04    0.00    0.37 ^ _18097_/A (sky130_fd_sc_hd__buf_1)
                  0.15    0.16    0.53 ^ _18097_/X (sky130_fd_sc_hd__buf_1)
     6    0.01                           _11396_ (net)
                  0.15    0.00    0.53 ^ _18098_/A (sky130_fd_sc_hd__buf_1)
                  0.28    0.28    0.81 ^ _18098_/X (sky130_fd_sc_hd__buf_1)
     6    0.02                           _11397_ (net)
                  0.28    0.00    0.82 ^ _18482_/A (sky130_fd_sc_hd__buf_1)
                  0.28    0.30    1.12 ^ _18482_/X (sky130_fd_sc_hd__buf_1)
     6    0.02                           _11776_ (net)
                  0.28    0.01    1.12 ^ _19860_/A1 (sky130_fd_sc_hd__a22oi_2)
                  0.10    0.16    1.28 v _19860_/Y (sky130_fd_sc_hd__a22oi_2)
     3    0.01                           _13143_ (net)
                  0.10    0.00    1.29 v _19861_/C (sky130_fd_sc_hd__or3_2)
                  0.09    0.47    1.75 v _19861_/X (sky130_fd_sc_hd__or3_2)
     2    0.01                           _13144_ (net)
                  0.09    0.00    1.76 v _19865_/A1 (sky130_fd_sc_hd__a21o_2)
                  0.05    0.23    1.99 v _19865_/X (sky130_fd_sc_hd__a21o_2)
     3    0.01                           _13148_ (net)
                  0.05    0.00    1.99 v _20024_/A2 (sky130_fd_sc_hd__a21bo_2)
                  0.05    0.23    2.22 v _20024_/X (sky130_fd_sc_hd__a21bo_2)
     2    0.01                           _13306_ (net)
                  0.05    0.00    2.23 v _20026_/B1 (sky130_fd_sc_hd__a21o_2)
                  0.06    0.22    2.44 v _20026_/X (sky130_fd_sc_hd__a21o_2)
     3    0.01                           _13308_ (net)
                  0.06    0.00    2.44 v _20027_/C (sky130_fd_sc_hd__and3_2)
                  0.05    0.23    2.67 v _20027_/X (sky130_fd_sc_hd__and3_2)
     2    0.01                           _13309_ (net)
                  0.05    0.00    2.68 v _20029_/B1 (sky130_fd_sc_hd__a211o_2)
                  0.08    0.36    3.04 v _20029_/X (sky130_fd_sc_hd__a211o_2)
     4    0.01                           _13311_ (net)
                  0.08    0.00    3.04 v _20032_/A1 (sky130_fd_sc_hd__a211o_2)
                  0.06    0.33    3.37 v _20032_/X (sky130_fd_sc_hd__a211o_2)
     2    0.01                           _13314_ (net)
                  0.06    0.00    3.37 v _20034_/A2 (sky130_fd_sc_hd__a211o_2)
                  0.07    0.38    3.75 v _20034_/X (sky130_fd_sc_hd__a211o_2)
     3    0.01                           _13316_ (net)
                  0.07    0.00    3.75 v _20035_/C (sky130_fd_sc_hd__and3_2)
                  0.05    0.24    3.99 v _20035_/X (sky130_fd_sc_hd__and3_2)
     2    0.01                           _13317_ (net)
                  0.05    0.00    4.00 v _20037_/B1 (sky130_fd_sc_hd__a211o_2)
                  0.08    0.36    4.36 v _20037_/X (sky130_fd_sc_hd__a211o_2)
     4    0.01                           _13319_ (net)
                  0.08    0.00    4.36 v _20040_/B1 (sky130_fd_sc_hd__a22o_2)
                  0.05    0.24    4.60 v _20040_/X (sky130_fd_sc_hd__a22o_2)
     2    0.01                           _13322_ (net)
                  0.05    0.00    4.60 v _20042_/A2 (sky130_fd_sc_hd__a211o_2)
                  0.06    0.36    4.96 v _20042_/X (sky130_fd_sc_hd__a211o_2)
     2    0.01                           _13324_ (net)
                  0.06    0.00    4.96 v _20043_/C (sky130_fd_sc_hd__and3_2)
                  0.06    0.25    5.21 v _20043_/X (sky130_fd_sc_hd__and3_2)
     4    0.01                           _13325_ (net)
                  0.06    0.00    5.21 v _20194_/A2 (sky130_fd_sc_hd__o211a_2)
                  0.07    0.29    5.50 v _20194_/X (sky130_fd_sc_hd__o211a_2)
     4    0.01                           _13475_ (net)
                  0.07    0.00    5.51 v _20197_/A1 (sky130_fd_sc_hd__o21a_2)
                  0.03    0.21    5.72 v _20197_/X (sky130_fd_sc_hd__o21a_2)
     1    0.00                           _13478_ (net)
                  0.03    0.00    5.72 v _20198_/B (sky130_fd_sc_hd__or2_2)
                  0.08    0.32    6.04 v _20198_/X (sky130_fd_sc_hd__or2_2)
     2    0.01                           _13479_ (net)
                  0.08    0.01    6.05 v _20200_/A (sky130_fd_sc_hd__xnor2_2)
                  0.22    0.25    6.31 ^ _20200_/Y (sky130_fd_sc_hd__xnor2_2)
     3    0.01                           _13481_ (net)
                  0.22    0.00    6.31 ^ _20534_/A_N (sky130_fd_sc_hd__and2b_2)
                  0.04    0.26    6.57 v _20534_/X (sky130_fd_sc_hd__and2b_2)
     2    0.00                           _13813_ (net)
                  0.04    0.00    6.57 v _20537_/B1 (sky130_fd_sc_hd__a2bb2o_2)
                  0.06    0.29    6.85 v _20537_/X (sky130_fd_sc_hd__a2bb2o_2)
     2    0.01                           _13816_ (net)
                  0.06    0.01    6.86 v _21307_/A (sky130_fd_sc_hd__nand2_2)
                  0.03    0.05    6.91 ^ _21307_/Y (sky130_fd_sc_hd__nand2_2)
     1    0.00                           _14582_ (net)
                  0.03    0.00    6.92 ^ _21309_/B (sky130_fd_sc_hd__and3_2)
                  0.12    0.24    7.15 ^ _21309_/X (sky130_fd_sc_hd__and3_2)
     5    0.02                           _14584_ (net)
                  0.12    0.00    7.16 ^ _22690_/A_N (sky130_fd_sc_hd__and3b_2)
                  0.05    0.24    7.39 v _22690_/X (sky130_fd_sc_hd__and3b_2)
     3    0.01                           _02515_ (net)
                  0.05    0.00    7.40 v _24181_/A1 (sky130_fd_sc_hd__o2111a_2)
                  0.05    0.28    7.68 v _24181_/X (sky130_fd_sc_hd__o2111a_2)
     2    0.01                           _03994_ (net)
                  0.05    0.00    7.69 v _24395_/A1 (sky130_fd_sc_hd__o311a_2)
                  0.07    0.42    8.11 v _24395_/X (sky130_fd_sc_hd__o311a_2)
     3    0.01                           _04206_ (net)
                  0.07    0.00    8.11 v _24780_/A1 (sky130_fd_sc_hd__o2111a_2)
                  0.06    0.30    8.41 v _24780_/X (sky130_fd_sc_hd__o2111a_2)
     3    0.01                           _04587_ (net)
                  0.06    0.00    8.42 v _24940_/A1 (sky130_fd_sc_hd__o311a_2)
                  0.08    0.44    8.86 v _24940_/X (sky130_fd_sc_hd__o311a_2)
     3    0.01                           _04745_ (net)
                  0.08    0.01    8.87 v _25019_/B (sky130_fd_sc_hd__nor2_2)
                  0.13    0.13    9.00 ^ _25019_/Y (sky130_fd_sc_hd__nor2_2)
     1    0.01                           _04823_ (net)
                  0.13    0.02    9.01 ^ _25020_/B (sky130_fd_sc_hd__xnor2_2)
                  0.09    0.12    9.13 ^ _25020_/Y (sky130_fd_sc_hd__xnor2_2)
     1    0.00                           _00109_ (net)
                  0.09    0.00    9.13 ^ _30232_/D (sky130_fd_sc_hd__dfxtp_2)
                                  9.13   data arrival time

                  0.15   24.00   24.00   clock clk (rise edge)
                          0.00   24.00   clock network delay (ideal)
                         -0.25   23.75   clock uncertainty
                          0.00   23.75   clock reconvergence pessimism
                                 23.75 ^ _30232_/CLK (sky130_fd_sc_hd__dfxtp_2)
                         -0.05   23.70   library setup time
                                 23.70   data required time
-----------------------------------------------------------------------------
                                 23.70   data required time
                                 -9.13   data arrival time
-----------------------------------------------------------------------------
                                 14.56   slack (MET)


max_report_end
check_report

===========================================================================
report_checks -unconstrained
============================================================================
Startpoint: resetn (input port clocked by clk)
Endpoint: mem_la_read (output port clocked by clk)
Path Group: clk
Path Type: max

Fanout     Cap    Slew   Delay    Time   Description
-----------------------------------------------------------------------------
                  0.15    0.00    0.00   clock clk (rise edge)
                          0.00    0.00   clock network delay (ideal)
                          4.80    4.80 ^ input external delay
                  0.04    0.03    4.83 ^ resetn (in)
     2    0.01                           resetn (net)
                  0.04    0.00    4.83 ^ _15035_/A (sky130_fd_sc_hd__buf_1)
                  0.22    0.21    5.03 ^ _15035_/X (sky130_fd_sc_hd__buf_1)
     6    0.02                           _08515_ (net)
                  0.22    0.00    5.03 ^ _15459_/A (sky130_fd_sc_hd__and2_2)
                  0.04    0.18    5.22 ^ _15459_/X (sky130_fd_sc_hd__and2_2)
     1    0.00                           _08923_ (net)
                  0.04    0.00    5.22 ^ _15460_/A (sky130_fd_sc_hd__buf_1)
                  0.42    0.32    5.55 ^ _15460_/X (sky130_fd_sc_hd__buf_1)
     2    0.03                           mem_la_read (net)
                  0.42    0.00    5.55 ^ mem_la_read (out)
                                  5.55   data arrival time

                  0.15   24.00   24.00   clock clk (rise edge)
                          0.00   24.00   clock network delay (ideal)
                         -0.25   23.75   clock uncertainty
                          0.00   23.75   clock reconvergence pessimism
                         -4.80   18.95   output external delay
                                 18.95   data required time
-----------------------------------------------------------------------------
                                 18.95   data required time
                                 -5.55   data arrival time
-----------------------------------------------------------------------------
                                 13.40   slack (MET)



===========================================================================
report_checks --slack_max -0.01
============================================================================
No paths found.
check_report_end
check_slew

===========================================================================
 report_check_types -max_slew -max_cap -max_fanout -violators
============================================================================
max fanout

Pin                                   Limit Fanout  Slack
---------------------------------------------------------
_31012_/Q                                 6      7        (VIOLATED)
_31016_/Q                                 6      7        (VIOLATED)
_31017_/Q                                 6      7        (VIOLATED)
_31018_/Q                                 6      7        (VIOLATED)
_31019_/Q                                 6      7        (VIOLATED)


===========================================================================
max slew violation count 0
max fanout violation count 5
max cap violation count 0
============================================================================
check_slew_end
tns_report

===========================================================================
 report_tns
============================================================================
tns 0.00
tns_report_end
wns_report

===========================================================================
 report_wns
============================================================================
wns 0.00
wns_report_end
worst_slack

===========================================================================
 report_worst_slack -max (Setup)
============================================================================
worst slack 13.40

===========================================================================
 report_worst_slack -min (Hold)
============================================================================
worst slack 0.18
worst_slack_end
clock_skew

===========================================================================
 report_clock_skew
============================================================================
Clock clk
Latency      CRPR       Skew
_30137_/CLK ^
  10.31
_30137_/CLK ^
   9.33      0.00       0.98

clock_skew_end
power_report

===========================================================================
 report_power
============================================================================
Group                  Internal  Switching    Leakage      Total
                          Power      Power      Power      Power
----------------------------------------------------------------
Sequential             3.61e-03   3.22e-04   1.36e-08   3.93e-03  28.4%
Combinational          5.34e-03   4.56e-03   4.81e-08   9.90e-03  71.6%
Macro                  0.00e+00   0.00e+00   0.00e+00   0.00e+00   0.0%
Pad                    0.00e+00   0.00e+00   0.00e+00   0.00e+00   0.0%
----------------------------------------------------------------
Total                  8.95e-03   4.88e-03   6.17e-08   1.38e-02 100.0%
                          64.7%      35.3%       0.0%
power_report_end
area_report

===========================================================================
 report_design_area
============================================================================
Design area 163511 u^2 100% utilization.
area_report_end
