Fri Jun 03 23:21:03 UTC 2022 - Executing "/openlane/scripts/mergeLef.py -o /openlane/designs/current/runs/RUN__2022_06_04__02_21_02/tmp/merged.unpadded.nom.lef -i /openlane/pdks/sky130A/libs.ref/sky130_fd_sc_hd/techlef/sky130_fd_sc_hd__nom.tlef /openlane/pdks/sky130A/libs.ref/sky130_fd_sc_hd/lef/sky130_fd_sc_hd.lef |& tee /dev/null"

Fri Jun 03 23:21:03 UTC 2022 - Executing "/openlane/scripts/mergeLef.py -o /openlane/designs/current/runs/RUN__2022_06_04__02_21_02/tmp/merged.unpadded.min.lef -i /openlane/pdks/sky130A/libs.ref/sky130_fd_sc_hd/techlef/sky130_fd_sc_hd__min.tlef /openlane/pdks/sky130A/libs.ref/sky130_fd_sc_hd/lef/sky130_fd_sc_hd.lef |& tee /dev/null"

Fri Jun 03 23:21:03 UTC 2022 - Executing "/openlane/scripts/mergeLef.py -o /openlane/designs/current/runs/RUN__2022_06_04__02_21_02/tmp/merged.unpadded.max.lef -i /openlane/pdks/sky130A/libs.ref/sky130_fd_sc_hd/techlef/sky130_fd_sc_hd__max.tlef /openlane/pdks/sky130A/libs.ref/sky130_fd_sc_hd/lef/sky130_fd_sc_hd.lef |& tee /dev/null"

Fri Jun 03 23:21:03 UTC 2022 - Executing "openroad -python /openlane/scripts/mergeLib.py --output /openlane/designs/current/runs/RUN__2022_06_04__02_21_02/tmp/synthesis/merged.lib --name sky130A_merged /openlane/pdks/sky130A/libs.ref/sky130_fd_sc_hd/lib/sky130_fd_sc_hd__tt_025C_1v80.lib"

Fri Jun 03 23:21:03 UTC 2022 - Executing "openroad -python /openlane/scripts/libtrim.py --cell-file /openlane/designs/current/runs/RUN__2022_06_04__02_21_02/tmp/synthesis/trimmed.lib.exclude.list --output /openlane/designs/current/runs/RUN__2022_06_04__02_21_02/tmp/synthesis/trimmed.lib /openlane/designs/current/runs/RUN__2022_06_04__02_21_02/tmp/synthesis/merged.lib"

Fri Jun 03 23:21:04 UTC 2022 - Executing "echo {openlane 30f87f541d4e338b6793e46032350f26f64d8791} > /openlane/designs/current/runs/RUN__2022_06_04__02_21_02/OPENLANE_VERSION"

Fri Jun 03 23:21:04 UTC 2022 - Executing "openroad -python /openlane/scripts/new_tracks.py -i /openlane/pdks/sky130A/libs.tech/openlane/sky130_fd_sc_hd/tracks.info -o /openlane/designs/current/runs/RUN__2022_06_04__02_21_02/tmp/routing/config.tracks"

Fri Jun 03 23:21:04 UTC 2022 - Executing "sed -E {s/^([[:space:]]+)pg_pin(.*)/\1pin\2\n\1    direction : "inout";/g} /openlane/pdks/sky130A/libs.ref/sky130_fd_sc_hd/lib/sky130_fd_sc_hd__tt_025C_1v80.lib > /openlane/designs/current/runs/RUN__2022_06_04__02_21_02/tmp/synthesis/1-sky130_fd_sc_hd__tt_025C_1v80.no_pg.lib"

Fri Jun 03 23:21:04 UTC 2022 - Executing "yosys -c /openlane/scripts/yosys/synth.tcl -l /openlane/designs/current/runs/RUN__2022_06_04__02_21_02/logs/synthesis/1-synthesis.log |& tee /dev/null"

Fri Jun 03 23:21:43 UTC 2022 - Executing "sed -i -e {s/\(set ::env(CURRENT_NETLIST)\).*/\1 \/openlane\/designs\/current\/runs\/RUN__2022_06_04__02_21_02\/results\/synthesis\/picorv32a.v/} /openlane/designs/current/runs/RUN__2022_06_04__02_21_02/config.tcl"

Fri Jun 03 23:21:43 UTC 2022 - Executing "sed -i -e {s/\(set ::env(PREV_NETLIST)\).*/\1 0/} /openlane/designs/current/runs/RUN__2022_06_04__02_21_02/config.tcl"

Fri Jun 03 23:21:43 UTC 2022 - Executing "sed -i /defparam/d /openlane/designs/current/runs/RUN__2022_06_04__02_21_02/results/synthesis/picorv32a.v"

Fri Jun 03 23:21:43 UTC 2022 - Executing "openroad -exit /openlane/scripts/openroad/sta.tcl |& tee /dev/null /openlane/designs/current/runs/RUN__2022_06_04__02_21_02/logs/synthesis/2-sta.log"

Fri Jun 03 23:21:46 UTC 2022 - Executing "openroad -exit /openlane/scripts/openroad/floorplan.tcl |& tee /dev/null /openlane/designs/current/runs/RUN__2022_06_04__02_21_02/logs/floorplan/3-initial_fp.log"

Fri Jun 03 23:21:46 UTC 2022 - Executing "openroad -python /openlane/scripts/defutil.py extract_core_dims --output-data /openlane/designs/current/runs/RUN__2022_06_04__02_21_02/tmp/dimensions.txt --input-lef /openlane/designs/current/runs/RUN__2022_06_04__02_21_02/tmp/merged.nom.lef /openlane/designs/current/runs/RUN__2022_06_04__02_21_02/tmp/floorplan/3-initial_fp.def"

Fri Jun 03 23:21:47 UTC 2022 - Executing "openroad -exit /openlane/scripts/openroad/ioplacer.tcl |& tee /dev/null /openlane/designs/current/runs/RUN__2022_06_04__02_21_02/logs/floorplan/4-io.log"

Fri Jun 03 23:21:47 UTC 2022 - Executing "openroad -exit /openlane/scripts/openroad/tapcell.tcl |& tee /dev/null /openlane/designs/current/runs/RUN__2022_06_04__02_21_02/logs/floorplan/5-tap.log"

Fri Jun 03 23:21:47 UTC 2022 - Executing "openroad -exit /openlane/scripts/openroad/pdn.tcl |& tee /dev/null /openlane/designs/current/runs/RUN__2022_06_04__02_21_02/logs/floorplan/6-pdn.log"

Fri Jun 03 23:21:50 UTC 2022 - Executing "openroad -exit /openlane/scripts/openroad/replace.tcl |& tee /dev/null /openlane/designs/current/runs/RUN__2022_06_04__02_21_02/logs/placement/7-global.log"

Fri Jun 03 23:21:58 UTC 2022 - Executing "openroad -exit /openlane/scripts/openroad/resizer.tcl |& tee /dev/null /openlane/designs/current/runs/RUN__2022_06_04__02_21_02/logs/placement/8-resizer.log"

Fri Jun 03 23:22:06 UTC 2022 - Executing "openroad -exit /openlane/scripts/openroad/write_verilog.tcl |& tee /dev/null /openlane/designs/current/runs/RUN__2022_06_04__02_21_02/logs/placement/9-write_verilog.log"

Fri Jun 03 23:22:07 UTC 2022 - Executing "sed -i -e {s/\(set ::env(CURRENT_NETLIST)\).*/\1 \/openlane\/designs\/current\/runs\/RUN__2022_06_04__02_21_02\/results\/placement\/picorv32a.resized.v/} /openlane/designs/current/runs/RUN__2022_06_04__02_21_02/config.tcl"

Fri Jun 03 23:22:07 UTC 2022 - Executing "sed -i -e {s/\(set ::env(PREV_NETLIST)\).*/\1 \/openlane\/designs\/current\/runs\/RUN__2022_06_04__02_21_02\/results\/synthesis\/picorv32a.v/} /openlane/designs/current/runs/RUN__2022_06_04__02_21_02/config.tcl"

Fri Jun 03 23:22:07 UTC 2022 - Executing "openroad -exit /openlane/scripts/openroad/opendp.tcl |& tee /dev/null /openlane/designs/current/runs/RUN__2022_06_04__02_21_02/logs/placement/10-detailed.log"

Fri Jun 03 23:22:08 UTC 2022 - Executing "openroad -python /openlane/scripts/libtrim.py --cell-file /openlane/designs/current/runs/RUN__2022_06_04__02_21_02/tmp/cts/cts.lib.exclude.list --output /openlane/designs/current/runs/RUN__2022_06_04__02_21_02/tmp/cts/cts.lib /openlane/pdks/sky130A/libs.ref/sky130_fd_sc_hd/lib/sky130_fd_sc_hd__tt_025C_1v80.lib"

Fri Jun 03 23:22:08 UTC 2022 - Executing "openroad -exit /openlane/scripts/openroad/cts.tcl |& tee /dev/null /openlane/designs/current/runs/RUN__2022_06_04__02_21_02/logs/cts/11-cts.log"

Fri Jun 03 23:22:36 UTC 2022 - Executing "openroad -exit /openlane/scripts/openroad/write_verilog.tcl |& tee /dev/null /openlane/designs/current/runs/RUN__2022_06_04__02_21_02/logs/cts/12-write_verilog.log"

Fri Jun 03 23:22:37 UTC 2022 - Executing "sed -i -e {s/\(set ::env(CURRENT_NETLIST)\).*/\1 \/openlane\/designs\/current\/runs\/RUN__2022_06_04__02_21_02\/results\/cts\/picorv32a.v/} /openlane/designs/current/runs/RUN__2022_06_04__02_21_02/config.tcl"

Fri Jun 03 23:22:37 UTC 2022 - Executing "sed -i -e {s/\(set ::env(PREV_NETLIST)\).*/\1 \/openlane\/designs\/current\/runs\/RUN__2022_06_04__02_21_02\/results\/placement\/picorv32a.resized.v/} /openlane/designs/current/runs/RUN__2022_06_04__02_21_02/config.tcl"

Fri Jun 03 23:22:37 UTC 2022 - Executing "openroad -exit /openlane/scripts/openroad/resizer_timing.tcl |& tee /dev/null /openlane/designs/current/runs/RUN__2022_06_04__02_21_02/logs/cts/13-resizer.log"

Fri Jun 03 23:22:43 UTC 2022 - Executing "openroad -exit /openlane/scripts/openroad/write_verilog.tcl |& tee /dev/null /openlane/designs/current/runs/RUN__2022_06_04__02_21_02/logs/cts/14-write_verilog.log"

Fri Jun 03 23:22:43 UTC 2022 - Executing "sed -i -e {s/\(set ::env(CURRENT_NETLIST)\).*/\1 \/openlane\/designs\/current\/runs\/RUN__2022_06_04__02_21_02\/results\/cts\/picorv32a.resized.v/} /openlane/designs/current/runs/RUN__2022_06_04__02_21_02/config.tcl"

Fri Jun 03 23:22:43 UTC 2022 - Executing "sed -i -e {s/\(set ::env(PREV_NETLIST)\).*/\1 \/openlane\/designs\/current\/runs\/RUN__2022_06_04__02_21_02\/results\/cts\/picorv32a.v/} /openlane/designs/current/runs/RUN__2022_06_04__02_21_02/config.tcl"

Fri Jun 03 23:22:43 UTC 2022 - Executing "openroad -exit /openlane/scripts/openroad/resizer_routing_timing.tcl |& tee /dev/null /openlane/designs/current/runs/RUN__2022_06_04__02_21_02/logs/routing/15-resizer.log"

Fri Jun 03 23:22:50 UTC 2022 - Executing "openroad -exit /openlane/scripts/openroad/write_verilog.tcl |& tee /dev/null /openlane/designs/current/runs/RUN__2022_06_04__02_21_02/logs/routing/16-write_verilog.log"

Fri Jun 03 23:22:51 UTC 2022 - Executing "sed -i -e {s/\(set ::env(CURRENT_NETLIST)\).*/\1 \/openlane\/designs\/current\/runs\/RUN__2022_06_04__02_21_02\/results\/routing\/picorv32a.resized.v/} /openlane/designs/current/runs/RUN__2022_06_04__02_21_02/config.tcl"

Fri Jun 03 23:22:51 UTC 2022 - Executing "sed -i -e {s/\(set ::env(PREV_NETLIST)\).*/\1 \/openlane\/designs\/current\/runs\/RUN__2022_06_04__02_21_02\/results\/cts\/picorv32a.resized.v/} /openlane/designs/current/runs/RUN__2022_06_04__02_21_02/config.tcl"

Fri Jun 03 23:22:51 UTC 2022 - Executing "openroad -exit /openlane/scripts/openroad/opendp.tcl |& tee /dev/null /openlane/designs/current/runs/RUN__2022_06_04__02_21_02/logs/routing/17-diode_legalization.log"

Fri Jun 03 23:22:51 UTC 2022 - Executing "openroad -exit /openlane/scripts/openroad/groute.tcl |& tee /dev/null /openlane/designs/current/runs/RUN__2022_06_04__02_21_02/logs/routing/18-global.log"

Fri Jun 03 23:23:01 UTC 2022 - Executing "openroad -exit /openlane/scripts/openroad/fill.tcl |& tee /dev/null /openlane/designs/current/runs/RUN__2022_06_04__02_21_02/logs/routing/19-fill.log"

Fri Jun 03 23:23:01 UTC 2022 - Executing "openroad -exit /openlane/scripts/openroad/write_verilog.tcl |& tee /dev/null /openlane/designs/current/runs/RUN__2022_06_04__02_21_02/logs/routing/20-write_verilog_global.log"

Fri Jun 03 23:23:02 UTC 2022 - Executing "sed -i -e {s/\(set ::env(CURRENT_NETLIST)\).*/\1 \/openlane\/designs\/current\/runs\/RUN__2022_06_04__02_21_02\/tmp\/routing\/19-global.v/} /openlane/designs/current/runs/RUN__2022_06_04__02_21_02/config.tcl"

Fri Jun 03 23:23:02 UTC 2022 - Executing "sed -i -e {s/\(set ::env(PREV_NETLIST)\).*/\1 \/openlane\/designs\/current\/runs\/RUN__2022_06_04__02_21_02\/results\/routing\/picorv32a.resized.v/} /openlane/designs/current/runs/RUN__2022_06_04__02_21_02/config.tcl"

Fri Jun 03 23:23:02 UTC 2022 - Executing "openroad -exit /openlane/scripts/openroad/droute.tcl |& tee /dev/null /openlane/designs/current/runs/RUN__2022_06_04__02_21_02/logs/routing/21-detailed.log"

Fri Jun 03 23:42:54 UTC 2022 - Executing "openroad -python /openlane/scripts/tr_drc_to_klayout_drc.py -i /openlane/designs/current/runs/RUN__2022_06_04__02_21_02/reports/routing/detailed.drc -o /openlane/designs/current/runs/RUN__2022_06_04__02_21_02/reports/routing/detailed.klayout.xml --design-name picorv32a"

Fri Jun 03 23:42:54 UTC 2022 - Executing "openroad -exit /openlane/scripts/openroad/write_verilog.tcl |& tee /dev/null /openlane/designs/current/runs/RUN__2022_06_04__02_21_02/logs/routing/22-write_verilog_detailed.log"

Fri Jun 03 23:42:56 UTC 2022 - Executing "sed -i -e {s/\(set ::env(CURRENT_NETLIST)\).*/\1 \/openlane\/designs\/current\/runs\/RUN__2022_06_04__02_21_02\/tmp\/routing\/21-detailed.v/} /openlane/designs/current/runs/RUN__2022_06_04__02_21_02/config.tcl"

Fri Jun 03 23:42:56 UTC 2022 - Executing "sed -i -e {s/\(set ::env(PREV_NETLIST)\).*/\1 \/openlane\/designs\/current\/runs\/RUN__2022_06_04__02_21_02\/tmp\/routing\/19-global.v/} /openlane/designs/current/runs/RUN__2022_06_04__02_21_02/config.tcl"

Fri Jun 03 23:42:56 UTC 2022 - Executing "openroad -exit /openlane/scripts/openroad/rcx.tcl |& tee /dev/null /openlane/designs/current/runs/RUN__2022_06_04__02_21_02/logs/signoff/23-parasitics_extraction.min.log"

Fri Jun 03 23:43:02 UTC 2022 - Executing "openroad -exit /openlane/scripts/openroad/sta_multi_corner.tcl |& tee /dev/null /openlane/designs/current/runs/RUN__2022_06_04__02_21_02/logs/signoff/24-parasitics_multi_corner_sta.min.log"

Fri Jun 03 23:43:17 UTC 2022 - Executing "openroad -exit /openlane/scripts/openroad/rcx.tcl |& tee /dev/null /openlane/designs/current/runs/RUN__2022_06_04__02_21_02/logs/signoff/25-parasitics_extraction.max.log"

Fri Jun 03 23:43:24 UTC 2022 - Executing "openroad -exit /openlane/scripts/openroad/sta_multi_corner.tcl |& tee /dev/null /openlane/designs/current/runs/RUN__2022_06_04__02_21_02/logs/signoff/26-parasitics_multi_corner_sta.max.log"

Fri Jun 03 23:43:39 UTC 2022 - Executing "openroad -exit /openlane/scripts/openroad/rcx.tcl |& tee /dev/null /openlane/designs/current/runs/RUN__2022_06_04__02_21_02/logs/signoff/27-parasitics_extraction.nom.log"

Fri Jun 03 23:43:46 UTC 2022 - Executing "openroad -exit /openlane/scripts/openroad/sta.tcl |& tee /dev/null /openlane/designs/current/runs/RUN__2022_06_04__02_21_02/logs/signoff/28-parasitics_sta.log"

Fri Jun 03 23:43:52 UTC 2022 - Executing "openroad -exit /openlane/scripts/openroad/sta_multi_corner.tcl |& tee /dev/null /openlane/designs/current/runs/RUN__2022_06_04__02_21_02/logs/signoff/29-parasitics_multi_corner_sta.log"

Fri Jun 03 23:44:07 UTC 2022 - Executing "magic -noconsole -dnull -rcfile /openlane/pdks/sky130A/libs.tech/magic/sky130A.magicrc /openlane/scripts/magic/mag_gds.tcl </dev/null |& tee /dev/null /openlane/designs/current/runs/RUN__2022_06_04__02_21_02/logs/signoff/30-gdsii.log"

Fri Jun 03 23:44:22 UTC 2022 - Executing "magic -noconsole -dnull -rcfile /openlane/pdks/sky130A/libs.tech/magic/sky130A.magicrc /openlane/scripts/magic/gds_pointers.tcl </dev/null |& tee /dev/null /openlane/designs/current/runs/RUN__2022_06_04__02_21_02/logs/signoff/30-gds_ptrs.log"

Fri Jun 03 23:44:33 UTC 2022 - Executing "sed -i -n {/^<< properties >>/,/^<< end >>/p} /openlane/designs/current/runs/RUN__2022_06_04__02_21_02/tmp/signoff/gds_ptrs.mag"

Fri Jun 03 23:44:33 UTC 2022 - Executing "magic -noconsole -dnull -rcfile /openlane/pdks/sky130A/libs.tech/magic/sky130A.magicrc /openlane/scripts/magic/lef.tcl </dev/null |& tee /dev/null /openlane/designs/current/runs/RUN__2022_06_04__02_21_02/logs/signoff/30-lef.log"

Fri Jun 03 23:44:48 UTC 2022 - Executing "magic -noconsole -dnull -rcfile /openlane/pdks/sky130A/libs.tech/magic/sky130A.magicrc /openlane/scripts/magic/maglef.tcl </dev/null |& tee /dev/null /openlane/designs/current/runs/RUN__2022_06_04__02_21_02/logs/signoff/30-maglef.log"

Fri Jun 03 23:44:48 UTC 2022 - Executing "klayout -b -rm /openlane/scripts/klayout/def2gds.py -rd out_gds=/openlane/designs/current/runs/RUN__2022_06_04__02_21_02/results/signoff/picorv32a.klayout.gds -rd tech_file=/openlane/pdks/sky130A/libs.tech/klayout/sky130A.lyt -rd design_name=picorv32a -rd in_def=/openlane/designs/current/runs/RUN__2022_06_04__02_21_02/results/routing/picorv32a.def -rd {in_gds=/openlane/pdks/sky130A/libs.ref/sky130_fd_sc_hd/gds/sky130_fd_sc_hd.gds } -rd config_file= -rd seal_gds= -rd lef_file=/openlane/designs/current/runs/RUN__2022_06_04__02_21_02/tmp/merged.nom.lef |& tee /dev/null /openlane/designs/current/runs/RUN__2022_06_04__02_21_02/logs/signoff/31-gdsii-klayout.log"

Fri Jun 03 23:44:50 UTC 2022 - Executing "bash /openlane/scripts/klayout/xor.sh /openlane/designs/current/runs/RUN__2022_06_04__02_21_02/results/signoff/picorv32a.gds /openlane/designs/current/runs/RUN__2022_06_04__02_21_02/results/signoff/picorv32a.klayout.gds picorv32a /openlane/designs/current/runs/RUN__2022_06_04__02_21_02/reports/signoff/picorv32a.xor.gds |& tee /dev/null /openlane/designs/current/runs/RUN__2022_06_04__02_21_02/logs/signoff/32-xor.log"

Fri Jun 03 23:45:16 UTC 2022 - Executing "openroad -python /openlane/scripts/parse_klayout_xor_log.py -l /openlane/designs/current/runs/RUN__2022_06_04__02_21_02/logs/signoff/32-xor.log -o /openlane/designs/current/runs/RUN__2022_06_04__02_21_02/reports/signoff/32-xor.rpt"

Fri Jun 03 23:45:16 UTC 2022 - Executing "bash /openlane/scripts/klayout/xor.sh /openlane/designs/current/runs/RUN__2022_06_04__02_21_02/results/signoff/picorv32a.gds /openlane/designs/current/runs/RUN__2022_06_04__02_21_02/results/signoff/picorv32a.klayout.gds picorv32a /openlane/designs/current/runs/RUN__2022_06_04__02_21_02/reports/signoff/picorv32a.xor.xml |& tee /dev/null /openlane/designs/current/runs/RUN__2022_06_04__02_21_02/logs/signoff/32-xor.log"

Fri Jun 03 23:45:42 UTC 2022 - Executing "openroad -python /openlane/scripts/parse_klayout_xor_log.py -l /openlane/designs/current/runs/RUN__2022_06_04__02_21_02/logs/signoff/32-xor.log -o /openlane/designs/current/runs/RUN__2022_06_04__02_21_02/reports/signoff/32-xor.rpt"

Fri Jun 03 23:45:42 UTC 2022 - Executing "magic -noconsole -dnull -rcfile /openlane/pdks/sky130A/libs.tech/magic/sky130A.magicrc /openlane/designs/current/runs/RUN__2022_06_04__02_21_02/tmp/signoff/spice.tcl </dev/null |& tee /dev/null /openlane/designs/current/runs/RUN__2022_06_04__02_21_02/logs/signoff/33-spice.log"

Fri Jun 03 23:46:39 UTC 2022 - Executing "openroad -python /openlane/scripts/write_powered_def.py -d /openlane/designs/current/runs/RUN__2022_06_04__02_21_02/results/routing/picorv32a.def -l /openlane/designs/current/runs/RUN__2022_06_04__02_21_02/tmp/merged.nom.lef --power-port VPWR --ground-port VGND --powered-netlist {} -o /openlane/designs/current/runs/RUN__2022_06_04__02_21_02/tmp/signoff/33-powered_def.def |& tee /dev/null /openlane/designs/current/runs/RUN__2022_06_04__02_21_02/logs/signoff/34-write_powered_def.log"

Fri Jun 03 23:46:41 UTC 2022 - Executing "openroad -exit /openlane/scripts/openroad/write_verilog.tcl |& tee /dev/null /dev/null"

Fri Jun 03 23:46:42 UTC 2022 - Executing "sed -i -e {s/\(set ::env(CURRENT_NETLIST)\).*/\1 \/openlane\/designs\/current\/runs\/RUN__2022_06_04__02_21_02\/tmp\/signoff\/33-powered_netlist.v/} /openlane/designs/current/runs/RUN__2022_06_04__02_21_02/config.tcl"

Fri Jun 03 23:46:42 UTC 2022 - Executing "sed -i -e {s/\(set ::env(PREV_NETLIST)\).*/\1 \/openlane\/designs\/current\/runs\/RUN__2022_06_04__02_21_02\/tmp\/routing\/21-detailed.v/} /openlane/designs/current/runs/RUN__2022_06_04__02_21_02/config.tcl"

Fri Jun 03 23:46:42 UTC 2022 - Executing "netgen -batch source /openlane/designs/current/runs/RUN__2022_06_04__02_21_02/tmp/signoff/36-setup_file.lef.lvs |& tee /dev/null /openlane/designs/current/runs/RUN__2022_06_04__02_21_02/logs/signoff/36-lef.log"

Fri Jun 03 23:46:48 UTC 2022 - Executing "magic -noconsole -dnull -rcfile /openlane/pdks/sky130A/libs.tech/magic/sky130A.magicrc /openlane/scripts/magic/drc.tcl </dev/null |& tee /dev/null /openlane/designs/current/runs/RUN__2022_06_04__02_21_02/logs/signoff/37-drc.log"

Fri Jun 03 23:49:42 UTC 2022 - Executing "openroad -python /openlane/scripts/magic_drc_to_tcl.py -i /openlane/designs/current/runs/RUN__2022_06_04__02_21_02/reports/signoff/drc.rpt -o /openlane/designs/current/runs/RUN__2022_06_04__02_21_02/reports/signoff/drc.tcl"

Fri Jun 03 23:49:43 UTC 2022 - Executing "openroad -python /openlane/scripts/magic_drc_to_tr_drc.py -i /openlane/designs/current/runs/RUN__2022_06_04__02_21_02/reports/signoff/drc.rpt -o /openlane/designs/current/runs/RUN__2022_06_04__02_21_02/reports/signoff/drc.tr"

Fri Jun 03 23:49:43 UTC 2022 - Executing "openroad -python /openlane/scripts/tr_drc_to_klayout_drc.py -i /openlane/designs/current/runs/RUN__2022_06_04__02_21_02/reports/signoff/drc.tr -o /openlane/designs/current/runs/RUN__2022_06_04__02_21_02/reports/signoff/drc.klayout.xml --design-name picorv32a"

Fri Jun 03 23:49:43 UTC 2022 - Executing "openroad -python /openlane/scripts/magic_drc_to_rdb.py --magic_drc_in /openlane/designs/current/runs/RUN__2022_06_04__02_21_02/reports/signoff/drc.rpt --rdb_out /openlane/designs/current/runs/RUN__2022_06_04__02_21_02/reports/signoff/drc.rdb"

Fri Jun 03 23:49:43 UTC 2022 - Executing "openroad -exit /openlane/scripts/openroad/antenna_check.tcl |& tee /dev/null /openlane/designs/current/runs/RUN__2022_06_04__02_21_02/logs/signoff/38-antenna.log"

Fri Jun 03 23:49:45 UTC 2022 - Executing "awk -v vdd=VPWR -v gnd=VGND -f /openlane/scripts/cvc/sky130A/power.awk /openlane/designs/current/runs/RUN__2022_06_04__02_21_02/tmp/signoff/33-powered_netlist.v > /openlane/designs/current/runs/RUN__2022_06_04__02_21_02/tmp/signoff/picorv32a.power"

Fri Jun 03 23:49:45 UTC 2022 - Executing "awk -f /openlane/scripts/cvc/sky130A/cdl.awk /openlane/pdks/sky130A/libs.ref/sky130_fd_sc_hd/cdl/sky130_fd_sc_hd.cdl /openlane/designs/current/runs/RUN__2022_06_04__02_21_02/results/signoff/picorv32a.lef.spice > /openlane/designs/current/runs/RUN__2022_06_04__02_21_02/tmp/signoff/picorv32a.cdl"

Fri Jun 03 23:49:45 UTC 2022 - Executing "cvc /openlane/scripts/cvc/sky130A/cvcrc.sky130A |& tee /dev/null /openlane/designs/current/runs/RUN__2022_06_04__02_21_02/logs/signoff/39-erc_screen.log"

Fri Jun 03 23:49:46 UTC 2022 - Executing "openroad -python /openlane/scripts/generate_reports.py -d /openlane/designs/current --design_name picorv32a --tag RUN__2022_06_04__02_21_02 --output_file /openlane/designs/current/runs/RUN__2022_06_04__02_21_02/reports/metrics.csv --man_report /openlane/designs/current/runs/RUN__2022_06_04__02_21_02/reports/manufacturability.rpt --run_path /openlane/designs/current/runs/RUN__2022_06_04__02_21_02"

