Instance name,  X location,  Y location,  Voltage 
PHY_36, 5.4, 62.56, 1.8
PHY_38, 5.4, 62.56, 1.8
PHY_37, 59.4, 62.56, 1.8
PHY_39, 59.4, 62.56, 1.8
PHY_32, 5.4, 57.12, 1.8
PHY_34, 5.4, 57.12, 1.8
PHY_33, 59.4, 57.12, 1.8
PHY_35, 59.4, 57.12, 1.8
PHY_28, 5.4, 51.68, 1.8
PHY_30, 5.4, 51.68, 1.8
PHY_29, 59.4, 51.68, 1.8
PHY_31, 59.4, 51.68, 1.8
PHY_24, 5.4, 46.24, 1.8
PHY_26, 5.4, 46.24, 1.8
PHY_25, 59.4, 46.24, 1.8
PHY_27, 59.4, 46.24, 1.8
PHY_20, 5.4, 40.8, 1.8
PHY_22, 5.4, 40.8, 1.8
PHY_21, 59.4, 40.8, 1.8
PHY_23, 59.4, 40.8, 1.8
PHY_16, 5.4, 35.36, 1.8
PHY_18, 5.4, 35.36, 1.8
PHY_17, 59.4, 35.36, 1.8
PHY_19, 59.4, 35.36, 1.8
PHY_12, 5.4, 29.92, 1.8
PHY_14, 5.4, 29.92, 1.8
PHY_13, 59.4, 29.92, 1.8
PHY_15, 59.4, 29.92, 1.8
PHY_10, 5.4, 24.48, 1.8
PHY_8, 5.4, 24.48, 1.8
PHY_11, 59.4, 24.48, 1.8
PHY_9, 59.4, 24.48, 1.8
PHY_4, 5.4, 19.04, 1.8
PHY_6, 5.4, 19.04, 1.8
PHY_5, 59.4, 19.04, 1.8
PHY_7, 59.4, 19.04, 1.8
PHY_0, 5.4, 13.6, 1.8
PHY_2, 5.4, 13.6, 1.8
PHY_1, 59.4, 13.6, 1.8
PHY_3, 59.4, 13.6, 1.8

