OpenROAD c1c315118e68926dfff368f85e13bf50adaa920f 
This program is licensed under the BSD-3 license. See the LICENSE file for details.
Components of this program may be licensed under more restrictive licenses which must be honored.
[INFO ODB-0222] Reading LEF file: /openlane/designs/current/runs/RUN__2022_06_04__22_38_35/tmp/merged.unpadded.nom.lef
[INFO ODB-0223]     Created 13 technology layers
[INFO ODB-0224]     Created 25 technology vias
[INFO ODB-0225]     Created 441 library cells
[INFO ODB-0226] Finished LEF file:  /openlane/designs/current/runs/RUN__2022_06_04__22_38_35/tmp/merged.unpadded.nom.lef
[INFO ODB-0127] Reading DEF file: /openlane/designs/current/runs/RUN__2022_06_04__22_38_35/tmp/floorplan/6-pdn.def
[INFO ODB-0128] Design: or_gate
[INFO ODB-0130]     Created 5 pins.
[INFO ODB-0131]     Created 61 components and 195 component-terminals.
[INFO ODB-0132]     Created 2 special nets and 190 connections.
[INFO ODB-0133]     Created 4 nets and 5 connections.
[INFO ODB-0134] Finished DEF file: /openlane/designs/current/runs/RUN__2022_06_04__22_38_35/tmp/floorplan/6-pdn.def
[INFO GPL-0002] DBU: 1000
[INFO GPL-0003] SiteSize: 460 2720
[INFO GPL-0004] CoreAreaLxLy: 5520 10880
[INFO GPL-0005] CoreAreaUxUy: 50140 54400
[INFO GPL-0006] NumInstances: 61
[INFO GPL-0007] NumPlaceInstances: 2
[INFO GPL-0008] NumFixedInstances: 59
[INFO GPL-0009] NumDummyInstances: 0
[INFO GPL-0010] NumNets: 4
[INFO GPL-0011] NumPins: 8
[INFO GPL-0012] DieAreaLxLy: 0 0
[INFO GPL-0013] DieAreaUxUy: 55785 66505
[INFO GPL-0014] CoreAreaLxLy: 5520 10880
[INFO GPL-0015] CoreAreaUxUy: 50140 54400
[INFO GPL-0016] CoreArea: 1941862400
[INFO GPL-0017] NonPlaceInstsArea: 153897600
[INFO GPL-0018] PlaceInstsArea: 10009600
[INFO GPL-0019] Util(%): 0.56
[INFO GPL-0020] StdInstsArea: 10009600
[INFO GPL-0021] MacroInstsArea: 0
[InitialPlace]  Iter: 1 CG residual: 0.00000001 HPWL: 174520
[InitialPlace]  Iter: 2 CG residual: 0.00000004 HPWL: 142170
[InitialPlace]  Iter: 3 CG residual: 0.00000000 HPWL: 136708
[InitialPlace]  Iter: 4 CG residual: 0.00000000 HPWL: 136528
[InitialPlace]  Iter: 5 CG residual: 0.00000000 HPWL: 136583
[INFO GPL-0031] FillerInit: NumGCells: 261
[INFO GPL-0032] FillerInit: NumGNets: 4
[INFO GPL-0033] FillerInit: NumGPins: 8
[INFO GPL-0023] TargetDensity: 0.55
[INFO GPL-0024] AveragePlaceInstArea: 5004800
[INFO GPL-0025] IdealBinArea: 9099636
[INFO GPL-0026] IdealBinCnt: 213
[INFO GPL-0027] TotalBinArea: 1941862400
[INFO GPL-0028] BinCnt: 8 8
[INFO GPL-0029] BinSize: 5578 5440
[INFO GPL-0030] NumBins: 64
[NesterovSolve] Iter: 1 overflow: 0 HPWL: 113827
[NesterovSolve] Finished with Overflow: 0.000000
###############################################################################
# Created by write_sdc
# Sat Jun  4 19:38:38 2022
###############################################################################
current_design or_gate
###############################################################################
# Timing Constraints
###############################################################################
create_clock -name __VIRTUAL_CLK__ -period 10.0000 
set_clock_uncertainty 0.2500 __VIRTUAL_CLK__
set_input_delay 2.0000 -clock [get_clocks {__VIRTUAL_CLK__}] -add_delay [get_ports {in1}]
set_input_delay 2.0000 -clock [get_clocks {__VIRTUAL_CLK__}] -add_delay [get_ports {in2}]
set_output_delay 2.0000 -clock [get_clocks {__VIRTUAL_CLK__}] -add_delay [get_ports {out}]
###############################################################################
# Environment
###############################################################################
set_load -pin_load 0.0334 [get_ports {out}]
set_driving_cell -lib_cell sky130_fd_sc_hd__inv_2 -pin {Y} -input_transition_rise 0.0000 -input_transition_fall 0.0000 [get_ports {in1}]
set_driving_cell -lib_cell sky130_fd_sc_hd__inv_2 -pin {Y} -input_transition_rise 0.0000 -input_transition_fall 0.0000 [get_ports {in2}]
set_timing_derate -early 0.9500
set_timing_derate -late 1.0500
###############################################################################
# Design Rules
###############################################################################
set_max_fanout 5.0000 [current_design]
[INFO]: Setting RC values...
min_report

===========================================================================
report_checks -path_delay min (Hold)
============================================================================
Startpoint: in1 (input port clocked by __VIRTUAL_CLK__)
Endpoint: out (output port clocked by __VIRTUAL_CLK__)
Path Group: __VIRTUAL_CLK__
Path Type: min

Fanout     Cap    Slew   Delay    Time   Description
-----------------------------------------------------------------------------
                  0.00    0.00    0.00   clock __VIRTUAL_CLK__ (rise edge)
                          0.00    0.00   clock network delay (ideal)
                          2.00    2.00 ^ input external delay
                  0.03    0.02    2.02 ^ in1 (in)
     1    0.00                           in1 (net)
                  0.03    0.00    2.02 ^ _1_/B (sky130_fd_sc_hd__or2_2)
                  0.03    0.08    2.10 ^ _1_/X (sky130_fd_sc_hd__or2_2)
     1    0.00                           _0_ (net)
                  0.03    0.00    2.10 ^ _2_/A (sky130_fd_sc_hd__buf_1)
                  0.42    0.32    2.42 ^ _2_/X (sky130_fd_sc_hd__buf_1)
     1    0.03                           out (net)
                  0.42    0.00    2.42 ^ out (out)
                                  2.42   data arrival time

                  0.00    0.00    0.00   clock __VIRTUAL_CLK__ (rise edge)
                          0.00    0.00   clock network delay (ideal)
                          0.25    0.25   clock uncertainty
                          0.00    0.25   clock reconvergence pessimism
                         -2.00   -1.75   output external delay
                                 -1.75   data required time
-----------------------------------------------------------------------------
                                 -1.75   data required time
                                 -2.42   data arrival time
-----------------------------------------------------------------------------
                                  4.17   slack (MET)


min_report_end
max_report

===========================================================================
report_checks -path_delay max (Setup)
============================================================================
Startpoint: in2 (input port clocked by __VIRTUAL_CLK__)
Endpoint: out (output port clocked by __VIRTUAL_CLK__)
Path Group: __VIRTUAL_CLK__
Path Type: max

Fanout     Cap    Slew   Delay    Time   Description
-----------------------------------------------------------------------------
                  0.00    0.00    0.00   clock __VIRTUAL_CLK__ (rise edge)
                          0.00    0.00   clock network delay (ideal)
                          2.00    2.00 v input external delay
                  0.01    0.01    2.01 v in2 (in)
     1    0.00                           in2 (net)
                  0.01    0.00    2.01 v _1_/A (sky130_fd_sc_hd__or2_2)
                  0.05    0.29    2.29 v _1_/X (sky130_fd_sc_hd__or2_2)
     1    0.00                           _0_ (net)
                  0.05    0.00    2.29 v _2_/A (sky130_fd_sc_hd__buf_1)
                  0.21    0.24    2.54 v _2_/X (sky130_fd_sc_hd__buf_1)
     1    0.03                           out (net)
                  0.21    0.00    2.54 v out (out)
                                  2.54   data arrival time

                  0.00   10.00   10.00   clock __VIRTUAL_CLK__ (rise edge)
                          0.00   10.00   clock network delay (ideal)
                         -0.25    9.75   clock uncertainty
                          0.00    9.75   clock reconvergence pessimism
                         -2.00    7.75   output external delay
                                  7.75   data required time
-----------------------------------------------------------------------------
                                  7.75   data required time
                                 -2.54   data arrival time
-----------------------------------------------------------------------------
                                  5.21   slack (MET)


max_report_end
check_report

===========================================================================
report_checks -unconstrained
============================================================================
Startpoint: in2 (input port clocked by __VIRTUAL_CLK__)
Endpoint: out (output port clocked by __VIRTUAL_CLK__)
Path Group: __VIRTUAL_CLK__
Path Type: max

Fanout     Cap    Slew   Delay    Time   Description
-----------------------------------------------------------------------------
                  0.00    0.00    0.00   clock __VIRTUAL_CLK__ (rise edge)
                          0.00    0.00   clock network delay (ideal)
                          2.00    2.00 v input external delay
                  0.01    0.01    2.01 v in2 (in)
     1    0.00                           in2 (net)
                  0.01    0.00    2.01 v _1_/A (sky130_fd_sc_hd__or2_2)
                  0.05    0.29    2.29 v _1_/X (sky130_fd_sc_hd__or2_2)
     1    0.00                           _0_ (net)
                  0.05    0.00    2.29 v _2_/A (sky130_fd_sc_hd__buf_1)
                  0.21    0.24    2.54 v _2_/X (sky130_fd_sc_hd__buf_1)
     1    0.03                           out (net)
                  0.21    0.00    2.54 v out (out)
                                  2.54   data arrival time

                  0.00   10.00   10.00   clock __VIRTUAL_CLK__ (rise edge)
                          0.00   10.00   clock network delay (ideal)
                         -0.25    9.75   clock uncertainty
                          0.00    9.75   clock reconvergence pessimism
                         -2.00    7.75   output external delay
                                  7.75   data required time
-----------------------------------------------------------------------------
                                  7.75   data required time
                                 -2.54   data arrival time
-----------------------------------------------------------------------------
                                  5.21   slack (MET)



===========================================================================
report_checks --slack_max -0.01
============================================================================
No paths found.
check_report_end
check_slew

===========================================================================
 report_check_types -max_slew -max_cap -max_fanout -violators
============================================================================

===========================================================================
max slew violation count 0
max fanout violation count 0
max cap violation count 0
============================================================================
check_slew_end
tns_report

===========================================================================
 report_tns
============================================================================
tns 0.00
tns_report_end
wns_report

===========================================================================
 report_wns
============================================================================
wns 0.00
wns_report_end
worst_slack

===========================================================================
 report_worst_slack -max (Setup)
============================================================================
worst slack 5.21

===========================================================================
 report_worst_slack -min (Hold)
============================================================================
worst slack 4.17
worst_slack_end
power_report

===========================================================================
 report_power
============================================================================
Group                  Internal  Switching    Leakage      Total
                          Power      Power      Power      Power
----------------------------------------------------------------
Sequential             0.00e+00   0.00e+00   0.00e+00   0.00e+00   0.0%
Combinational          2.11e-07   5.80e-07   1.07e-10   7.92e-07 100.0%
Macro                  0.00e+00   0.00e+00   0.00e+00   0.00e+00   0.0%
Pad                    0.00e+00   0.00e+00   0.00e+00   0.00e+00   0.0%
----------------------------------------------------------------
Total                  2.11e-07   5.80e-07   1.07e-10   7.92e-07 100.0%
                          26.7%      73.3%       0.0%
power_report_end
area_report

===========================================================================
 report_design_area
============================================================================
Design area 164 u^2 8% utilization.
area_report_end
