
===========================================================================
report_checks -path_delay min (Hold)
============================================================================

======================= Slowest Corner ===================================

Startpoint: in (input port clocked by __VIRTUAL_CLK__)
Endpoint: out (output port clocked by __VIRTUAL_CLK__)
Path Group: __VIRTUAL_CLK__
Path Type: min
Corner: ss

Fanout     Cap    Slew   Delay    Time   Description
-----------------------------------------------------------------------------
                  0.00    0.00    0.00   clock __VIRTUAL_CLK__ (rise edge)
                          0.00    0.00   clock network delay (ideal)
                          2.00    2.00 v input external delay
                  0.02    0.01    2.01 v in (in)
     1    0.00                           in (net)
                  0.02    0.00    2.01 v input1/A (sky130_fd_sc_hd__clkbuf_1)
                  0.06    0.14    2.15 v input1/X (sky130_fd_sc_hd__clkbuf_1)
     1    0.00                           net1 (net)
                  0.06    0.00    2.15 v _0_/A (sky130_fd_sc_hd__clkbuf_1)
                  0.06    0.16    2.31 v _0_/X (sky130_fd_sc_hd__clkbuf_1)
     1    0.00                           net2 (net)
                  0.06    0.00    2.31 v output2/A (sky130_fd_sc_hd__buf_2)
                  0.17    0.32    2.63 v output2/X (sky130_fd_sc_hd__buf_2)
     1    0.03                           out (net)
                  0.17    0.00    2.63 v out (out)
                                  2.63   data arrival time

                  0.00    0.00    0.00   clock __VIRTUAL_CLK__ (rise edge)
                          0.00    0.00   clock network delay (ideal)
                          0.25    0.25   clock uncertainty
                          0.00    0.25   clock reconvergence pessimism
                         -2.00   -1.75   output external delay
                                 -1.75   data required time
-----------------------------------------------------------------------------
                                 -1.75   data required time
                                 -2.63   data arrival time
-----------------------------------------------------------------------------
                                  4.38   slack (MET)



======================= Typical Corner ===================================

Startpoint: in (input port clocked by __VIRTUAL_CLK__)
Endpoint: out (output port clocked by __VIRTUAL_CLK__)
Path Group: __VIRTUAL_CLK__
Path Type: min
Corner: tt

Fanout     Cap    Slew   Delay    Time   Description
-----------------------------------------------------------------------------
                  0.00    0.00    0.00   clock __VIRTUAL_CLK__ (rise edge)
                          0.00    0.00   clock network delay (ideal)
                          2.00    2.00 v input external delay
                  0.01    0.01    2.01 v in (in)
     1    0.00                           in (net)
                  0.01    0.00    2.01 v input1/A (sky130_fd_sc_hd__clkbuf_1)
                  0.03    0.07    2.08 v input1/X (sky130_fd_sc_hd__clkbuf_1)
     1    0.00                           net1 (net)
                  0.03    0.00    2.08 v _0_/A (sky130_fd_sc_hd__clkbuf_1)
                  0.03    0.08    2.16 v _0_/X (sky130_fd_sc_hd__clkbuf_1)
     1    0.00                           net2 (net)
                  0.03    0.00    2.16 v output2/A (sky130_fd_sc_hd__buf_2)
                  0.09    0.17    2.33 v output2/X (sky130_fd_sc_hd__buf_2)
     1    0.03                           out (net)
                  0.09    0.00    2.33 v out (out)
                                  2.33   data arrival time

                  0.00    0.00    0.00   clock __VIRTUAL_CLK__ (rise edge)
                          0.00    0.00   clock network delay (ideal)
                          0.25    0.25   clock uncertainty
                          0.00    0.25   clock reconvergence pessimism
                         -2.00   -1.75   output external delay
                                 -1.75   data required time
-----------------------------------------------------------------------------
                                 -1.75   data required time
                                 -2.33   data arrival time
-----------------------------------------------------------------------------
                                  4.08   slack (MET)



======================= Fastest Corner ===================================

Startpoint: in (input port clocked by __VIRTUAL_CLK__)
Endpoint: out (output port clocked by __VIRTUAL_CLK__)
Path Group: __VIRTUAL_CLK__
Path Type: min
Corner: ff

Fanout     Cap    Slew   Delay    Time   Description
-----------------------------------------------------------------------------
                  0.00    0.00    0.00   clock __VIRTUAL_CLK__ (rise edge)
                          0.00    0.00   clock network delay (ideal)
                          2.00    2.00 v input external delay
                  0.01    0.00    2.00 v in (in)
     1    0.00                           in (net)
                  0.01    0.00    2.00 v input1/A (sky130_fd_sc_hd__clkbuf_1)
                  0.02    0.05    2.05 v input1/X (sky130_fd_sc_hd__clkbuf_1)
     1    0.00                           net1 (net)
                  0.02    0.00    2.05 v _0_/A (sky130_fd_sc_hd__clkbuf_1)
                  0.02    0.05    2.11 v _0_/X (sky130_fd_sc_hd__clkbuf_1)
     1    0.00                           net2 (net)
                  0.02    0.00    2.11 v output2/A (sky130_fd_sc_hd__buf_2)
                  0.06    0.11    2.21 v output2/X (sky130_fd_sc_hd__buf_2)
     1    0.03                           out (net)
                  0.06    0.00    2.22 v out (out)
                                  2.22   data arrival time

                  0.00    0.00    0.00   clock __VIRTUAL_CLK__ (rise edge)
                          0.00    0.00   clock network delay (ideal)
                          0.25    0.25   clock uncertainty
                          0.00    0.25   clock reconvergence pessimism
                         -2.00   -1.75   output external delay
                                 -1.75   data required time
-----------------------------------------------------------------------------
                                 -1.75   data required time
                                 -2.22   data arrival time
-----------------------------------------------------------------------------
                                  3.97   slack (MET)


