OpenROAD c1c315118e68926dfff368f85e13bf50adaa920f 
This program is licensed under the BSD-3 license. See the LICENSE file for details.
Components of this program may be licensed under more restrictive licenses which must be honored.
[INFO ODB-0222] Reading LEF file: /openlane/designs/current/runs/RUN__2022_06_04__22_38_11/tmp/merged.unpadded.nom.lef
[INFO ODB-0223]     Created 13 technology layers
[INFO ODB-0224]     Created 25 technology vias
[INFO ODB-0225]     Created 441 library cells
[INFO ODB-0226] Finished LEF file:  /openlane/designs/current/runs/RUN__2022_06_04__22_38_11/tmp/merged.unpadded.nom.lef
[INFO ODB-0127] Reading DEF file: /openlane/designs/current/runs/RUN__2022_06_04__22_38_11/tmp/floorplan/6-pdn.def
[INFO ODB-0128] Design: demultiplexer
[INFO ODB-0130]     Created 14 pins.
[INFO ODB-0131]     Created 511 components and 1362 component-terminals.
[INFO ODB-0132]     Created 2 special nets and 1300 connections.
[INFO ODB-0133]     Created 23 nets and 62 connections.
[INFO ODB-0134] Finished DEF file: /openlane/designs/current/runs/RUN__2022_06_04__22_38_11/tmp/floorplan/6-pdn.def
[INFO GPL-0002] DBU: 1000
[INFO GPL-0003] SiteSize: 460 2720
[INFO GPL-0004] CoreAreaLxLy: 5520 10880
[INFO GPL-0005] CoreAreaUxUy: 171120 174080
[INFO GPL-0006] NumInstances: 511
[INFO GPL-0007] NumPlaceInstances: 19
[INFO GPL-0008] NumFixedInstances: 492
[INFO GPL-0009] NumDummyInstances: 0
[INFO GPL-0010] NumNets: 23
[INFO GPL-0011] NumPins: 74
[INFO GPL-0012] DieAreaLxLy: 0 0
[INFO GPL-0013] DieAreaUxUy: 176950 187670
[INFO GPL-0014] CoreAreaLxLy: 5520 10880
[INFO GPL-0015] CoreAreaUxUy: 171120 174080
[INFO GPL-0016] CoreArea: 27025920000
[INFO GPL-0017] NonPlaceInstsArea: 915878400
[INFO GPL-0018] PlaceInstsArea: 137632000
[INFO GPL-0019] Util(%): 0.53
[INFO GPL-0020] StdInstsArea: 137632000
[INFO GPL-0021] MacroInstsArea: 0
[InitialPlace]  Iter: 1 CG residual: 0.00000005 HPWL: 2292750
[InitialPlace]  Iter: 2 CG residual: 0.00000003 HPWL: 1818836
[InitialPlace]  Iter: 3 CG residual: 0.00000010 HPWL: 1816570
[InitialPlace]  Iter: 4 CG residual: 0.00000012 HPWL: 1816388
[InitialPlace]  Iter: 5 CG residual: 0.00000006 HPWL: 1816546
[INFO GPL-0031] FillerInit: NumGCells: 2107
[INFO GPL-0032] FillerInit: NumGNets: 23
[INFO GPL-0033] FillerInit: NumGPins: 74
[INFO GPL-0023] TargetDensity: 0.55
[INFO GPL-0024] AveragePlaceInstArea: 7243789
[INFO GPL-0025] IdealBinArea: 13170525
[INFO GPL-0026] IdealBinCnt: 2052
[INFO GPL-0027] TotalBinArea: 27025920000
[INFO GPL-0028] BinCnt: 32 32
[INFO GPL-0029] BinSize: 5175 5100
[INFO GPL-0030] NumBins: 1024
[NesterovSolve] Iter: 1 overflow: 0.183559 HPWL: 1712948
[NesterovSolve] Iter: 10 overflow: 0.198026 HPWL: 1693339
[NesterovSolve] Iter: 20 overflow: 0.357756 HPWL: 1687640
[NesterovSolve] Finished with Overflow: 0.000000
###############################################################################
# Created by write_sdc
# Sat Jun  4 19:38:14 2022
###############################################################################
current_design demultiplexer
###############################################################################
# Timing Constraints
###############################################################################
create_clock -name __VIRTUAL_CLK__ -period 10.0000 
set_clock_uncertainty 0.2500 __VIRTUAL_CLK__
set_input_delay 2.0000 -clock [get_clocks {__VIRTUAL_CLK__}] -add_delay [get_ports {in}]
set_input_delay 2.0000 -clock [get_clocks {__VIRTUAL_CLK__}] -add_delay [get_ports {sel[0]}]
set_input_delay 2.0000 -clock [get_clocks {__VIRTUAL_CLK__}] -add_delay [get_ports {sel[1]}]
set_input_delay 2.0000 -clock [get_clocks {__VIRTUAL_CLK__}] -add_delay [get_ports {sel[2]}]
set_output_delay 2.0000 -clock [get_clocks {__VIRTUAL_CLK__}] -add_delay [get_ports {out[0]}]
set_output_delay 2.0000 -clock [get_clocks {__VIRTUAL_CLK__}] -add_delay [get_ports {out[1]}]
set_output_delay 2.0000 -clock [get_clocks {__VIRTUAL_CLK__}] -add_delay [get_ports {out[2]}]
set_output_delay 2.0000 -clock [get_clocks {__VIRTUAL_CLK__}] -add_delay [get_ports {out[3]}]
set_output_delay 2.0000 -clock [get_clocks {__VIRTUAL_CLK__}] -add_delay [get_ports {out[4]}]
set_output_delay 2.0000 -clock [get_clocks {__VIRTUAL_CLK__}] -add_delay [get_ports {out[5]}]
set_output_delay 2.0000 -clock [get_clocks {__VIRTUAL_CLK__}] -add_delay [get_ports {out[6]}]
set_output_delay 2.0000 -clock [get_clocks {__VIRTUAL_CLK__}] -add_delay [get_ports {out[7]}]
###############################################################################
# Environment
###############################################################################
set_load -pin_load 0.0334 [get_ports {out[7]}]
set_load -pin_load 0.0334 [get_ports {out[6]}]
set_load -pin_load 0.0334 [get_ports {out[5]}]
set_load -pin_load 0.0334 [get_ports {out[4]}]
set_load -pin_load 0.0334 [get_ports {out[3]}]
set_load -pin_load 0.0334 [get_ports {out[2]}]
set_load -pin_load 0.0334 [get_ports {out[1]}]
set_load -pin_load 0.0334 [get_ports {out[0]}]
set_driving_cell -lib_cell sky130_fd_sc_hd__inv_2 -pin {Y} -input_transition_rise 0.0000 -input_transition_fall 0.0000 [get_ports {in}]
set_driving_cell -lib_cell sky130_fd_sc_hd__inv_2 -pin {Y} -input_transition_rise 0.0000 -input_transition_fall 0.0000 [get_ports {sel[2]}]
set_driving_cell -lib_cell sky130_fd_sc_hd__inv_2 -pin {Y} -input_transition_rise 0.0000 -input_transition_fall 0.0000 [get_ports {sel[1]}]
set_driving_cell -lib_cell sky130_fd_sc_hd__inv_2 -pin {Y} -input_transition_rise 0.0000 -input_transition_fall 0.0000 [get_ports {sel[0]}]
set_timing_derate -early 0.9500
set_timing_derate -late 1.0500
###############################################################################
# Design Rules
###############################################################################
set_max_fanout 5.0000 [current_design]
[INFO]: Setting RC values...
min_report

===========================================================================
report_checks -path_delay min (Hold)
============================================================================
Startpoint: in (input port clocked by __VIRTUAL_CLK__)
Endpoint: out[0] (output port clocked by __VIRTUAL_CLK__)
Path Group: __VIRTUAL_CLK__
Path Type: min

Fanout     Cap    Slew   Delay    Time   Description
-----------------------------------------------------------------------------
                  0.00    0.00    0.00   clock __VIRTUAL_CLK__ (rise edge)
                          0.00    0.00   clock network delay (ideal)
                          2.00    2.00 v input external delay
                  0.04    0.03    2.03 v in (in)
     4    0.02                           in (net)
                  0.04    0.00    2.03 v _14_/A (sky130_fd_sc_hd__buf_1)
                  0.06    0.11    2.14 v _14_/X (sky130_fd_sc_hd__buf_1)
     5    0.01                           _03_ (net)
                  0.06    0.00    2.14 v _15_/D_N (sky130_fd_sc_hd__nor4b_2)
                  0.13    0.24    2.38 v _15_/Y (sky130_fd_sc_hd__nor4b_2)
     1    0.03                           out[0] (net)
                  0.13    0.01    2.38 v out[0] (out)
                                  2.38   data arrival time

                  0.00    0.00    0.00   clock __VIRTUAL_CLK__ (rise edge)
                          0.00    0.00   clock network delay (ideal)
                          0.25    0.25   clock uncertainty
                          0.00    0.25   clock reconvergence pessimism
                         -2.00   -1.75   output external delay
                                 -1.75   data required time
-----------------------------------------------------------------------------
                                 -1.75   data required time
                                 -2.38   data arrival time
-----------------------------------------------------------------------------
                                  4.13   slack (MET)


Startpoint: sel[2] (input port clocked by __VIRTUAL_CLK__)
Endpoint: out[6] (output port clocked by __VIRTUAL_CLK__)
Path Group: __VIRTUAL_CLK__
Path Type: min

Fanout     Cap    Slew   Delay    Time   Description
-----------------------------------------------------------------------------
                  0.00    0.00    0.00   clock __VIRTUAL_CLK__ (rise edge)
                          0.00    0.00   clock network delay (ideal)
                          2.00    2.00 v input external delay
                  0.04    0.03    2.03 v sel[2] (in)
     4    0.02                           sel[2] (net)
                  0.04    0.00    2.03 v _26_/B (sky130_fd_sc_hd__and4b_2)
                  0.04    0.19    2.22 v _26_/X (sky130_fd_sc_hd__and4b_2)
     1    0.00                           _09_ (net)
                  0.04    0.00    2.22 v _27_/A (sky130_fd_sc_hd__buf_1)
                  0.24    0.23    2.45 v _27_/X (sky130_fd_sc_hd__buf_1)
     1    0.03                           out[6] (net)
                  0.24    0.00    2.45 v out[6] (out)
                                  2.45   data arrival time

                  0.00    0.00    0.00   clock __VIRTUAL_CLK__ (rise edge)
                          0.00    0.00   clock network delay (ideal)
                          0.25    0.25   clock uncertainty
                          0.00    0.25   clock reconvergence pessimism
                         -2.00   -1.75   output external delay
                                 -1.75   data required time
-----------------------------------------------------------------------------
                                 -1.75   data required time
                                 -2.45   data arrival time
-----------------------------------------------------------------------------
                                  4.20   slack (MET)


Startpoint: sel[2] (input port clocked by __VIRTUAL_CLK__)
Endpoint: out[5] (output port clocked by __VIRTUAL_CLK__)
Path Group: __VIRTUAL_CLK__
Path Type: min

Fanout     Cap    Slew   Delay    Time   Description
-----------------------------------------------------------------------------
                  0.00    0.00    0.00   clock __VIRTUAL_CLK__ (rise edge)
                          0.00    0.00   clock network delay (ideal)
                          2.00    2.00 v input external delay
                  0.04    0.03    2.03 v sel[2] (in)
     4    0.02                           sel[2] (net)
                  0.04    0.00    2.03 v _24_/C (sky130_fd_sc_hd__and4b_2)
                  0.04    0.20    2.23 v _24_/X (sky130_fd_sc_hd__and4b_2)
     1    0.00                           _08_ (net)
                  0.04    0.00    2.23 v _25_/A (sky130_fd_sc_hd__buf_1)
                  0.24    0.24    2.46 v _25_/X (sky130_fd_sc_hd__buf_1)
     1    0.03                           out[5] (net)
                  0.24    0.00    2.47 v out[5] (out)
                                  2.47   data arrival time

                  0.00    0.00    0.00   clock __VIRTUAL_CLK__ (rise edge)
                          0.00    0.00   clock network delay (ideal)
                          0.25    0.25   clock uncertainty
                          0.00    0.25   clock reconvergence pessimism
                         -2.00   -1.75   output external delay
                                 -1.75   data required time
-----------------------------------------------------------------------------
                                 -1.75   data required time
                                 -2.47   data arrival time
-----------------------------------------------------------------------------
                                  4.22   slack (MET)


Startpoint: in (input port clocked by __VIRTUAL_CLK__)
Endpoint: out[1] (output port clocked by __VIRTUAL_CLK__)
Path Group: __VIRTUAL_CLK__
Path Type: min

Fanout     Cap    Slew   Delay    Time   Description
-----------------------------------------------------------------------------
                  0.00    0.00    0.00   clock __VIRTUAL_CLK__ (rise edge)
                          0.00    0.00   clock network delay (ideal)
                          2.00    2.00 v input external delay
                  0.04    0.03    2.03 v in (in)
     4    0.02                           in (net)
                  0.04    0.00    2.03 v _16_/C (sky130_fd_sc_hd__and4bb_2)
                  0.04    0.21    2.23 v _16_/X (sky130_fd_sc_hd__and4bb_2)
     1    0.00                           _04_ (net)
                  0.04    0.00    2.23 v _17_/A (sky130_fd_sc_hd__buf_1)
                  0.23    0.23    2.46 v _17_/X (sky130_fd_sc_hd__buf_1)
     1    0.03                           out[1] (net)
                  0.23    0.00    2.47 v out[1] (out)
                                  2.47   data arrival time

                  0.00    0.00    0.00   clock __VIRTUAL_CLK__ (rise edge)
                          0.00    0.00   clock network delay (ideal)
                          0.25    0.25   clock uncertainty
                          0.00    0.25   clock reconvergence pessimism
                         -2.00   -1.75   output external delay
                                 -1.75   data required time
-----------------------------------------------------------------------------
                                 -1.75   data required time
                                 -2.47   data arrival time
-----------------------------------------------------------------------------
                                  4.22   slack (MET)


Startpoint: sel[1] (input port clocked by __VIRTUAL_CLK__)
Endpoint: out[3] (output port clocked by __VIRTUAL_CLK__)
Path Group: __VIRTUAL_CLK__
Path Type: min

Fanout     Cap    Slew   Delay    Time   Description
-----------------------------------------------------------------------------
                  0.00    0.00    0.00   clock __VIRTUAL_CLK__ (rise edge)
                          0.00    0.00   clock network delay (ideal)
                          2.00    2.00 v input external delay
                  0.04    0.03    2.03 v sel[1] (in)
     4    0.02                           sel[1] (net)
                  0.04    0.00    2.03 v _20_/C (sky130_fd_sc_hd__and4b_2)
                  0.04    0.21    2.24 v _20_/X (sky130_fd_sc_hd__and4b_2)
     1    0.00                           _06_ (net)
                  0.04    0.00    2.24 v _21_/A (sky130_fd_sc_hd__buf_1)
                  0.24    0.23    2.47 v _21_/X (sky130_fd_sc_hd__buf_1)
     1    0.03                           out[3] (net)
                  0.24    0.00    2.47 v out[3] (out)
                                  2.47   data arrival time

                  0.00    0.00    0.00   clock __VIRTUAL_CLK__ (rise edge)
                          0.00    0.00   clock network delay (ideal)
                          0.25    0.25   clock uncertainty
                          0.00    0.25   clock reconvergence pessimism
                         -2.00   -1.75   output external delay
                                 -1.75   data required time
-----------------------------------------------------------------------------
                                 -1.75   data required time
                                 -2.47   data arrival time
-----------------------------------------------------------------------------
                                  4.22   slack (MET)


min_report_end
max_report

===========================================================================
report_checks -path_delay max (Setup)
============================================================================
Startpoint: sel[0] (input port clocked by __VIRTUAL_CLK__)
Endpoint: out[0] (output port clocked by __VIRTUAL_CLK__)
Path Group: __VIRTUAL_CLK__
Path Type: max

Fanout     Cap    Slew   Delay    Time   Description
-----------------------------------------------------------------------------
                  0.00    0.00    0.00   clock __VIRTUAL_CLK__ (rise edge)
                          0.00    0.00   clock network delay (ideal)
                          2.00    2.00 v input external delay
                  0.05    0.04    2.04 v sel[0] (in)
     4    0.02                           sel[0] (net)
                  0.05    0.00    2.04 v _11_/A (sky130_fd_sc_hd__buf_1)
                  0.08    0.14    2.18 v _11_/X (sky130_fd_sc_hd__buf_1)
     5    0.01                           _00_ (net)
                  0.08    0.00    2.18 v _15_/A (sky130_fd_sc_hd__nor4b_2)
                  1.11    1.01    3.19 ^ _15_/Y (sky130_fd_sc_hd__nor4b_2)
     1    0.03                           out[0] (net)
                  1.11    0.01    3.20 ^ out[0] (out)
                                  3.20   data arrival time

                  0.00   10.00   10.00   clock __VIRTUAL_CLK__ (rise edge)
                          0.00   10.00   clock network delay (ideal)
                         -0.25    9.75   clock uncertainty
                          0.00    9.75   clock reconvergence pessimism
                         -2.00    7.75   output external delay
                                  7.75   data required time
-----------------------------------------------------------------------------
                                  7.75   data required time
                                 -3.20   data arrival time
-----------------------------------------------------------------------------
                                  4.55   slack (MET)


Startpoint: sel[1] (input port clocked by __VIRTUAL_CLK__)
Endpoint: out[2] (output port clocked by __VIRTUAL_CLK__)
Path Group: __VIRTUAL_CLK__
Path Type: max

Fanout     Cap    Slew   Delay    Time   Description
-----------------------------------------------------------------------------
                  0.00    0.00    0.00   clock __VIRTUAL_CLK__ (rise edge)
                          0.00    0.00   clock network delay (ideal)
                          2.00    2.00 ^ input external delay
                  0.09    0.06    2.06 ^ sel[1] (in)
     4    0.02                           sel[1] (net)
                  0.09    0.00    2.06 ^ _13_/A (sky130_fd_sc_hd__buf_1)
                  0.17    0.19    2.26 ^ _13_/X (sky130_fd_sc_hd__buf_1)
     5    0.01                           _02_ (net)
                  0.17    0.00    2.26 ^ _18_/D (sky130_fd_sc_hd__and4bb_2)
                  0.06    0.26    2.52 ^ _18_/X (sky130_fd_sc_hd__and4bb_2)
     1    0.00                           _05_ (net)
                  0.06    0.00    2.52 ^ _19_/A (sky130_fd_sc_hd__buf_1)
                  0.53    0.44    2.96 ^ _19_/X (sky130_fd_sc_hd__buf_1)
     1    0.03                           out[2] (net)
                  0.53    0.01    2.96 ^ out[2] (out)
                                  2.96   data arrival time

                  0.00   10.00   10.00   clock __VIRTUAL_CLK__ (rise edge)
                          0.00   10.00   clock network delay (ideal)
                         -0.25    9.75   clock uncertainty
                          0.00    9.75   clock reconvergence pessimism
                         -2.00    7.75   output external delay
                                  7.75   data required time
-----------------------------------------------------------------------------
                                  7.75   data required time
                                 -2.96   data arrival time
-----------------------------------------------------------------------------
                                  4.79   slack (MET)


Startpoint: sel[0] (input port clocked by __VIRTUAL_CLK__)
Endpoint: out[4] (output port clocked by __VIRTUAL_CLK__)
Path Group: __VIRTUAL_CLK__
Path Type: max

Fanout     Cap    Slew   Delay    Time   Description
-----------------------------------------------------------------------------
                  0.00    0.00    0.00   clock __VIRTUAL_CLK__ (rise edge)
                          0.00    0.00   clock network delay (ideal)
                          2.00    2.00 v input external delay
                  0.05    0.04    2.04 v sel[0] (in)
     4    0.02                           sel[0] (net)
                  0.05    0.00    2.04 v _11_/A (sky130_fd_sc_hd__buf_1)
                  0.08    0.14    2.18 v _11_/X (sky130_fd_sc_hd__buf_1)
     5    0.01                           _00_ (net)
                  0.08    0.00    2.18 v _22_/A_N (sky130_fd_sc_hd__and4bb_2)
                  0.06    0.31    2.50 ^ _22_/X (sky130_fd_sc_hd__and4bb_2)
     1    0.00                           _07_ (net)
                  0.06    0.00    2.50 ^ _23_/A (sky130_fd_sc_hd__buf_1)
                  0.53    0.44    2.94 ^ _23_/X (sky130_fd_sc_hd__buf_1)
     1    0.03                           out[4] (net)
                  0.53    0.01    2.94 ^ out[4] (out)
                                  2.94   data arrival time

                  0.00   10.00   10.00   clock __VIRTUAL_CLK__ (rise edge)
                          0.00   10.00   clock network delay (ideal)
                         -0.25    9.75   clock uncertainty
                          0.00    9.75   clock reconvergence pessimism
                         -2.00    7.75   output external delay
                                  7.75   data required time
-----------------------------------------------------------------------------
                                  7.75   data required time
                                 -2.94   data arrival time
-----------------------------------------------------------------------------
                                  4.81   slack (MET)


Startpoint: sel[0] (input port clocked by __VIRTUAL_CLK__)
Endpoint: out[7] (output port clocked by __VIRTUAL_CLK__)
Path Group: __VIRTUAL_CLK__
Path Type: max

Fanout     Cap    Slew   Delay    Time   Description
-----------------------------------------------------------------------------
                  0.00    0.00    0.00   clock __VIRTUAL_CLK__ (rise edge)
                          0.00    0.00   clock network delay (ideal)
                          2.00    2.00 ^ input external delay
                  0.11    0.08    2.08 ^ sel[0] (in)
     4    0.02                           sel[0] (net)
                  0.11    0.00    2.08 ^ _11_/A (sky130_fd_sc_hd__buf_1)
                  0.17    0.20    2.28 ^ _11_/X (sky130_fd_sc_hd__buf_1)
     5    0.01                           _00_ (net)
                  0.17    0.00    2.28 ^ _28_/A (sky130_fd_sc_hd__and4_2)
                  0.06    0.25    2.53 ^ _28_/X (sky130_fd_sc_hd__and4_2)
     1    0.00                           _10_ (net)
                  0.06    0.00    2.53 ^ _29_/A (sky130_fd_sc_hd__buf_1)
                  0.48    0.40    2.93 ^ _29_/X (sky130_fd_sc_hd__buf_1)
     1    0.03                           out[7] (net)
                  0.48    0.00    2.93 ^ out[7] (out)
                                  2.93   data arrival time

                  0.00   10.00   10.00   clock __VIRTUAL_CLK__ (rise edge)
                          0.00   10.00   clock network delay (ideal)
                         -0.25    9.75   clock uncertainty
                          0.00    9.75   clock reconvergence pessimism
                         -2.00    7.75   output external delay
                                  7.75   data required time
-----------------------------------------------------------------------------
                                  7.75   data required time
                                 -2.93   data arrival time
-----------------------------------------------------------------------------
                                  4.82   slack (MET)


Startpoint: sel[1] (input port clocked by __VIRTUAL_CLK__)
Endpoint: out[1] (output port clocked by __VIRTUAL_CLK__)
Path Group: __VIRTUAL_CLK__
Path Type: max

Fanout     Cap    Slew   Delay    Time   Description
-----------------------------------------------------------------------------
                  0.00    0.00    0.00   clock __VIRTUAL_CLK__ (rise edge)
                          0.00    0.00   clock network delay (ideal)
                          2.00    2.00 v input external delay
                  0.04    0.03    2.03 v sel[1] (in)
     4    0.02                           sel[1] (net)
                  0.04    0.00    2.03 v _13_/A (sky130_fd_sc_hd__buf_1)
                  0.08    0.14    2.17 v _13_/X (sky130_fd_sc_hd__buf_1)
     5    0.01                           _02_ (net)
                  0.08    0.00    2.17 v _16_/B_N (sky130_fd_sc_hd__and4bb_2)
                  0.06    0.32    2.49 ^ _16_/X (sky130_fd_sc_hd__and4bb_2)
     1    0.00                           _04_ (net)
                  0.06    0.00    2.49 ^ _17_/A (sky130_fd_sc_hd__buf_1)
                  0.47    0.40    2.89 ^ _17_/X (sky130_fd_sc_hd__buf_1)
     1    0.03                           out[1] (net)
                  0.47    0.00    2.89 ^ out[1] (out)
                                  2.89   data arrival time

                  0.00   10.00   10.00   clock __VIRTUAL_CLK__ (rise edge)
                          0.00   10.00   clock network delay (ideal)
                         -0.25    9.75   clock uncertainty
                          0.00    9.75   clock reconvergence pessimism
                         -2.00    7.75   output external delay
                                  7.75   data required time
-----------------------------------------------------------------------------
                                  7.75   data required time
                                 -2.89   data arrival time
-----------------------------------------------------------------------------
                                  4.86   slack (MET)


max_report_end
check_report

===========================================================================
report_checks -unconstrained
============================================================================
Startpoint: sel[0] (input port clocked by __VIRTUAL_CLK__)
Endpoint: out[0] (output port clocked by __VIRTUAL_CLK__)
Path Group: __VIRTUAL_CLK__
Path Type: max

Fanout     Cap    Slew   Delay    Time   Description
-----------------------------------------------------------------------------
                  0.00    0.00    0.00   clock __VIRTUAL_CLK__ (rise edge)
                          0.00    0.00   clock network delay (ideal)
                          2.00    2.00 v input external delay
                  0.05    0.04    2.04 v sel[0] (in)
     4    0.02                           sel[0] (net)
                  0.05    0.00    2.04 v _11_/A (sky130_fd_sc_hd__buf_1)
                  0.08    0.14    2.18 v _11_/X (sky130_fd_sc_hd__buf_1)
     5    0.01                           _00_ (net)
                  0.08    0.00    2.18 v _15_/A (sky130_fd_sc_hd__nor4b_2)
                  1.11    1.01    3.19 ^ _15_/Y (sky130_fd_sc_hd__nor4b_2)
     1    0.03                           out[0] (net)
                  1.11    0.01    3.20 ^ out[0] (out)
                                  3.20   data arrival time

                  0.00   10.00   10.00   clock __VIRTUAL_CLK__ (rise edge)
                          0.00   10.00   clock network delay (ideal)
                         -0.25    9.75   clock uncertainty
                          0.00    9.75   clock reconvergence pessimism
                         -2.00    7.75   output external delay
                                  7.75   data required time
-----------------------------------------------------------------------------
                                  7.75   data required time
                                 -3.20   data arrival time
-----------------------------------------------------------------------------
                                  4.55   slack (MET)



===========================================================================
report_checks --slack_max -0.01
============================================================================
No paths found.
check_report_end
check_slew

===========================================================================
 report_check_types -max_slew -max_cap -max_fanout -violators
============================================================================

===========================================================================
max slew violation count 0
max fanout violation count 0
max cap violation count 0
============================================================================
check_slew_end
tns_report

===========================================================================
 report_tns
============================================================================
tns 0.00
tns_report_end
wns_report

===========================================================================
 report_wns
============================================================================
wns 0.00
wns_report_end
worst_slack

===========================================================================
 report_worst_slack -max (Setup)
============================================================================
worst slack 4.55

===========================================================================
 report_worst_slack -min (Hold)
============================================================================
worst slack 4.13
worst_slack_end
power_report

===========================================================================
 report_power
============================================================================
Group                  Internal  Switching    Leakage      Total
                          Power      Power      Power      Power
----------------------------------------------------------------
Sequential             0.00e+00   0.00e+00   0.00e+00   0.00e+00   0.0%
Combinational          1.70e-06   3.26e-06   4.35e-10   4.96e-06 100.0%
Macro                  0.00e+00   0.00e+00   0.00e+00   0.00e+00   0.0%
Pad                    0.00e+00   0.00e+00   0.00e+00   0.00e+00   0.0%
----------------------------------------------------------------
Total                  1.70e-06   3.26e-06   4.35e-10   4.96e-06 100.0%
                          34.2%      65.8%       0.0%
power_report_end
area_report

===========================================================================
 report_design_area
============================================================================
Design area 1054 u^2 4% utilization.
area_report_end
