
===========================================================================
 report_check_types -max_slew -max_cap -max_fanout -violators
============================================================================
max fanout

Pin                                   Limit Fanout  Slack
---------------------------------------------------------
clkbuf_5_21_0_clk/X                       6     14     -8 (VIOLATED)
clkbuf_5_14_0_clk/X                       6     13     -7 (VIOLATED)
clkbuf_5_18_0_clk/X                       6     13     -7 (VIOLATED)
clkbuf_leaf_164_clk/X                     6     13     -7 (VIOLATED)
clkbuf_leaf_17_clk/X                      6     13     -7 (VIOLATED)
clkbuf_leaf_78_clk/X                      6     13     -7 (VIOLATED)
clkbuf_5_19_0_clk/X                       6     12     -6 (VIOLATED)
clkbuf_5_20_0_clk/X                       6     12     -6 (VIOLATED)
clkbuf_5_23_0_clk/X                       6     12     -6 (VIOLATED)
clkbuf_leaf_220_clk/X                     6     12     -6 (VIOLATED)
clkbuf_leaf_107_clk/X                     6     11     -5 (VIOLATED)
clkbuf_leaf_147_clk/X                     6     11     -5 (VIOLATED)
clkbuf_leaf_162_clk/X                     6     11     -5 (VIOLATED)
clkbuf_leaf_33_clk/X                      6     11     -5 (VIOLATED)
clkbuf_leaf_37_clk/X                      6     11     -5 (VIOLATED)
clkbuf_leaf_96_clk/X                      6     11     -5 (VIOLATED)
clkbuf_5_17_0_clk/X                       6     10     -4 (VIOLATED)
clkbuf_5_26_0_clk/X                       6     10     -4 (VIOLATED)
clkbuf_5_6_0_clk/X                        6     10     -4 (VIOLATED)
clkbuf_leaf_155_clk/X                     6     10     -4 (VIOLATED)
clkbuf_leaf_181_clk/X                     6     10     -4 (VIOLATED)
clkbuf_leaf_191_clk/X                     6     10     -4 (VIOLATED)
clkbuf_leaf_216_clk/X                     6     10     -4 (VIOLATED)
clkbuf_leaf_225_clk/X                     6     10     -4 (VIOLATED)
clkbuf_leaf_233_clk/X                     6     10     -4 (VIOLATED)
clkbuf_leaf_238_clk/X                     6     10     -4 (VIOLATED)
clkbuf_leaf_30_clk/X                      6     10     -4 (VIOLATED)
clkbuf_leaf_97_clk/X                      6     10     -4 (VIOLATED)
clkbuf_5_13_0_clk/X                       6      9     -3 (VIOLATED)
clkbuf_5_15_0_clk/X                       6      9     -3 (VIOLATED)
clkbuf_5_22_0_clk/X                       6      9     -3 (VIOLATED)
clkbuf_5_28_0_clk/X                       6      9     -3 (VIOLATED)
clkbuf_5_30_0_clk/X                       6      9     -3 (VIOLATED)
clkbuf_5_5_0_clk/X                        6      9     -3 (VIOLATED)
clkbuf_5_9_0_clk/X                        6      9     -3 (VIOLATED)
clkbuf_leaf_106_clk/X                     6      9     -3 (VIOLATED)
clkbuf_leaf_117_clk/X                     6      9     -3 (VIOLATED)
clkbuf_leaf_131_clk/X                     6      9     -3 (VIOLATED)
clkbuf_leaf_148_clk/X                     6      9     -3 (VIOLATED)
clkbuf_leaf_14_clk/X                      6      9     -3 (VIOLATED)
clkbuf_leaf_179_clk/X                     6      9     -3 (VIOLATED)
clkbuf_leaf_186_clk/X                     6      9     -3 (VIOLATED)
clkbuf_leaf_187_clk/X                     6      9     -3 (VIOLATED)
clkbuf_leaf_195_clk/X                     6      9     -3 (VIOLATED)
clkbuf_leaf_201_clk/X                     6      9     -3 (VIOLATED)
clkbuf_leaf_211_clk/X                     6      9     -3 (VIOLATED)
clkbuf_leaf_217_clk/X                     6      9     -3 (VIOLATED)
clkbuf_leaf_21_clk/X                      6      9     -3 (VIOLATED)
clkbuf_leaf_229_clk/X                     6      9     -3 (VIOLATED)
clkbuf_leaf_231_clk/X                     6      9     -3 (VIOLATED)
clkbuf_leaf_235_clk/X                     6      9     -3 (VIOLATED)
clkbuf_leaf_243_clk/X                     6      9     -3 (VIOLATED)
clkbuf_leaf_244_clk/X                     6      9     -3 (VIOLATED)
clkbuf_leaf_249_clk/X                     6      9     -3 (VIOLATED)
clkbuf_leaf_28_clk/X                      6      9     -3 (VIOLATED)
clkbuf_leaf_42_clk/X                      6      9     -3 (VIOLATED)
clkbuf_leaf_51_clk/X                      6      9     -3 (VIOLATED)
clkbuf_leaf_57_clk/X                      6      9     -3 (VIOLATED)
clkbuf_leaf_58_clk/X                      6      9     -3 (VIOLATED)
clkbuf_leaf_63_clk/X                      6      9     -3 (VIOLATED)
clkbuf_leaf_70_clk/X                      6      9     -3 (VIOLATED)
clkbuf_5_16_0_clk/X                       6      8     -2 (VIOLATED)
clkbuf_5_31_0_clk/X                       6      8     -2 (VIOLATED)
clkbuf_5_7_0_clk/X                        6      8     -2 (VIOLATED)
clkbuf_leaf_101_clk/X                     6      8     -2 (VIOLATED)
clkbuf_leaf_110_clk/X                     6      8     -2 (VIOLATED)
clkbuf_leaf_126_clk/X                     6      8     -2 (VIOLATED)
clkbuf_leaf_133_clk/X                     6      8     -2 (VIOLATED)
clkbuf_leaf_136_clk/X                     6      8     -2 (VIOLATED)
clkbuf_leaf_143_clk/X                     6      8     -2 (VIOLATED)
clkbuf_leaf_149_clk/X                     6      8     -2 (VIOLATED)
clkbuf_leaf_154_clk/X                     6      8     -2 (VIOLATED)
clkbuf_leaf_161_clk/X                     6      8     -2 (VIOLATED)
clkbuf_leaf_165_clk/X                     6      8     -2 (VIOLATED)
clkbuf_leaf_173_clk/X                     6      8     -2 (VIOLATED)
clkbuf_leaf_178_clk/X                     6      8     -2 (VIOLATED)
clkbuf_leaf_180_clk/X                     6      8     -2 (VIOLATED)
clkbuf_leaf_189_clk/X                     6      8     -2 (VIOLATED)
clkbuf_leaf_190_clk/X                     6      8     -2 (VIOLATED)
clkbuf_leaf_192_clk/X                     6      8     -2 (VIOLATED)
clkbuf_leaf_202_clk/X                     6      8     -2 (VIOLATED)
clkbuf_leaf_205_clk/X                     6      8     -2 (VIOLATED)
clkbuf_leaf_209_clk/X                     6      8     -2 (VIOLATED)
clkbuf_leaf_20_clk/X                      6      8     -2 (VIOLATED)
clkbuf_leaf_213_clk/X                     6      8     -2 (VIOLATED)
clkbuf_leaf_215_clk/X                     6      8     -2 (VIOLATED)
clkbuf_leaf_219_clk/X                     6      8     -2 (VIOLATED)
clkbuf_leaf_221_clk/X                     6      8     -2 (VIOLATED)
clkbuf_leaf_247_clk/X                     6      8     -2 (VIOLATED)
clkbuf_leaf_27_clk/X                      6      8     -2 (VIOLATED)
clkbuf_leaf_44_clk/X                      6      8     -2 (VIOLATED)
clkbuf_leaf_50_clk/X                      6      8     -2 (VIOLATED)
clkbuf_leaf_54_clk/X                      6      8     -2 (VIOLATED)
clkbuf_leaf_59_clk/X                      6      8     -2 (VIOLATED)
clkbuf_leaf_69_clk/X                      6      8     -2 (VIOLATED)
clkbuf_leaf_77_clk/X                      6      8     -2 (VIOLATED)
clkbuf_leaf_94_clk/X                      6      8     -2 (VIOLATED)
clkbuf_5_12_0_clk/X                       6      7        (VIOLATED)
clkbuf_5_24_0_clk/X                       6      7        (VIOLATED)
clkbuf_5_27_0_clk/X                       6      7        (VIOLATED)
clkbuf_5_29_0_clk/X                       6      7        (VIOLATED)
clkbuf_5_3_0_clk/X                        6      7        (VIOLATED)
clkbuf_5_4_0_clk/X                        6      7        (VIOLATED)
clkbuf_leaf_103_clk/X                     6      7        (VIOLATED)
clkbuf_leaf_104_clk/X                     6      7        (VIOLATED)
clkbuf_leaf_113_clk/X                     6      7        (VIOLATED)
clkbuf_leaf_120_clk/X                     6      7        (VIOLATED)
clkbuf_leaf_135_clk/X                     6      7        (VIOLATED)
clkbuf_leaf_138_clk/X                     6      7        (VIOLATED)
clkbuf_leaf_140_clk/X                     6      7        (VIOLATED)
clkbuf_leaf_141_clk/X                     6      7        (VIOLATED)
clkbuf_leaf_142_clk/X                     6      7        (VIOLATED)
clkbuf_leaf_146_clk/X                     6      7        (VIOLATED)
clkbuf_leaf_159_clk/X                     6      7        (VIOLATED)
clkbuf_leaf_175_clk/X                     6      7        (VIOLATED)
clkbuf_leaf_194_clk/X                     6      7        (VIOLATED)
clkbuf_leaf_196_clk/X                     6      7        (VIOLATED)
clkbuf_leaf_199_clk/X                     6      7        (VIOLATED)
clkbuf_leaf_19_clk/X                      6      7        (VIOLATED)
clkbuf_leaf_1_clk/X                       6      7        (VIOLATED)
clkbuf_leaf_204_clk/X                     6      7        (VIOLATED)
clkbuf_leaf_208_clk/X                     6      7        (VIOLATED)
clkbuf_leaf_218_clk/X                     6      7        (VIOLATED)
clkbuf_leaf_223_clk/X                     6      7        (VIOLATED)
clkbuf_leaf_224_clk/X                     6      7        (VIOLATED)
clkbuf_leaf_227_clk/X                     6      7        (VIOLATED)
clkbuf_leaf_22_clk/X                      6      7        (VIOLATED)
clkbuf_leaf_230_clk/X                     6      7        (VIOLATED)
clkbuf_leaf_234_clk/X                     6      7        (VIOLATED)
clkbuf_leaf_252_clk/X                     6      7        (VIOLATED)
clkbuf_leaf_265_clk/X                     6      7        (VIOLATED)
clkbuf_leaf_26_clk/X                      6      7        (VIOLATED)
clkbuf_leaf_35_clk/X                      6      7        (VIOLATED)
clkbuf_leaf_64_clk/X                      6      7        (VIOLATED)
clkbuf_leaf_65_clk/X                      6      7        (VIOLATED)
clkbuf_leaf_68_clk/X                      6      7        (VIOLATED)
clkbuf_leaf_75_clk/X                      6      7        (VIOLATED)
clkbuf_leaf_83_clk/X                      6      7        (VIOLATED)
clkbuf_leaf_84_clk/X                      6      7        (VIOLATED)
clkbuf_leaf_89_clk/X                      6      7        (VIOLATED)
clkbuf_leaf_98_clk/X                      6      7        (VIOLATED)


===========================================================================
max slew violation count 0
max fanout violation count 141
max cap violation count 0
============================================================================
