
===========================================================================
report_checks -unconstrained
============================================================================
Startpoint: resetn (input port clocked by clk)
Endpoint: mem_la_write (output port clocked by clk)
Path Group: clk
Path Type: max

Fanout     Cap    Slew   Delay    Time   Description
-----------------------------------------------------------------------------
                          0.00    0.00   clock clk (rise edge)
                          0.00    0.00   clock network delay (propagated)
                          4.80    4.80 ^ input external delay
                  0.04    0.03    4.83 ^ resetn (in)
     1    0.01                           resetn (net)
                  0.04    0.00    4.83 ^ input66/A (sky130_fd_sc_hd__buf_6)
                  0.14    0.17    5.00 ^ input66/X (sky130_fd_sc_hd__buf_6)
     2    0.07                           net66 (net)
                  0.15    0.03    5.02 ^ _15035_/A (sky130_fd_sc_hd__clkbuf_2)
                  0.15    0.23    5.25 ^ _15035_/X (sky130_fd_sc_hd__clkbuf_2)
     6    0.03                           _08515_ (net)
                  0.15    0.00    5.25 ^ _15451_/B (sky130_fd_sc_hd__nand3_2)
                  0.14    0.17    5.42 v _15451_/Y (sky130_fd_sc_hd__nand3_2)
     4    0.02                           _08917_ (net)
                  0.14    0.00    5.42 v _15452_/A (sky130_fd_sc_hd__inv_2)
                  0.19    0.21    5.63 ^ _15452_/Y (sky130_fd_sc_hd__inv_2)
     4    0.04                           net193 (net)
                  0.19    0.01    5.63 ^ output193/A (sky130_fd_sc_hd__buf_2)
                  0.17    0.26    5.89 ^ output193/X (sky130_fd_sc_hd__buf_2)
     1    0.03                           mem_la_write (net)
                  0.17    0.00    5.89 ^ mem_la_write (out)
                                  5.89   data arrival time

                         24.00   24.00   clock clk (rise edge)
                          0.00   24.00   clock network delay (propagated)
                         -0.25   23.75   clock uncertainty
                          0.00   23.75   clock reconvergence pessimism
                         -4.80   18.95   output external delay
                                 18.95   data required time
-----------------------------------------------------------------------------
                                 18.95   data required time
                                 -5.89   data arrival time
-----------------------------------------------------------------------------
                                 13.06   slack (MET)



===========================================================================
report_checks --slack_max -0.01
============================================================================
No paths found.
