OpenROAD c1c315118e68926dfff368f85e13bf50adaa920f 
This program is licensed under the BSD-3 license. See the LICENSE file for details.
Components of this program may be licensed under more restrictive licenses which must be honored.
[INFO ODB-0222] Reading LEF file: /openlane/designs/current/runs/RUN__2022_06_04__02_21_02/tmp/merged.unpadded.nom.lef
[INFO ODB-0223]     Created 13 technology layers
[INFO ODB-0224]     Created 25 technology vias
[INFO ODB-0225]     Created 441 library cells
[INFO ODB-0226] Finished LEF file:  /openlane/designs/current/runs/RUN__2022_06_04__02_21_02/tmp/merged.unpadded.nom.lef
[INFO ODB-0127] Reading DEF file: /openlane/designs/current/runs/RUN__2022_06_04__02_21_02/tmp/floorplan/4-io.def
[INFO ODB-0128] Design: picorv32a
[INFO ODB-0130]     Created 409 pins.
[INFO ODB-0131]     Created 16777 components and 124783 component-terminals.
[INFO ODB-0133]     Created 16879 nets and 57634 connections.
[INFO ODB-0134] Finished DEF file: /openlane/designs/current/runs/RUN__2022_06_04__02_21_02/tmp/floorplan/4-io.def
[WARNING TAP-0014] endcap_cpp option is deprecated.
[INFO TAP-0001] Found 0 macro blocks.
[INFO TAP-0002] Original rows: 251
[INFO TAP-0003] Created 0 rows for a total of 251 rows.
[INFO TAP-0004] Inserted 502 endcaps.
[INFO TAP-0005] Inserted 6578 tapcells.
