
===========================================================================
report_checks -unconstrained
============================================================================
Startpoint: resetn (input port clocked by clk)
Endpoint: mem_la_read (output port clocked by clk)
Path Group: clk
Path Type: max

Fanout     Cap    Slew   Delay    Time   Description
-----------------------------------------------------------------------------
                  0.15    0.00    0.00   clock clk (rise edge)
                          0.00    0.00   clock network delay (ideal)
                          4.80    4.80 ^ input external delay
                  0.04    0.03    4.83 ^ resetn (in)
     2    0.01                           resetn (net)
                  0.04    0.00    4.83 ^ _15035_/A (sky130_fd_sc_hd__buf_1)
                  0.22    0.21    5.03 ^ _15035_/X (sky130_fd_sc_hd__buf_1)
     6    0.02                           _08515_ (net)
                  0.22    0.00    5.03 ^ _15459_/A (sky130_fd_sc_hd__and2_2)
                  0.04    0.18    5.22 ^ _15459_/X (sky130_fd_sc_hd__and2_2)
     1    0.00                           _08923_ (net)
                  0.04    0.00    5.22 ^ _15460_/A (sky130_fd_sc_hd__buf_1)
                  0.42    0.32    5.55 ^ _15460_/X (sky130_fd_sc_hd__buf_1)
     2    0.03                           mem_la_read (net)
                  0.42    0.00    5.55 ^ mem_la_read (out)
                                  5.55   data arrival time

                  0.15   24.00   24.00   clock clk (rise edge)
                          0.00   24.00   clock network delay (ideal)
                         -0.25   23.75   clock uncertainty
                          0.00   23.75   clock reconvergence pessimism
                         -4.80   18.95   output external delay
                                 18.95   data required time
-----------------------------------------------------------------------------
                                 18.95   data required time
                                 -5.55   data arrival time
-----------------------------------------------------------------------------
                                 13.40   slack (MET)



===========================================================================
report_checks --slack_max -0.01
============================================================================
No paths found.
