
===========================================================================
report_checks -unconstrained
============================================================================

======================= Slowest Corner ===================================

Startpoint: sel[0] (input port clocked by __VIRTUAL_CLK__)
Endpoint: out (output port clocked by __VIRTUAL_CLK__)
Path Group: __VIRTUAL_CLK__
Path Type: max
Corner: ss

Fanout     Cap    Slew   Delay    Time   Description
-----------------------------------------------------------------------------
                  0.00    0.00    0.00   clock __VIRTUAL_CLK__ (rise edge)
                          0.00    0.00   clock network delay (ideal)
                          2.00    2.00 ^ input external delay
                  0.03    0.02    2.02 ^ sel[0] (in)
     1    0.00                           sel[0] (net)
                  0.03    0.00    2.02 ^ input9/A (sky130_fd_sc_hd__dlymetal6s2s_1)
                  0.29    0.32    2.34 ^ input9/X (sky130_fd_sc_hd__dlymetal6s2s_1)
     2    0.02                           net9 (net)
                  0.29    0.00    2.34 ^ _4_/S0 (sky130_fd_sc_hd__mux4_1)
                  0.14    1.34    3.68 v _4_/X (sky130_fd_sc_hd__mux4_1)
     1    0.00                           _1_ (net)
                  0.14    0.00    3.68 v _5_/A1 (sky130_fd_sc_hd__mux2_1)
                  0.10    0.70    4.38 v _5_/X (sky130_fd_sc_hd__mux2_1)
     1    0.00                           _2_ (net)
                  0.10    0.00    4.38 v _6_/A (sky130_fd_sc_hd__clkbuf_1)
                  0.09    0.22    4.60 v _6_/X (sky130_fd_sc_hd__clkbuf_1)
     1    0.01                           net12 (net)
                  0.09    0.00    4.60 v output12/A (sky130_fd_sc_hd__buf_2)
                  0.17    0.37    4.97 v output12/X (sky130_fd_sc_hd__buf_2)
     1    0.03                           out (net)
                  0.17    0.00    4.97 v out (out)
                                  4.97   data arrival time

                  0.00   10.00   10.00   clock __VIRTUAL_CLK__ (rise edge)
                          0.00   10.00   clock network delay (ideal)
                         -0.25    9.75   clock uncertainty
                          0.00    9.75   clock reconvergence pessimism
                         -2.00    7.75   output external delay
                                  7.75   data required time
-----------------------------------------------------------------------------
                                  7.75   data required time
                                 -4.97   data arrival time
-----------------------------------------------------------------------------
                                  2.78   slack (MET)



======================= Typical Corner ===================================

Startpoint: sel[0] (input port clocked by __VIRTUAL_CLK__)
Endpoint: out (output port clocked by __VIRTUAL_CLK__)
Path Group: __VIRTUAL_CLK__
Path Type: max
Corner: tt

Fanout     Cap    Slew   Delay    Time   Description
-----------------------------------------------------------------------------
                  0.00    0.00    0.00   clock __VIRTUAL_CLK__ (rise edge)
                          0.00    0.00   clock network delay (ideal)
                          2.00    2.00 ^ input external delay
                  0.02    0.01    2.01 ^ sel[0] (in)
     1    0.00                           sel[0] (net)
                  0.02    0.00    2.01 ^ input9/A (sky130_fd_sc_hd__dlymetal6s2s_1)
                  0.19    0.19    2.21 ^ input9/X (sky130_fd_sc_hd__dlymetal6s2s_1)
     2    0.02                           net9 (net)
                  0.19    0.00    2.21 ^ _4_/S0 (sky130_fd_sc_hd__mux4_1)
                  0.08    0.59    2.79 v _4_/X (sky130_fd_sc_hd__mux4_1)
     1    0.00                           _1_ (net)
                  0.08    0.00    2.79 v _5_/A1 (sky130_fd_sc_hd__mux2_1)
                  0.05    0.31    3.10 v _5_/X (sky130_fd_sc_hd__mux2_1)
     1    0.00                           _2_ (net)
                  0.05    0.00    3.10 v _6_/A (sky130_fd_sc_hd__clkbuf_1)
                  0.05    0.12    3.22 v _6_/X (sky130_fd_sc_hd__clkbuf_1)
     1    0.01                           net12 (net)
                  0.05    0.00    3.22 v output12/A (sky130_fd_sc_hd__buf_2)
                  0.09    0.19    3.41 v output12/X (sky130_fd_sc_hd__buf_2)
     1    0.03                           out (net)
                  0.09    0.00    3.41 v out (out)
                                  3.41   data arrival time

                  0.00   10.00   10.00   clock __VIRTUAL_CLK__ (rise edge)
                          0.00   10.00   clock network delay (ideal)
                         -0.25    9.75   clock uncertainty
                          0.00    9.75   clock reconvergence pessimism
                         -2.00    7.75   output external delay
                                  7.75   data required time
-----------------------------------------------------------------------------
                                  7.75   data required time
                                 -3.41   data arrival time
-----------------------------------------------------------------------------
                                  4.34   slack (MET)



======================= Fastest Corner ===================================

Startpoint: sel[0] (input port clocked by __VIRTUAL_CLK__)
Endpoint: out (output port clocked by __VIRTUAL_CLK__)
Path Group: __VIRTUAL_CLK__
Path Type: max
Corner: ff

Fanout     Cap    Slew   Delay    Time   Description
-----------------------------------------------------------------------------
                  0.00    0.00    0.00   clock __VIRTUAL_CLK__ (rise edge)
                          0.00    0.00   clock network delay (ideal)
                          2.00    2.00 ^ input external delay
                  0.01    0.01    2.01 ^ sel[0] (in)
     1    0.00                           sel[0] (net)
                  0.01    0.00    2.01 ^ input9/A (sky130_fd_sc_hd__dlymetal6s2s_1)
                  0.15    0.14    2.15 ^ input9/X (sky130_fd_sc_hd__dlymetal6s2s_1)
     2    0.02                           net9 (net)
                  0.15    0.00    2.15 ^ _4_/S0 (sky130_fd_sc_hd__mux4_1)
                  0.06    0.29    2.44 v _4_/X (sky130_fd_sc_hd__mux4_1)
     1    0.00                           _1_ (net)
                  0.06    0.00    2.44 v _5_/A1 (sky130_fd_sc_hd__mux2_1)
                  0.04    0.16    2.60 v _5_/X (sky130_fd_sc_hd__mux2_1)
     1    0.00                           _2_ (net)
                  0.04    0.00    2.60 v _6_/A (sky130_fd_sc_hd__clkbuf_1)
                  0.03    0.08    2.68 v _6_/X (sky130_fd_sc_hd__clkbuf_1)
     1    0.01                           net12 (net)
                  0.03    0.00    2.68 v output12/A (sky130_fd_sc_hd__buf_2)
                  0.06    0.12    2.80 v output12/X (sky130_fd_sc_hd__buf_2)
     1    0.03                           out (net)
                  0.06    0.00    2.80 v out (out)
                                  2.80   data arrival time

                  0.00   10.00   10.00   clock __VIRTUAL_CLK__ (rise edge)
                          0.00   10.00   clock network delay (ideal)
                         -0.25    9.75   clock uncertainty
                          0.00    9.75   clock reconvergence pessimism
                         -2.00    7.75   output external delay
                                  7.75   data required time
-----------------------------------------------------------------------------
                                  7.75   data required time
                                 -2.80   data arrival time
-----------------------------------------------------------------------------
                                  4.95   slack (MET)



===========================================================================
report_checks --slack_max -0.01
============================================================================

======================= Slowest Corner ===================================

No paths found.

======================= Typical Corner ===================================

No paths found.

======================= Fastest Corner ===================================

No paths found.
