Instance name,  X location,  Y location,  Voltage 
PHY_20, 5.4, 40.8, 1.8
PHY_21, 32.4, 40.8, 1.8
PHY_16, 5.4, 35.36, 1.8
PHY_18, 5.4, 35.36, 1.8
PHY_17, 32.4, 35.36, 1.8
PHY_19, 32.4, 35.36, 1.8
PHY_12, 5.4, 29.92, 1.8
PHY_14, 5.4, 29.92, 1.8
PHY_13, 32.4, 29.92, 1.8
PHY_15, 32.4, 29.92, 1.8
PHY_10, 5.4, 24.48, 1.8
PHY_8, 5.4, 24.48, 1.8
PHY_11, 32.4, 24.48, 1.8
PHY_9, 32.4, 24.48, 1.8
PHY_4, 5.4, 19.04, 1.8
PHY_6, 5.4, 19.04, 1.8
PHY_5, 32.4, 19.04, 1.8
PHY_7, 32.4, 19.04, 1.8
PHY_0, 5.4, 13.6, 1.8
PHY_2, 5.4, 13.6, 1.8
PHY_1, 32.4, 13.6, 1.8
PHY_3, 32.4, 13.6, 1.8

