
===========================================================================
report_checks -path_delay max (Setup)
============================================================================
Startpoint: enable (input port clocked by __VIRTUAL_CLK__)
Endpoint: out (output port clocked by __VIRTUAL_CLK__)
Path Group: __VIRTUAL_CLK__
Path Type: max

Fanout     Cap    Slew   Delay    Time   Description
-----------------------------------------------------------------------------
                  0.00    0.00    0.00   clock __VIRTUAL_CLK__ (rise edge)
                          0.00    0.00   clock network delay (ideal)
                          2.00    2.00 ^ input external delay
                  0.03    0.03    2.03 ^ enable (in)
     1    0.00                           enable (net)
                  0.04    0.00    2.03 ^ _1_/A (sky130_fd_sc_hd__inv_2)
                  0.02    0.03    2.05 v _1_/Y (sky130_fd_sc_hd__inv_2)
     1    0.00                           _0_ (net)
                  0.02    0.01    2.06 v _2_/TE_B (sky130_fd_sc_hd__ebufn_2)
                  0.44    0.32    2.37 ^ _2_/Z (sky130_fd_sc_hd__ebufn_2)
     1    0.04                           out (net)
                  0.44    0.00    2.38 ^ out (out)
                                  2.38   data arrival time

                  0.00   10.00   10.00   clock __VIRTUAL_CLK__ (rise edge)
                          0.00   10.00   clock network delay (ideal)
                         -0.25    9.75   clock uncertainty
                          0.00    9.75   clock reconvergence pessimism
                         -2.00    7.75   output external delay
                                  7.75   data required time
-----------------------------------------------------------------------------
                                  7.75   data required time
                                 -2.38   data arrival time
-----------------------------------------------------------------------------
                                  5.37   slack (MET)


