
===========================================================================
report_checks -path_delay min (Hold)
============================================================================
Startpoint: enable (input port clocked by __VIRTUAL_CLK__)
Endpoint: out (output port clocked by __VIRTUAL_CLK__)
Path Group: __VIRTUAL_CLK__
Path Type: min

Fanout     Cap    Slew   Delay    Time   Description
-----------------------------------------------------------------------------
                  0.00    0.00    0.00   clock __VIRTUAL_CLK__ (rise edge)
                          0.00    0.00   clock network delay (ideal)
                          2.00    2.00 v input external delay
                  0.01    0.01    2.01 v enable (in)
     1    0.00                           enable (net)
                  0.02    0.00    2.01 v _1_/A (sky130_fd_sc_hd__inv_2)
                  0.03    0.03    2.05 ^ _1_/Y (sky130_fd_sc_hd__inv_2)
     1    0.00                           _0_ (net)
                  0.03    0.01    2.05 ^ _2_/TE_B (sky130_fd_sc_hd__ebufn_2)
                  0.00    0.04    2.09 v _2_/Z (sky130_fd_sc_hd__ebufn_2)
     1    0.04                           out (net)
                  0.00    0.00    2.09 v out (out)
                                  2.09   data arrival time

                  0.00    0.00    0.00   clock __VIRTUAL_CLK__ (rise edge)
                          0.00    0.00   clock network delay (ideal)
                          0.25    0.25   clock uncertainty
                          0.00    0.25   clock reconvergence pessimism
                         -2.00   -1.75   output external delay
                                 -1.75   data required time
-----------------------------------------------------------------------------
                                 -1.75   data required time
                                 -2.09   data arrival time
-----------------------------------------------------------------------------
                                  3.84   slack (MET)


