Netgen 1.5.219 compiled on Wed Feb  9 05:50:10 UTC 2022
Warning: netgen command 'format' use fully-qualified name '::netgen::format'
Warning: netgen command 'global' use fully-qualified name '::netgen::global'
Generating JSON file result
Reading netlist file /openlane/designs/current/runs/RUN__2022_06_04__22_38_19/results/signoff/inverter.spice
Reading netlist file /openlane/designs/current/runs/RUN__2022_06_04__22_38_19/tmp/signoff/31-powered_netlist.v
Warning:  A case-insensitive file has been read and so the	verilog file must be treated case-insensitive to match.
Creating placeholder cell definition for module sky130_fd_sc_hd__decap_8.
Creating placeholder cell definition for module sky130_fd_sc_hd__fill_1.
Creating placeholder cell definition for module sky130_ef_sc_hd__decap_12.
Creating placeholder cell definition for module sky130_fd_sc_hd__decap_6.
Creating placeholder cell definition for module sky130_fd_sc_hd__decap_3.
Creating placeholder cell definition for module sky130_fd_sc_hd__decap_4.
Creating placeholder cell definition for module sky130_fd_sc_hd__tapvpwrvgnd_1.
Creating placeholder cell definition for module sky130_fd_sc_hd__inv_2.
Creating placeholder cell definition for module sky130_fd_sc_hd__clkbuf_1.
Creating placeholder cell definition for module sky130_fd_sc_hd__buf_2.
Reading setup file /openlane/pdks/sky130A/libs.tech/netgen/sky130A_setup.tcl
Comparison output logged to file /openlane/designs/current/runs/RUN__2022_06_04__22_38_19/logs/signoff/34-inverter.lef.log
Logging to file "/openlane/designs/current/runs/RUN__2022_06_04__22_38_19/logs/signoff/34-inverter.lef.log" enabled
Circuit sky130_ef_sc_hd__decap_12 contains no devices.
Circuit sky130_fd_sc_hd__fill_1 contains no devices.
Circuit sky130_fd_sc_hd__decap_8 contains no devices.
Circuit sky130_fd_sc_hd__decap_3 contains no devices.
Circuit sky130_fd_sc_hd__decap_6 contains no devices.
Circuit sky130_fd_sc_hd__clkbuf_1 contains no devices.
Circuit sky130_fd_sc_hd__tapvpwrvgnd_1 contains no devices.
Circuit sky130_fd_sc_hd__inv_2 contains no devices.
Circuit sky130_fd_sc_hd__decap_4 contains no devices.
Circuit sky130_fd_sc_hd__buf_2 contains no devices.

Contents of circuit 1:  Circuit: 'inverter'
Circuit inverter contains 92 device instances.
  Class: sky130_fd_sc_hd__buf_2 instances:   1
  Class: sky130_ef_sc_hd__decap_12 instances:  33
  Class: sky130_fd_sc_hd__inv_2 instances:   1
  Class: sky130_fd_sc_hd__clkbuf_1 instances:   1
  Class: sky130_fd_sc_hd__decap_3 instances:  25
  Class: sky130_fd_sc_hd__decap_4 instances:   3
  Class: sky130_fd_sc_hd__decap_6 instances:   6
  Class: sky130_fd_sc_hd__decap_8 instances:   7
  Class: sky130_fd_sc_hd__tapvpwrvgnd_1 instances:   7
  Class: sky130_fd_sc_hd__fill_1 instances:   8
Circuit contains 6 nets.
Contents of circuit 2:  Circuit: 'inverter'
Circuit inverter contains 92 device instances.
  Class: sky130_fd_sc_hd__buf_2 instances:   1
  Class: sky130_ef_sc_hd__decap_12 instances:  33
  Class: sky130_fd_sc_hd__inv_2 instances:   1
  Class: sky130_fd_sc_hd__clkbuf_1 instances:   1
  Class: sky130_fd_sc_hd__decap_3 instances:  25
  Class: sky130_fd_sc_hd__decap_4 instances:   3
  Class: sky130_fd_sc_hd__decap_6 instances:   6
  Class: sky130_fd_sc_hd__decap_8 instances:   7
  Class: sky130_fd_sc_hd__tapvpwrvgnd_1 instances:   7
  Class: sky130_fd_sc_hd__fill_1 instances:   8
Circuit contains 6 nets.

Circuit was modified by parallel/series device merging.
New circuit summary:

Contents of circuit 1:  Circuit: 'inverter'
Circuit inverter contains 10 device instances.
  Class: sky130_fd_sc_hd__buf_2 instances:   1
  Class: sky130_ef_sc_hd__decap_12 instances:   1
  Class: sky130_fd_sc_hd__inv_2 instances:   1
  Class: sky130_fd_sc_hd__clkbuf_1 instances:   1
  Class: sky130_fd_sc_hd__decap_3 instances:   1
  Class: sky130_fd_sc_hd__decap_4 instances:   1
  Class: sky130_fd_sc_hd__decap_6 instances:   1
  Class: sky130_fd_sc_hd__decap_8 instances:   1
  Class: sky130_fd_sc_hd__tapvpwrvgnd_1 instances:   1
  Class: sky130_fd_sc_hd__fill_1 instances:   1
Circuit contains 6 nets.
Contents of circuit 2:  Circuit: 'inverter'
Circuit inverter contains 10 device instances.
  Class: sky130_fd_sc_hd__buf_2 instances:   1
  Class: sky130_ef_sc_hd__decap_12 instances:   1
  Class: sky130_fd_sc_hd__inv_2 instances:   1
  Class: sky130_fd_sc_hd__clkbuf_1 instances:   1
  Class: sky130_fd_sc_hd__decap_3 instances:   1
  Class: sky130_fd_sc_hd__decap_4 instances:   1
  Class: sky130_fd_sc_hd__decap_6 instances:   1
  Class: sky130_fd_sc_hd__decap_8 instances:   1
  Class: sky130_fd_sc_hd__tapvpwrvgnd_1 instances:   1
  Class: sky130_fd_sc_hd__fill_1 instances:   1
Circuit contains 6 nets.

Circuit 1 contains 10 devices, Circuit 2 contains 10 devices.
Circuit 1 contains 6 nets,    Circuit 2 contains 6 nets.

Netlists match uniquely.
Result: Circuits match uniquely.
Logging to file "/openlane/designs/current/runs/RUN__2022_06_04__22_38_19/logs/signoff/34-inverter.lef.log" disabled
LVS Done.
