
===========================================================================
report_checks -unconstrained
============================================================================

======================= Slowest Corner ===================================

Startpoint: in2 (input port clocked by __VIRTUAL_CLK__)
Endpoint: out (output port clocked by __VIRTUAL_CLK__)
Path Group: __VIRTUAL_CLK__
Path Type: max
Corner: ss

Fanout     Cap    Slew   Delay    Time   Description
-----------------------------------------------------------------------------
                  0.00    0.00    0.00   clock __VIRTUAL_CLK__ (rise edge)
                          0.00    0.00   clock network delay (ideal)
                          2.00    2.00 v input external delay
                  0.02    0.01    2.01 v in2 (in)
     1    0.00                           in2 (net)
                  0.02    0.00    2.01 v input2/A (sky130_fd_sc_hd__clkbuf_1)
                  0.06    0.15    2.16 v input2/X (sky130_fd_sc_hd__clkbuf_1)
     1    0.00                           net2 (net)
                  0.06    0.00    2.16 v _1_/A (sky130_fd_sc_hd__or2_1)
                  0.09    0.50    2.67 v _1_/X (sky130_fd_sc_hd__or2_1)
     1    0.00                           _0_ (net)
                  0.09    0.00    2.67 v _2_/A (sky130_fd_sc_hd__clkbuf_1)
                  0.06    0.19    2.85 v _2_/X (sky130_fd_sc_hd__clkbuf_1)
     1    0.00                           net3 (net)
                  0.06    0.00    2.85 v output3/A (sky130_fd_sc_hd__buf_2)
                  0.16    0.36    3.21 v output3/X (sky130_fd_sc_hd__buf_2)
     1    0.03                           out (net)
                  0.16    0.00    3.21 v out (out)
                                  3.21   data arrival time

                  0.00   10.00   10.00   clock __VIRTUAL_CLK__ (rise edge)
                          0.00   10.00   clock network delay (ideal)
                         -0.25    9.75   clock uncertainty
                          0.00    9.75   clock reconvergence pessimism
                         -2.00    7.75   output external delay
                                  7.75   data required time
-----------------------------------------------------------------------------
                                  7.75   data required time
                                 -3.21   data arrival time
-----------------------------------------------------------------------------
                                  4.54   slack (MET)



======================= Typical Corner ===================================

Startpoint: in2 (input port clocked by __VIRTUAL_CLK__)
Endpoint: out (output port clocked by __VIRTUAL_CLK__)
Path Group: __VIRTUAL_CLK__
Path Type: max
Corner: tt

Fanout     Cap    Slew   Delay    Time   Description
-----------------------------------------------------------------------------
                  0.00    0.00    0.00   clock __VIRTUAL_CLK__ (rise edge)
                          0.00    0.00   clock network delay (ideal)
                          2.00    2.00 v input external delay
                  0.01    0.01    2.01 v in2 (in)
     1    0.00                           in2 (net)
                  0.01    0.00    2.01 v input2/A (sky130_fd_sc_hd__clkbuf_1)
                  0.03    0.08    2.09 v input2/X (sky130_fd_sc_hd__clkbuf_1)
     1    0.00                           net2 (net)
                  0.03    0.00    2.09 v _1_/A (sky130_fd_sc_hd__or2_1)
                  0.04    0.22    2.31 v _1_/X (sky130_fd_sc_hd__or2_1)
     1    0.00                           _0_ (net)
                  0.04    0.00    2.31 v _2_/A (sky130_fd_sc_hd__clkbuf_1)
                  0.03    0.10    2.40 v _2_/X (sky130_fd_sc_hd__clkbuf_1)
     1    0.00                           net3 (net)
                  0.03    0.00    2.40 v output3/A (sky130_fd_sc_hd__buf_2)
                  0.09    0.18    2.59 v output3/X (sky130_fd_sc_hd__buf_2)
     1    0.03                           out (net)
                  0.09    0.00    2.59 v out (out)
                                  2.59   data arrival time

                  0.00   10.00   10.00   clock __VIRTUAL_CLK__ (rise edge)
                          0.00   10.00   clock network delay (ideal)
                         -0.25    9.75   clock uncertainty
                          0.00    9.75   clock reconvergence pessimism
                         -2.00    7.75   output external delay
                                  7.75   data required time
-----------------------------------------------------------------------------
                                  7.75   data required time
                                 -2.59   data arrival time
-----------------------------------------------------------------------------
                                  5.16   slack (MET)



======================= Fastest Corner ===================================

Startpoint: in2 (input port clocked by __VIRTUAL_CLK__)
Endpoint: out (output port clocked by __VIRTUAL_CLK__)
Path Group: __VIRTUAL_CLK__
Path Type: max
Corner: ff

Fanout     Cap    Slew   Delay    Time   Description
-----------------------------------------------------------------------------
                  0.00    0.00    0.00   clock __VIRTUAL_CLK__ (rise edge)
                          0.00    0.00   clock network delay (ideal)
                          2.00    2.00 v input external delay
                  0.01    0.00    2.00 v in2 (in)
     1    0.00                           in2 (net)
                  0.01    0.00    2.00 v input2/A (sky130_fd_sc_hd__clkbuf_1)
                  0.02    0.05    2.06 v input2/X (sky130_fd_sc_hd__clkbuf_1)
     1    0.00                           net2 (net)
                  0.02    0.00    2.06 v _1_/A (sky130_fd_sc_hd__or2_1)
                  0.03    0.13    2.19 v _1_/X (sky130_fd_sc_hd__or2_1)
     1    0.00                           _0_ (net)
                  0.03    0.00    2.19 v _2_/A (sky130_fd_sc_hd__clkbuf_1)
                  0.02    0.06    2.25 v _2_/X (sky130_fd_sc_hd__clkbuf_1)
     1    0.00                           net3 (net)
                  0.02    0.00    2.25 v output3/A (sky130_fd_sc_hd__buf_2)
                  0.06    0.12    2.37 v output3/X (sky130_fd_sc_hd__buf_2)
     1    0.03                           out (net)
                  0.06    0.00    2.37 v out (out)
                                  2.37   data arrival time

                  0.00   10.00   10.00   clock __VIRTUAL_CLK__ (rise edge)
                          0.00   10.00   clock network delay (ideal)
                         -0.25    9.75   clock uncertainty
                          0.00    9.75   clock reconvergence pessimism
                         -2.00    7.75   output external delay
                                  7.75   data required time
-----------------------------------------------------------------------------
                                  7.75   data required time
                                 -2.37   data arrival time
-----------------------------------------------------------------------------
                                  5.38   slack (MET)



===========================================================================
report_checks --slack_max -0.01
============================================================================

======================= Slowest Corner ===================================

No paths found.

======================= Typical Corner ===================================

No paths found.

======================= Fastest Corner ===================================

No paths found.
